[ 2018-09-07T16:29:14+08:00 ] 183.61.51.67 /sifaju/gt/
INFO: [ app_init ] --START--
INFO: Run Behavior\BuildLiteBehavior [ RunTime:0.000020s ]
INFO: [ app_init ] --END-- [ RunTime:0.000398s ]
INFO: [ app_begin ] --START--
INFO: Run Behavior\ReadHtmlCacheBehavior [ RunTime:0.000692s ]
INFO: [ app_begin ] --END-- [ RunTime:0.000754s ]
SQL: SHOW COLUMNS FROM `studystatus` [ RunTime:0.0056s ]
SQL: SHOW COLUMNS FROM `exam` [ RunTime:0.0038s ]
INFO: [ view_parse ] --START--
INFO: [ template_filter ] --START--
INFO: Run Behavior\ContentReplaceBehavior [ RunTime:0.000130s ]
INFO: [ template_filter ] --END-- [ RunTime:0.000181s ]
INFO: Run Behavior\ParseTemplateBehavior [ RunTime:0.007849s ]
INFO: [ view_parse ] --END-- [ RunTime:0.007947s ]
INFO: [ view_filter ] --START--
INFO: Run Behavior\WriteHtmlCacheBehavior [ RunTime:0.000447s ]
INFO: [ view_filter ] --END-- [ RunTime:0.000494s ]
INFO: [ app_end ] --START--
INFO: Run Behavior\ShowPageTraceBehavior [ RunTime:0.000723s ]
INFO: [ app_end ] --END-- [ RunTime:0.000773s ]

[ 2018-09-07T16:29:21+08:00 ] 119.129.117.83 /sifaju/gt/
INFO: [ app_init ] --START--
INFO: Run Behavior\BuildLiteBehavior [ RunTime:0.000022s ]
INFO: [ app_init ] --END-- [ RunTime:0.000371s ]
INFO: [ app_begin ] --START--
INFO: Run Behavior\ReadHtmlCacheBehavior [ RunTime:0.000665s ]
INFO: [ app_begin ] --END-- [ RunTime:0.000729s ]
SQL: SHOW COLUMNS FROM `studystatus` [ RunTime:0.0053s ]
SQL: SHOW COLUMNS FROM `exam` [ RunTime:0.0034s ]
INFO: [ view_parse ] --START--
INFO: [ template_filter ] --START--
INFO: Run Behavior\ContentReplaceBehavior [ RunTime:0.000127s ]
INFO: [ template_filter ] --END-- [ RunTime:0.000181s ]
INFO: Run Behavior\ParseTemplateBehavior [ RunTime:0.007814s ]
INFO: [ view_parse ] --END-- [ RunTime:0.007879s ]
INFO: [ view_filter ] --START--
INFO: Run Behavior\WriteHtmlCacheBehavior [ RunTime:0.000403s ]
INFO: [ view_filter ] --END-- [ RunTime:0.000450s ]
INFO: [ app_end ] --START--
INFO: Run Behavior\ShowPageTraceBehavior [ RunTime:0.000695s ]
INFO: [ app_end ] --END-- [ RunTime:0.000751s ]

[ 2018-09-07T16:29:54+08:00 ] 119.129.117.83 /sifaju/gt/read
INFO: [ app_init ] --START--
INFO: Run Behavior\BuildLiteBehavior [ RunTime:0.000020s ]
INFO: [ app_init ] --END-- [ RunTime:0.000364s ]
INFO: [ app_begin ] --START--
INFO: Run Behavior\ReadHtmlCacheBehavior [ RunTime:0.000719s ]
INFO: [ app_begin ] --END-- [ RunTime:0.000779s ]
SQL: SHOW COLUMNS FROM `hall1` [ RunTime:0.0059s ]
SQL: SELECT * FROM `hall1`  [ RunTime:0.0003s ]
NOTIC: [8] Undefined variable: hallimg1 C:\phpStudy\PHPTutorial\WWW\sifaju\gt\Application\Home\Controller\ExamController.class.php 第 179 行.
NOTIC: [8] Undefined variable: hall1mp3 C:\phpStudy\PHPTutorial\WWW\sifaju\gt\Application\Home\Controller\ExamController.class.php 第 183 行.
SQL: SHOW COLUMNS FROM `hall2` [ RunTime:0.0049s ]
SQL: SELECT * FROM `hall2`  [ RunTime:0.0002s ]
NOTIC: [8] Undefined variable: hallimg2 C:\phpStudy\PHPTutorial\WWW\sifaju\gt\Application\Home\Controller\ExamController.class.php 第 201 行.
NOTIC: [8] Undefined variable: hall2mp3 C:\phpStudy\PHPTutorial\WWW\sifaju\gt\Application\Home\Controller\ExamController.class.php 第 205 行.
SQL: SHOW COLUMNS FROM `hallimg` [ RunTime:0.0036s ]
SQL: SELECT * FROM `hallimg`  [ RunTime:0.0002s ]
INFO: [ view_parse ] --START--
INFO: [ template_filter ] --START--
INFO: Run Behavior\ContentReplaceBehavior [ RunTime:0.000085s ]
INFO: [ template_filter ] --END-- [ RunTime:0.000163s ]
NOTIC: [8] Undefined variable: result C:\phpStudy\PHPTutorial\WWW\sifaju\gt\Application\Runtime\Cache\Home\7724bf93cd85e7abb38621cecb4968b7.php 第 84 行.
NOTIC: [8] Undefined variable: result C:\phpStudy\PHPTutorial\WWW\sifaju\gt\Application\Runtime\Cache\Home\7724bf93cd85e7abb38621cecb4968b7.php 第 86 行.
NOTIC: [8] Undefined variable: result C:\phpStudy\PHPTutorial\WWW\sifaju\gt\Application\Runtime\Cache\Home\7724bf93cd85e7abb38621cecb4968b7.php 第 88 行.
INFO: Run Behavior\ParseTemplateBehavior [ RunTime:0.007458s ]
INFO: [ view_parse ] --END-- [ RunTime:0.007525s ]
INFO: [ view_filter ] --START--
INFO: Run Behavior\WriteHtmlCacheBehavior [ RunTime:0.000407s ]
INFO: [ view_filter ] --END-- [ RunTime:0.000453s ]
INFO: [ app_end ] --START--
INFO: Run Behavior\ShowPageTraceBehavior [ RunTime:0.000674s ]
INFO: [ app_end ] --END-- [ RunTime:0.000728s ]

[ 2018-09-07T16:29:57+08:00 ] 119.129.117.83 /sifaju/gt/read
INFO: [ app_init ] --START--
INFO: Run Behavior\BuildLiteBehavior [ RunTime:0.000020s ]
INFO: [ app_init ] --END-- [ RunTime:0.000371s ]
INFO: [ app_begin ] --START--
INFO: Run Behavior\ReadHtmlCacheBehavior [ RunTime:0.000674s ]
INFO: [ app_begin ] --END-- [ RunTime:0.000740s ]
SQL: SHOW COLUMNS FROM `hall1` [ RunTime:0.0106s ]
SQL: SELECT * FROM `hall1`  [ RunTime:0.0002s ]
NOTIC: [8] Undefined variable: hallimg1 C:\phpStudy\PHPTutorial\WWW\sifaju\gt\Application\Home\Controller\ExamController.class.php 第 179 行.
NOTIC: [8] Undefined variable: hall1mp3 C:\phpStudy\PHPTutorial\WWW\sifaju\gt\Application\Home\Controller\ExamController.class.php 第 183 行.
SQL: SHOW COLUMNS FROM `hall2` [ RunTime:0.0115s ]
SQL: SELECT * FROM `hall2`  [ RunTime:0.0002s ]
NOTIC: [8] Undefined variable: hallimg2 C:\phpStudy\PHPTutorial\WWW\sifaju\gt\Application\Home\Controller\ExamController.class.php 第 201 行.
NOTIC: [8] Undefined variable: hall2mp3 C:\phpStudy\PHPTutorial\WWW\sifaju\gt\Application\Home\Controller\ExamController.class.php 第 205 行.
SQL: SHOW COLUMNS FROM `hallimg` [ RunTime:0.0034s ]
SQL: SELECT * FROM `hallimg`  [ RunTime:0.0002s ]
INFO: [ view_parse ] --START--
INFO: [ template_filter ] --START--
INFO: Run Behavior\ContentReplaceBehavior [ RunTime:0.000085s ]
INFO: [ template_filter ] --END-- [ RunTime:0.000163s ]
NOTIC: [8] Undefined variable: result C:\phpStudy\PHPTutorial\WWW\sifaju\gt\Application\Runtime\Cache\Home\7724bf93cd85e7abb38621cecb4968b7.php 第 84 行.
NOTIC: [8] Undefined variable: result C:\phpStudy\PHPTutorial\WWW\sifaju\gt\Application\Runtime\Cache\Home\7724bf93cd85e7abb38621cecb4968b7.php 第 86 行.
NOTIC: [8] Undefined variable: result C:\phpStudy\PHPTutorial\WWW\sifaju\gt\Application\Runtime\Cache\Home\7724bf93cd85e7abb38621cecb4968b7.php 第 88 行.
INFO: Run Behavior\ParseTemplateBehavior [ RunTime:0.007870s ]
INFO: [ view_parse ] --END-- [ RunTime:0.007939s ]
INFO: [ view_filter ] --START--
INFO: Run Behavior\WriteHtmlCacheBehavior [ RunTime:0.000440s ]
INFO: [ view_filter ] --END-- [ RunTime:0.000496s ]
INFO: [ app_end ] --START--
INFO: Run Behavior\ShowPageTraceBehavior [ RunTime:0.000704s ]
INFO: [ app_end ] --END-- [ RunTime:0.000758s ]

[ 2018-09-07T16:31:13+08:00 ] 42.157.197.131 /sifaju/gt/
INFO: [ app_init ] --START--
INFO: Run Behavior\BuildLiteBehavior [ RunTime:0.000021s ]
INFO: [ app_init ] --END-- [ RunTime:0.000373s ]
INFO: [ app_begin ] --START--
INFO: Run Behavior\ReadHtmlCacheBehavior [ RunTime:0.000708s ]
INFO: [ app_begin ] --END-- [ RunTime:0.000769s ]
SQL: SHOW COLUMNS FROM `studystatus` [ RunTime:0.0274s ]
SQL: SHOW COLUMNS FROM `exam` [ RunTime:0.0036s ]
INFO: [ view_parse ] --START--
INFO: [ template_filter ] --START--
INFO: Run Behavior\ContentReplaceBehavior [ RunTime:0.000123s ]
INFO: [ template_filter ] --END-- [ RunTime:0.000177s ]
INFO: Run Behavior\ParseTemplateBehavior [ RunTime:0.007626s ]
INFO: [ view_parse ] --END-- [ RunTime:0.007718s ]
INFO: [ view_filter ] --START--
INFO: Run Behavior\WriteHtmlCacheBehavior [ RunTime:0.000431s ]
INFO: [ view_filter ] --END-- [ RunTime:0.000479s ]
INFO: [ app_end ] --START--
INFO: Run Behavior\ShowPageTraceBehavior [ RunTime:0.000719s ]
INFO: [ app_end ] --END-- [ RunTime:0.000777s ]

[ 2018-09-07T16:31:25+08:00 ] 119.129.117.83 /sifaju/gt/
INFO: [ app_init ] --START--
INFO: Run Behavior\BuildLiteBehavior [ RunTime:0.000022s ]
INFO: [ app_init ] --END-- [ RunTime:0.000429s ]
INFO: [ app_begin ] --START--
INFO: Run Behavior\ReadHtmlCacheBehavior [ RunTime:0.000834s ]
INFO: [ app_begin ] --END-- [ RunTime:0.000922s ]
SQL: SHOW COLUMNS FROM `studystatus` [ RunTime:0.0053s ]
SQL: SHOW COLUMNS FROM `exam` [ RunTime:0.0038s ]
INFO: [ view_parse ] --START--
INFO: [ template_filter ] --START--
INFO: Run Behavior\ContentReplaceBehavior [ RunTime:0.000170s ]
INFO: [ template_filter ] --END-- [ RunTime:0.000246s ]
INFO: Run Behavior\ParseTemplateBehavior [ RunTime:0.008355s ]
INFO: [ view_parse ] --END-- [ RunTime:0.008417s ]
INFO: [ view_filter ] --START--
INFO: Run Behavior\WriteHtmlCacheBehavior [ RunTime:0.000491s ]
INFO: [ view_filter ] --END-- [ RunTime:0.000567s ]
INFO: [ app_end ] --START--
INFO: Run Behavior\ShowPageTraceBehavior [ RunTime:0.000762s ]
INFO: [ app_end ] --END-- [ RunTime:0.000813s ]

[ 2018-09-07T16:33:15+08:00 ] 119.129.117.83 /sifaju/gt/
INFO: [ app_init ] --START--
INFO: Run Behavior\BuildLiteBehavior [ RunTime:0.000021s ]
INFO: [ app_init ] --END-- [ RunTime:0.000386s ]
INFO: [ app_begin ] --START--
INFO: Run Behavior\ReadHtmlCacheBehavior [ RunTime:0.000711s ]
INFO: [ app_begin ] --END-- [ RunTime:0.000773s ]
SQL: SHOW COLUMNS FROM `studystatus` [ RunTime:0.0054s ]
SQL: SHOW COLUMNS FROM `exam` [ RunTime:0.0035s ]
INFO: [ view_parse ] --START--
INFO: [ template_filter ] --START--
INFO: Run Behavior\ContentReplaceBehavior [ RunTime:0.000125s ]
INFO: [ template_filter ] --END-- [ RunTime:0.000181s ]
INFO: Run Behavior\ParseTemplateBehavior [ RunTime:0.008216s ]
INFO: [ view_parse ] --END-- [ RunTime:0.008281s ]
INFO: [ view_filter ] --START--
INFO: Run Behavior\WriteHtmlCacheBehavior [ RunTime:0.000567s ]
INFO: [ view_filter ] --END-- [ RunTime:0.000620s ]
INFO: [ app_end ] --START--
INFO: Run Behavior\ShowPageTraceBehavior [ RunTime:0.000732s ]
INFO: [ app_end ] --END-- [ RunTime:0.000789s ]

[ 2018-09-07T16:33:44+08:00 ] 119.129.117.83 /sifaju/gt/
INFO: [ app_init ] --START--
INFO: Run Behavior\BuildLiteBehavior [ RunTime:0.000020s ]
INFO: [ app_init ] --END-- [ RunTime:0.000377s ]
INFO: [ app_begin ] --START--
INFO: Run Behavior\ReadHtmlCacheBehavior [ RunTime:0.000710s ]
INFO: [ app_begin ] --END-- [ RunTime:0.000773s ]
SQL: SHOW COLUMNS FROM `studystatus` [ RunTime:0.0053s ]
SQL: SHOW COLUMNS FROM `exam` [ RunTime:0.0033s ]
INFO: [ view_parse ] --START--
INFO: [ template_filter ] --START--
INFO: Run Behavior\ContentReplaceBehavior [ RunTime:0.000169s ]
INFO: [ template_filter ] --END-- [ RunTime:0.000226s ]
INFO: Run Behavior\ParseTemplateBehavior [ RunTime:0.008315s ]
INFO: [ view_parse ] --END-- [ RunTime:0.008378s ]
INFO: [ view_filter ] --START--
INFO: Run Behavior\WriteHtmlCacheBehavior [ RunTime:0.000449s ]
INFO: [ view_filter ] --END-- [ RunTime:0.000496s ]
INFO: [ app_end ] --START--
INFO: Run Behavior\ShowPageTraceBehavior [ RunTime:0.000832s ]
INFO: [ app_end ] --END-- [ RunTime:0.000897s ]

[ 2018-09-07T16:33:56+08:00 ] 119.129.117.83 /sifaju/gt/
INFO: [ app_init ] --START--
INFO: Run Behavior\BuildLiteBehavior [ RunTime:0.000023s ]
INFO: [ app_init ] --END-- [ RunTime:0.000397s ]
INFO: [ app_begin ] --START--
INFO: Run Behavior\ReadHtmlCacheBehavior [ RunTime:0.000750s ]
INFO: [ app_begin ] --END-- [ RunTime:0.000816s ]
SQL: SHOW COLUMNS FROM `studystatus` [ RunTime:0.0056s ]
SQL: SHOW COLUMNS FROM `exam` [ RunTime:0.0056s ]
INFO: [ view_parse ] --START--
INFO: [ template_filter ] --START--
INFO: Run Behavior\ContentReplaceBehavior [ RunTime:0.000181s ]
INFO: [ template_filter ] --END-- [ RunTime:0.000255s ]
INFO: Run Behavior\ParseTemplateBehavior [ RunTime:0.009286s ]
INFO: [ view_parse ] --END-- [ RunTime:0.009355s ]
INFO: [ view_filter ] --START--
INFO: Run Behavior\WriteHtmlCacheBehavior [ RunTime:0.000440s ]
INFO: [ view_filter ] --END-- [ RunTime:0.000487s ]
INFO: [ app_end ] --START--
INFO: Run Behavior\ShowPageTraceBehavior [ RunTime:0.000715s ]
INFO: [ app_end ] --END-- [ RunTime:0.000781s ]

[ 2018-09-07T16:34:34+08:00 ] 119.129.117.83 /sifaju/gt/read
INFO: [ app_init ] --START--
INFO: Run Behavior\BuildLiteBehavior [ RunTime:0.000020s ]
INFO: [ app_init ] --END-- [ RunTime:0.000410s ]
INFO: [ app_begin ] --START--
INFO: Run Behavior\ReadHtmlCacheBehavior [ RunTime:0.000757s ]
INFO: [ app_begin ] --END-- [ RunTime:0.000817s ]
SQL: SHOW COLUMNS FROM `hall1` [ RunTime:0.0087s ]
SQL: SELECT * FROM `hall1`  [ RunTime:0.0002s ]
NOTIC: [8] Undefined variable: hallimg1 C:\phpStudy\PHPTutorial\WWW\sifaju\gt\Application\Home\Controller\ExamController.class.php 第 179 行.
NOTIC: [8] Undefined variable: hall1mp3 C:\phpStudy\PHPTutorial\WWW\sifaju\gt\Application\Home\Controller\ExamController.class.php 第 183 行.
SQL: SHOW COLUMNS FROM `hall2` [ RunTime:0.0070s ]
SQL: SELECT * FROM `hall2`  [ RunTime:0.0002s ]
NOTIC: [8] Undefined variable: hallimg2 C:\phpStudy\PHPTutorial\WWW\sifaju\gt\Application\Home\Controller\ExamController.class.php 第 201 行.
NOTIC: [8] Undefined variable: hall2mp3 C:\phpStudy\PHPTutorial\WWW\sifaju\gt\Application\Home\Controller\ExamController.class.php 第 205 行.
SQL: SHOW COLUMNS FROM `hallimg` [ RunTime:0.0034s ]
SQL: SELECT * FROM `hallimg`  [ RunTime:0.0002s ]
INFO: [ view_parse ] --START--
INFO: [ template_filter ] --START--
INFO: Run Behavior\ContentReplaceBehavior [ RunTime:0.000085s ]
INFO: [ template_filter ] --END-- [ RunTime:0.000136s ]
NOTIC: [8] Undefined variable: result C:\phpStudy\PHPTutorial\WWW\sifaju\gt\Application\Runtime\Cache\Home\7724bf93cd85e7abb38621cecb4968b7.php 第 84 行.
NOTIC: [8] Undefined variable: result C:\phpStudy\PHPTutorial\WWW\sifaju\gt\Application\Runtime\Cache\Home\7724bf93cd85e7abb38621cecb4968b7.php 第 86 行.
NOTIC: [8] Undefined variable: result C:\phpStudy\PHPTutorial\WWW\sifaju\gt\Application\Runtime\Cache\Home\7724bf93cd85e7abb38621cecb4968b7.php 第 88 行.
INFO: Run Behavior\ParseTemplateBehavior [ RunTime:0.007271s ]
INFO: [ view_parse ] --END-- [ RunTime:0.007347s ]
INFO: [ view_filter ] --START--
INFO: Run Behavior\WriteHtmlCacheBehavior [ RunTime:0.000468s ]
INFO: [ view_filter ] --END-- [ RunTime:0.000516s ]
INFO: [ app_end ] --START--
INFO: Run Behavior\ShowPageTraceBehavior [ RunTime:0.000733s ]
INFO: [ app_end ] --END-- [ RunTime:0.000799s ]

[ 2018-09-07T16:34:35+08:00 ] 119.129.117.83 /sifaju/gt/read
INFO: [ app_init ] --START--
INFO: Run Behavior\BuildLiteBehavior [ RunTime:0.000021s ]
INFO: [ app_init ] --END-- [ RunTime:0.000455s ]
INFO: [ app_begin ] --START--
INFO: Run Behavior\ReadHtmlCacheBehavior [ RunTime:0.000786s ]
INFO: [ app_begin ] --END-- [ RunTime:0.000870s ]
SQL: SHOW COLUMNS FROM `hall1` [ RunTime:0.0049s ]
SQL: SELECT * FROM `hall1`  [ RunTime:0.0002s ]
NOTIC: [8] Undefined variable: hallimg1 C:\phpStudy\PHPTutorial\WWW\sifaju\gt\Application\Home\Controller\ExamController.class.php 第 179 行.
NOTIC: [8] Undefined variable: hall1mp3 C:\phpStudy\PHPTutorial\WWW\sifaju\gt\Application\Home\Controller\ExamController.class.php 第 183 行.
SQL: SHOW COLUMNS FROM `hall2` [ RunTime:0.0049s ]
SQL: SELECT * FROM `hall2`  [ RunTime:0.0002s ]
NOTIC: [8] Undefined variable: hallimg2 C:\phpStudy\PHPTutorial\WWW\sifaju\gt\Application\Home\Controller\ExamController.class.php 第 201 行.
NOTIC: [8] Undefined variable: hall2mp3 C:\phpStudy\PHPTutorial\WWW\sifaju\gt\Application\Home\Controller\ExamController.class.php 第 205 行.
SQL: SHOW COLUMNS FROM `hallimg` [ RunTime:0.0033s ]
SQL: SELECT * FROM `hallimg`  [ RunTime:0.0002s ]
INFO: [ view_parse ] --START--
INFO: [ template_filter ] --START--
INFO: Run Behavior\ContentReplaceBehavior [ RunTime:0.000118s ]
INFO: [ template_filter ] --END-- [ RunTime:0.000190s ]
NOTIC: [8] Undefined variable: result C:\phpStudy\PHPTutorial\WWW\sifaju\gt\Application\Runtime\Cache\Home\7724bf93cd85e7abb38621cecb4968b7.php 第 84 行.
NOTIC: [8] Undefined variable: result C:\phpStudy\PHPTutorial\WWW\sifaju\gt\Application\Runtime\Cache\Home\7724bf93cd85e7abb38621cecb4968b7.php 第 86 行.
NOTIC: [8] Undefined variable: result C:\phpStudy\PHPTutorial\WWW\sifaju\gt\Application\Runtime\Cache\Home\7724bf93cd85e7abb38621cecb4968b7.php 第 88 行.
INFO: Run Behavior\ParseTemplateBehavior [ RunTime:0.009146s ]
INFO: [ view_parse ] --END-- [ RunTime:0.009221s ]
INFO: [ view_filter ] --START--
INFO: Run Behavior\WriteHtmlCacheBehavior [ RunTime:0.000477s ]
INFO: [ view_filter ] --END-- [ RunTime:0.000523s ]
INFO: [ app_end ] --START--
INFO: Run Behavior\ShowPageTraceBehavior [ RunTime:0.000868s ]
INFO: [ app_end ] --END-- [ RunTime:0.000931s ]

[ 2018-09-07T16:57:59+08:00 ] 42.157.197.131 /sifaju/gt/
INFO: [ app_init ] --START--
INFO: Run Behavior\BuildLiteBehavior [ RunTime:0.000021s ]
INFO: [ app_init ] --END-- [ RunTime:0.000370s ]
INFO: [ app_begin ] --START--
INFO: Run Behavior\ReadHtmlCacheBehavior [ RunTime:0.000682s ]
INFO: [ app_begin ] --END-- [ RunTime:0.000744s ]
SQL: SHOW COLUMNS FROM `studystatus` [ RunTime:0.0066s ]
SQL: SHOW COLUMNS FROM `exam` [ RunTime:0.0032s ]
INFO: [ view_parse ] --START--
INFO: [ template_filter ] --START--
INFO: Run Behavior\ContentReplaceBehavior [ RunTime:0.000151s ]
INFO: [ template_filter ] --END-- [ RunTime:0.000204s ]
INFO: Run Behavior\ParseTemplateBehavior [ RunTime:0.007790s ]
INFO: [ view_parse ] --END-- [ RunTime:0.007851s ]
INFO: [ view_filter ] --START--
INFO: Run Behavior\WriteHtmlCacheBehavior [ RunTime:0.000404s ]
INFO: [ view_filter ] --END-- [ RunTime:0.000448s ]
INFO: [ app_end ] --START--
INFO: Run Behavior\ShowPageTraceBehavior [ RunTime:0.000679s ]
INFO: [ app_end ] --END-- [ RunTime:0.000732s ]

[ 2018-09-07T16:58:36+08:00 ] 42.157.197.131 /sifaju/gt/read
INFO: [ app_init ] --START--
INFO: Run Behavior\BuildLiteBehavior [ RunTime:0.000025s ]
INFO: [ app_init ] --END-- [ RunTime:0.000404s ]
INFO: [ app_begin ] --START--
INFO: Run Behavior\ReadHtmlCacheBehavior [ RunTime:0.000653s ]
INFO: [ app_begin ] --END-- [ RunTime:0.000720s ]
SQL: SHOW COLUMNS FROM `hall1` [ RunTime:0.0071s ]
SQL: SELECT * FROM `hall1`  [ RunTime:0.0002s ]
NOTIC: [8] Undefined variable: hallimg1 C:\phpStudy\PHPTutorial\WWW\sifaju\gt\Application\Home\Controller\ExamController.class.php 第 179 行.
NOTIC: [8] Undefined variable: hall1mp3 C:\phpStudy\PHPTutorial\WWW\sifaju\gt\Application\Home\Controller\ExamController.class.php 第 183 行.
SQL: SHOW COLUMNS FROM `hall2` [ RunTime:0.0052s ]
SQL: SELECT * FROM `hall2`  [ RunTime:0.0002s ]
NOTIC: [8] Undefined variable: hallimg2 C:\phpStudy\PHPTutorial\WWW\sifaju\gt\Application\Home\Controller\ExamController.class.php 第 201 行.
NOTIC: [8] Undefined variable: hall2mp3 C:\phpStudy\PHPTutorial\WWW\sifaju\gt\Application\Home\Controller\ExamController.class.php 第 205 行.
SQL: SHOW COLUMNS FROM `hallimg` [ RunTime:0.0035s ]
SQL: SELECT * FROM `hallimg`  [ RunTime:0.0002s ]
INFO: [ view_parse ] --START--
INFO: [ template_filter ] --START--
INFO: Run Behavior\ContentReplaceBehavior [ RunTime:0.000085s ]
INFO: [ template_filter ] --END-- [ RunTime:0.000138s ]
NOTIC: [8] Undefined variable: result C:\phpStudy\PHPTutorial\WWW\sifaju\gt\Application\Runtime\Cache\Home\7724bf93cd85e7abb38621cecb4968b7.php 第 84 行.
NOTIC: [8] Undefined variable: result C:\phpStudy\PHPTutorial\WWW\sifaju\gt\Application\Runtime\Cache\Home\7724bf93cd85e7abb38621cecb4968b7.php 第 86 行.
NOTIC: [8] Undefined variable: result C:\phpStudy\PHPTutorial\WWW\sifaju\gt\Application\Runtime\Cache\Home\7724bf93cd85e7abb38621cecb4968b7.php 第 88 行.
INFO: Run Behavior\ParseTemplateBehavior [ RunTime:0.007208s ]
INFO: [ view_parse ] --END-- [ RunTime:0.007280s ]
INFO: [ view_filter ] --START--
INFO: Run Behavior\WriteHtmlCacheBehavior [ RunTime:0.000355s ]
INFO: [ view_filter ] --END-- [ RunTime:0.000410s ]
INFO: [ app_end ] --START--
INFO: Run Behavior\ShowPageTraceBehavior [ RunTime:0.000627s ]
INFO: [ app_end ] --END-- [ RunTime:0.000682s ]

[ 2018-09-07T16:58:40+08:00 ] 42.157.197.131 /sifaju/gt/read
INFO: [ app_init ] --START--
INFO: Run Behavior\BuildLiteBehavior [ RunTime:0.000021s ]
INFO: [ app_init ] --END-- [ RunTime:0.000373s ]
INFO: [ app_begin ] --START--
INFO: Run Behavior\ReadHtmlCacheBehavior [ RunTime:0.000714s ]
INFO: [ app_begin ] --END-- [ RunTime:0.000779s ]
SQL: SHOW COLUMNS FROM `hall1` [ RunTime:0.0053s ]
SQL: SELECT * FROM `hall1`  [ RunTime:0.0002s ]
NOTIC: [8] Undefined variable: hallimg1 C:\phpStudy\PHPTutorial\WWW\sifaju\gt\Application\Home\Controller\ExamController.class.php 第 179 行.
NOTIC: [8] Undefined variable: hall1mp3 C:\phpStudy\PHPTutorial\WWW\sifaju\gt\Application\Home\Controller\ExamController.class.php 第 183 行.
SQL: SHOW COLUMNS FROM `hall2` [ RunTime:0.0055s ]
SQL: SELECT * FROM `hall2`  [ RunTime:0.0002s ]
NOTIC: [8] Undefined variable: hallimg2 C:\phpStudy\PHPTutorial\WWW\sifaju\gt\Application\Home\Controller\ExamController.class.php 第 201 行.
NOTIC: [8] Undefined variable: hall2mp3 C:\phpStudy\PHPTutorial\WWW\sifaju\gt\Application\Home\Controller\ExamController.class.php 第 205 行.
SQL: SHOW COLUMNS FROM `hallimg` [ RunTime:0.0036s ]
SQL: SELECT * FROM `hallimg`  [ RunTime:0.0002s ]
INFO: [ view_parse ] --START--
INFO: [ template_filter ] --START--
INFO: Run Behavior\ContentReplaceBehavior [ RunTime:0.000087s ]
INFO: [ template_filter ] --END-- [ RunTime:0.000140s ]
NOTIC: [8] Undefined variable: result C:\phpStudy\PHPTutorial\WWW\sifaju\gt\Application\Runtime\Cache\Home\7724bf93cd85e7abb38621cecb4968b7.php 第 84 行.
NOTIC: [8] Undefined variable: result C:\phpStudy\PHPTutorial\WWW\sifaju\gt\Application\Runtime\Cache\Home\7724bf93cd85e7abb38621cecb4968b7.php 第 86 行.
NOTIC: [8] Undefined variable: result C:\phpStudy\PHPTutorial\WWW\sifaju\gt\Application\Runtime\Cache\Home\7724bf93cd85e7abb38621cecb4968b7.php 第 88 行.
INFO: Run Behavior\ParseTemplateBehavior [ RunTime:0.007552s ]
INFO: [ view_parse ] --END-- [ RunTime:0.007620s ]
INFO: [ view_filter ] --START--
INFO: Run Behavior\WriteHtmlCacheBehavior [ RunTime:0.000432s ]
INFO: [ view_filter ] --END-- [ RunTime:0.000476s ]
INFO: [ app_end ] --START--
INFO: Run Behavior\ShowPageTraceBehavior [ RunTime:0.000716s ]
INFO: [ app_end ] --END-- [ RunTime:0.000770s ]

[ 2018-09-07T17:01:40+08:00 ] 42.157.197.131 /sifaju/gt/index.html?v=back
INFO: [ app_init ] --START--
INFO: Run Behavior\BuildLiteBehavior [ RunTime:0.000022s ]
INFO: [ app_init ] --END-- [ RunTime:0.000390s ]
INFO: [ app_begin ] --START--
INFO: Run Behavior\ReadHtmlCacheBehavior [ RunTime:0.000636s ]
INFO: [ app_begin ] --END-- [ RunTime:0.000697s ]
SQL: SHOW COLUMNS FROM `studystatus` [ RunTime:0.0072s ]
SQL: SHOW COLUMNS FROM `exam` [ RunTime:0.0034s ]
INFO: [ view_parse ] --START--
INFO: [ template_filter ] --START--
INFO: Run Behavior\ContentReplaceBehavior [ RunTime:0.000134s ]
INFO: [ template_filter ] --END-- [ RunTime:0.000191s ]
INFO: Run Behavior\ParseTemplateBehavior [ RunTime:0.007623s ]
INFO: [ view_parse ] --END-- [ RunTime:0.007687s ]
INFO: [ view_filter ] --START--
INFO: Run Behavior\WriteHtmlCacheBehavior [ RunTime:0.000371s ]
INFO: [ view_filter ] --END-- [ RunTime:0.000418s ]
INFO: [ app_end ] --START--
INFO: Run Behavior\ShowPageTraceBehavior [ RunTime:0.000628s ]
INFO: [ app_end ] --END-- [ RunTime:0.000682s ]

[ 2018-09-07T17:01:41+08:00 ] 42.157.197.131 /sifaju/gt/index.html?v=back
INFO: [ app_init ] --START--
INFO: Run Behavior\BuildLiteBehavior [ RunTime:0.000020s ]
INFO: [ app_init ] --END-- [ RunTime:0.000384s ]
INFO: [ app_begin ] --START--
INFO: Run Behavior\ReadHtmlCacheBehavior [ RunTime:0.000722s ]
INFO: [ app_begin ] --END-- [ RunTime:0.000785s ]
SQL: SHOW COLUMNS FROM `studystatus` [ RunTime:0.0050s ]
SQL: SHOW COLUMNS FROM `exam` [ RunTime:0.0030s ]
INFO: [ view_parse ] --START--
INFO: [ template_filter ] --START--
INFO: Run Behavior\ContentReplaceBehavior [ RunTime:0.000173s ]
INFO: [ template_filter ] --END-- [ RunTime:0.000245s ]
INFO: Run Behavior\ParseTemplateBehavior [ RunTime:0.008811s ]
INFO: [ view_parse ] --END-- [ RunTime:0.008885s ]
INFO: [ view_filter ] --START--
INFO: Run Behavior\WriteHtmlCacheBehavior [ RunTime:0.000485s ]
INFO: [ view_filter ] --END-- [ RunTime:0.000531s ]
INFO: [ app_end ] --START--
INFO: Run Behavior\ShowPageTraceBehavior [ RunTime:0.000737s ]
INFO: [ app_end ] --END-- [ RunTime:0.000792s ]

[ 2018-09-07T17:01:42+08:00 ] 42.157.197.131 /sifaju/gt/index.html?v=back
INFO: [ app_init ] --START--
INFO: Run Behavior\BuildLiteBehavior [ RunTime:0.000021s ]
INFO: [ app_init ] --END-- [ RunTime:0.000376s ]
INFO: [ app_begin ] --START--
INFO: Run Behavior\ReadHtmlCacheBehavior [ RunTime:0.000606s ]
INFO: [ app_begin ] --END-- [ RunTime:0.000668s ]
SQL: SHOW COLUMNS FROM `studystatus` [ RunTime:0.0051s ]
SQL: SHOW COLUMNS FROM `exam` [ RunTime:0.0035s ]
INFO: [ view_parse ] --START--
INFO: [ template_filter ] --START--
INFO: Run Behavior\ContentReplaceBehavior [ RunTime:0.000126s ]
INFO: [ template_filter ] --END-- [ RunTime:0.000179s ]
INFO: Run Behavior\ParseTemplateBehavior [ RunTime:0.008129s ]
INFO: [ view_parse ] --END-- [ RunTime:0.008203s ]
INFO: [ view_filter ] --START--
INFO: Run Behavior\WriteHtmlCacheBehavior [ RunTime:0.000373s ]
INFO: [ view_filter ] --END-- [ RunTime:0.000419s ]
INFO: [ app_end ] --START--
INFO: Run Behavior\ShowPageTraceBehavior [ RunTime:0.000662s ]
INFO: [ app_end ] --END-- [ RunTime:0.000714s ]

[ 2018-09-07T17:01:43+08:00 ] 42.157.197.131 /sifaju/gt/index.html?v=back
INFO: [ app_init ] --START--
INFO: Run Behavior\BuildLiteBehavior [ RunTime:0.000026s ]
INFO: [ app_init ] --END-- [ RunTime:0.000507s ]
INFO: [ app_begin ] --START--
INFO: Run Behavior\ReadHtmlCacheBehavior [ RunTime:0.000705s ]
INFO: [ app_begin ] --END-- [ RunTime:0.000774s ]
SQL: SHOW COLUMNS FROM `studystatus` [ RunTime:0.0072s ]
SQL: SHOW COLUMNS FROM `exam` [ RunTime:0.0029s ]
INFO: [ view_parse ] --START--
INFO: [ template_filter ] --START--
INFO: Run Behavior\ContentReplaceBehavior [ RunTime:0.000134s ]
INFO: [ template_filter ] --END-- [ RunTime:0.000186s ]
INFO: Run Behavior\ParseTemplateBehavior [ RunTime:0.008174s ]
INFO: [ view_parse ] --END-- [ RunTime:0.008235s ]
INFO: [ view_filter ] --START--
INFO: Run Behavior\WriteHtmlCacheBehavior [ RunTime:0.000368s ]
INFO: [ view_filter ] --END-- [ RunTime:0.000415s ]
INFO: [ app_end ] --START--
INFO: Run Behavior\ShowPageTraceBehavior [ RunTime:0.000645s ]
INFO: [ app_end ] --END-- [ RunTime:0.000708s ]

[ 2018-09-07T17:01:44+08:00 ] 42.157.197.131 /sifaju/gt/index.html?v=back
INFO: [ app_init ] --START--
INFO: Run Behavior\BuildLiteBehavior [ RunTime:0.000021s ]
INFO: [ app_init ] --END-- [ RunTime:0.000399s ]
INFO: [ app_begin ] --START--
INFO: Run Behavior\ReadHtmlCacheBehavior [ RunTime:0.000674s ]
INFO: [ app_begin ] --END-- [ RunTime:0.000738s ]
SQL: SHOW COLUMNS FROM `studystatus` [ RunTime:0.0060s ]
SQL: SHOW COLUMNS FROM `exam` [ RunTime:0.0041s ]
INFO: [ view_parse ] --START--
INFO: [ template_filter ] --START--
INFO: Run Behavior\ContentReplaceBehavior [ RunTime:0.000199s ]
INFO: [ template_filter ] --END-- [ RunTime:0.000289s ]
INFO: Run Behavior\ParseTemplateBehavior [ RunTime:0.011425s ]
INFO: [ view_parse ] --END-- [ RunTime:0.011521s ]
INFO: [ view_filter ] --START--
INFO: Run Behavior\WriteHtmlCacheBehavior [ RunTime:0.000586s ]
INFO: [ view_filter ] --END-- [ RunTime:0.000653s ]
INFO: [ app_end ] --START--
INFO: Run Behavior\ShowPageTraceBehavior [ RunTime:0.000964s ]
INFO: [ app_end ] --END-- [ RunTime:0.001044s ]

[ 2018-09-07T17:01:45+08:00 ] 42.157.197.131 /sifaju/gt/index.html?v=back
INFO: [ app_init ] --START--
INFO: Run Behavior\BuildLiteBehavior [ RunTime:0.000020s ]
INFO: [ app_init ] --END-- [ RunTime:0.000382s ]
INFO: [ app_begin ] --START--
INFO: Run Behavior\ReadHtmlCacheBehavior [ RunTime:0.000757s ]
INFO: [ app_begin ] --END-- [ RunTime:0.000825s ]
SQL: SHOW COLUMNS FROM `studystatus` [ RunTime:0.0076s ]
SQL: SHOW COLUMNS FROM `exam` [ RunTime:0.0032s ]
INFO: [ view_parse ] --START--
INFO: [ template_filter ] --START--
INFO: Run Behavior\ContentReplaceBehavior [ RunTime:0.000144s ]
INFO: [ template_filter ] --END-- [ RunTime:0.000200s ]
INFO: Run Behavior\ParseTemplateBehavior [ RunTime:0.008032s ]
INFO: [ view_parse ] --END-- [ RunTime:0.008097s ]
INFO: [ view_filter ] --START--
INFO: Run Behavior\WriteHtmlCacheBehavior [ RunTime:0.000433s ]
INFO: [ view_filter ] --END-- [ RunTime:0.000485s ]
INFO: [ app_end ] --START--
INFO: Run Behavior\ShowPageTraceBehavior [ RunTime:0.000710s ]
INFO: [ app_end ] --END-- [ RunTime:0.000778s ]

[ 2018-09-07T17:01:46+08:00 ] 42.157.197.131 /sifaju/gt/index.html?v=back
INFO: [ app_init ] --START--
INFO: Run Behavior\BuildLiteBehavior [ RunTime:0.000021s ]
INFO: [ app_init ] --END-- [ RunTime:0.000365s ]
INFO: [ app_begin ] --START--
INFO: Run Behavior\ReadHtmlCacheBehavior [ RunTime:0.000704s ]
INFO: [ app_begin ] --END-- [ RunTime:0.000773s ]
SQL: SHOW COLUMNS FROM `studystatus` [ RunTime:0.0065s ]
SQL: SHOW COLUMNS FROM `exam` [ RunTime:0.0034s ]
INFO: [ view_parse ] --START--
INFO: [ template_filter ] --START--
INFO: Run Behavior\ContentReplaceBehavior [ RunTime:0.000138s ]
INFO: [ template_filter ] --END-- [ RunTime:0.000193s ]
INFO: Run Behavior\ParseTemplateBehavior [ RunTime:0.007779s ]
INFO: [ view_parse ] --END-- [ RunTime:0.007844s ]
INFO: [ view_filter ] --START--
INFO: Run Behavior\WriteHtmlCacheBehavior [ RunTime:0.000461s ]
INFO: [ view_filter ] --END-- [ RunTime:0.000509s ]
INFO: [ app_end ] --START--
INFO: Run Behavior\ShowPageTraceBehavior [ RunTime:0.000731s ]
INFO: [ app_end ] --END-- [ RunTime:0.000809s ]

[ 2018-09-07T17:01:47+08:00 ] 125.89.198.27 /sifaju/gt/index.html?v=back
INFO: [ app_init ] --START--
INFO: Run Behavior\BuildLiteBehavior [ RunTime:0.000021s ]
INFO: [ app_init ] --END-- [ RunTime:0.000368s ]
INFO: [ app_begin ] --START--
INFO: Run Behavior\ReadHtmlCacheBehavior [ RunTime:0.000789s ]
INFO: [ app_begin ] --END-- [ RunTime:0.000855s ]
SQL: SHOW COLUMNS FROM `studystatus` [ RunTime:0.0082s ]
SQL: SHOW COLUMNS FROM `exam` [ RunTime:0.0031s ]
INFO: [ view_parse ] --START--
INFO: [ template_filter ] --START--
INFO: Run Behavior\ContentReplaceBehavior [ RunTime:0.000132s ]
INFO: [ template_filter ] --END-- [ RunTime:0.000188s ]
INFO: Run Behavior\ParseTemplateBehavior [ RunTime:0.008145s ]
INFO: [ view_parse ] --END-- [ RunTime:0.008211s ]
INFO: [ view_filter ] --START--
INFO: Run Behavior\WriteHtmlCacheBehavior [ RunTime:0.000443s ]
INFO: [ view_filter ] --END-- [ RunTime:0.000491s ]
INFO: [ app_end ] --START--
INFO: Run Behavior\ShowPageTraceBehavior [ RunTime:0.000677s ]
INFO: [ app_end ] --END-- [ RunTime:0.000741s ]

[ 2018-09-07T17:01:48+08:00 ] 42.157.197.131 /sifaju/gt/index.html?v=back
INFO: [ app_init ] --START--
INFO: Run Behavior\BuildLiteBehavior [ RunTime:0.000020s ]
INFO: [ app_init ] --END-- [ RunTime:0.000382s ]
INFO: [ app_begin ] --START--
INFO: Run Behavior\ReadHtmlCacheBehavior [ RunTime:0.000698s ]
INFO: [ app_begin ] --END-- [ RunTime:0.000757s ]
SQL: SHOW COLUMNS FROM `studystatus` [ RunTime:0.0061s ]
SQL: SHOW COLUMNS FROM `exam` [ RunTime:0.0036s ]
INFO: [ view_parse ] --START--
INFO: [ template_filter ] --START--
INFO: Run Behavior\ContentReplaceBehavior [ RunTime:0.000128s ]
INFO: [ template_filter ] --END-- [ RunTime:0.000189s ]
INFO: Run Behavior\ParseTemplateBehavior [ RunTime:0.008352s ]
INFO: [ view_parse ] --END-- [ RunTime:0.008427s ]
INFO: [ view_filter ] --START--
INFO: Run Behavior\WriteHtmlCacheBehavior [ RunTime:0.000409s ]
INFO: [ view_filter ] --END-- [ RunTime:0.000455s ]
INFO: 
INFO: 
INFO: 

[ 2018-09-07T17:01:49+08:00 ] 125.89.198.27 /sifaju/gt/index.html?v=back
INFO: [ app_init ] --START--
INFO: Run Behavior\BuildLiteBehavior [ RunTime:0.000023s ]
INFO: [ app_init ] --END-- [ RunTime:0.000385s ]
INFO: [ app_begin ] --START--
INFO: Run Behavior\ReadHtmlCacheBehavior [ RunTime:0.000620s ]
INFO: [ app_begin ] --END-- [ RunTime:0.000685s ]
SQL: SHOW COLUMNS FROM `studystatus` [ RunTime:0.0053s ]
SQL: SHOW COLUMNS FROM `exam` [ RunTime:0.0043s ]
INFO: [ view_parse ] --START--
INFO: [ template_filter ] --START--
INFO: Run Behavior\ContentReplaceBehavior [ RunTime:0.000209s ]
INFO: [ template_filter ] --END-- [ RunTime:0.000285s ]
INFO: Run Behavior\ParseTemplateBehavior [ RunTime:0.010298s ]
INFO: [ view_parse ] --END-- [ RunTime:0.010361s ]
INFO: [ view_filter ] --START--
INFO: Run Behavior\WriteHtmlCacheBehavior [ RunTime:0.000384s ]
INFO: [ view_filter ] --END-- [ RunTime:0.000432s ]
INFO: [ app_end ] --START--
INFO: Run Behavior\ShowPageTraceBehavior [ RunTime:0.000647s ]
INFO: [ app_end ] --END-- [ RunTime:0.000699s ]

[ 2018-09-07T17:02:06+08:00 ] 42.157.197.131 /sifaju/gt/home/index/login
INFO: [ app_init ] --START--
INFO: Run Behavior\BuildLiteBehavior [ RunTime:0.000023s ]
INFO: [ app_init ] --END-- [ RunTime:0.000422s ]
INFO: [ app_begin ] --START--
INFO: Run Behavior\ReadHtmlCacheBehavior [ RunTime:0.000628s ]
INFO: [ app_begin ] --END-- [ RunTime:0.000685s ]
SQL: SHOW COLUMNS FROM `user` [ RunTime:0.0051s ]
SQL: SELECT * FROM `user` WHERE `user_username` = '111' LIMIT 1   [ RunTime:0.0003s ]

[ 2018-09-07T17:02:11+08:00 ] 42.157.197.131 /sifaju/gt/study
INFO: [ app_init ] --START--
INFO: Run Behavior\BuildLiteBehavior [ RunTime:0.000020s ]
INFO: [ app_init ] --END-- [ RunTime:0.000363s ]
INFO: [ app_begin ] --START--
INFO: Run Behavior\ReadHtmlCacheBehavior [ RunTime:0.000624s ]
INFO: [ app_begin ] --END-- [ RunTime:0.000685s ]
SQL: SHOW COLUMNS FROM `studystatus` [ RunTime:0.0053s ]
SQL: SELECT `m_n1` FROM `studystatus` WHERE ( user_id=29 ) LIMIT 1   [ RunTime:0.0002s ]
SQL: SELECT `m_n2` FROM `studystatus` WHERE ( user_id=29 ) LIMIT 1   [ RunTime:0.0001s ]
SQL: SHOW COLUMNS FROM `hall1` [ RunTime:0.0051s ]
SQL: SELECT * FROM `hall1`  [ RunTime:0.0002s ]
NOTIC: [8] Undefined variable: hallimg1 C:\phpStudy\PHPTutorial\WWW\sifaju\gt\Application\Home\Controller\ExamController.class.php 第 179 行.
NOTIC: [8] Undefined variable: hall1mp3 C:\phpStudy\PHPTutorial\WWW\sifaju\gt\Application\Home\Controller\ExamController.class.php 第 183 行.
SQL: SHOW COLUMNS FROM `hall2` [ RunTime:0.0047s ]
SQL: SELECT * FROM `hall2`  [ RunTime:0.0002s ]
NOTIC: [8] Undefined variable: hallimg2 C:\phpStudy\PHPTutorial\WWW\sifaju\gt\Application\Home\Controller\ExamController.class.php 第 201 行.
NOTIC: [8] Undefined variable: hall2mp3 C:\phpStudy\PHPTutorial\WWW\sifaju\gt\Application\Home\Controller\ExamController.class.php 第 205 行.
SQL: SHOW COLUMNS FROM `hallimg` [ RunTime:0.0048s ]
SQL: SELECT * FROM `hallimg`  [ RunTime:0.0002s ]
INFO: [ view_parse ] --START--
INFO: [ template_filter ] --START--
INFO: Run Behavior\ContentReplaceBehavior [ RunTime:0.000131s ]
INFO: [ template_filter ] --END-- [ RunTime:0.000186s ]
INFO: Run Behavior\ParseTemplateBehavior [ RunTime:0.008589s ]
INFO: [ view_parse ] --END-- [ RunTime:0.008648s ]
INFO: [ view_filter ] --START--
INFO: Run Behavior\WriteHtmlCacheBehavior [ RunTime:0.000390s ]
INFO: [ view_filter ] --END-- [ RunTime:0.000437s ]
INFO: [ app_end ] --START--
INFO: Run Behavior\ShowPageTraceBehavior [ RunTime:0.000698s ]
INFO: [ app_end ] --END-- [ RunTime:0.000750s ]

[ 2018-09-07T17:02:13+08:00 ] 42.157.197.131 /sifaju/gt/study
INFO: [ app_init ] --START--
INFO: Run Behavior\BuildLiteBehavior [ RunTime:0.000021s ]
INFO: [ app_init ] --END-- [ RunTime:0.000393s ]
INFO: [ app_begin ] --START--
INFO: Run Behavior\ReadHtmlCacheBehavior [ RunTime:0.000641s ]
INFO: [ app_begin ] --END-- [ RunTime:0.000707s ]
SQL: SHOW COLUMNS FROM `studystatus` [ RunTime:0.0067s ]
SQL: SELECT `m_n1` FROM `studystatus` WHERE ( user_id=29 ) LIMIT 1   [ RunTime:0.0002s ]
SQL: SELECT `m_n2` FROM `studystatus` WHERE ( user_id=29 ) LIMIT 1   [ RunTime:0.0001s ]
SQL: SHOW COLUMNS FROM `hall1` [ RunTime:0.0086s ]
SQL: SELECT * FROM `hall1`  [ RunTime:0.0002s ]
NOTIC: [8] Undefined variable: hallimg1 C:\phpStudy\PHPTutorial\WWW\sifaju\gt\Application\Home\Controller\ExamController.class.php 第 179 行.
NOTIC: [8] Undefined variable: hall1mp3 C:\phpStudy\PHPTutorial\WWW\sifaju\gt\Application\Home\Controller\ExamController.class.php 第 183 行.
SQL: SHOW COLUMNS FROM `hall2` [ RunTime:0.0046s ]
SQL: SELECT * FROM `hall2`  [ RunTime:0.0002s ]
NOTIC: [8] Undefined variable: hallimg2 C:\phpStudy\PHPTutorial\WWW\sifaju\gt\Application\Home\Controller\ExamController.class.php 第 201 行.
NOTIC: [8] Undefined variable: hall2mp3 C:\phpStudy\PHPTutorial\WWW\sifaju\gt\Application\Home\Controller\ExamController.class.php 第 205 行.
SQL: SHOW COLUMNS FROM `hallimg` [ RunTime:0.0031s ]
SQL: SELECT * FROM `hallimg`  [ RunTime:0.0002s ]
INFO: [ view_parse ] --START--
INFO: [ template_filter ] --START--
INFO: Run Behavior\ContentReplaceBehavior [ RunTime:0.000133s ]
INFO: [ template_filter ] --END-- [ RunTime:0.000187s ]
INFO: Run Behavior\ParseTemplateBehavior [ RunTime:0.008035s ]
INFO: [ view_parse ] --END-- [ RunTime:0.008101s ]
INFO: [ view_filter ] --START--
INFO: Run Behavior\WriteHtmlCacheBehavior [ RunTime:0.000382s ]
INFO: [ view_filter ] --END-- [ RunTime:0.000426s ]
INFO: [ app_end ] --START--
INFO: Run Behavior\ShowPageTraceBehavior [ RunTime:0.000642s ]
INFO: [ app_end ] --END-- [ RunTime:0.000693s ]

[ 2018-09-07T17:02:19+08:00 ] 42.157.197.131 /sifaju/gt/Study/index.html
INFO: [ app_init ] --START--
INFO: Run Behavior\BuildLiteBehavior [ RunTime:0.000021s ]
INFO: [ app_init ] --END-- [ RunTime:0.000407s ]
INFO: [ app_begin ] --START--
INFO: Run Behavior\ReadHtmlCacheBehavior [ RunTime:0.000688s ]
INFO: [ app_begin ] --END-- [ RunTime:0.000747s ]
SQL: SHOW COLUMNS FROM `studystatus` [ RunTime:0.0061s ]
SQL: SELECT * FROM `studystatus` WHERE `user_id` = 29 LIMIT 1   [ RunTime:0.0002s ]
SQL: UPDATE `studystatus` SET `user_id`='29',`m_n1`=',3' WHERE `user_id` = 29 [ RunTime:0.0003s ]

[ 2018-09-07T17:02:23+08:00 ] 42.157.197.131 /sifaju/gt/Study/index.html
INFO: [ app_init ] --START--
INFO: Run Behavior\BuildLiteBehavior [ RunTime:0.000020s ]
INFO: [ app_init ] --END-- [ RunTime:0.000362s ]
INFO: [ app_begin ] --START--
INFO: Run Behavior\ReadHtmlCacheBehavior [ RunTime:0.000615s ]
INFO: [ app_begin ] --END-- [ RunTime:0.000673s ]
SQL: SHOW COLUMNS FROM `studystatus` [ RunTime:0.0049s ]
SQL: SELECT * FROM `studystatus` WHERE `user_id` = 29 LIMIT 1   [ RunTime:0.0002s ]

[ 2018-09-07T17:02:24+08:00 ] 42.157.197.131 /sifaju/gt/Study/index.html
INFO: [ app_init ] --START--
INFO: Run Behavior\BuildLiteBehavior [ RunTime:0.000021s ]
INFO: [ app_init ] --END-- [ RunTime:0.000378s ]
INFO: [ app_begin ] --START--
INFO: Run Behavior\ReadHtmlCacheBehavior [ RunTime:0.000702s ]
INFO: [ app_begin ] --END-- [ RunTime:0.000763s ]
SQL: SHOW COLUMNS FROM `studystatus` [ RunTime:0.0051s ]
SQL: SELECT * FROM `studystatus` WHERE `user_id` = 29 LIMIT 1   [ RunTime:0.0003s ]
SQL: UPDATE `studystatus` SET `user_id`='29',`m_n1`=',3,2' WHERE `user_id` = 29 [ RunTime:0.0002s ]

[ 2018-09-07T17:02:26+08:00 ] 42.157.197.131 /sifaju/gt/Study/index.html
INFO: [ app_init ] --START--
INFO: Run Behavior\BuildLiteBehavior [ RunTime:0.000021s ]
INFO: [ app_init ] --END-- [ RunTime:0.000385s ]
INFO: [ app_begin ] --START--
INFO: Run Behavior\ReadHtmlCacheBehavior [ RunTime:0.000609s ]
INFO: [ app_begin ] --END-- [ RunTime:0.000667s ]
SQL: SHOW COLUMNS FROM `studystatus` [ RunTime:0.0072s ]
SQL: SELECT * FROM `studystatus` WHERE `user_id` = 29 LIMIT 1   [ RunTime:0.0002s ]
SQL: UPDATE `studystatus` SET `user_id`='29',`m_n1`=',3,2,1' WHERE `user_id` = 29 [ RunTime:0.0002s ]

[ 2018-09-07T17:02:51+08:00 ] 42.157.197.131 /sifaju/gt/Study/index.html
INFO: [ app_init ] --START--
INFO: Run Behavior\BuildLiteBehavior [ RunTime:0.000022s ]
INFO: [ app_init ] --END-- [ RunTime:0.000420s ]
INFO: [ app_begin ] --START--
INFO: Run Behavior\ReadHtmlCacheBehavior [ RunTime:0.000642s ]
INFO: [ app_begin ] --END-- [ RunTime:0.000702s ]
SQL: SHOW COLUMNS FROM `studystatus` [ RunTime:0.0068s ]
SQL: SELECT * FROM `studystatus` WHERE `user_id` = 29 LIMIT 1   [ RunTime:0.0002s ]
SQL: UPDATE `studystatus` SET `user_id`='29',`m_n2`=',4' WHERE `user_id` = 29 [ RunTime:0.0002s ]

[ 2018-09-07T17:02:55+08:00 ] 42.157.197.131 /sifaju/gt/Study/index.html
INFO: [ app_init ] --START--
INFO: Run Behavior\BuildLiteBehavior [ RunTime:0.000020s ]
INFO: [ app_init ] --END-- [ RunTime:0.000400s ]
INFO: [ app_begin ] --START--
INFO: Run Behavior\ReadHtmlCacheBehavior [ RunTime:0.000623s ]
INFO: [ app_begin ] --END-- [ RunTime:0.000679s ]
SQL: SHOW COLUMNS FROM `studystatus` [ RunTime:0.0059s ]
SQL: SELECT * FROM `studystatus` WHERE `user_id` = 29 LIMIT 1   [ RunTime:0.0003s ]

[ 2018-09-07T17:03:05+08:00 ] 42.157.197.131 /sifaju/gt/Study/index.html
INFO: [ app_init ] --START--
INFO: Run Behavior\BuildLiteBehavior [ RunTime:0.000020s ]
INFO: [ app_init ] --END-- [ RunTime:0.000373s ]
INFO: [ app_begin ] --START--
INFO: Run Behavior\ReadHtmlCacheBehavior [ RunTime:0.000630s ]
INFO: [ app_begin ] --END-- [ RunTime:0.000691s ]
SQL: SHOW COLUMNS FROM `studystatus` [ RunTime:0.0092s ]
SQL: SELECT * FROM `studystatus` WHERE `user_id` = 29 LIMIT 1   [ RunTime:0.0003s ]

[ 2018-09-07T17:10:33+08:00 ] 183.240.52.39 /sifaju/gt/study
INFO: [ app_init ] --START--
INFO: Run Behavior\BuildLiteBehavior [ RunTime:0.000021s ]
INFO: [ app_init ] --END-- [ RunTime:0.000378s ]
INFO: [ app_begin ] --START--
INFO: Run Behavior\ReadHtmlCacheBehavior [ RunTime:0.000703s ]
INFO: [ app_begin ] --END-- [ RunTime:0.000765s ]
SQL: SHOW COLUMNS FROM `studystatus` [ RunTime:0.0077s ]
SQL: SELECT `m_n1` FROM `studystatus` WHERE ( user_id=29 ) LIMIT 1   [ RunTime:0.0003s ]
SQL: SELECT `m_n2` FROM `studystatus` WHERE ( user_id=29 ) LIMIT 1   [ RunTime:0.0002s ]
SQL: SHOW COLUMNS FROM `hall1` [ RunTime:0.0056s ]
SQL: SELECT * FROM `hall1`  [ RunTime:0.0003s ]
NOTIC: [8] Undefined variable: hallimg1 C:\phpStudy\PHPTutorial\WWW\sifaju\gt\Application\Home\Controller\ExamController.class.php 第 179 行.
NOTIC: [8] Undefined variable: hall1mp3 C:\phpStudy\PHPTutorial\WWW\sifaju\gt\Application\Home\Controller\ExamController.class.php 第 183 行.
SQL: SHOW COLUMNS FROM `hall2` [ RunTime:0.0057s ]
SQL: SELECT * FROM `hall2`  [ RunTime:0.0002s ]
NOTIC: [8] Undefined variable: hallimg2 C:\phpStudy\PHPTutorial\WWW\sifaju\gt\Application\Home\Controller\ExamController.class.php 第 201 行.
NOTIC: [8] Undefined variable: hall2mp3 C:\phpStudy\PHPTutorial\WWW\sifaju\gt\Application\Home\Controller\ExamController.class.php 第 205 行.
SQL: SHOW COLUMNS FROM `hallimg` [ RunTime:0.0031s ]
SQL: SELECT * FROM `hallimg`  [ RunTime:0.0002s ]
INFO: [ view_parse ] --START--
INFO: [ template_filter ] --START--
INFO: Run Behavior\ContentReplaceBehavior [ RunTime:0.000132s ]
INFO: [ template_filter ] --END-- [ RunTime:0.000182s ]
INFO: Run Behavior\ParseTemplateBehavior [ RunTime:0.008985s ]
INFO: [ view_parse ] --END-- [ RunTime:0.009064s ]
INFO: [ view_filter ] --START--
INFO: Run Behavior\WriteHtmlCacheBehavior [ RunTime:0.000699s ]
INFO: [ view_filter ] --END-- [ RunTime:0.000772s ]
INFO: [ app_end ] --START--
INFO: Run Behavior\ShowPageTraceBehavior [ RunTime:0.000970s ]
INFO: [ app_end ] --END-- [ RunTime:0.001037s ]

[ 2018-09-07T17:10:34+08:00 ] 183.240.52.39 /sifaju/gt/study
INFO: [ app_init ] --START--
INFO: Run Behavior\BuildLiteBehavior [ RunTime:0.000020s ]
INFO: [ app_init ] --END-- [ RunTime:0.000369s ]
INFO: [ app_begin ] --START--
INFO: Run Behavior\ReadHtmlCacheBehavior [ RunTime:0.000664s ]
INFO: [ app_begin ] --END-- [ RunTime:0.000727s ]
SQL: SHOW COLUMNS FROM `studystatus` [ RunTime:0.0062s ]
SQL: SELECT `m_n1` FROM `studystatus` WHERE ( user_id=29 ) LIMIT 1   [ RunTime:0.0002s ]
SQL: SELECT `m_n2` FROM `studystatus` WHERE ( user_id=29 ) LIMIT 1   [ RunTime:0.0001s ]
SQL: SHOW COLUMNS FROM `hall1` [ RunTime:0.0084s ]
SQL: SELECT * FROM `hall1`  [ RunTime:0.0003s ]
NOTIC: [8] Undefined variable: hallimg1 C:\phpStudy\PHPTutorial\WWW\sifaju\gt\Application\Home\Controller\ExamController.class.php 第 179 行.
NOTIC: [8] Undefined variable: hall1mp3 C:\phpStudy\PHPTutorial\WWW\sifaju\gt\Application\Home\Controller\ExamController.class.php 第 183 行.
SQL: SHOW COLUMNS FROM `hall2` [ RunTime:0.0121s ]
SQL: SELECT * FROM `hall2`  [ RunTime:0.0002s ]
NOTIC: [8] Undefined variable: hallimg2 C:\phpStudy\PHPTutorial\WWW\sifaju\gt\Application\Home\Controller\ExamController.class.php 第 201 行.
NOTIC: [8] Undefined variable: hall2mp3 C:\phpStudy\PHPTutorial\WWW\sifaju\gt\Application\Home\Controller\ExamController.class.php 第 205 行.
SQL: SHOW COLUMNS FROM `hallimg` [ RunTime:0.0051s ]
SQL: SELECT * FROM `hallimg`  [ RunTime:0.0002s ]
INFO: [ view_parse ] --START--
INFO: [ template_filter ] --START--
INFO: Run Behavior\ContentReplaceBehavior [ RunTime:0.000149s ]
INFO: [ template_filter ] --END-- [ RunTime:0.000214s ]
INFO: Run Behavior\ParseTemplateBehavior [ RunTime:0.008368s ]
INFO: [ view_parse ] --END-- [ RunTime:0.008435s ]
INFO: [ view_filter ] --START--
INFO: Run Behavior\WriteHtmlCacheBehavior [ RunTime:0.000534s ]
INFO: [ view_filter ] --END-- [ RunTime:0.000618s ]
INFO: [ app_end ] --START--
INFO: Run Behavior\ShowPageTraceBehavior [ RunTime:0.000787s ]
INFO: [ app_end ] --END-- [ RunTime:0.000854s ]

[ 2018-09-07T17:10:36+08:00 ] 183.240.52.39 /sifaju/gt/study
INFO: [ app_init ] --START--
INFO: Run Behavior\BuildLiteBehavior [ RunTime:0.000020s ]
INFO: [ app_init ] --END-- [ RunTime:0.000370s ]
INFO: [ app_begin ] --START--
INFO: Run Behavior\ReadHtmlCacheBehavior [ RunTime:0.000668s ]
INFO: [ app_begin ] --END-- [ RunTime:0.000730s ]
SQL: SHOW COLUMNS FROM `studystatus` [ RunTime:0.0079s ]
SQL: SELECT `m_n1` FROM `studystatus` WHERE ( user_id=29 ) LIMIT 1   [ RunTime:0.0002s ]
SQL: SELECT `m_n2` FROM `studystatus` WHERE ( user_id=29 ) LIMIT 1   [ RunTime:0.0001s ]
SQL: SHOW COLUMNS FROM `hall1` [ RunTime:0.0062s ]
SQL: SELECT * FROM `hall1`  [ RunTime:0.0002s ]
NOTIC: [8] Undefined variable: hallimg1 C:\phpStudy\PHPTutorial\WWW\sifaju\gt\Application\Home\Controller\ExamController.class.php 第 179 行.
NOTIC: [8] Undefined variable: hall1mp3 C:\phpStudy\PHPTutorial\WWW\sifaju\gt\Application\Home\Controller\ExamController.class.php 第 183 行.
SQL: SHOW COLUMNS FROM `hall2` [ RunTime:0.0056s ]
SQL: SELECT * FROM `hall2`  [ RunTime:0.0003s ]
NOTIC: [8] Undefined variable: hallimg2 C:\phpStudy\PHPTutorial\WWW\sifaju\gt\Application\Home\Controller\ExamController.class.php 第 201 行.
NOTIC: [8] Undefined variable: hall2mp3 C:\phpStudy\PHPTutorial\WWW\sifaju\gt\Application\Home\Controller\ExamController.class.php 第 205 行.
SQL: SHOW COLUMNS FROM `hallimg` [ RunTime:0.0052s ]
SQL: SELECT * FROM `hallimg`  [ RunTime:0.0002s ]
INFO: [ view_parse ] --START--
INFO: [ template_filter ] --START--
INFO: Run Behavior\ContentReplaceBehavior [ RunTime:0.000137s ]
INFO: [ template_filter ] --END-- [ RunTime:0.000191s ]
INFO: Run Behavior\ParseTemplateBehavior [ RunTime:0.008023s ]
INFO: [ view_parse ] --END-- [ RunTime:0.008084s ]
INFO: [ view_filter ] --START--
INFO: Run Behavior\WriteHtmlCacheBehavior [ RunTime:0.000390s ]
INFO: [ view_filter ] --END-- [ RunTime:0.000436s ]
INFO: [ app_end ] --START--
INFO: Run Behavior\ShowPageTraceBehavior [ RunTime:0.000658s ]
INFO: [ app_end ] --END-- [ RunTime:0.000711s ]

[ 2018-09-07T17:11:34+08:00 ] 183.240.52.39 /sifaju/gt/
INFO: [ app_init ] --START--
INFO: Run Behavior\BuildLiteBehavior [ RunTime:0.000022s ]
INFO: [ app_init ] --END-- [ RunTime:0.000413s ]
INFO: [ app_begin ] --START--
INFO: Run Behavior\ReadHtmlCacheBehavior [ RunTime:0.000776s ]
INFO: [ app_begin ] --END-- [ RunTime:0.000842s ]
SQL: SHOW COLUMNS FROM `studystatus` [ RunTime:0.0052s ]
SQL: SHOW COLUMNS FROM `exam` [ RunTime:0.0037s ]
INFO: [ view_parse ] --START--
INFO: [ template_filter ] --START--
INFO: Run Behavior\ContentReplaceBehavior [ RunTime:0.000126s ]
INFO: [ template_filter ] --END-- [ RunTime:0.000181s ]
INFO: Run Behavior\ParseTemplateBehavior [ RunTime:0.007977s ]
INFO: [ view_parse ] --END-- [ RunTime:0.008046s ]
INFO: [ view_filter ] --START--
INFO: Run Behavior\WriteHtmlCacheBehavior [ RunTime:0.000527s ]
INFO: [ view_filter ] --END-- [ RunTime:0.000575s ]
INFO: [ app_end ] --START--
INFO: Run Behavior\ShowPageTraceBehavior [ RunTime:0.000811s ]
INFO: [ app_end ] --END-- [ RunTime:0.000864s ]

[ 2018-09-07T17:11:42+08:00 ] 183.240.52.39 /sifaju/gt/read
INFO: [ app_init ] --START--
INFO: Run Behavior\BuildLiteBehavior [ RunTime:0.000021s ]
INFO: [ app_init ] --END-- [ RunTime:0.000422s ]
INFO: [ app_begin ] --START--
INFO: Run Behavior\ReadHtmlCacheBehavior [ RunTime:0.000769s ]
INFO: [ app_begin ] --END-- [ RunTime:0.000832s ]
SQL: SHOW COLUMNS FROM `hall1` [ RunTime:0.0051s ]
SQL: SELECT * FROM `hall1`  [ RunTime:0.0002s ]
NOTIC: [8] Undefined variable: hallimg1 C:\phpStudy\PHPTutorial\WWW\sifaju\gt\Application\Home\Controller\ExamController.class.php 第 179 行.
NOTIC: [8] Undefined variable: hall1mp3 C:\phpStudy\PHPTutorial\WWW\sifaju\gt\Application\Home\Controller\ExamController.class.php 第 183 行.
SQL: SHOW COLUMNS FROM `hall2` [ RunTime:0.0054s ]
SQL: SELECT * FROM `hall2`  [ RunTime:0.0002s ]
NOTIC: [8] Undefined variable: hallimg2 C:\phpStudy\PHPTutorial\WWW\sifaju\gt\Application\Home\Controller\ExamController.class.php 第 201 行.
NOTIC: [8] Undefined variable: hall2mp3 C:\phpStudy\PHPTutorial\WWW\sifaju\gt\Application\Home\Controller\ExamController.class.php 第 205 行.
SQL: SHOW COLUMNS FROM `hallimg` [ RunTime:0.0033s ]
SQL: SELECT * FROM `hallimg`  [ RunTime:0.0002s ]
INFO: [ view_parse ] --START--
INFO: [ template_filter ] --START--
INFO: Run Behavior\ContentReplaceBehavior [ RunTime:0.000087s ]
INFO: [ template_filter ] --END-- [ RunTime:0.000140s ]
NOTIC: [8] Undefined variable: result C:\phpStudy\PHPTutorial\WWW\sifaju\gt\Application\Runtime\Cache\Home\7724bf93cd85e7abb38621cecb4968b7.php 第 84 行.
NOTIC: [8] Undefined variable: result C:\phpStudy\PHPTutorial\WWW\sifaju\gt\Application\Runtime\Cache\Home\7724bf93cd85e7abb38621cecb4968b7.php 第 86 行.
NOTIC: [8] Undefined variable: result C:\phpStudy\PHPTutorial\WWW\sifaju\gt\Application\Runtime\Cache\Home\7724bf93cd85e7abb38621cecb4968b7.php 第 88 行.
INFO: Run Behavior\ParseTemplateBehavior [ RunTime:0.007650s ]
INFO: [ view_parse ] --END-- [ RunTime:0.007727s ]
INFO: [ view_filter ] --START--
INFO: Run Behavior\WriteHtmlCacheBehavior [ RunTime:0.000452s ]
INFO: [ view_filter ] --END-- [ RunTime:0.000499s ]
INFO: [ app_end ] --START--
INFO: Run Behavior\ShowPageTraceBehavior [ RunTime:0.000729s ]
INFO: [ app_end ] --END-- [ RunTime:0.000781s ]

[ 2018-09-07T17:11:48+08:00 ] 183.240.52.39 /sifaju/gt/
INFO: [ app_init ] --START--
INFO: Run Behavior\BuildLiteBehavior [ RunTime:0.000020s ]
INFO: [ app_init ] --END-- [ RunTime:0.000376s ]
INFO: [ app_begin ] --START--
INFO: Run Behavior\ReadHtmlCacheBehavior [ RunTime:0.000683s ]
INFO: [ app_begin ] --END-- [ RunTime:0.000746s ]
SQL: SHOW COLUMNS FROM `studystatus` [ RunTime:0.0059s ]
SQL: SHOW COLUMNS FROM `exam` [ RunTime:0.0035s ]
INFO: [ view_parse ] --START--
INFO: [ template_filter ] --START--
INFO: Run Behavior\ContentReplaceBehavior [ RunTime:0.000120s ]
INFO: [ template_filter ] --END-- [ RunTime:0.000172s ]
INFO: Run Behavior\ParseTemplateBehavior [ RunTime:0.007462s ]
INFO: [ view_parse ] --END-- [ RunTime:0.007531s ]
INFO: [ view_filter ] --START--
INFO: Run Behavior\WriteHtmlCacheBehavior [ RunTime:0.000421s ]
INFO: [ view_filter ] --END-- [ RunTime:0.000467s ]
INFO: [ app_end ] --START--
INFO: Run Behavior\ShowPageTraceBehavior [ RunTime:0.000703s ]
INFO: [ app_end ] --END-- [ RunTime:0.000755s ]

[ 2018-09-07T17:12:06+08:00 ] 183.240.52.39 /sifaju/gt/
INFO: [ app_init ] --START--
INFO: Run Behavior\BuildLiteBehavior [ RunTime:0.000022s ]
INFO: [ app_init ] --END-- [ RunTime:0.000378s ]
INFO: [ app_begin ] --START--
INFO: Run Behavior\ReadHtmlCacheBehavior [ RunTime:0.000616s ]
INFO: [ app_begin ] --END-- [ RunTime:0.000678s ]
SQL: SHOW COLUMNS FROM `studystatus` [ RunTime:0.0059s ]
SQL: SHOW COLUMNS FROM `exam` [ RunTime:0.0040s ]
INFO: [ view_parse ] --START--
INFO: [ template_filter ] --START--
INFO: Run Behavior\ContentReplaceBehavior [ RunTime:0.000133s ]
INFO: [ template_filter ] --END-- [ RunTime:0.000191s ]
INFO: Run Behavior\ParseTemplateBehavior [ RunTime:0.007770s ]
INFO: [ view_parse ] --END-- [ RunTime:0.007837s ]
INFO: [ view_filter ] --START--
INFO: Run Behavior\WriteHtmlCacheBehavior [ RunTime:0.000369s ]
INFO: [ view_filter ] --END-- [ RunTime:0.000416s ]
INFO: [ app_end ] --START--
INFO: Run Behavior\ShowPageTraceBehavior [ RunTime:0.000638s ]
INFO: [ app_end ] --END-- [ RunTime:0.000702s ]

[ 2018-09-07T17:12:49+08:00 ] 183.240.52.39 /sifaju/gt/
INFO: [ app_init ] --START--
INFO: Run Behavior\BuildLiteBehavior [ RunTime:0.000020s ]
INFO: [ app_init ] --END-- [ RunTime:0.000386s ]
INFO: [ app_begin ] --START--
INFO: Run Behavior\ReadHtmlCacheBehavior [ RunTime:0.000629s ]
INFO: [ app_begin ] --END-- [ RunTime:0.000689s ]
SQL: SHOW COLUMNS FROM `studystatus` [ RunTime:0.0048s ]
SQL: SHOW COLUMNS FROM `exam` [ RunTime:0.0031s ]
INFO: [ view_parse ] --START--
INFO: [ template_filter ] --START--
INFO: Run Behavior\ContentReplaceBehavior [ RunTime:0.000162s ]
INFO: [ template_filter ] --END-- [ RunTime:0.000216s ]
INFO: Run Behavior\ParseTemplateBehavior [ RunTime:0.007667s ]
INFO: [ view_parse ] --END-- [ RunTime:0.007729s ]
INFO: [ view_filter ] --START--
INFO: Run Behavior\WriteHtmlCacheBehavior [ RunTime:0.000352s ]
INFO: [ view_filter ] --END-- [ RunTime:0.000398s ]
INFO: [ app_end ] --START--
INFO: Run Behavior\ShowPageTraceBehavior [ RunTime:0.000633s ]
INFO: [ app_end ] --END-- [ RunTime:0.000728s ]

[ 2018-09-07T17:13:14+08:00 ] 183.240.52.39 /sifaju/gt/
INFO: [ app_init ] --START--
INFO: Run Behavior\BuildLiteBehavior [ RunTime:0.000029s ]
INFO: [ app_init ] --END-- [ RunTime:0.000409s ]
INFO: [ app_begin ] --START--
INFO: Run Behavior\ReadHtmlCacheBehavior [ RunTime:0.000620s ]
INFO: [ app_begin ] --END-- [ RunTime:0.000681s ]
SQL: SHOW COLUMNS FROM `studystatus` [ RunTime:0.0062s ]
SQL: SHOW COLUMNS FROM `exam` [ RunTime:0.0052s ]
INFO: [ view_parse ] --START--
INFO: [ template_filter ] --START--
INFO: Run Behavior\ContentReplaceBehavior [ RunTime:0.000232s ]
INFO: [ template_filter ] --END-- [ RunTime:0.000306s ]
INFO: Run Behavior\ParseTemplateBehavior [ RunTime:0.009961s ]
INFO: [ view_parse ] --END-- [ RunTime:0.010030s ]
INFO: [ view_filter ] --START--
INFO: Run Behavior\WriteHtmlCacheBehavior [ RunTime:0.000420s ]
INFO: [ view_filter ] --END-- [ RunTime:0.000468s ]
INFO: [ app_end ] --START--
INFO: Run Behavior\ShowPageTraceBehavior [ RunTime:0.000639s ]
INFO: [ app_end ] --END-- [ RunTime:0.000691s ]

[ 2018-09-07T17:22:06+08:00 ] 113.119.8.150 /sifaju/gt/
INFO: [ app_init ] --START--
INFO: Run Behavior\BuildLiteBehavior [ RunTime:0.000027s ]
INFO: [ app_init ] --END-- [ RunTime:0.000411s ]
INFO: [ app_begin ] --START--
INFO: Run Behavior\ReadHtmlCacheBehavior [ RunTime:0.000650s ]
INFO: [ app_begin ] --END-- [ RunTime:0.000715s ]
SQL: SHOW COLUMNS FROM `studystatus` [ RunTime:0.0083s ]
SQL: SHOW COLUMNS FROM `exam` [ RunTime:0.0045s ]
INFO: [ view_parse ] --START--
INFO: [ template_filter ] --START--
INFO: Run Behavior\ContentReplaceBehavior [ RunTime:0.000125s ]
INFO: [ template_filter ] --END-- [ RunTime:0.000180s ]
INFO: Run Behavior\ParseTemplateBehavior [ RunTime:0.008101s ]
INFO: [ view_parse ] --END-- [ RunTime:0.008171s ]
INFO: [ view_filter ] --START--
INFO: Run Behavior\WriteHtmlCacheBehavior [ RunTime:0.000395s ]
INFO: [ view_filter ] --END-- [ RunTime:0.000441s ]
INFO: [ app_end ] --START--
INFO: Run Behavior\ShowPageTraceBehavior [ RunTime:0.000637s ]
INFO: [ app_end ] --END-- [ RunTime:0.000690s ]

[ 2018-09-07T17:23:16+08:00 ] 113.119.8.150 /sifaju/gt/read
INFO: [ app_init ] --START--
INFO: Run Behavior\BuildLiteBehavior [ RunTime:0.000022s ]
INFO: [ app_init ] --END-- [ RunTime:0.000399s ]
INFO: [ app_begin ] --START--
INFO: Run Behavior\ReadHtmlCacheBehavior [ RunTime:0.000693s ]
INFO: [ app_begin ] --END-- [ RunTime:0.000755s ]
SQL: SHOW COLUMNS FROM `hall1` [ RunTime:0.0074s ]
SQL: SELECT * FROM `hall1`  [ RunTime:0.0002s ]
NOTIC: [8] Undefined variable: hallimg1 C:\phpStudy\PHPTutorial\WWW\sifaju\gt\Application\Home\Controller\ExamController.class.php 第 179 行.
NOTIC: [8] Undefined variable: hall1mp3 C:\phpStudy\PHPTutorial\WWW\sifaju\gt\Application\Home\Controller\ExamController.class.php 第 183 行.
SQL: SHOW COLUMNS FROM `hall2` [ RunTime:0.0049s ]
SQL: SELECT * FROM `hall2`  [ RunTime:0.0002s ]
NOTIC: [8] Undefined variable: hallimg2 C:\phpStudy\PHPTutorial\WWW\sifaju\gt\Application\Home\Controller\ExamController.class.php 第 201 行.
NOTIC: [8] Undefined variable: hall2mp3 C:\phpStudy\PHPTutorial\WWW\sifaju\gt\Application\Home\Controller\ExamController.class.php 第 205 行.
SQL: SHOW COLUMNS FROM `hallimg` [ RunTime:0.0041s ]
SQL: SELECT * FROM `hallimg`  [ RunTime:0.0003s ]
INFO: [ view_parse ] --START--
INFO: [ template_filter ] --START--
INFO: Run Behavior\ContentReplaceBehavior [ RunTime:0.000084s ]
INFO: [ template_filter ] --END-- [ RunTime:0.000145s ]
NOTIC: [8] Undefined variable: result C:\phpStudy\PHPTutorial\WWW\sifaju\gt\Application\Runtime\Cache\Home\7724bf93cd85e7abb38621cecb4968b7.php 第 84 行.
NOTIC: [8] Undefined variable: result C:\phpStudy\PHPTutorial\WWW\sifaju\gt\Application\Runtime\Cache\Home\7724bf93cd85e7abb38621cecb4968b7.php 第 86 行.
NOTIC: [8] Undefined variable: result C:\phpStudy\PHPTutorial\WWW\sifaju\gt\Application\Runtime\Cache\Home\7724bf93cd85e7abb38621cecb4968b7.php 第 88 行.
INFO: Run Behavior\ParseTemplateBehavior [ RunTime:0.007444s ]
INFO: [ view_parse ] --END-- [ RunTime:0.007515s ]
INFO: [ view_filter ] --START--
INFO: Run Behavior\WriteHtmlCacheBehavior [ RunTime:0.000453s ]
INFO: [ view_filter ] --END-- [ RunTime:0.000502s ]
INFO: [ app_end ] --START--
INFO: Run Behavior\ShowPageTraceBehavior [ RunTime:0.000701s ]
INFO: [ app_end ] --END-- [ RunTime:0.000755s ]

[ 2018-09-07T17:23:19+08:00 ] 113.119.8.150 /sifaju/gt/read
INFO: [ app_init ] --START--
INFO: Run Behavior\BuildLiteBehavior [ RunTime:0.000020s ]
INFO: [ app_init ] --END-- [ RunTime:0.000402s ]
INFO: [ app_begin ] --START--
INFO: Run Behavior\ReadHtmlCacheBehavior [ RunTime:0.000787s ]
INFO: [ app_begin ] --END-- [ RunTime:0.000854s ]
SQL: SHOW COLUMNS FROM `hall1` [ RunTime:0.0094s ]
SQL: SELECT * FROM `hall1`  [ RunTime:0.0002s ]
NOTIC: [8] Undefined variable: hallimg1 C:\phpStudy\PHPTutorial\WWW\sifaju\gt\Application\Home\Controller\ExamController.class.php 第 179 行.
NOTIC: [8] Undefined variable: hall1mp3 C:\phpStudy\PHPTutorial\WWW\sifaju\gt\Application\Home\Controller\ExamController.class.php 第 183 行.
SQL: SHOW COLUMNS FROM `hall2` [ RunTime:0.0072s ]
SQL: SELECT * FROM `hall2`  [ RunTime:0.0002s ]
NOTIC: [8] Undefined variable: hallimg2 C:\phpStudy\PHPTutorial\WWW\sifaju\gt\Application\Home\Controller\ExamController.class.php 第 201 行.
NOTIC: [8] Undefined variable: hall2mp3 C:\phpStudy\PHPTutorial\WWW\sifaju\gt\Application\Home\Controller\ExamController.class.php 第 205 行.
SQL: SHOW COLUMNS FROM `hallimg` [ RunTime:0.0036s ]
SQL: SELECT * FROM `hallimg`  [ RunTime:0.0002s ]
INFO: [ view_parse ] --START--
INFO: [ template_filter ] --START--
INFO: Run Behavior\ContentReplaceBehavior [ RunTime:0.000084s ]
INFO: [ template_filter ] --END-- [ RunTime:0.000140s ]
NOTIC: [8] Undefined variable: result C:\phpStudy\PHPTutorial\WWW\sifaju\gt\Application\Runtime\Cache\Home\7724bf93cd85e7abb38621cecb4968b7.php 第 84 行.
NOTIC: [8] Undefined variable: result C:\phpStudy\PHPTutorial\WWW\sifaju\gt\Application\Runtime\Cache\Home\7724bf93cd85e7abb38621cecb4968b7.php 第 86 行.
NOTIC: [8] Undefined variable: result C:\phpStudy\PHPTutorial\WWW\sifaju\gt\Application\Runtime\Cache\Home\7724bf93cd85e7abb38621cecb4968b7.php 第 88 行.
INFO: Run Behavior\ParseTemplateBehavior [ RunTime:0.007617s ]
INFO: [ view_parse ] --END-- [ RunTime:0.007687s ]
INFO: [ view_filter ] --START--
INFO: Run Behavior\WriteHtmlCacheBehavior [ RunTime:0.000427s ]
INFO: [ view_filter ] --END-- [ RunTime:0.000478s ]
INFO: [ app_end ] --START--
INFO: Run Behavior\ShowPageTraceBehavior [ RunTime:0.000805s ]
INFO: [ app_end ] --END-- [ RunTime:0.000868s ]

[ 2018-09-07T17:24:28+08:00 ] 117.136.31.225 /sifaju/gt/
INFO: [ app_init ] --START--
INFO: Run Behavior\BuildLiteBehavior [ RunTime:0.000020s ]
INFO: [ app_init ] --END-- [ RunTime:0.000375s ]
INFO: [ app_begin ] --START--
INFO: Run Behavior\ReadHtmlCacheBehavior [ RunTime:0.000709s ]
INFO: [ app_begin ] --END-- [ RunTime:0.000773s ]
SQL: SHOW COLUMNS FROM `studystatus` [ RunTime:0.0159s ]
SQL: SHOW COLUMNS FROM `exam` [ RunTime:0.0031s ]
INFO: [ view_parse ] --START--
INFO: [ template_filter ] --START--
INFO: Run Behavior\ContentReplaceBehavior [ RunTime:0.000129s ]
INFO: [ template_filter ] --END-- [ RunTime:0.000186s ]
INFO: Run Behavior\ParseTemplateBehavior [ RunTime:0.007854s ]
INFO: [ view_parse ] --END-- [ RunTime:0.007920s ]
INFO: [ view_filter ] --START--
INFO: Run Behavior\WriteHtmlCacheBehavior [ RunTime:0.000428s ]
INFO: [ view_filter ] --END-- [ RunTime:0.000475s ]
INFO: [ app_end ] --START--
INFO: Run Behavior\ShowPageTraceBehavior [ RunTime:0.000705s ]
INFO: [ app_end ] --END-- [ RunTime:0.000759s ]

[ 2018-09-07T17:24:32+08:00 ] 117.136.31.225 /sifaju/gt/
INFO: [ app_init ] --START--
INFO: Run Behavior\BuildLiteBehavior [ RunTime:0.000031s ]
INFO: [ app_init ] --END-- [ RunTime:0.000407s ]
INFO: [ app_begin ] --START--
INFO: Run Behavior\ReadHtmlCacheBehavior [ RunTime:0.000672s ]
INFO: [ app_begin ] --END-- [ RunTime:0.000734s ]
SQL: SHOW COLUMNS FROM `studystatus` [ RunTime:0.0052s ]
SQL: SHOW COLUMNS FROM `exam` [ RunTime:0.0036s ]
INFO: [ view_parse ] --START--
INFO: [ template_filter ] --START--
INFO: Run Behavior\ContentReplaceBehavior [ RunTime:0.000131s ]
INFO: [ template_filter ] --END-- [ RunTime:0.000182s ]
INFO: Run Behavior\ParseTemplateBehavior [ RunTime:0.007846s ]
INFO: [ view_parse ] --END-- [ RunTime:0.007907s ]
INFO: [ view_filter ] --START--
INFO: Run Behavior\WriteHtmlCacheBehavior [ RunTime:0.000403s ]
INFO: [ view_filter ] --END-- [ RunTime:0.000448s ]
INFO: [ app_end ] --START--
INFO: Run Behavior\ShowPageTraceBehavior [ RunTime:0.000678s ]
INFO: [ app_end ] --END-- [ RunTime:0.000742s ]

[ 2018-09-07T17:29:11+08:00 ] 120.241.57.27 /sifaju/gt/home/index/login
INFO: [ app_init ] --START--
INFO: Run Behavior\BuildLiteBehavior [ RunTime:0.000021s ]
INFO: [ app_init ] --END-- [ RunTime:0.000373s ]
INFO: [ app_begin ] --START--
INFO: Run Behavior\ReadHtmlCacheBehavior [ RunTime:0.000699s ]
INFO: [ app_begin ] --END-- [ RunTime:0.000758s ]
SQL: SHOW COLUMNS FROM `user` [ RunTime:0.0056s ]
SQL: SELECT * FROM `user` WHERE `user_username` = '111' LIMIT 1   [ RunTime:0.0003s ]

[ 2018-09-07T17:29:12+08:00 ] 120.241.57.27 /sifaju/gt/home/index/login
INFO: [ app_init ] --START--
INFO: Run Behavior\BuildLiteBehavior [ RunTime:0.000022s ]
INFO: [ app_init ] --END-- [ RunTime:0.000392s ]
INFO: [ app_begin ] --START--
INFO: Run Behavior\ReadHtmlCacheBehavior [ RunTime:0.000624s ]
INFO: [ app_begin ] --END-- [ RunTime:0.000684s ]
SQL: SHOW COLUMNS FROM `user` [ RunTime:0.0055s ]
SQL: SELECT * FROM `user` WHERE `user_username` = '111' LIMIT 1   [ RunTime:0.0003s ]

[ 2018-09-07T17:29:18+08:00 ] 120.241.57.27 /sifaju/gt/study
INFO: [ app_init ] --START--
INFO: Run Behavior\BuildLiteBehavior [ RunTime:0.000020s ]
INFO: [ app_init ] --END-- [ RunTime:0.000397s ]
INFO: [ app_begin ] --START--
INFO: Run Behavior\ReadHtmlCacheBehavior [ RunTime:0.000663s ]
INFO: [ app_begin ] --END-- [ RunTime:0.000727s ]
SQL: SHOW COLUMNS FROM `studystatus` [ RunTime:0.0057s ]
SQL: SELECT `m_n1` FROM `studystatus` WHERE ( user_id=29 ) LIMIT 1   [ RunTime:0.0002s ]
SQL: SELECT `m_n2` FROM `studystatus` WHERE ( user_id=29 ) LIMIT 1   [ RunTime:0.0002s ]
SQL: SHOW COLUMNS FROM `hall1` [ RunTime:0.0127s ]
SQL: SELECT * FROM `hall1`  [ RunTime:0.0002s ]
NOTIC: [8] Undefined variable: hallimg1 C:\phpStudy\PHPTutorial\WWW\sifaju\gt\Application\Home\Controller\ExamController.class.php 第 179 行.
NOTIC: [8] Undefined variable: hall1mp3 C:\phpStudy\PHPTutorial\WWW\sifaju\gt\Application\Home\Controller\ExamController.class.php 第 183 行.
SQL: SHOW COLUMNS FROM `hall2` [ RunTime:0.0180s ]
SQL: SELECT * FROM `hall2`  [ RunTime:0.0003s ]
NOTIC: [8] Undefined variable: hallimg2 C:\phpStudy\PHPTutorial\WWW\sifaju\gt\Application\Home\Controller\ExamController.class.php 第 201 行.
NOTIC: [8] Undefined variable: hall2mp3 C:\phpStudy\PHPTutorial\WWW\sifaju\gt\Application\Home\Controller\ExamController.class.php 第 205 行.
SQL: SHOW COLUMNS FROM `hallimg` [ RunTime:0.0134s ]
SQL: SELECT * FROM `hallimg`  [ RunTime:0.0002s ]
INFO: [ view_parse ] --START--
INFO: [ template_filter ] --START--
INFO: Run Behavior\ContentReplaceBehavior [ RunTime:0.000131s ]
INFO: [ template_filter ] --END-- [ RunTime:0.000185s ]
INFO: Run Behavior\ParseTemplateBehavior [ RunTime:0.008444s ]
INFO: [ view_parse ] --END-- [ RunTime:0.008506s ]
INFO: [ view_filter ] --START--
INFO: Run Behavior\WriteHtmlCacheBehavior [ RunTime:0.000396s ]
INFO: [ view_filter ] --END-- [ RunTime:0.000458s ]
INFO: [ app_end ] --START--
INFO: Run Behavior\ShowPageTraceBehavior [ RunTime:0.000673s ]
INFO: [ app_end ] --END-- [ RunTime:0.000725s ]

[ 2018-09-07T17:29:20+08:00 ] 120.241.57.27 /sifaju/gt/study
INFO: [ app_init ] --START--
INFO: Run Behavior\BuildLiteBehavior [ RunTime:0.000020s ]
INFO: [ app_init ] --END-- [ RunTime:0.000389s ]
INFO: [ app_begin ] --START--
INFO: Run Behavior\ReadHtmlCacheBehavior [ RunTime:0.000677s ]
INFO: [ app_begin ] --END-- [ RunTime:0.000739s ]
SQL: SHOW COLUMNS FROM `studystatus` [ RunTime:0.0108s ]
SQL: SELECT `m_n1` FROM `studystatus` WHERE ( user_id=29 ) LIMIT 1   [ RunTime:0.0002s ]
SQL: SELECT `m_n2` FROM `studystatus` WHERE ( user_id=29 ) LIMIT 1   [ RunTime:0.0002s ]
SQL: SHOW COLUMNS FROM `hall1` [ RunTime:0.0046s ]
SQL: SELECT * FROM `hall1`  [ RunTime:0.0002s ]
NOTIC: [8] Undefined variable: hallimg1 C:\phpStudy\PHPTutorial\WWW\sifaju\gt\Application\Home\Controller\ExamController.class.php 第 179 行.
NOTIC: [8] Undefined variable: hall1mp3 C:\phpStudy\PHPTutorial\WWW\sifaju\gt\Application\Home\Controller\ExamController.class.php 第 183 行.
SQL: SHOW COLUMNS FROM `hall2` [ RunTime:0.0045s ]
SQL: SELECT * FROM `hall2`  [ RunTime:0.0002s ]
NOTIC: [8] Undefined variable: hallimg2 C:\phpStudy\PHPTutorial\WWW\sifaju\gt\Application\Home\Controller\ExamController.class.php 第 201 行.
NOTIC: [8] Undefined variable: hall2mp3 C:\phpStudy\PHPTutorial\WWW\sifaju\gt\Application\Home\Controller\ExamController.class.php 第 205 行.
SQL: SHOW COLUMNS FROM `hallimg` [ RunTime:0.0030s ]
SQL: SELECT * FROM `hallimg`  [ RunTime:0.0002s ]
INFO: [ view_parse ] --START--
INFO: [ template_filter ] --START--
INFO: Run Behavior\ContentReplaceBehavior [ RunTime:0.000134s ]
INFO: [ template_filter ] --END-- [ RunTime:0.000187s ]
INFO: Run Behavior\ParseTemplateBehavior [ RunTime:0.008351s ]
INFO: [ view_parse ] --END-- [ RunTime:0.008420s ]
INFO: [ view_filter ] --START--
INFO: Run Behavior\WriteHtmlCacheBehavior [ RunTime:0.000438s ]
INFO: [ view_filter ] --END-- [ RunTime:0.000487s ]
INFO: [ app_end ] --START--
INFO: Run Behavior\ShowPageTraceBehavior [ RunTime:0.000732s ]
INFO: [ app_end ] --END-- [ RunTime:0.000786s ]

[ 2018-09-07T18:03:06+08:00 ] 113.119.8.150 /sifaju/gt/
INFO: [ app_init ] --START--
INFO: Run Behavior\BuildLiteBehavior [ RunTime:0.000021s ]
INFO: [ app_init ] --END-- [ RunTime:0.000373s ]
INFO: [ app_begin ] --START--
INFO: Run Behavior\ReadHtmlCacheBehavior [ RunTime:0.000694s ]
INFO: [ app_begin ] --END-- [ RunTime:0.000759s ]
SQL: SHOW COLUMNS FROM `studystatus` [ RunTime:0.0086s ]
SQL: SHOW COLUMNS FROM `exam` [ RunTime:0.0053s ]
INFO: [ view_parse ] --START--
INFO: [ template_filter ] --START--
INFO: Run Behavior\ContentReplaceBehavior [ RunTime:0.000128s ]
INFO: [ template_filter ] --END-- [ RunTime:0.000181s ]
INFO: Run Behavior\ParseTemplateBehavior [ RunTime:0.007929s ]
INFO: [ view_parse ] --END-- [ RunTime:0.007994s ]
INFO: [ view_filter ] --START--
INFO: Run Behavior\WriteHtmlCacheBehavior [ RunTime:0.000447s ]
INFO: [ view_filter ] --END-- [ RunTime:0.000492s ]
INFO: [ app_end ] --START--
INFO: Run Behavior\ShowPageTraceBehavior [ RunTime:0.000713s ]
INFO: [ app_end ] --END-- [ RunTime:0.000765s ]

[ 2018-09-07T18:03:37+08:00 ] 113.119.8.150 /sifaju/gt/read
INFO: [ app_init ] --START--
INFO: Run Behavior\BuildLiteBehavior [ RunTime:0.000020s ]
INFO: [ app_init ] --END-- [ RunTime:0.000382s ]
INFO: [ app_begin ] --START--
INFO: Run Behavior\ReadHtmlCacheBehavior [ RunTime:0.000651s ]
INFO: [ app_begin ] --END-- [ RunTime:0.000716s ]
SQL: SHOW COLUMNS FROM `hall1` [ RunTime:0.0055s ]
SQL: SELECT * FROM `hall1`  [ RunTime:0.0002s ]
NOTIC: [8] Undefined variable: hallimg1 C:\phpStudy\PHPTutorial\WWW\sifaju\gt\Application\Home\Controller\ExamController.class.php 第 179 行.
NOTIC: [8] Undefined variable: hall1mp3 C:\phpStudy\PHPTutorial\WWW\sifaju\gt\Application\Home\Controller\ExamController.class.php 第 183 行.
SQL: SHOW COLUMNS FROM `hall2` [ RunTime:0.0075s ]
SQL: SELECT * FROM `hall2`  [ RunTime:0.0002s ]
NOTIC: [8] Undefined variable: hallimg2 C:\phpStudy\PHPTutorial\WWW\sifaju\gt\Application\Home\Controller\ExamController.class.php 第 201 行.
NOTIC: [8] Undefined variable: hall2mp3 C:\phpStudy\PHPTutorial\WWW\sifaju\gt\Application\Home\Controller\ExamController.class.php 第 205 行.
SQL: SHOW COLUMNS FROM `hallimg` [ RunTime:0.0053s ]
SQL: SELECT * FROM `hallimg`  [ RunTime:0.0002s ]
INFO: [ view_parse ] --START--
INFO: [ template_filter ] --START--
INFO: Run Behavior\ContentReplaceBehavior [ RunTime:0.000086s ]
INFO: [ template_filter ] --END-- [ RunTime:0.000145s ]
NOTIC: [8] Undefined variable: result C:\phpStudy\PHPTutorial\WWW\sifaju\gt\Application\Runtime\Cache\Home\7724bf93cd85e7abb38621cecb4968b7.php 第 84 行.
NOTIC: [8] Undefined variable: result C:\phpStudy\PHPTutorial\WWW\sifaju\gt\Application\Runtime\Cache\Home\7724bf93cd85e7abb38621cecb4968b7.php 第 86 行.
NOTIC: [8] Undefined variable: result C:\phpStudy\PHPTutorial\WWW\sifaju\gt\Application\Runtime\Cache\Home\7724bf93cd85e7abb38621cecb4968b7.php 第 88 行.
INFO: Run Behavior\ParseTemplateBehavior [ RunTime:0.007519s ]
INFO: [ view_parse ] --END-- [ RunTime:0.007586s ]
INFO: [ view_filter ] --START--
INFO: Run Behavior\WriteHtmlCacheBehavior [ RunTime:0.000429s ]
INFO: [ view_filter ] --END-- [ RunTime:0.000476s ]
INFO: [ app_end ] --START--
INFO: Run Behavior\ShowPageTraceBehavior [ RunTime:0.000688s ]
INFO: [ app_end ] --END-- [ RunTime:0.000740s ]

[ 2018-09-07T18:03:40+08:00 ] 113.119.8.150 /sifaju/gt/read
INFO: [ app_init ] --START--
INFO: Run Behavior\BuildLiteBehavior [ RunTime:0.000027s ]
INFO: [ app_init ] --END-- [ RunTime:0.000480s ]
INFO: [ app_begin ] --START--
INFO: Run Behavior\ReadHtmlCacheBehavior [ RunTime:0.000857s ]
INFO: [ app_begin ] --END-- [ RunTime:0.000935s ]
SQL: SHOW COLUMNS FROM `hall1` [ RunTime:0.0054s ]
SQL: SELECT * FROM `hall1`  [ RunTime:0.0002s ]
NOTIC: [8] Undefined variable: hallimg1 C:\phpStudy\PHPTutorial\WWW\sifaju\gt\Application\Home\Controller\ExamController.class.php 第 179 行.
NOTIC: [8] Undefined variable: hall1mp3 C:\phpStudy\PHPTutorial\WWW\sifaju\gt\Application\Home\Controller\ExamController.class.php 第 183 行.
SQL: SHOW COLUMNS FROM `hall2` [ RunTime:0.0053s ]
SQL: SELECT * FROM `hall2`  [ RunTime:0.0002s ]
NOTIC: [8] Undefined variable: hallimg2 C:\phpStudy\PHPTutorial\WWW\sifaju\gt\Application\Home\Controller\ExamController.class.php 第 201 行.
NOTIC: [8] Undefined variable: hall2mp3 C:\phpStudy\PHPTutorial\WWW\sifaju\gt\Application\Home\Controller\ExamController.class.php 第 205 行.
SQL: SHOW COLUMNS FROM `hallimg` [ RunTime:0.0030s ]
SQL: SELECT * FROM `hallimg`  [ RunTime:0.0002s ]
INFO: [ view_parse ] --START--
INFO: [ template_filter ] --START--
INFO: Run Behavior\ContentReplaceBehavior [ RunTime:0.000085s ]
INFO: [ template_filter ] --END-- [ RunTime:0.000136s ]
NOTIC: [8] Undefined variable: result C:\phpStudy\PHPTutorial\WWW\sifaju\gt\Application\Runtime\Cache\Home\7724bf93cd85e7abb38621cecb4968b7.php 第 84 行.
NOTIC: [8] Undefined variable: result C:\phpStudy\PHPTutorial\WWW\sifaju\gt\Application\Runtime\Cache\Home\7724bf93cd85e7abb38621cecb4968b7.php 第 86 行.
NOTIC: [8] Undefined variable: result C:\phpStudy\PHPTutorial\WWW\sifaju\gt\Application\Runtime\Cache\Home\7724bf93cd85e7abb38621cecb4968b7.php 第 88 行.
INFO: Run Behavior\ParseTemplateBehavior [ RunTime:0.007458s ]
INFO: [ view_parse ] --END-- [ RunTime:0.007525s ]
INFO: [ view_filter ] --START--
INFO: Run Behavior\WriteHtmlCacheBehavior [ RunTime:0.000436s ]
INFO: [ view_filter ] --END-- [ RunTime:0.000482s ]
INFO: [ app_end ] --START--
INFO: Run Behavior\ShowPageTraceBehavior [ RunTime:0.000738s ]
INFO: [ app_end ] --END-- [ RunTime:0.000788s ]

[ 2018-09-07T18:03:50+08:00 ] 113.119.8.150 /sifaju/gt/index.html?v=back
INFO: [ app_init ] --START--
INFO: Run Behavior\BuildLiteBehavior [ RunTime:0.000020s ]
INFO: [ app_init ] --END-- [ RunTime:0.000390s ]
INFO: [ app_begin ] --START--
INFO: Run Behavior\ReadHtmlCacheBehavior [ RunTime:0.000605s ]
INFO: [ app_begin ] --END-- [ RunTime:0.000672s ]
SQL: SHOW COLUMNS FROM `studystatus` [ RunTime:0.0073s ]
SQL: SHOW COLUMNS FROM `exam` [ RunTime:0.0033s ]
INFO: [ view_parse ] --START--
INFO: [ template_filter ] --START--
INFO: Run Behavior\ContentReplaceBehavior [ RunTime:0.000125s ]
INFO: [ template_filter ] --END-- [ RunTime:0.000182s ]
INFO: Run Behavior\ParseTemplateBehavior [ RunTime:0.008127s ]
INFO: [ view_parse ] --END-- [ RunTime:0.008190s ]
INFO: [ view_filter ] --START--
INFO: Run Behavior\WriteHtmlCacheBehavior [ RunTime:0.000378s ]
INFO: [ view_filter ] --END-- [ RunTime:0.000424s ]
INFO: [ app_end ] --START--
INFO: Run Behavior\ShowPageTraceBehavior [ RunTime:0.000693s ]
INFO: [ app_end ] --END-- [ RunTime:0.000745s ]

[ 2018-09-07T18:04:07+08:00 ] 113.119.8.150 /sifaju/gt/home/index/login
INFO: [ app_init ] --START--
INFO: Run Behavior\BuildLiteBehavior [ RunTime:0.000020s ]
INFO: [ app_init ] --END-- [ RunTime:0.000362s ]
INFO: [ app_begin ] --START--
INFO: Run Behavior\ReadHtmlCacheBehavior [ RunTime:0.000632s ]
INFO: [ app_begin ] --END-- [ RunTime:0.000695s ]
SQL: SHOW COLUMNS FROM `user` [ RunTime:0.0071s ]
SQL: SELECT * FROM `user` WHERE `user_username` = 'admin' LIMIT 1   [ RunTime:0.0003s ]

[ 2018-09-07T18:04:10+08:00 ] 113.119.8.150 /sifaju/gt/study
INFO: [ app_init ] --START--
INFO: Run Behavior\BuildLiteBehavior [ RunTime:0.000021s ]
INFO: [ app_init ] --END-- [ RunTime:0.000370s ]
INFO: [ app_begin ] --START--
INFO: Run Behavior\ReadHtmlCacheBehavior [ RunTime:0.000607s ]
INFO: [ app_begin ] --END-- [ RunTime:0.000672s ]
SQL: SHOW COLUMNS FROM `studystatus` [ RunTime:0.0052s ]
SQL: SELECT `m_n1` FROM `studystatus` WHERE ( user_id=13 ) LIMIT 1   [ RunTime:0.0003s ]
SQL: SELECT `m_n2` FROM `studystatus` WHERE ( user_id=13 ) LIMIT 1   [ RunTime:0.0001s ]
SQL: SHOW COLUMNS FROM `hall1` [ RunTime:0.0058s ]
SQL: SELECT * FROM `hall1`  [ RunTime:0.0002s ]
NOTIC: [8] Undefined variable: hallimg1 C:\phpStudy\PHPTutorial\WWW\sifaju\gt\Application\Home\Controller\ExamController.class.php 第 179 行.
NOTIC: [8] Undefined variable: hall1mp3 C:\phpStudy\PHPTutorial\WWW\sifaju\gt\Application\Home\Controller\ExamController.class.php 第 183 行.
SQL: SHOW COLUMNS FROM `hall2` [ RunTime:0.0045s ]
SQL: SELECT * FROM `hall2`  [ RunTime:0.0002s ]
NOTIC: [8] Undefined variable: hallimg2 C:\phpStudy\PHPTutorial\WWW\sifaju\gt\Application\Home\Controller\ExamController.class.php 第 201 行.
NOTIC: [8] Undefined variable: hall2mp3 C:\phpStudy\PHPTutorial\WWW\sifaju\gt\Application\Home\Controller\ExamController.class.php 第 205 行.
SQL: SHOW COLUMNS FROM `hallimg` [ RunTime:0.0028s ]
SQL: SELECT * FROM `hallimg`  [ RunTime:0.0002s ]
INFO: [ view_parse ] --START--
INFO: [ template_filter ] --START--
INFO: Run Behavior\ContentReplaceBehavior [ RunTime:0.000187s ]
INFO: [ template_filter ] --END-- [ RunTime:0.000259s ]
INFO: Run Behavior\ParseTemplateBehavior [ RunTime:0.011643s ]
INFO: [ view_parse ] --END-- [ RunTime:0.011725s ]
INFO: [ view_filter ] --START--
INFO: Run Behavior\WriteHtmlCacheBehavior [ RunTime:0.000483s ]
INFO: [ view_filter ] --END-- [ RunTime:0.000548s ]
INFO: [ app_end ] --START--
INFO: Run Behavior\ShowPageTraceBehavior [ RunTime:0.000865s ]
INFO: [ app_end ] --END-- [ RunTime:0.000953s ]

[ 2018-09-07T18:04:13+08:00 ] 113.119.8.150 /sifaju/gt/study
INFO: [ app_init ] --START--
INFO: Run Behavior\BuildLiteBehavior [ RunTime:0.000020s ]
INFO: [ app_init ] --END-- [ RunTime:0.000393s ]
INFO: [ app_begin ] --START--
INFO: Run Behavior\ReadHtmlCacheBehavior [ RunTime:0.000675s ]
INFO: [ app_begin ] --END-- [ RunTime:0.000736s ]
SQL: SHOW COLUMNS FROM `studystatus` [ RunTime:0.0051s ]
SQL: SELECT `m_n1` FROM `studystatus` WHERE ( user_id=13 ) LIMIT 1   [ RunTime:0.0002s ]
SQL: SELECT `m_n2` FROM `studystatus` WHERE ( user_id=13 ) LIMIT 1   [ RunTime:0.0001s ]
SQL: SHOW COLUMNS FROM `hall1` [ RunTime:0.0059s ]
SQL: SELECT * FROM `hall1`  [ RunTime:0.0002s ]
NOTIC: [8] Undefined variable: hallimg1 C:\phpStudy\PHPTutorial\WWW\sifaju\gt\Application\Home\Controller\ExamController.class.php 第 179 行.
NOTIC: [8] Undefined variable: hall1mp3 C:\phpStudy\PHPTutorial\WWW\sifaju\gt\Application\Home\Controller\ExamController.class.php 第 183 行.
SQL: SHOW COLUMNS FROM `hall2` [ RunTime:0.0047s ]
SQL: SELECT * FROM `hall2`  [ RunTime:0.0002s ]
NOTIC: [8] Undefined variable: hallimg2 C:\phpStudy\PHPTutorial\WWW\sifaju\gt\Application\Home\Controller\ExamController.class.php 第 201 行.
NOTIC: [8] Undefined variable: hall2mp3 C:\phpStudy\PHPTutorial\WWW\sifaju\gt\Application\Home\Controller\ExamController.class.php 第 205 行.
SQL: SHOW COLUMNS FROM `hallimg` [ RunTime:0.0030s ]
SQL: SELECT * FROM `hallimg`  [ RunTime:0.0002s ]
INFO: [ view_parse ] --START--
INFO: [ template_filter ] --START--
INFO: Run Behavior\ContentReplaceBehavior [ RunTime:0.000135s ]
INFO: [ template_filter ] --END-- [ RunTime:0.000187s ]
INFO: Run Behavior\ParseTemplateBehavior [ RunTime:0.008906s ]
INFO: [ view_parse ] --END-- [ RunTime:0.008965s ]
INFO: [ view_filter ] --START--
INFO: Run Behavior\WriteHtmlCacheBehavior [ RunTime:0.000392s ]
INFO: [ view_filter ] --END-- [ RunTime:0.000446s ]
INFO: [ app_end ] --START--
INFO: Run Behavior\ShowPageTraceBehavior [ RunTime:0.000631s ]
INFO: [ app_end ] --END-- [ RunTime:0.000689s ]

