[ 2018-06-21T09:39:31+08:00 ] ::1 /shiji/
INFO: [ app_init ] --START--
INFO: Run Behavior\BuildLiteBehavior [ RunTime:0.000020s ]
INFO: [ app_init ] --END-- [ RunTime:0.000416s ]
INFO: [ app_begin ] --START--
INFO: Run Behavior\ReadHtmlCacheBehavior [ RunTime:0.000607s ]
INFO: [ app_begin ] --END-- [ RunTime:0.000700s ]
SQL: SHOW COLUMNS FROM `product` [ RunTime:0.0043s ]
SQL: SELECT * FROM `product` WHERE ( product_category=4 ) LIMIT 0,4   [ RunTime:0.0003s ]
SQL: SELECT * FROM `product` ORDER BY product_id desc LIMIT 0,2   [ RunTime:0.0002s ]
SQL: SELECT * FROM `product` WHERE ( product_category=4 ) LIMIT 0,4   [ RunTime:0.0002s ]
SQL: SHOW COLUMNS FROM `banner` [ RunTime:0.0038s ]
SQL: SELECT * FROM `banner`  [ RunTime:0.0003s ]
INFO: [ view_parse ] --START--
INFO: [ template_filter ] --START--
INFO: Run Behavior\ContentReplaceBehavior [ RunTime:0.001193s ]
INFO: [ template_filter ] --END-- [ RunTime:0.001365s ]
INFO: Run Behavior\ParseTemplateBehavior [ RunTime:0.099853s ]
INFO: [ view_parse ] --END-- [ RunTime:0.099991s ]
INFO: [ view_filter ] --START--
INFO: Run Behavior\WriteHtmlCacheBehavior [ RunTime:0.000666s ]
INFO: [ view_filter ] --END-- [ RunTime:0.000773s ]
INFO: [ app_end ] --START--
INFO: Run Behavior\ShowPageTraceBehavior [ RunTime:0.000607s ]
INFO: [ app_end ] --END-- [ RunTime:0.000742s ]

[ 2018-06-21T09:40:09+08:00 ] ::1 /shiji/Index.php?Admin/
INFO: [ app_init ] --START--
INFO: Run Behavior\BuildLiteBehavior [ RunTime:0.000021s ]
INFO: [ app_init ] --END-- [ RunTime:0.000404s ]
INFO: [ app_begin ] --START--
INFO: Run Behavior\ReadHtmlCacheBehavior [ RunTime:0.000606s ]
INFO: [ app_begin ] --END-- [ RunTime:0.000719s ]
SQL: SHOW COLUMNS FROM `product` [ RunTime:0.0172s ]
SQL: SELECT * FROM `product` WHERE ( product_category=4 ) LIMIT 0,4   [ RunTime:0.0003s ]
SQL: SELECT * FROM `product` ORDER BY product_id desc LIMIT 0,2   [ RunTime:0.0002s ]
SQL: SELECT * FROM `product` WHERE ( product_category=4 ) LIMIT 0,4   [ RunTime:0.0002s ]
SQL: SHOW COLUMNS FROM `banner` [ RunTime:0.0745s ]
SQL: SELECT * FROM `banner`  [ RunTime:0.0004s ]
INFO: [ view_parse ] --START--
INFO: [ template_filter ] --START--
INFO: Run Behavior\ContentReplaceBehavior [ RunTime:0.008426s ]
INFO: [ template_filter ] --END-- [ RunTime:0.008632s ]
INFO: Run Behavior\ParseTemplateBehavior [ RunTime:0.061481s ]
INFO: [ view_parse ] --END-- [ RunTime:0.061637s ]
INFO: [ view_filter ] --START--
INFO: Run Behavior\WriteHtmlCacheBehavior [ RunTime:0.000454s ]
INFO: [ view_filter ] --END-- [ RunTime:0.000546s ]
INFO: [ app_end ] --START--
INFO: Run Behavior\ShowPageTraceBehavior [ RunTime:0.000585s ]
INFO: [ app_end ] --END-- [ RunTime:0.000683s ]

[ 2018-06-21T09:41:35+08:00 ] ::1 /shiji/Index.php
INFO: [ app_init ] --START--
INFO: Run Behavior\BuildLiteBehavior [ RunTime:0.000021s ]
INFO: [ app_init ] --END-- [ RunTime:0.000408s ]
INFO: [ app_begin ] --START--
INFO: Run Behavior\ReadHtmlCacheBehavior [ RunTime:0.000494s ]
INFO: [ app_begin ] --END-- [ RunTime:0.000596s ]
SQL: SHOW COLUMNS FROM `product` [ RunTime:0.0838s ]
SQL: SELECT * FROM `product` WHERE ( product_category=4 ) LIMIT 0,4   [ RunTime:0.0007s ]
SQL: SELECT * FROM `product` ORDER BY product_id desc LIMIT 0,2   [ RunTime:0.0005s ]
SQL: SELECT * FROM `product` WHERE ( product_category=4 ) LIMIT 0,4   [ RunTime:0.0006s ]
SQL: SHOW COLUMNS FROM `banner` [ RunTime:0.0635s ]
SQL: SELECT * FROM `banner`  [ RunTime:0.0005s ]
INFO: [ view_parse ] --START--
INFO: [ template_filter ] --START--
INFO: Run Behavior\ContentReplaceBehavior [ RunTime:0.000256s ]
INFO: [ template_filter ] --END-- [ RunTime:0.000434s ]
INFO: Run Behavior\ParseTemplateBehavior [ RunTime:0.069926s ]
INFO: [ view_parse ] --END-- [ RunTime:0.070102s ]
INFO: [ view_filter ] --START--
INFO: Run Behavior\WriteHtmlCacheBehavior [ RunTime:0.000350s ]
INFO: [ view_filter ] --END-- [ RunTime:0.000435s ]
INFO: [ app_end ] --START--
INFO: Run Behavior\ShowPageTraceBehavior [ RunTime:0.000442s ]
INFO: [ app_end ] --END-- [ RunTime:0.000544s ]

[ 2018-06-21T09:59:29+08:00 ] ::1 /shiji/
INFO: [ app_init ] --START--
INFO: Run Behavior\BuildLiteBehavior [ RunTime:0.000010s ]
INFO: [ app_init ] --END-- [ RunTime:0.000303s ]
INFO: [ app_begin ] --START--
INFO: Run Behavior\ReadHtmlCacheBehavior [ RunTime:0.009791s ]
INFO: [ app_begin ] --END-- [ RunTime:0.009828s ]
ERR: SQLSTATE[HY000] [1049] Unknown database 'shiji'

[ 2018-06-21T10:00:51+08:00 ] ::1 /shiji/
INFO: [ app_init ] --START--
INFO: Run Behavior\BuildLiteBehavior [ RunTime:0.000008s ]
INFO: [ app_init ] --END-- [ RunTime:0.000312s ]
INFO: [ app_begin ] --START--
INFO: Run Behavior\ReadHtmlCacheBehavior [ RunTime:0.000440s ]
INFO: [ app_begin ] --END-- [ RunTime:0.000476s ]
SQL: SHOW COLUMNS FROM `product` [ RunTime:0.0030s ]
SQL: SELECT * FROM `product` WHERE ( product_category=4 ) LIMIT 0,4   [ RunTime:0.0003s ]
SQL: SELECT * FROM `product` ORDER BY product_id desc LIMIT 0,2   [ RunTime:0.0002s ]
SQL: SELECT * FROM `product` WHERE ( product_category=4 ) LIMIT 0,4   [ RunTime:0.0003s ]
SQL: SHOW COLUMNS FROM `banner` [ RunTime:0.0022s ]
SQL: SELECT * FROM `banner`  [ RunTime:0.0002s ]
INFO: [ view_parse ] --START--
INFO: [ template_filter ] --START--
INFO: Run Behavior\ContentReplaceBehavior [ RunTime:0.000109s ]
INFO: [ template_filter ] --END-- [ RunTime:0.000144s ]
INFO: Run Behavior\ParseTemplateBehavior [ RunTime:0.014549s ]
INFO: [ view_parse ] --END-- [ RunTime:0.014583s ]
INFO: [ view_filter ] --START--
INFO: Run Behavior\WriteHtmlCacheBehavior [ RunTime:0.000288s ]
INFO: [ view_filter ] --END-- [ RunTime:0.000313s ]
INFO: [ app_end ] --START--
INFO: Run Behavior\ShowPageTraceBehavior [ RunTime:0.000487s ]
INFO: [ app_end ] --END-- [ RunTime:0.000526s ]

[ 2018-06-21T10:07:35+08:00 ] ::1 /shiji/Index.php?Admin/
INFO: [ app_init ] --START--
INFO: Run Behavior\BuildLiteBehavior [ RunTime:0.000009s ]
INFO: [ app_init ] --END-- [ RunTime:0.000316s ]
INFO: [ app_begin ] --START--
INFO: Run Behavior\ReadHtmlCacheBehavior [ RunTime:0.000465s ]
INFO: [ app_begin ] --END-- [ RunTime:0.000510s ]
SQL: SHOW COLUMNS FROM `product` [ RunTime:0.1874s ]
SQL: SELECT * FROM `product` WHERE ( product_category=4 ) LIMIT 0,4   [ RunTime:0.0011s ]
SQL: SELECT * FROM `product` ORDER BY product_id desc LIMIT 0,2   [ RunTime:0.0008s ]
SQL: SELECT * FROM `product` WHERE ( product_category=4 ) LIMIT 0,4   [ RunTime:0.0009s ]
SQL: SHOW COLUMNS FROM `banner` [ RunTime:0.0436s ]
SQL: SELECT * FROM `banner`  [ RunTime:0.0006s ]
INFO: [ view_parse ] --START--
INFO: [ template_filter ] --START--
INFO: Run Behavior\ContentReplaceBehavior [ RunTime:0.000194s ]
INFO: [ template_filter ] --END-- [ RunTime:0.000252s ]
INFO: Run Behavior\ParseTemplateBehavior [ RunTime:0.044696s ]
INFO: [ view_parse ] --END-- [ RunTime:0.044791s ]
INFO: [ view_filter ] --START--
INFO: Run Behavior\WriteHtmlCacheBehavior [ RunTime:0.000615s ]
INFO: [ view_filter ] --END-- [ RunTime:0.000661s ]
INFO: [ app_end ] --START--
INFO: Run Behavior\ShowPageTraceBehavior [ RunTime:0.000707s ]
INFO: [ app_end ] --END-- [ RunTime:0.000758s ]

[ 2018-06-21T10:28:01+08:00 ] ::1 /shiji/welcome.html
INFO: [ app_init ] --START--
INFO: Run Behavior\BuildLiteBehavior [ RunTime:0.000008s ]
INFO: [ app_init ] --END-- [ RunTime:0.000291s ]
INFO: [ app_begin ] --START--
INFO: Run Behavior\ReadHtmlCacheBehavior [ RunTime:0.000406s ]
INFO: [ app_begin ] --END-- [ RunTime:0.000441s ]
ERR: 无法加载控制器:Welcome

[ 2018-06-21T10:28:07+08:00 ] ::1 /shiji/welcome.html
INFO: [ app_init ] --START--
INFO: Run Behavior\BuildLiteBehavior [ RunTime:0.000009s ]
INFO: [ app_init ] --END-- [ RunTime:0.000258s ]
INFO: [ app_begin ] --START--
INFO: Run Behavior\ReadHtmlCacheBehavior [ RunTime:0.000490s ]
INFO: [ app_begin ] --END-- [ RunTime:0.000526s ]
ERR: 无法加载控制器:Welcome

[ 2018-06-21T10:28:39+08:00 ] ::1 /shiji/welcome.html
INFO: [ app_init ] --START--
INFO: Run Behavior\BuildLiteBehavior [ RunTime:0.000008s ]
INFO: [ app_init ] --END-- [ RunTime:0.000239s ]
INFO: [ app_begin ] --START--
INFO: Run Behavior\ReadHtmlCacheBehavior [ RunTime:0.000298s ]
INFO: [ app_begin ] --END-- [ RunTime:0.000331s ]
ERR: 无法加载控制器:Welcome

[ 2018-06-21T10:28:39+08:00 ] ::1 /shiji/welcome.html
INFO: [ app_init ] --START--
INFO: Run Behavior\BuildLiteBehavior [ RunTime:0.000011s ]
INFO: [ app_init ] --END-- [ RunTime:0.000329s ]
INFO: [ app_begin ] --START--
INFO: Run Behavior\ReadHtmlCacheBehavior [ RunTime:0.000412s ]
INFO: [ app_begin ] --END-- [ RunTime:0.000458s ]
ERR: 无法加载控制器:Welcome

[ 2018-06-21T10:28:39+08:00 ] ::1 /shiji/welcome.html
INFO: [ app_init ] --START--
INFO: Run Behavior\BuildLiteBehavior [ RunTime:0.000014s ]
INFO: [ app_init ] --END-- [ RunTime:0.000443s ]
INFO: [ app_begin ] --START--
INFO: Run Behavior\ReadHtmlCacheBehavior [ RunTime:0.000330s ]
INFO: [ app_begin ] --END-- [ RunTime:0.000365s ]
ERR: 无法加载控制器:Welcome

[ 2018-06-21T10:28:40+08:00 ] ::1 /shiji/welcome.html
INFO: [ app_init ] --START--
INFO: Run Behavior\BuildLiteBehavior [ RunTime:0.000008s ]
INFO: [ app_init ] --END-- [ RunTime:0.000244s ]
INFO: [ app_begin ] --START--
INFO: Run Behavior\ReadHtmlCacheBehavior [ RunTime:0.000315s ]
INFO: [ app_begin ] --END-- [ RunTime:0.000352s ]
ERR: 无法加载控制器:Welcome

[ 2018-06-21T10:28:40+08:00 ] ::1 /shiji/welcome.html
INFO: [ app_init ] --START--
INFO: Run Behavior\BuildLiteBehavior [ RunTime:0.000009s ]
INFO: [ app_init ] --END-- [ RunTime:0.000287s ]
INFO: [ app_begin ] --START--
INFO: Run Behavior\ReadHtmlCacheBehavior [ RunTime:0.000343s ]
INFO: [ app_begin ] --END-- [ RunTime:0.000376s ]
ERR: 无法加载控制器:Welcome

[ 2018-06-21T10:28:40+08:00 ] ::1 /shiji/welcome.html
INFO: [ app_init ] --START--
INFO: Run Behavior\BuildLiteBehavior [ RunTime:0.000009s ]
INFO: [ app_init ] --END-- [ RunTime:0.000266s ]
INFO: [ app_begin ] --START--
INFO: Run Behavior\ReadHtmlCacheBehavior [ RunTime:0.000359s ]
INFO: [ app_begin ] --END-- [ RunTime:0.000395s ]
ERR: 无法加载控制器:Welcome

[ 2018-06-21T10:37:54+08:00 ] ::1 /shiji/
INFO: [ app_init ] --START--
INFO: Run Behavior\BuildLiteBehavior [ RunTime:0.000010s ]
INFO: [ app_init ] --END-- [ RunTime:0.000296s ]
INFO: [ app_begin ] --START--
INFO: Run Behavior\ReadHtmlCacheBehavior [ RunTime:0.000413s ]
INFO: [ app_begin ] --END-- [ RunTime:0.000451s ]
SQL: SHOW COLUMNS FROM `product` [ RunTime:0.0119s ]
SQL: SELECT * FROM `product` WHERE ( product_category=4 ) LIMIT 0,4   [ RunTime:0.0003s ]
SQL: SELECT * FROM `product` ORDER BY product_id desc LIMIT 0,2   [ RunTime:0.0002s ]
SQL: SELECT * FROM `product` WHERE ( product_category=4 ) LIMIT 0,4   [ RunTime:0.0002s ]
SQL: SHOW COLUMNS FROM `banner` [ RunTime:0.0824s ]
SQL: SELECT * FROM `banner`  [ RunTime:0.0007s ]
INFO: [ view_parse ] --START--
INFO: [ template_filter ] --START--
INFO: Run Behavior\ContentReplaceBehavior [ RunTime:0.000293s ]
INFO: [ template_filter ] --END-- [ RunTime:0.000376s ]
INFO: Run Behavior\ParseTemplateBehavior [ RunTime:0.055786s ]
INFO: [ view_parse ] --END-- [ RunTime:0.055909s ]
INFO: [ view_filter ] --START--
INFO: Run Behavior\WriteHtmlCacheBehavior [ RunTime:0.000962s ]
INFO: [ view_filter ] --END-- [ RunTime:0.001047s ]
INFO: [ app_end ] --START--
INFO: Run Behavior\ShowPageTraceBehavior [ RunTime:0.001115s ]
INFO: [ app_end ] --END-- [ RunTime:0.001196s ]

[ 2018-06-21T10:37:56+08:00 ] ::1 /shiji/Product/shop_list.html
INFO: [ app_init ] --START--
INFO: Run Behavior\BuildLiteBehavior [ RunTime:0.000009s ]
INFO: [ app_init ] --END-- [ RunTime:0.000361s ]
INFO: [ app_begin ] --START--
INFO: Run Behavior\ReadHtmlCacheBehavior [ RunTime:0.000377s ]
INFO: [ app_begin ] --END-- [ RunTime:0.000413s ]
SQL: SHOW COLUMNS FROM `product` [ RunTime:0.0029s ]
SQL: SELECT * FROM `product` LIMIT 0,28   [ RunTime:0.0003s ]
SQL: SELECT * FROM `product` ORDER BY product_sales desc LIMIT 0,28   [ RunTime:0.0004s ]
SQL: SELECT * FROM `product` ORDER BY product_comments desc LIMIT 0,28   [ RunTime:0.0004s ]
SQL: SELECT * FROM `product` ORDER BY product_min desc LIMIT 0,28   [ RunTime:0.0004s ]
SQL: SELECT COUNT(*) AS tp_count FROM `product` LIMIT 1   [ RunTime:0.0001s ]
SQL: SHOW COLUMNS FROM `category` [ RunTime:0.0021s ]
SQL: SELECT * FROM `category` LIMIT 0,10   [ RunTime:0.0002s ]
SQL: SHOW COLUMNS FROM `place` [ RunTime:0.0025s ]
SQL: SELECT * FROM `place` LIMIT 0,10   [ RunTime:0.0001s ]
SQL: SHOW COLUMNS FROM `speci` [ RunTime:0.0023s ]
SQL: SELECT * FROM `speci` LIMIT 0,10   [ RunTime:0.0002s ]
SQL: SHOW COLUMNS FROM `region` [ RunTime:0.0022s ]
SQL: SELECT * FROM `region` LIMIT 0,10   [ RunTime:0.0001s ]
SQL: SELECT * FROM `product` LIMIT 0,6   [ RunTime:0.0002s ]
INFO: [ view_parse ] --START--
INFO: [ template_filter ] --START--
INFO: Run Behavior\ContentReplaceBehavior [ RunTime:0.000134s ]
INFO: [ template_filter ] --END-- [ RunTime:0.000165s ]
INFO: Run Behavior\ParseTemplateBehavior [ RunTime:0.035715s ]
INFO: [ view_parse ] --END-- [ RunTime:0.035754s ]
INFO: [ view_filter ] --START--
INFO: Run Behavior\WriteHtmlCacheBehavior [ RunTime:0.000441s ]
INFO: [ view_filter ] --END-- [ RunTime:0.000479s ]
INFO: [ app_end ] --START--
INFO: Run Behavior\ShowPageTraceBehavior [ RunTime:0.000411s ]
INFO: [ app_end ] --END-- [ RunTime:0.000459s ]

[ 2018-06-21T10:37:57+08:00 ] ::1 /shiji/Product/pro_details.html?id=54
INFO: [ app_init ] --START--
INFO: Run Behavior\BuildLiteBehavior [ RunTime:0.000009s ]
INFO: [ app_init ] --END-- [ RunTime:0.000285s ]
INFO: [ app_begin ] --START--
INFO: Run Behavior\ReadHtmlCacheBehavior [ RunTime:0.000509s ]
INFO: [ app_begin ] --END-- [ RunTime:0.000545s ]
SQL: SHOW COLUMNS FROM `product` [ RunTime:0.0027s ]
SQL: SELECT * FROM `product` WHERE (  product_id=54 ) LIMIT 1   [ RunTime:0.0002s ]
SQL: UPDATE `product` SET `product_browse`='215',`product_id`='54' WHERE `product_id` = 54 [ RunTime:0.0003s ]
SQL: SHOW COLUMNS FROM `style` [ RunTime:0.0022s ]
SQL: SELECT * FROM style as a INNER JOIN product_style as b on b.style_id=a.style_id   [ RunTime:0.0003s ]
SQL: SHOW COLUMNS FROM `product` [ RunTime:0.0028s ]
SQL: SELECT * FROM `product` LIMIT 0,6   [ RunTime:0.0002s ]
SQL: SHOW COLUMNS FROM `product_comment` [ RunTime:0.0025s ]
SQL: SELECT * FROM `product_comment` WHERE `comment_product` = 54  [ RunTime:0.0002s ]
INFO: [ view_parse ] --START--
INFO: [ template_filter ] --START--
INFO: Run Behavior\ContentReplaceBehavior [ RunTime:0.000123s ]
INFO: [ template_filter ] --END-- [ RunTime:0.000162s ]
NOTIC: [8] Undefined variable: product_num D:\Xampp\htdocs\shiji\Application\Runtime\Cache\Home\f391e383773027cb0c31f1a4280110a8.php 第 178 行.
NOTIC: [8] Undefined index: order_time D:\Xampp\htdocs\shiji\Application\Runtime\Cache\Home\f391e383773027cb0c31f1a4280110a8.php 第 260 行.
NOTIC: [8] Undefined index: order_time D:\Xampp\htdocs\shiji\Application\Runtime\Cache\Home\f391e383773027cb0c31f1a4280110a8.php 第 260 行.
NOTIC: [8] Undefined index: order_time D:\Xampp\htdocs\shiji\Application\Runtime\Cache\Home\f391e383773027cb0c31f1a4280110a8.php 第 260 行.
NOTIC: [8] Undefined index: order_time D:\Xampp\htdocs\shiji\Application\Runtime\Cache\Home\f391e383773027cb0c31f1a4280110a8.php 第 260 行.
NOTIC: [8] Undefined index: order_time D:\Xampp\htdocs\shiji\Application\Runtime\Cache\Home\f391e383773027cb0c31f1a4280110a8.php 第 260 行.
NOTIC: [8] Undefined index: order_time D:\Xampp\htdocs\shiji\Application\Runtime\Cache\Home\f391e383773027cb0c31f1a4280110a8.php 第 260 行.
NOTIC: [8] Undefined index: order_time D:\Xampp\htdocs\shiji\Application\Runtime\Cache\Home\f391e383773027cb0c31f1a4280110a8.php 第 260 行.
NOTIC: [8] Undefined index: order_time D:\Xampp\htdocs\shiji\Application\Runtime\Cache\Home\f391e383773027cb0c31f1a4280110a8.php 第 260 行.
NOTIC: [8] Undefined index: order_time D:\Xampp\htdocs\shiji\Application\Runtime\Cache\Home\f391e383773027cb0c31f1a4280110a8.php 第 260 行.
NOTIC: [8] Undefined index: order_time D:\Xampp\htdocs\shiji\Application\Runtime\Cache\Home\f391e383773027cb0c31f1a4280110a8.php 第 260 行.
NOTIC: [8] Undefined index: order_time D:\Xampp\htdocs\shiji\Application\Runtime\Cache\Home\f391e383773027cb0c31f1a4280110a8.php 第 260 行.
NOTIC: [8] Undefined index: order_time D:\Xampp\htdocs\shiji\Application\Runtime\Cache\Home\f391e383773027cb0c31f1a4280110a8.php 第 260 行.
NOTIC: [8] Undefined index: order_time D:\Xampp\htdocs\shiji\Application\Runtime\Cache\Home\f391e383773027cb0c31f1a4280110a8.php 第 260 行.
NOTIC: [8] Undefined index: order_time D:\Xampp\htdocs\shiji\Application\Runtime\Cache\Home\f391e383773027cb0c31f1a4280110a8.php 第 260 行.
NOTIC: [8] Undefined index: order_time D:\Xampp\htdocs\shiji\Application\Runtime\Cache\Home\f391e383773027cb0c31f1a4280110a8.php 第 260 行.
NOTIC: [8] Undefined index: order_time D:\Xampp\htdocs\shiji\Application\Runtime\Cache\Home\f391e383773027cb0c31f1a4280110a8.php 第 260 行.
NOTIC: [8] Undefined index: order_time D:\Xampp\htdocs\shiji\Application\Runtime\Cache\Home\f391e383773027cb0c31f1a4280110a8.php 第 260 行.
NOTIC: [8] Undefined index: order_time D:\Xampp\htdocs\shiji\Application\Runtime\Cache\Home\f391e383773027cb0c31f1a4280110a8.php 第 260 行.
NOTIC: [8] Undefined index: order_time D:\Xampp\htdocs\shiji\Application\Runtime\Cache\Home\f391e383773027cb0c31f1a4280110a8.php 第 260 行.
NOTIC: [8] Undefined index: order_time D:\Xampp\htdocs\shiji\Application\Runtime\Cache\Home\f391e383773027cb0c31f1a4280110a8.php 第 260 行.
NOTIC: [8] Undefined index: order_time D:\Xampp\htdocs\shiji\Application\Runtime\Cache\Home\f391e383773027cb0c31f1a4280110a8.php 第 260 行.
NOTIC: [8] Undefined index: order_time D:\Xampp\htdocs\shiji\Application\Runtime\Cache\Home\f391e383773027cb0c31f1a4280110a8.php 第 260 行.
NOTIC: [8] Undefined index: order_time D:\Xampp\htdocs\shiji\Application\Runtime\Cache\Home\f391e383773027cb0c31f1a4280110a8.php 第 260 行.
NOTIC: [8] Undefined index: order_time D:\Xampp\htdocs\shiji\Application\Runtime\Cache\Home\f391e383773027cb0c31f1a4280110a8.php 第 260 行.
NOTIC: [8] Undefined index: order_time D:\Xampp\htdocs\shiji\Application\Runtime\Cache\Home\f391e383773027cb0c31f1a4280110a8.php 第 260 行.
NOTIC: [8] Undefined index: order_time D:\Xampp\htdocs\shiji\Application\Runtime\Cache\Home\f391e383773027cb0c31f1a4280110a8.php 第 260 行.
NOTIC: [8] Undefined index: order_time D:\Xampp\htdocs\shiji\Application\Runtime\Cache\Home\f391e383773027cb0c31f1a4280110a8.php 第 260 行.
NOTIC: [8] Undefined index: order_time D:\Xampp\htdocs\shiji\Application\Runtime\Cache\Home\f391e383773027cb0c31f1a4280110a8.php 第 260 行.
NOTIC: [8] Undefined index: order_time D:\Xampp\htdocs\shiji\Application\Runtime\Cache\Home\f391e383773027cb0c31f1a4280110a8.php 第 260 行.
NOTIC: [8] Undefined index: order_time D:\Xampp\htdocs\shiji\Application\Runtime\Cache\Home\f391e383773027cb0c31f1a4280110a8.php 第 260 行.
NOTIC: [8] Undefined index: order_time D:\Xampp\htdocs\shiji\Application\Runtime\Cache\Home\f391e383773027cb0c31f1a4280110a8.php 第 260 行.
NOTIC: [8] Undefined index: order_time D:\Xampp\htdocs\shiji\Application\Runtime\Cache\Home\f391e383773027cb0c31f1a4280110a8.php 第 260 行.
NOTIC: [8] Undefined index: order_time D:\Xampp\htdocs\shiji\Application\Runtime\Cache\Home\f391e383773027cb0c31f1a4280110a8.php 第 260 行.
NOTIC: [8] Undefined index: order_time D:\Xampp\htdocs\shiji\Application\Runtime\Cache\Home\f391e383773027cb0c31f1a4280110a8.php 第 260 行.
NOTIC: [8] Undefined index: order_time D:\Xampp\htdocs\shiji\Application\Runtime\Cache\Home\f391e383773027cb0c31f1a4280110a8.php 第 260 行.
NOTIC: [8] Undefined index: order_time D:\Xampp\htdocs\shiji\Application\Runtime\Cache\Home\f391e383773027cb0c31f1a4280110a8.php 第 260 行.
NOTIC: [8] Undefined index: order_time D:\Xampp\htdocs\shiji\Application\Runtime\Cache\Home\f391e383773027cb0c31f1a4280110a8.php 第 260 行.
NOTIC: [8] Undefined index: order_time D:\Xampp\htdocs\shiji\Application\Runtime\Cache\Home\f391e383773027cb0c31f1a4280110a8.php 第 260 行.
NOTIC: [8] Undefined index: order_time D:\Xampp\htdocs\shiji\Application\Runtime\Cache\Home\f391e383773027cb0c31f1a4280110a8.php 第 260 行.
NOTIC: [8] Undefined index: order_time D:\Xampp\htdocs\shiji\Application\Runtime\Cache\Home\f391e383773027cb0c31f1a4280110a8.php 第 260 行.
INFO: Run Behavior\ParseTemplateBehavior [ RunTime:0.013689s ]
INFO: [ view_parse ] --END-- [ RunTime:0.013722s ]
INFO: [ view_filter ] --START--
INFO: Run Behavior\WriteHtmlCacheBehavior [ RunTime:0.000380s ]
INFO: [ view_filter ] --END-- [ RunTime:0.000425s ]
INFO: [ app_end ] --START--
INFO: Run Behavior\ShowPageTraceBehavior [ RunTime:0.000647s ]
INFO: [ app_end ] --END-- [ RunTime:0.000688s ]

