[ 2018-09-09T01:27:22+08:00 ] 223.104.63.103 /sifaju/gt/
INFO: [ app_init ] --START--
INFO: Run Behavior\BuildLiteBehavior [ RunTime:0.000021s ]
INFO: [ app_init ] --END-- [ RunTime:0.000377s ]
INFO: [ app_begin ] --START--
INFO: Run Behavior\ReadHtmlCacheBehavior [ RunTime:0.000657s ]
INFO: [ app_begin ] --END-- [ RunTime:0.000724s ]
SQL: SHOW COLUMNS FROM `studystatus` [ RunTime:0.0060s ]
SQL: SHOW COLUMNS FROM `exam` [ RunTime:0.0052s ]
INFO: [ view_parse ] --START--
INFO: [ template_filter ] --START--
INFO: Run Behavior\ContentReplaceBehavior [ RunTime:0.000132s ]
INFO: [ template_filter ] --END-- [ RunTime:0.000185s ]
INFO: Run Behavior\ParseTemplateBehavior [ RunTime:0.007851s ]
INFO: [ view_parse ] --END-- [ RunTime:0.007938s ]
INFO: [ view_filter ] --START--
INFO: Run Behavior\WriteHtmlCacheBehavior [ RunTime:0.000340s ]
INFO: [ view_filter ] --END-- [ RunTime:0.000384s ]
INFO: [ app_end ] --START--
INFO: Run Behavior\ShowPageTraceBehavior [ RunTime:0.000666s ]
INFO: [ app_end ] --END-- [ RunTime:0.000718s ]

[ 2018-09-09T01:28:09+08:00 ] 223.104.63.103 /sifaju/gt/home/index/login
INFO: [ app_init ] --START--
INFO: Run Behavior\BuildLiteBehavior [ RunTime:0.000021s ]
INFO: [ app_init ] --END-- [ RunTime:0.000395s ]
INFO: [ app_begin ] --START--
INFO: Run Behavior\ReadHtmlCacheBehavior [ RunTime:0.000701s ]
INFO: [ app_begin ] --END-- [ RunTime:0.000764s ]
SQL: SHOW COLUMNS FROM `user` [ RunTime:0.0081s ]
SQL: SELECT * FROM `user` WHERE `user_username` = '555' LIMIT 1   [ RunTime:0.0003s ]

[ 2018-09-09T01:28:14+08:00 ] 223.104.63.103 /sifaju/gt/study
INFO: [ app_init ] --START--
INFO: Run Behavior\BuildLiteBehavior [ RunTime:0.000021s ]
INFO: [ app_init ] --END-- [ RunTime:0.000448s ]
INFO: [ app_begin ] --START--
INFO: Run Behavior\ReadHtmlCacheBehavior [ RunTime:0.000678s ]
INFO: [ app_begin ] --END-- [ RunTime:0.000739s ]
SQL: SHOW COLUMNS FROM `studystatus` [ RunTime:0.0051s ]
SQL: SELECT `m_n1` FROM `studystatus` WHERE ( user_id=33 ) LIMIT 1   [ RunTime:0.0003s ]
SQL: SELECT `m_n2` FROM `studystatus` WHERE ( user_id=33 ) LIMIT 1   [ RunTime:0.0002s ]
SQL: SHOW COLUMNS FROM `hall1` [ RunTime:0.0070s ]
SQL: SELECT * FROM `hall1`  [ RunTime:0.0002s ]
NOTIC: [8] Undefined variable: hallimg1 C:\phpStudy\PHPTutorial\WWW\sifaju\gt\Application\Home\Controller\ExamController.class.php 第 184 行.
NOTIC: [8] Undefined variable: hall1mp3 C:\phpStudy\PHPTutorial\WWW\sifaju\gt\Application\Home\Controller\ExamController.class.php 第 188 行.
SQL: SHOW COLUMNS FROM `hall2` [ RunTime:0.0056s ]
SQL: SELECT * FROM `hall2`  [ RunTime:0.0002s ]
NOTIC: [8] Undefined variable: hallimg2 C:\phpStudy\PHPTutorial\WWW\sifaju\gt\Application\Home\Controller\ExamController.class.php 第 206 行.
NOTIC: [8] Undefined variable: hall2mp3 C:\phpStudy\PHPTutorial\WWW\sifaju\gt\Application\Home\Controller\ExamController.class.php 第 210 行.
SQL: SHOW COLUMNS FROM `hallimg` [ RunTime:0.0051s ]
SQL: SELECT * FROM `hallimg`  [ RunTime:0.0002s ]
INFO: [ view_parse ] --START--
INFO: [ template_filter ] --START--
INFO: Run Behavior\ContentReplaceBehavior [ RunTime:0.000134s ]
INFO: [ template_filter ] --END-- [ RunTime:0.000183s ]
INFO: Run Behavior\ParseTemplateBehavior [ RunTime:0.008660s ]
INFO: [ view_parse ] --END-- [ RunTime:0.008715s ]
INFO: [ view_filter ] --START--
INFO: Run Behavior\WriteHtmlCacheBehavior [ RunTime:0.000433s ]
INFO: [ view_filter ] --END-- [ RunTime:0.000481s ]
INFO: [ app_end ] --START--
INFO: Run Behavior\ShowPageTraceBehavior [ RunTime:0.000683s ]
INFO: [ app_end ] --END-- [ RunTime:0.000745s ]

[ 2018-09-09T01:28:16+08:00 ] 223.104.63.103 /sifaju/gt/study
INFO: [ app_init ] --START--
INFO: Run Behavior\BuildLiteBehavior [ RunTime:0.000021s ]
INFO: [ app_init ] --END-- [ RunTime:0.000373s ]
INFO: [ app_begin ] --START--
INFO: Run Behavior\ReadHtmlCacheBehavior [ RunTime:0.000760s ]
INFO: [ app_begin ] --END-- [ RunTime:0.000823s ]
SQL: SHOW COLUMNS FROM `studystatus` [ RunTime:0.0077s ]
SQL: SELECT `m_n1` FROM `studystatus` WHERE ( user_id=33 ) LIMIT 1   [ RunTime:0.0003s ]
SQL: SELECT `m_n2` FROM `studystatus` WHERE ( user_id=33 ) LIMIT 1   [ RunTime:0.0002s ]
SQL: SHOW COLUMNS FROM `hall1` [ RunTime:0.0079s ]
SQL: SELECT * FROM `hall1`  [ RunTime:0.0002s ]
NOTIC: [8] Undefined variable: hallimg1 C:\phpStudy\PHPTutorial\WWW\sifaju\gt\Application\Home\Controller\ExamController.class.php 第 184 行.
NOTIC: [8] Undefined variable: hall1mp3 C:\phpStudy\PHPTutorial\WWW\sifaju\gt\Application\Home\Controller\ExamController.class.php 第 188 行.
SQL: SHOW COLUMNS FROM `hall2` [ RunTime:0.0045s ]
SQL: SELECT * FROM `hall2`  [ RunTime:0.0002s ]
NOTIC: [8] Undefined variable: hallimg2 C:\phpStudy\PHPTutorial\WWW\sifaju\gt\Application\Home\Controller\ExamController.class.php 第 206 行.
NOTIC: [8] Undefined variable: hall2mp3 C:\phpStudy\PHPTutorial\WWW\sifaju\gt\Application\Home\Controller\ExamController.class.php 第 210 行.
SQL: SHOW COLUMNS FROM `hallimg` [ RunTime:0.0030s ]
SQL: SELECT * FROM `hallimg`  [ RunTime:0.0002s ]
INFO: [ view_parse ] --START--
INFO: [ template_filter ] --START--
INFO: Run Behavior\ContentReplaceBehavior [ RunTime:0.000136s ]
INFO: [ template_filter ] --END-- [ RunTime:0.000186s ]
INFO: Run Behavior\ParseTemplateBehavior [ RunTime:0.007898s ]
INFO: [ view_parse ] --END-- [ RunTime:0.007956s ]
INFO: [ view_filter ] --START--
INFO: Run Behavior\WriteHtmlCacheBehavior [ RunTime:0.000415s ]
INFO: [ view_filter ] --END-- [ RunTime:0.000460s ]
INFO: [ app_end ] --START--
INFO: Run Behavior\ShowPageTraceBehavior [ RunTime:0.000665s ]
INFO: [ app_end ] --END-- [ RunTime:0.000717s ]

[ 2018-09-09T01:28:36+08:00 ] 223.104.63.103 /sifaju/gt/Study/index.html
INFO: [ app_init ] --START--
INFO: Run Behavior\BuildLiteBehavior [ RunTime:0.000020s ]
INFO: [ app_init ] --END-- [ RunTime:0.000450s ]
INFO: [ app_begin ] --START--
INFO: Run Behavior\ReadHtmlCacheBehavior [ RunTime:0.000685s ]
INFO: [ app_begin ] --END-- [ RunTime:0.000744s ]
SQL: SHOW COLUMNS FROM `studystatus` [ RunTime:0.0064s ]
SQL: SELECT * FROM `studystatus` WHERE `user_id` = 33 LIMIT 1   [ RunTime:0.0002s ]

[ 2018-09-09T01:28:39+08:00 ] 223.104.63.103 /sifaju/gt/Study/index.html
INFO: [ app_init ] --START--
INFO: Run Behavior\BuildLiteBehavior [ RunTime:0.000022s ]
INFO: [ app_init ] --END-- [ RunTime:0.000436s ]
INFO: [ app_begin ] --START--
INFO: Run Behavior\ReadHtmlCacheBehavior [ RunTime:0.000631s ]
INFO: [ app_begin ] --END-- [ RunTime:0.000689s ]
SQL: SHOW COLUMNS FROM `studystatus` [ RunTime:0.0068s ]
SQL: SELECT * FROM `studystatus` WHERE `user_id` = 33 LIMIT 1   [ RunTime:0.0003s ]

[ 2018-09-09T01:28:42+08:00 ] 223.104.63.103 /sifaju/gt/Study/index.html
INFO: [ app_init ] --START--
INFO: Run Behavior\BuildLiteBehavior [ RunTime:0.000021s ]
INFO: [ app_init ] --END-- [ RunTime:0.000398s ]
INFO: [ app_begin ] --START--
INFO: Run Behavior\ReadHtmlCacheBehavior [ RunTime:0.000639s ]
INFO: [ app_begin ] --END-- [ RunTime:0.000704s ]
SQL: SHOW COLUMNS FROM `studystatus` [ RunTime:0.0073s ]
SQL: SELECT * FROM `studystatus` WHERE `user_id` = 33 LIMIT 1   [ RunTime:0.0002s ]

[ 2018-09-09T01:28:44+08:00 ] 223.104.63.103 /sifaju/gt/Study/index.html
INFO: [ app_init ] --START--
INFO: Run Behavior\BuildLiteBehavior [ RunTime:0.000021s ]
INFO: [ app_init ] --END-- [ RunTime:0.000412s ]
INFO: [ app_begin ] --START--
INFO: Run Behavior\ReadHtmlCacheBehavior [ RunTime:0.000671s ]
INFO: [ app_begin ] --END-- [ RunTime:0.000757s ]
SQL: SHOW COLUMNS FROM `studystatus` [ RunTime:0.0049s ]
SQL: SELECT * FROM `studystatus` WHERE `user_id` = 33 LIMIT 1   [ RunTime:0.0002s ]

[ 2018-09-09T01:28:56+08:00 ] 223.104.63.103 /sifaju/gt/index.html?v=back
INFO: [ app_init ] --START--
INFO: Run Behavior\BuildLiteBehavior [ RunTime:0.000020s ]
INFO: [ app_init ] --END-- [ RunTime:0.000423s ]
INFO: [ app_begin ] --START--
INFO: Run Behavior\ReadHtmlCacheBehavior [ RunTime:0.000708s ]
INFO: [ app_begin ] --END-- [ RunTime:0.000785s ]
SQL: SHOW COLUMNS FROM `studystatus` [ RunTime:0.0055s ]
SQL: SHOW COLUMNS FROM `exam` [ RunTime:0.0047s ]
INFO: [ view_parse ] --START--
INFO: [ template_filter ] --START--
INFO: Run Behavior\ContentReplaceBehavior [ RunTime:0.000136s ]
INFO: [ template_filter ] --END-- [ RunTime:0.000189s ]
INFO: Run Behavior\ParseTemplateBehavior [ RunTime:0.008517s ]
INFO: [ view_parse ] --END-- [ RunTime:0.008584s ]
INFO: [ view_filter ] --START--
INFO: Run Behavior\WriteHtmlCacheBehavior [ RunTime:0.000396s ]
INFO: [ view_filter ] --END-- [ RunTime:0.000441s ]
INFO: [ app_end ] --START--
INFO: Run Behavior\ShowPageTraceBehavior [ RunTime:0.000661s ]
INFO: [ app_end ] --END-- [ RunTime:0.000716s ]

[ 2018-09-09T01:29:01+08:00 ] 223.104.63.103 /sifaju/gt/home/index/login
INFO: [ app_init ] --START--
INFO: Run Behavior\BuildLiteBehavior [ RunTime:0.000021s ]
INFO: [ app_init ] --END-- [ RunTime:0.000426s ]
INFO: [ app_begin ] --START--
INFO: Run Behavior\ReadHtmlCacheBehavior [ RunTime:0.000639s ]
INFO: [ app_begin ] --END-- [ RunTime:0.000696s ]
SQL: SHOW COLUMNS FROM `user` [ RunTime:0.0058s ]
SQL: SELECT * FROM `user` WHERE `user_username` = '555' LIMIT 1   [ RunTime:0.0003s ]

[ 2018-09-09T01:29:05+08:00 ] 223.104.63.103 /sifaju/gt/study
INFO: [ app_init ] --START--
INFO: Run Behavior\BuildLiteBehavior [ RunTime:0.000020s ]
INFO: [ app_init ] --END-- [ RunTime:0.000444s ]
INFO: [ app_begin ] --START--
INFO: Run Behavior\ReadHtmlCacheBehavior [ RunTime:0.000615s ]
INFO: [ app_begin ] --END-- [ RunTime:0.000678s ]
SQL: SHOW COLUMNS FROM `studystatus` [ RunTime:0.0054s ]
SQL: SELECT `m_n1` FROM `studystatus` WHERE ( user_id=33 ) LIMIT 1   [ RunTime:0.0003s ]
SQL: SELECT `m_n2` FROM `studystatus` WHERE ( user_id=33 ) LIMIT 1   [ RunTime:0.0002s ]
SQL: SHOW COLUMNS FROM `hall1` [ RunTime:0.0073s ]
SQL: SELECT * FROM `hall1`  [ RunTime:0.0002s ]
NOTIC: [8] Undefined variable: hallimg1 C:\phpStudy\PHPTutorial\WWW\sifaju\gt\Application\Home\Controller\ExamController.class.php 第 184 行.
NOTIC: [8] Undefined variable: hall1mp3 C:\phpStudy\PHPTutorial\WWW\sifaju\gt\Application\Home\Controller\ExamController.class.php 第 188 行.
SQL: SHOW COLUMNS FROM `hall2` [ RunTime:0.0061s ]
SQL: SELECT * FROM `hall2`  [ RunTime:0.0002s ]
NOTIC: [8] Undefined variable: hallimg2 C:\phpStudy\PHPTutorial\WWW\sifaju\gt\Application\Home\Controller\ExamController.class.php 第 206 行.
NOTIC: [8] Undefined variable: hall2mp3 C:\phpStudy\PHPTutorial\WWW\sifaju\gt\Application\Home\Controller\ExamController.class.php 第 210 行.
SQL: SHOW COLUMNS FROM `hallimg` [ RunTime:0.0031s ]
SQL: SELECT * FROM `hallimg`  [ RunTime:0.0002s ]
INFO: [ view_parse ] --START--
INFO: [ template_filter ] --START--
INFO: Run Behavior\ContentReplaceBehavior [ RunTime:0.000131s ]
INFO: [ template_filter ] --END-- [ RunTime:0.000184s ]
INFO: Run Behavior\ParseTemplateBehavior [ RunTime:0.008704s ]
INFO: [ view_parse ] --END-- [ RunTime:0.008768s ]
INFO: [ view_filter ] --START--
INFO: Run Behavior\WriteHtmlCacheBehavior [ RunTime:0.000363s ]
INFO: [ view_filter ] --END-- [ RunTime:0.000413s ]
INFO: [ app_end ] --START--
INFO: Run Behavior\ShowPageTraceBehavior [ RunTime:0.000724s ]
INFO: [ app_end ] --END-- [ RunTime:0.000780s ]

[ 2018-09-09T01:29:06+08:00 ] 223.104.63.103 /sifaju/gt/study
INFO: [ app_init ] --START--
INFO: Run Behavior\BuildLiteBehavior [ RunTime:0.000021s ]
INFO: [ app_init ] --END-- [ RunTime:0.000366s ]
INFO: [ app_begin ] --START--
INFO: Run Behavior\ReadHtmlCacheBehavior [ RunTime:0.000714s ]
INFO: [ app_begin ] --END-- [ RunTime:0.000776s ]
SQL: SHOW COLUMNS FROM `studystatus` [ RunTime:0.0071s ]
SQL: SELECT `m_n1` FROM `studystatus` WHERE ( user_id=33 ) LIMIT 1   [ RunTime:0.0002s ]
SQL: SELECT `m_n2` FROM `studystatus` WHERE ( user_id=33 ) LIMIT 1   [ RunTime:0.0002s ]
SQL: SHOW COLUMNS FROM `hall1` [ RunTime:0.0066s ]
SQL: SELECT * FROM `hall1`  [ RunTime:0.0002s ]
NOTIC: [8] Undefined variable: hallimg1 C:\phpStudy\PHPTutorial\WWW\sifaju\gt\Application\Home\Controller\ExamController.class.php 第 184 行.
NOTIC: [8] Undefined variable: hall1mp3 C:\phpStudy\PHPTutorial\WWW\sifaju\gt\Application\Home\Controller\ExamController.class.php 第 188 行.
SQL: SHOW COLUMNS FROM `hall2` [ RunTime:0.0066s ]
SQL: SELECT * FROM `hall2`  [ RunTime:0.0002s ]
NOTIC: [8] Undefined variable: hallimg2 C:\phpStudy\PHPTutorial\WWW\sifaju\gt\Application\Home\Controller\ExamController.class.php 第 206 行.
NOTIC: [8] Undefined variable: hall2mp3 C:\phpStudy\PHPTutorial\WWW\sifaju\gt\Application\Home\Controller\ExamController.class.php 第 210 行.
SQL: SHOW COLUMNS FROM `hallimg` [ RunTime:0.0051s ]
SQL: SELECT * FROM `hallimg`  [ RunTime:0.0002s ]
INFO: [ view_parse ] --START--
INFO: [ template_filter ] --START--
INFO: Run Behavior\ContentReplaceBehavior [ RunTime:0.000159s ]
INFO: [ template_filter ] --END-- [ RunTime:0.000212s ]
INFO: Run Behavior\ParseTemplateBehavior [ RunTime:0.008496s ]
INFO: [ view_parse ] --END-- [ RunTime:0.008566s ]
INFO: [ view_filter ] --START--
INFO: Run Behavior\WriteHtmlCacheBehavior [ RunTime:0.000475s ]
INFO: [ view_filter ] --END-- [ RunTime:0.000523s ]
INFO: [ app_end ] --START--
INFO: Run Behavior\ShowPageTraceBehavior [ RunTime:0.000715s ]
INFO: [ app_end ] --END-- [ RunTime:0.000778s ]

[ 2018-09-09T01:29:08+08:00 ] 223.104.63.103 /sifaju/gt/study
INFO: [ app_init ] --START--
INFO: Run Behavior\BuildLiteBehavior [ RunTime:0.000020s ]
INFO: [ app_init ] --END-- [ RunTime:0.000370s ]
INFO: [ app_begin ] --START--
INFO: Run Behavior\ReadHtmlCacheBehavior [ RunTime:0.000641s ]
INFO: [ app_begin ] --END-- [ RunTime:0.000701s ]
SQL: SHOW COLUMNS FROM `studystatus` [ RunTime:0.0067s ]
SQL: SELECT `m_n1` FROM `studystatus` WHERE ( user_id=33 ) LIMIT 1   [ RunTime:0.0003s ]
SQL: SELECT `m_n2` FROM `studystatus` WHERE ( user_id=33 ) LIMIT 1   [ RunTime:0.0001s ]
SQL: SHOW COLUMNS FROM `hall1` [ RunTime:0.0062s ]
SQL: SELECT * FROM `hall1`  [ RunTime:0.0002s ]
NOTIC: [8] Undefined variable: hallimg1 C:\phpStudy\PHPTutorial\WWW\sifaju\gt\Application\Home\Controller\ExamController.class.php 第 184 行.
NOTIC: [8] Undefined variable: hall1mp3 C:\phpStudy\PHPTutorial\WWW\sifaju\gt\Application\Home\Controller\ExamController.class.php 第 188 行.
SQL: SHOW COLUMNS FROM `hall2` [ RunTime:0.0044s ]
SQL: SELECT * FROM `hall2`  [ RunTime:0.0002s ]
NOTIC: [8] Undefined variable: hallimg2 C:\phpStudy\PHPTutorial\WWW\sifaju\gt\Application\Home\Controller\ExamController.class.php 第 206 行.
NOTIC: [8] Undefined variable: hall2mp3 C:\phpStudy\PHPTutorial\WWW\sifaju\gt\Application\Home\Controller\ExamController.class.php 第 210 行.
SQL: SHOW COLUMNS FROM `hallimg` [ RunTime:0.0031s ]
SQL: SELECT * FROM `hallimg`  [ RunTime:0.0002s ]
INFO: [ view_parse ] --START--
INFO: [ template_filter ] --START--
INFO: Run Behavior\ContentReplaceBehavior [ RunTime:0.000132s ]
INFO: [ template_filter ] --END-- [ RunTime:0.000185s ]
INFO: Run Behavior\ParseTemplateBehavior [ RunTime:0.008019s ]
INFO: [ view_parse ] --END-- [ RunTime:0.008077s ]
INFO: [ view_filter ] --START--
INFO: Run Behavior\WriteHtmlCacheBehavior [ RunTime:0.000351s ]
INFO: [ view_filter ] --END-- [ RunTime:0.000396s ]
INFO: [ app_end ] --START--
INFO: Run Behavior\ShowPageTraceBehavior [ RunTime:0.000618s ]
INFO: [ app_end ] --END-- [ RunTime:0.000678s ]

[ 2018-09-09T01:29:32+08:00 ] 223.104.63.103 /sifaju/gt/index.html?v=back
INFO: [ app_init ] --START--
INFO: Run Behavior\BuildLiteBehavior [ RunTime:0.000021s ]
INFO: [ app_init ] --END-- [ RunTime:0.000376s ]
INFO: [ app_begin ] --START--
INFO: Run Behavior\ReadHtmlCacheBehavior [ RunTime:0.000700s ]
INFO: [ app_begin ] --END-- [ RunTime:0.000764s ]
SQL: SHOW COLUMNS FROM `studystatus` [ RunTime:0.0051s ]
SQL: SHOW COLUMNS FROM `exam` [ RunTime:0.0051s ]
INFO: [ view_parse ] --START--
INFO: [ template_filter ] --START--
INFO: Run Behavior\ContentReplaceBehavior [ RunTime:0.000126s ]
INFO: [ template_filter ] --END-- [ RunTime:0.000182s ]
INFO: Run Behavior\ParseTemplateBehavior [ RunTime:0.007570s ]
INFO: [ view_parse ] --END-- [ RunTime:0.007635s ]
INFO: [ view_filter ] --START--
INFO: Run Behavior\WriteHtmlCacheBehavior [ RunTime:0.000447s ]
INFO: [ view_filter ] --END-- [ RunTime:0.000497s ]
INFO: [ app_end ] --START--
INFO: Run Behavior\ShowPageTraceBehavior [ RunTime:0.000623s ]
INFO: [ app_end ] --END-- [ RunTime:0.000685s ]

[ 2018-09-09T01:29:38+08:00 ] 223.104.63.103 /sifaju/gt/home/index/login
INFO: [ app_init ] --START--
INFO: Run Behavior\BuildLiteBehavior [ RunTime:0.000020s ]
INFO: [ app_init ] --END-- [ RunTime:0.000373s ]
INFO: [ app_begin ] --START--
INFO: Run Behavior\ReadHtmlCacheBehavior [ RunTime:0.000590s ]
INFO: [ app_begin ] --END-- [ RunTime:0.000656s ]
SQL: SHOW COLUMNS FROM `user` [ RunTime:0.0100s ]
SQL: SELECT * FROM `user` WHERE `user_username` = '555' LIMIT 1   [ RunTime:0.0003s ]

[ 2018-09-09T01:29:42+08:00 ] 223.104.63.103 /sifaju/gt/exam
INFO: [ app_init ] --START--
INFO: Run Behavior\BuildLiteBehavior [ RunTime:0.000021s ]
INFO: [ app_init ] --END-- [ RunTime:0.000377s ]
INFO: [ app_begin ] --START--
INFO: Run Behavior\ReadHtmlCacheBehavior [ RunTime:0.000602s ]
INFO: [ app_begin ] --END-- [ RunTime:0.000665s ]
SQL: SHOW COLUMNS FROM `user` [ RunTime:0.0058s ]
SQL: SELECT `user_img` FROM `user` WHERE `user_id` = 33 LIMIT 1   [ RunTime:0.0002s ]
SQL: SELECT `ting1img` FROM `user` WHERE `user_id` = 33 LIMIT 1   [ RunTime:0.0002s ]
SQL: SELECT `ting2img` FROM `user` WHERE `user_id` = 33 LIMIT 1   [ RunTime:0.0001s ]
SQL: SELECT `examstatus` FROM `user` WHERE `user_id` = 33 LIMIT 1   [ RunTime:0.0001s ]
SQL: SHOW COLUMNS FROM `hall1` [ RunTime:0.0138s ]
SQL: SELECT * FROM `hall1`  [ RunTime:0.0002s ]
NOTIC: [8] Undefined variable: hallimg1 C:\phpStudy\PHPTutorial\WWW\sifaju\gt\Application\Home\Controller\ExamController.class.php 第 184 行.
NOTIC: [8] Undefined variable: hall1mp3 C:\phpStudy\PHPTutorial\WWW\sifaju\gt\Application\Home\Controller\ExamController.class.php 第 188 行.
SQL: SHOW COLUMNS FROM `hall2` [ RunTime:0.0074s ]
SQL: SELECT * FROM `hall2`  [ RunTime:0.0002s ]
NOTIC: [8] Undefined variable: hallimg2 C:\phpStudy\PHPTutorial\WWW\sifaju\gt\Application\Home\Controller\ExamController.class.php 第 206 行.
NOTIC: [8] Undefined variable: hall2mp3 C:\phpStudy\PHPTutorial\WWW\sifaju\gt\Application\Home\Controller\ExamController.class.php 第 210 行.
SQL: SHOW COLUMNS FROM `hallimg` [ RunTime:0.0149s ]
SQL: SELECT * FROM `hallimg`  [ RunTime:0.0002s ]
SQL: SHOW COLUMNS FROM `exam` [ RunTime:0.0033s ]
SQL: SELECT `tm_n1` FROM `exam` WHERE ( user_id=33 ) LIMIT 1   [ RunTime:0.0002s ]
SQL: SELECT `tm_n2` FROM `exam` WHERE ( user_id=33 ) LIMIT 1   [ RunTime:0.0002s ]
SQL: SHOW COLUMNS FROM `judge` [ RunTime:0.0047s ]
SQL: SELECT * FROM `judge`  [ RunTime:0.0002s ]
SQL: SHOW COLUMNS FROM `choice` [ RunTime:0.0072s ]
SQL: SELECT * FROM `choice`  [ RunTime:0.0002s ]
INFO: [ view_parse ] --START--
INFO: [ template_filter ] --START--
INFO: Run Behavior\ContentReplaceBehavior [ RunTime:0.000237s ]
INFO: [ template_filter ] --END-- [ RunTime:0.000291s ]
NOTIC: [8] Undefined index: judge_true C:\phpStudy\PHPTutorial\WWW\sifaju\gt\Application\Runtime\Cache\Home\d750603422ebf58b034b899f4ea0ac02.php 第 340 行.
NOTIC: [8] Undefined index: judge_content C:\phpStudy\PHPTutorial\WWW\sifaju\gt\Application\Runtime\Cache\Home\d750603422ebf58b034b899f4ea0ac02.php 第 361 行.
NOTIC: [8] Undefined index: judge_true C:\phpStudy\PHPTutorial\WWW\sifaju\gt\Application\Runtime\Cache\Home\d750603422ebf58b034b899f4ea0ac02.php 第 374 行.
NOTIC: [8] Undefined index: judge_content C:\phpStudy\PHPTutorial\WWW\sifaju\gt\Application\Runtime\Cache\Home\d750603422ebf58b034b899f4ea0ac02.php 第 393 行.
INFO: Run Behavior\ParseTemplateBehavior [ RunTime:0.010836s ]
INFO: [ view_parse ] --END-- [ RunTime:0.010894s ]
INFO: [ view_filter ] --START--
INFO: Run Behavior\WriteHtmlCacheBehavior [ RunTime:0.000404s ]
INFO: [ view_filter ] --END-- [ RunTime:0.000452s ]
INFO: [ app_end ] --START--
INFO: Run Behavior\ShowPageTraceBehavior [ RunTime:0.000634s ]
INFO: [ app_end ] --END-- [ RunTime:0.000725s ]

[ 2018-09-09T01:29:43+08:00 ] 223.104.63.103 /sifaju/gt/exam
INFO: [ app_init ] --START--
INFO: Run Behavior\BuildLiteBehavior [ RunTime:0.000021s ]
INFO: [ app_init ] --END-- [ RunTime:0.000363s ]
INFO: [ app_begin ] --START--
INFO: Run Behavior\ReadHtmlCacheBehavior [ RunTime:0.000726s ]
INFO: [ app_begin ] --END-- [ RunTime:0.000818s ]
SQL: SHOW COLUMNS FROM `user` [ RunTime:0.0057s ]
SQL: SELECT `user_img` FROM `user` WHERE `user_id` = 33 LIMIT 1   [ RunTime:0.0002s ]
SQL: SELECT `ting1img` FROM `user` WHERE `user_id` = 33 LIMIT 1   [ RunTime:0.0002s ]
SQL: SELECT `ting2img` FROM `user` WHERE `user_id` = 33 LIMIT 1   [ RunTime:0.0001s ]
SQL: SELECT `examstatus` FROM `user` WHERE `user_id` = 33 LIMIT 1   [ RunTime:0.0001s ]
SQL: SHOW COLUMNS FROM `hall1` [ RunTime:0.0071s ]
SQL: SELECT * FROM `hall1`  [ RunTime:0.0002s ]
NOTIC: [8] Undefined variable: hallimg1 C:\phpStudy\PHPTutorial\WWW\sifaju\gt\Application\Home\Controller\ExamController.class.php 第 184 行.
NOTIC: [8] Undefined variable: hall1mp3 C:\phpStudy\PHPTutorial\WWW\sifaju\gt\Application\Home\Controller\ExamController.class.php 第 188 行.
SQL: SHOW COLUMNS FROM `hall2` [ RunTime:0.0052s ]
SQL: SELECT * FROM `hall2`  [ RunTime:0.0003s ]
NOTIC: [8] Undefined variable: hallimg2 C:\phpStudy\PHPTutorial\WWW\sifaju\gt\Application\Home\Controller\ExamController.class.php 第 206 行.
NOTIC: [8] Undefined variable: hall2mp3 C:\phpStudy\PHPTutorial\WWW\sifaju\gt\Application\Home\Controller\ExamController.class.php 第 210 行.
SQL: SHOW COLUMNS FROM `hallimg` [ RunTime:0.0030s ]
SQL: SELECT * FROM `hallimg`  [ RunTime:0.0002s ]
SQL: SHOW COLUMNS FROM `exam` [ RunTime:0.0050s ]
SQL: SELECT `tm_n1` FROM `exam` WHERE ( user_id=33 ) LIMIT 1   [ RunTime:0.0002s ]
SQL: SELECT `tm_n2` FROM `exam` WHERE ( user_id=33 ) LIMIT 1   [ RunTime:0.0001s ]
SQL: SHOW COLUMNS FROM `judge` [ RunTime:0.0065s ]
SQL: SELECT * FROM `judge`  [ RunTime:0.0002s ]
SQL: SHOW COLUMNS FROM `choice` [ RunTime:0.0061s ]
SQL: SELECT * FROM `choice`  [ RunTime:0.0002s ]
INFO: [ view_parse ] --START--
INFO: [ template_filter ] --START--
INFO: Run Behavior\ContentReplaceBehavior [ RunTime:0.000235s ]
INFO: [ template_filter ] --END-- [ RunTime:0.000290s ]
NOTIC: [8] Undefined index: choice_true C:\phpStudy\PHPTutorial\WWW\sifaju\gt\Application\Runtime\Cache\Home\d750603422ebf58b034b899f4ea0ac02.php 第 339 行.
NOTIC: [8] Undefined index: choice_content C:\phpStudy\PHPTutorial\WWW\sifaju\gt\Application\Runtime\Cache\Home\d750603422ebf58b034b899f4ea0ac02.php 第 347 行.
NOTIC: [8] Undefined index: choice_a C:\phpStudy\PHPTutorial\WWW\sifaju\gt\Application\Runtime\Cache\Home\d750603422ebf58b034b899f4ea0ac02.php 第 350 行.
NOTIC: [8] Undefined index: choice_b C:\phpStudy\PHPTutorial\WWW\sifaju\gt\Application\Runtime\Cache\Home\d750603422ebf58b034b899f4ea0ac02.php 第 351 行.
NOTIC: [8] Undefined index: choice_c C:\phpStudy\PHPTutorial\WWW\sifaju\gt\Application\Runtime\Cache\Home\d750603422ebf58b034b899f4ea0ac02.php 第 352 行.
NOTIC: [8] Undefined index: judge_true C:\phpStudy\PHPTutorial\WWW\sifaju\gt\Application\Runtime\Cache\Home\d750603422ebf58b034b899f4ea0ac02.php 第 374 行.
NOTIC: [8] Undefined index: judge_content C:\phpStudy\PHPTutorial\WWW\sifaju\gt\Application\Runtime\Cache\Home\d750603422ebf58b034b899f4ea0ac02.php 第 393 行.
INFO: Run Behavior\ParseTemplateBehavior [ RunTime:0.010559s ]
INFO: [ view_parse ] --END-- [ RunTime:0.010614s ]
INFO: [ view_filter ] --START--
INFO: Run Behavior\WriteHtmlCacheBehavior [ RunTime:0.000422s ]
INFO: [ view_filter ] --END-- [ RunTime:0.000470s ]
INFO: [ app_end ] --START--
INFO: Run Behavior\ShowPageTraceBehavior [ RunTime:0.000691s ]
INFO: [ app_end ] --END-- [ RunTime:0.000745s ]

[ 2018-09-09T01:30:54+08:00 ] 112.96.66.197 /sifaju/gt/
INFO: [ app_init ] --START--
INFO: Run Behavior\BuildLiteBehavior [ RunTime:0.000022s ]
INFO: [ app_init ] --END-- [ RunTime:0.000430s ]
INFO: [ app_begin ] --START--
INFO: Run Behavior\ReadHtmlCacheBehavior [ RunTime:0.000648s ]
INFO: [ app_begin ] --END-- [ RunTime:0.000711s ]
SQL: SHOW COLUMNS FROM `studystatus` [ RunTime:0.0077s ]
SQL: SHOW COLUMNS FROM `exam` [ RunTime:0.0037s ]
INFO: [ view_parse ] --START--
INFO: [ template_filter ] --START--
INFO: Run Behavior\ContentReplaceBehavior [ RunTime:0.000121s ]
INFO: [ template_filter ] --END-- [ RunTime:0.000175s ]
INFO: Run Behavior\ParseTemplateBehavior [ RunTime:0.007808s ]
INFO: [ view_parse ] --END-- [ RunTime:0.007867s ]
INFO: [ view_filter ] --START--
INFO: Run Behavior\WriteHtmlCacheBehavior [ RunTime:0.000356s ]
INFO: [ view_filter ] --END-- [ RunTime:0.000402s ]
INFO: [ app_end ] --START--
INFO: Run Behavior\ShowPageTraceBehavior [ RunTime:0.000619s ]
INFO: [ app_end ] --END-- [ RunTime:0.000672s ]

[ 2018-09-09T06:47:50+08:00 ] 113.109.121.19 /sifaju/gt/
INFO: [ app_init ] --START--
INFO: Run Behavior\BuildLiteBehavior [ RunTime:0.000019s ]
INFO: [ app_init ] --END-- [ RunTime:0.000398s ]
INFO: [ app_begin ] --START--
INFO: Run Behavior\ReadHtmlCacheBehavior [ RunTime:0.000741s ]
INFO: [ app_begin ] --END-- [ RunTime:0.000799s ]
SQL: SHOW COLUMNS FROM `studystatus` [ RunTime:0.0097s ]
SQL: SHOW COLUMNS FROM `exam` [ RunTime:0.0034s ]
INFO: [ view_parse ] --START--
INFO: [ template_filter ] --START--
INFO: Run Behavior\ContentReplaceBehavior [ RunTime:0.000126s ]
INFO: [ template_filter ] --END-- [ RunTime:0.000177s ]
INFO: Run Behavior\ParseTemplateBehavior [ RunTime:0.008257s ]
INFO: [ view_parse ] --END-- [ RunTime:0.008318s ]
INFO: [ view_filter ] --START--
INFO: Run Behavior\WriteHtmlCacheBehavior [ RunTime:0.000481s ]
INFO: [ view_filter ] --END-- [ RunTime:0.000529s ]
INFO: [ app_end ] --START--
INFO: Run Behavior\ShowPageTraceBehavior [ RunTime:0.000741s ]
INFO: [ app_end ] --END-- [ RunTime:0.000813s ]

[ 2018-09-09T06:48:21+08:00 ] 113.109.121.19 /sifaju/gt/read
INFO: [ app_init ] --START--
INFO: Run Behavior\BuildLiteBehavior [ RunTime:0.000020s ]
INFO: [ app_init ] --END-- [ RunTime:0.000410s ]
INFO: [ app_begin ] --START--
INFO: Run Behavior\ReadHtmlCacheBehavior [ RunTime:0.000667s ]
INFO: [ app_begin ] --END-- [ RunTime:0.000766s ]
SQL: SHOW COLUMNS FROM `hall1` [ RunTime:0.0060s ]
SQL: SELECT * FROM `hall1`  [ RunTime:0.0002s ]
NOTIC: [8] Undefined variable: hallimg1 C:\phpStudy\PHPTutorial\WWW\sifaju\gt\Application\Home\Controller\ExamController.class.php 第 184 行.
NOTIC: [8] Undefined variable: hall1mp3 C:\phpStudy\PHPTutorial\WWW\sifaju\gt\Application\Home\Controller\ExamController.class.php 第 188 行.
SQL: SHOW COLUMNS FROM `hall2` [ RunTime:0.0139s ]
SQL: SELECT * FROM `hall2`  [ RunTime:0.0002s ]
NOTIC: [8] Undefined variable: hallimg2 C:\phpStudy\PHPTutorial\WWW\sifaju\gt\Application\Home\Controller\ExamController.class.php 第 206 行.
NOTIC: [8] Undefined variable: hall2mp3 C:\phpStudy\PHPTutorial\WWW\sifaju\gt\Application\Home\Controller\ExamController.class.php 第 210 行.
SQL: SHOW COLUMNS FROM `hallimg` [ RunTime:0.0054s ]
SQL: SELECT * FROM `hallimg`  [ RunTime:0.0002s ]
INFO: [ view_parse ] --START--
INFO: [ template_filter ] --START--
INFO: Run Behavior\ContentReplaceBehavior [ RunTime:0.000086s ]
INFO: [ template_filter ] --END-- [ RunTime:0.000135s ]
INFO: Run Behavior\ParseTemplateBehavior [ RunTime:0.007154s ]
INFO: [ view_parse ] --END-- [ RunTime:0.007226s ]
INFO: [ view_filter ] --START--
INFO: Run Behavior\WriteHtmlCacheBehavior [ RunTime:0.000434s ]
INFO: [ view_filter ] --END-- [ RunTime:0.000481s ]
INFO: [ app_end ] --START--
INFO: Run Behavior\ShowPageTraceBehavior [ RunTime:0.000722s ]
INFO: [ app_end ] --END-- [ RunTime:0.000785s ]

[ 2018-09-09T06:48:26+08:00 ] 113.109.121.19 /sifaju/gt/read
INFO: [ app_init ] --START--
INFO: Run Behavior\BuildLiteBehavior [ RunTime:0.000020s ]
INFO: [ app_init ] --END-- [ RunTime:0.000391s ]
INFO: [ app_begin ] --START--
INFO: Run Behavior\ReadHtmlCacheBehavior [ RunTime:0.000695s ]
INFO: [ app_begin ] --END-- [ RunTime:0.000764s ]
SQL: SHOW COLUMNS FROM `hall1` [ RunTime:0.0069s ]
SQL: SELECT * FROM `hall1`  [ RunTime:0.0002s ]
NOTIC: [8] Undefined variable: hallimg1 C:\phpStudy\PHPTutorial\WWW\sifaju\gt\Application\Home\Controller\ExamController.class.php 第 184 行.
NOTIC: [8] Undefined variable: hall1mp3 C:\phpStudy\PHPTutorial\WWW\sifaju\gt\Application\Home\Controller\ExamController.class.php 第 188 行.
SQL: SHOW COLUMNS FROM `hall2` [ RunTime:0.0074s ]
SQL: SELECT * FROM `hall2`  [ RunTime:0.0002s ]
NOTIC: [8] Undefined variable: hallimg2 C:\phpStudy\PHPTutorial\WWW\sifaju\gt\Application\Home\Controller\ExamController.class.php 第 206 行.
NOTIC: [8] Undefined variable: hall2mp3 C:\phpStudy\PHPTutorial\WWW\sifaju\gt\Application\Home\Controller\ExamController.class.php 第 210 行.
SQL: SHOW COLUMNS FROM `hallimg` [ RunTime:0.0031s ]
SQL: SELECT * FROM `hallimg`  [ RunTime:0.0002s ]
INFO: [ view_parse ] --START--
INFO: [ template_filter ] --START--
INFO: Run Behavior\ContentReplaceBehavior [ RunTime:0.000089s ]
INFO: [ template_filter ] --END-- [ RunTime:0.000144s ]
INFO: Run Behavior\ParseTemplateBehavior [ RunTime:0.007616s ]
INFO: [ view_parse ] --END-- [ RunTime:0.007695s ]
INFO: [ view_filter ] --START--
INFO: Run Behavior\WriteHtmlCacheBehavior [ RunTime:0.000434s ]
INFO: [ view_filter ] --END-- [ RunTime:0.000487s ]
INFO: [ app_end ] --START--
INFO: Run Behavior\ShowPageTraceBehavior [ RunTime:0.000729s ]
INFO: [ app_end ] --END-- [ RunTime:0.000793s ]

[ 2018-09-09T06:49:27+08:00 ] 113.109.121.19 /sifaju/gt/
INFO: [ app_init ] --START--
INFO: Run Behavior\BuildLiteBehavior [ RunTime:0.000022s ]
INFO: [ app_init ] --END-- [ RunTime:0.000426s ]
INFO: [ app_begin ] --START--
INFO: Run Behavior\ReadHtmlCacheBehavior [ RunTime:0.000624s ]
INFO: [ app_begin ] --END-- [ RunTime:0.000697s ]
SQL: SHOW COLUMNS FROM `studystatus` [ RunTime:0.0051s ]
SQL: SHOW COLUMNS FROM `exam` [ RunTime:0.0030s ]
INFO: [ view_parse ] --START--
INFO: [ template_filter ] --START--
INFO: Run Behavior\ContentReplaceBehavior [ RunTime:0.000136s ]
INFO: [ template_filter ] --END-- [ RunTime:0.000192s ]
INFO: Run Behavior\ParseTemplateBehavior [ RunTime:0.007178s ]
INFO: [ view_parse ] --END-- [ RunTime:0.007245s ]
INFO: [ view_filter ] --START--
INFO: Run Behavior\WriteHtmlCacheBehavior [ RunTime:0.000305s ]
INFO: [ view_filter ] --END-- [ RunTime:0.000349s ]
INFO: [ app_end ] --START--
INFO: Run Behavior\ShowPageTraceBehavior [ RunTime:0.000577s ]
INFO: [ app_end ] --END-- [ RunTime:0.000641s ]

[ 2018-09-09T06:49:56+08:00 ] 113.109.121.19 /sifaju/gt/home/index/login
INFO: [ app_init ] --START--
INFO: Run Behavior\BuildLiteBehavior [ RunTime:0.000019s ]
INFO: [ app_init ] --END-- [ RunTime:0.000343s ]
INFO: [ app_begin ] --START--
INFO: Run Behavior\ReadHtmlCacheBehavior [ RunTime:0.000483s ]
INFO: [ app_begin ] --END-- [ RunTime:0.000544s ]
SQL: SHOW COLUMNS FROM `user` [ RunTime:0.0054s ]
SQL: SELECT * FROM `user` WHERE `user_username` = '555' LIMIT 1   [ RunTime:0.0003s ]

[ 2018-09-09T06:50:14+08:00 ] 113.109.121.19 /sifaju/gt/
INFO: [ app_init ] --START--
INFO: Run Behavior\BuildLiteBehavior [ RunTime:0.000020s ]
INFO: [ app_init ] --END-- [ RunTime:0.000331s ]
INFO: [ app_begin ] --START--
INFO: Run Behavior\ReadHtmlCacheBehavior [ RunTime:0.000492s ]
INFO: [ app_begin ] --END-- [ RunTime:0.000552s ]
SQL: SHOW COLUMNS FROM `studystatus` [ RunTime:0.0049s ]
SQL: SHOW COLUMNS FROM `exam` [ RunTime:0.0033s ]
INFO: [ view_parse ] --START--
INFO: [ template_filter ] --START--
INFO: Run Behavior\ContentReplaceBehavior [ RunTime:0.000125s ]
INFO: [ template_filter ] --END-- [ RunTime:0.000188s ]
INFO: Run Behavior\ParseTemplateBehavior [ RunTime:0.007223s ]
INFO: [ view_parse ] --END-- [ RunTime:0.007291s ]
INFO: [ view_filter ] --START--
INFO: Run Behavior\WriteHtmlCacheBehavior [ RunTime:0.000267s ]
INFO: [ view_filter ] --END-- [ RunTime:0.000312s ]
INFO: [ app_end ] --START--
INFO: Run Behavior\ShowPageTraceBehavior [ RunTime:0.000545s ]
INFO: [ app_end ] --END-- [ RunTime:0.000596s ]

[ 2018-09-09T06:50:40+08:00 ] 113.109.121.19 /sifaju/gt/home/index/login
INFO: [ app_init ] --START--
INFO: Run Behavior\BuildLiteBehavior [ RunTime:0.000020s ]
INFO: [ app_init ] --END-- [ RunTime:0.000343s ]
INFO: [ app_begin ] --START--
INFO: Run Behavior\ReadHtmlCacheBehavior [ RunTime:0.000495s ]
INFO: [ app_begin ] --END-- [ RunTime:0.000552s ]
SQL: SHOW COLUMNS FROM `user` [ RunTime:0.0089s ]
SQL: SELECT * FROM `user` WHERE `user_username` = '555' LIMIT 1   [ RunTime:0.0003s ]

[ 2018-09-09T06:50:46+08:00 ] 113.109.121.19 /sifaju/gt/exam
INFO: [ app_init ] --START--
INFO: Run Behavior\BuildLiteBehavior [ RunTime:0.000021s ]
INFO: [ app_init ] --END-- [ RunTime:0.000349s ]
INFO: [ app_begin ] --START--
INFO: Run Behavior\ReadHtmlCacheBehavior [ RunTime:0.000510s ]
INFO: [ app_begin ] --END-- [ RunTime:0.000570s ]
SQL: SHOW COLUMNS FROM `user` [ RunTime:0.0071s ]
SQL: SELECT `user_img` FROM `user` WHERE `user_id` = 33 LIMIT 1   [ RunTime:0.0002s ]
SQL: SELECT `ting1img` FROM `user` WHERE `user_id` = 33 LIMIT 1   [ RunTime:0.0001s ]
SQL: SELECT `ting2img` FROM `user` WHERE `user_id` = 33 LIMIT 1   [ RunTime:0.0001s ]
SQL: SELECT `examstatus` FROM `user` WHERE `user_id` = 33 LIMIT 1   [ RunTime:0.0001s ]
SQL: SHOW COLUMNS FROM `hall1` [ RunTime:0.0082s ]
SQL: SELECT * FROM `hall1`  [ RunTime:0.0002s ]
NOTIC: [8] Undefined variable: hallimg1 C:\phpStudy\PHPTutorial\WWW\sifaju\gt\Application\Home\Controller\ExamController.class.php 第 184 行.
NOTIC: [8] Undefined variable: hall1mp3 C:\phpStudy\PHPTutorial\WWW\sifaju\gt\Application\Home\Controller\ExamController.class.php 第 188 行.
SQL: SHOW COLUMNS FROM `hall2` [ RunTime:0.0067s ]
SQL: SELECT * FROM `hall2`  [ RunTime:0.0002s ]
NOTIC: [8] Undefined variable: hallimg2 C:\phpStudy\PHPTutorial\WWW\sifaju\gt\Application\Home\Controller\ExamController.class.php 第 206 行.
NOTIC: [8] Undefined variable: hall2mp3 C:\phpStudy\PHPTutorial\WWW\sifaju\gt\Application\Home\Controller\ExamController.class.php 第 210 行.
SQL: SHOW COLUMNS FROM `hallimg` [ RunTime:0.0030s ]
SQL: SELECT * FROM `hallimg`  [ RunTime:0.0002s ]
SQL: SHOW COLUMNS FROM `exam` [ RunTime:0.0029s ]
SQL: SELECT `tm_n1` FROM `exam` WHERE ( user_id=33 ) LIMIT 1   [ RunTime:0.0002s ]
SQL: SELECT `tm_n2` FROM `exam` WHERE ( user_id=33 ) LIMIT 1   [ RunTime:0.0001s ]
SQL: SHOW COLUMNS FROM `judge` [ RunTime:0.0057s ]
SQL: SELECT * FROM `judge`  [ RunTime:0.0002s ]
SQL: SHOW COLUMNS FROM `choice` [ RunTime:0.0046s ]
SQL: SELECT * FROM `choice`  [ RunTime:0.0002s ]
INFO: [ view_parse ] --START--
INFO: [ template_filter ] --START--
INFO: Run Behavior\ContentReplaceBehavior [ RunTime:0.000228s ]
INFO: [ template_filter ] --END-- [ RunTime:0.000281s ]
NOTIC: [8] Undefined index: choice_true C:\phpStudy\PHPTutorial\WWW\sifaju\gt\Application\Runtime\Cache\Home\d750603422ebf58b034b899f4ea0ac02.php 第 339 行.
NOTIC: [8] Undefined index: choice_content C:\phpStudy\PHPTutorial\WWW\sifaju\gt\Application\Runtime\Cache\Home\d750603422ebf58b034b899f4ea0ac02.php 第 347 行.
NOTIC: [8] Undefined index: choice_a C:\phpStudy\PHPTutorial\WWW\sifaju\gt\Application\Runtime\Cache\Home\d750603422ebf58b034b899f4ea0ac02.php 第 350 行.
NOTIC: [8] Undefined index: choice_b C:\phpStudy\PHPTutorial\WWW\sifaju\gt\Application\Runtime\Cache\Home\d750603422ebf58b034b899f4ea0ac02.php 第 351 行.
NOTIC: [8] Undefined index: choice_c C:\phpStudy\PHPTutorial\WWW\sifaju\gt\Application\Runtime\Cache\Home\d750603422ebf58b034b899f4ea0ac02.php 第 352 行.
NOTIC: [8] Undefined index: choice_true C:\phpStudy\PHPTutorial\WWW\sifaju\gt\Application\Runtime\Cache\Home\d750603422ebf58b034b899f4ea0ac02.php 第 373 行.
NOTIC: [8] Undefined index: choice_content C:\phpStudy\PHPTutorial\WWW\sifaju\gt\Application\Runtime\Cache\Home\d750603422ebf58b034b899f4ea0ac02.php 第 379 行.
NOTIC: [8] Undefined index: choice_a C:\phpStudy\PHPTutorial\WWW\sifaju\gt\Application\Runtime\Cache\Home\d750603422ebf58b034b899f4ea0ac02.php 第 382 行.
NOTIC: [8] Undefined index: choice_b C:\phpStudy\PHPTutorial\WWW\sifaju\gt\Application\Runtime\Cache\Home\d750603422ebf58b034b899f4ea0ac02.php 第 383 行.
NOTIC: [8] Undefined index: choice_c C:\phpStudy\PHPTutorial\WWW\sifaju\gt\Application\Runtime\Cache\Home\d750603422ebf58b034b899f4ea0ac02.php 第 384 行.
INFO: Run Behavior\ParseTemplateBehavior [ RunTime:0.010193s ]
INFO: [ view_parse ] --END-- [ RunTime:0.010248s ]
INFO: [ view_filter ] --START--
INFO: Run Behavior\WriteHtmlCacheBehavior [ RunTime:0.000259s ]
INFO: [ view_filter ] --END-- [ RunTime:0.000307s ]
INFO: [ app_end ] --START--
INFO: Run Behavior\ShowPageTraceBehavior [ RunTime:0.000511s ]
INFO: [ app_end ] --END-- [ RunTime:0.000562s ]

[ 2018-09-09T06:50:47+08:00 ] 113.109.121.19 /sifaju/gt/exam
INFO: [ app_init ] --START--
INFO: Run Behavior\BuildLiteBehavior [ RunTime:0.000019s ]
INFO: [ app_init ] --END-- [ RunTime:0.000335s ]
INFO: [ app_begin ] --START--
INFO: Run Behavior\ReadHtmlCacheBehavior [ RunTime:0.000497s ]
INFO: [ app_begin ] --END-- [ RunTime:0.000561s ]
SQL: SHOW COLUMNS FROM `user` [ RunTime:0.0092s ]
SQL: SELECT `user_img` FROM `user` WHERE `user_id` = 33 LIMIT 1   [ RunTime:0.0002s ]
SQL: SELECT `ting1img` FROM `user` WHERE `user_id` = 33 LIMIT 1   [ RunTime:0.0002s ]
SQL: SELECT `ting2img` FROM `user` WHERE `user_id` = 33 LIMIT 1   [ RunTime:0.0001s ]
SQL: SELECT `examstatus` FROM `user` WHERE `user_id` = 33 LIMIT 1   [ RunTime:0.0001s ]
SQL: SHOW COLUMNS FROM `hall1` [ RunTime:0.0064s ]
SQL: SELECT * FROM `hall1`  [ RunTime:0.0002s ]
NOTIC: [8] Undefined variable: hallimg1 C:\phpStudy\PHPTutorial\WWW\sifaju\gt\Application\Home\Controller\ExamController.class.php 第 184 行.
NOTIC: [8] Undefined variable: hall1mp3 C:\phpStudy\PHPTutorial\WWW\sifaju\gt\Application\Home\Controller\ExamController.class.php 第 188 行.
SQL: SHOW COLUMNS FROM `hall2` [ RunTime:0.0058s ]
SQL: SELECT * FROM `hall2`  [ RunTime:0.0002s ]
NOTIC: [8] Undefined variable: hallimg2 C:\phpStudy\PHPTutorial\WWW\sifaju\gt\Application\Home\Controller\ExamController.class.php 第 206 行.
NOTIC: [8] Undefined variable: hall2mp3 C:\phpStudy\PHPTutorial\WWW\sifaju\gt\Application\Home\Controller\ExamController.class.php 第 210 行.
SQL: SHOW COLUMNS FROM `hallimg` [ RunTime:0.0041s ]
SQL: SELECT * FROM `hallimg`  [ RunTime:0.0002s ]
SQL: SHOW COLUMNS FROM `exam` [ RunTime:0.0027s ]
SQL: SELECT `tm_n1` FROM `exam` WHERE ( user_id=33 ) LIMIT 1   [ RunTime:0.0002s ]
SQL: SELECT `tm_n2` FROM `exam` WHERE ( user_id=33 ) LIMIT 1   [ RunTime:0.0001s ]
SQL: SHOW COLUMNS FROM `judge` [ RunTime:0.0055s ]
SQL: SELECT * FROM `judge`  [ RunTime:0.0002s ]
SQL: SHOW COLUMNS FROM `choice` [ RunTime:0.0044s ]
SQL: SELECT * FROM `choice`  [ RunTime:0.0002s ]
INFO: [ view_parse ] --START--
INFO: [ template_filter ] --START--
INFO: Run Behavior\ContentReplaceBehavior [ RunTime:0.000237s ]
INFO: [ template_filter ] --END-- [ RunTime:0.000297s ]
NOTIC: [8] Undefined index: choice_true C:\phpStudy\PHPTutorial\WWW\sifaju\gt\Application\Runtime\Cache\Home\d750603422ebf58b034b899f4ea0ac02.php 第 339 行.
NOTIC: [8] Undefined index: choice_content C:\phpStudy\PHPTutorial\WWW\sifaju\gt\Application\Runtime\Cache\Home\d750603422ebf58b034b899f4ea0ac02.php 第 347 行.
NOTIC: [8] Undefined index: choice_a C:\phpStudy\PHPTutorial\WWW\sifaju\gt\Application\Runtime\Cache\Home\d750603422ebf58b034b899f4ea0ac02.php 第 350 行.
NOTIC: [8] Undefined index: choice_b C:\phpStudy\PHPTutorial\WWW\sifaju\gt\Application\Runtime\Cache\Home\d750603422ebf58b034b899f4ea0ac02.php 第 351 行.
NOTIC: [8] Undefined index: choice_c C:\phpStudy\PHPTutorial\WWW\sifaju\gt\Application\Runtime\Cache\Home\d750603422ebf58b034b899f4ea0ac02.php 第 352 行.
NOTIC: [8] Undefined index: judge_true C:\phpStudy\PHPTutorial\WWW\sifaju\gt\Application\Runtime\Cache\Home\d750603422ebf58b034b899f4ea0ac02.php 第 374 行.
NOTIC: [8] Undefined index: judge_content C:\phpStudy\PHPTutorial\WWW\sifaju\gt\Application\Runtime\Cache\Home\d750603422ebf58b034b899f4ea0ac02.php 第 393 行.
INFO: Run Behavior\ParseTemplateBehavior [ RunTime:0.010254s ]
INFO: [ view_parse ] --END-- [ RunTime:0.010310s ]
INFO: [ view_filter ] --START--
INFO: Run Behavior\WriteHtmlCacheBehavior [ RunTime:0.000236s ]
INFO: [ view_filter ] --END-- [ RunTime:0.000278s ]
INFO: [ app_end ] --START--
INFO: Run Behavior\ShowPageTraceBehavior [ RunTime:0.000507s ]
INFO: [ app_end ] --END-- [ RunTime:0.000558s ]

[ 2018-09-09T06:51:06+08:00 ] 113.109.121.19 /sifaju/gt/Exam/text.html
INFO: [ app_init ] --START--
INFO: Run Behavior\BuildLiteBehavior [ RunTime:0.000023s ]
INFO: [ app_init ] --END-- [ RunTime:0.000338s ]
INFO: [ app_begin ] --START--
INFO: Run Behavior\ReadHtmlCacheBehavior [ RunTime:0.000486s ]
INFO: [ app_begin ] --END-- [ RunTime:0.000543s ]
SQL: SHOW COLUMNS FROM `exam` [ RunTime:0.0059s ]
SQL: SELECT * FROM `exam` WHERE `user_id` = 33 LIMIT 1   [ RunTime:0.0002s ]

[ 2018-09-09T06:51:18+08:00 ] 113.109.121.19 /sifaju/gt/exam
INFO: [ app_init ] --START--
INFO: Run Behavior\BuildLiteBehavior [ RunTime:0.000021s ]
INFO: [ app_init ] --END-- [ RunTime:0.000338s ]
INFO: [ app_begin ] --START--
INFO: Run Behavior\ReadHtmlCacheBehavior [ RunTime:0.000541s ]
INFO: [ app_begin ] --END-- [ RunTime:0.000604s ]
SQL: SHOW COLUMNS FROM `user` [ RunTime:0.0051s ]
SQL: SELECT `user_img` FROM `user` WHERE `user_id` = 33 LIMIT 1   [ RunTime:0.0002s ]
SQL: SELECT `ting1img` FROM `user` WHERE `user_id` = 33 LIMIT 1   [ RunTime:0.0001s ]
SQL: SELECT `ting2img` FROM `user` WHERE `user_id` = 33 LIMIT 1   [ RunTime:0.0001s ]
SQL: SELECT `examstatus` FROM `user` WHERE `user_id` = 33 LIMIT 1   [ RunTime:0.0001s ]
SQL: SHOW COLUMNS FROM `hall1` [ RunTime:0.0069s ]
SQL: SELECT * FROM `hall1`  [ RunTime:0.0002s ]
NOTIC: [8] Undefined variable: hallimg1 C:\phpStudy\PHPTutorial\WWW\sifaju\gt\Application\Home\Controller\ExamController.class.php 第 184 行.
NOTIC: [8] Undefined variable: hall1mp3 C:\phpStudy\PHPTutorial\WWW\sifaju\gt\Application\Home\Controller\ExamController.class.php 第 188 行.
SQL: SHOW COLUMNS FROM `hall2` [ RunTime:0.0080s ]
SQL: SELECT * FROM `hall2`  [ RunTime:0.0002s ]
NOTIC: [8] Undefined variable: hallimg2 C:\phpStudy\PHPTutorial\WWW\sifaju\gt\Application\Home\Controller\ExamController.class.php 第 206 行.
NOTIC: [8] Undefined variable: hall2mp3 C:\phpStudy\PHPTutorial\WWW\sifaju\gt\Application\Home\Controller\ExamController.class.php 第 210 行.
SQL: SHOW COLUMNS FROM `hallimg` [ RunTime:0.0030s ]
SQL: SELECT * FROM `hallimg`  [ RunTime:0.0002s ]
SQL: SHOW COLUMNS FROM `exam` [ RunTime:0.0050s ]
SQL: SELECT `tm_n1` FROM `exam` WHERE ( user_id=33 ) LIMIT 1   [ RunTime:0.0002s ]
SQL: SELECT `tm_n2` FROM `exam` WHERE ( user_id=33 ) LIMIT 1   [ RunTime:0.0001s ]
SQL: SHOW COLUMNS FROM `judge` [ RunTime:0.0046s ]
SQL: SELECT * FROM `judge`  [ RunTime:0.0002s ]
SQL: SHOW COLUMNS FROM `choice` [ RunTime:0.0118s ]
SQL: SELECT * FROM `choice`  [ RunTime:0.0002s ]
INFO: [ view_parse ] --START--
INFO: [ template_filter ] --START--
INFO: Run Behavior\ContentReplaceBehavior [ RunTime:0.000228s ]
INFO: [ template_filter ] --END-- [ RunTime:0.000281s ]
NOTIC: [8] Undefined index: judge_true C:\phpStudy\PHPTutorial\WWW\sifaju\gt\Application\Runtime\Cache\Home\d750603422ebf58b034b899f4ea0ac02.php 第 340 行.
NOTIC: [8] Undefined index: judge_content C:\phpStudy\PHPTutorial\WWW\sifaju\gt\Application\Runtime\Cache\Home\d750603422ebf58b034b899f4ea0ac02.php 第 361 行.
NOTIC: [8] Undefined index: judge_true C:\phpStudy\PHPTutorial\WWW\sifaju\gt\Application\Runtime\Cache\Home\d750603422ebf58b034b899f4ea0ac02.php 第 374 行.
NOTIC: [8] Undefined index: judge_content C:\phpStudy\PHPTutorial\WWW\sifaju\gt\Application\Runtime\Cache\Home\d750603422ebf58b034b899f4ea0ac02.php 第 393 行.
INFO: Run Behavior\ParseTemplateBehavior [ RunTime:0.010056s ]
INFO: [ view_parse ] --END-- [ RunTime:0.010114s ]
INFO: [ view_filter ] --START--
INFO: Run Behavior\WriteHtmlCacheBehavior [ RunTime:0.000239s ]
INFO: [ view_filter ] --END-- [ RunTime:0.000282s ]
INFO: [ app_end ] --START--
INFO: Run Behavior\ShowPageTraceBehavior [ RunTime:0.000509s ]
INFO: [ app_end ] --END-- [ RunTime:0.000561s ]

[ 2018-09-09T06:51:19+08:00 ] 113.109.121.19 /sifaju/gt/exam
INFO: [ app_init ] --START--
INFO: Run Behavior\BuildLiteBehavior [ RunTime:0.000019s ]
INFO: [ app_init ] --END-- [ RunTime:0.000333s ]
INFO: [ app_begin ] --START--
INFO: Run Behavior\ReadHtmlCacheBehavior [ RunTime:0.000488s ]
INFO: [ app_begin ] --END-- [ RunTime:0.000547s ]
SQL: SHOW COLUMNS FROM `user` [ RunTime:0.0072s ]
SQL: SELECT `user_img` FROM `user` WHERE `user_id` = 33 LIMIT 1   [ RunTime:0.0002s ]
SQL: SELECT `ting1img` FROM `user` WHERE `user_id` = 33 LIMIT 1   [ RunTime:0.0001s ]
SQL: SELECT `ting2img` FROM `user` WHERE `user_id` = 33 LIMIT 1   [ RunTime:0.0002s ]
SQL: SELECT `examstatus` FROM `user` WHERE `user_id` = 33 LIMIT 1   [ RunTime:0.0001s ]
SQL: SHOW COLUMNS FROM `hall1` [ RunTime:0.0064s ]
SQL: SELECT * FROM `hall1`  [ RunTime:0.0002s ]
NOTIC: [8] Undefined variable: hallimg1 C:\phpStudy\PHPTutorial\WWW\sifaju\gt\Application\Home\Controller\ExamController.class.php 第 184 行.
NOTIC: [8] Undefined variable: hall1mp3 C:\phpStudy\PHPTutorial\WWW\sifaju\gt\Application\Home\Controller\ExamController.class.php 第 188 行.
SQL: SHOW COLUMNS FROM `hall2` [ RunTime:0.0111s ]
SQL: SELECT * FROM `hall2`  [ RunTime:0.0002s ]
NOTIC: [8] Undefined variable: hallimg2 C:\phpStudy\PHPTutorial\WWW\sifaju\gt\Application\Home\Controller\ExamController.class.php 第 206 行.
NOTIC: [8] Undefined variable: hall2mp3 C:\phpStudy\PHPTutorial\WWW\sifaju\gt\Application\Home\Controller\ExamController.class.php 第 210 行.
SQL: SHOW COLUMNS FROM `hallimg` [ RunTime:0.0081s ]
SQL: SELECT * FROM `hallimg`  [ RunTime:0.0002s ]
SQL: SHOW COLUMNS FROM `exam` [ RunTime:0.0030s ]
SQL: SELECT `tm_n1` FROM `exam` WHERE ( user_id=33 ) LIMIT 1   [ RunTime:0.0003s ]
SQL: SELECT `tm_n2` FROM `exam` WHERE ( user_id=33 ) LIMIT 1   [ RunTime:0.0001s ]
SQL: SHOW COLUMNS FROM `judge` [ RunTime:0.0064s ]
SQL: SELECT * FROM `judge`  [ RunTime:0.0002s ]
SQL: SHOW COLUMNS FROM `choice` [ RunTime:0.0062s ]
SQL: SELECT * FROM `choice`  [ RunTime:0.0002s ]
INFO: [ view_parse ] --START--
INFO: [ template_filter ] --START--
INFO: Run Behavior\ContentReplaceBehavior [ RunTime:0.000237s ]
INFO: [ template_filter ] --END-- [ RunTime:0.000290s ]
NOTIC: [8] Undefined index: choice_true C:\phpStudy\PHPTutorial\WWW\sifaju\gt\Application\Runtime\Cache\Home\d750603422ebf58b034b899f4ea0ac02.php 第 339 行.
NOTIC: [8] Undefined index: choice_content C:\phpStudy\PHPTutorial\WWW\sifaju\gt\Application\Runtime\Cache\Home\d750603422ebf58b034b899f4ea0ac02.php 第 347 行.
NOTIC: [8] Undefined index: choice_a C:\phpStudy\PHPTutorial\WWW\sifaju\gt\Application\Runtime\Cache\Home\d750603422ebf58b034b899f4ea0ac02.php 第 350 行.
NOTIC: [8] Undefined index: choice_b C:\phpStudy\PHPTutorial\WWW\sifaju\gt\Application\Runtime\Cache\Home\d750603422ebf58b034b899f4ea0ac02.php 第 351 行.
NOTIC: [8] Undefined index: choice_c C:\phpStudy\PHPTutorial\WWW\sifaju\gt\Application\Runtime\Cache\Home\d750603422ebf58b034b899f4ea0ac02.php 第 352 行.
NOTIC: [8] Undefined index: judge_true C:\phpStudy\PHPTutorial\WWW\sifaju\gt\Application\Runtime\Cache\Home\d750603422ebf58b034b899f4ea0ac02.php 第 374 行.
NOTIC: [8] Undefined index: judge_content C:\phpStudy\PHPTutorial\WWW\sifaju\gt\Application\Runtime\Cache\Home\d750603422ebf58b034b899f4ea0ac02.php 第 393 行.
INFO: Run Behavior\ParseTemplateBehavior [ RunTime:0.010162s ]
INFO: [ view_parse ] --END-- [ RunTime:0.010218s ]
INFO: [ view_filter ] --START--
INFO: Run Behavior\WriteHtmlCacheBehavior [ RunTime:0.000247s ]
INFO: [ view_filter ] --END-- [ RunTime:0.000299s ]
INFO: [ app_end ] --START--
INFO: Run Behavior\ShowPageTraceBehavior [ RunTime:0.000545s ]
INFO: [ app_end ] --END-- [ RunTime:0.000597s ]

[ 2018-09-09T06:51:44+08:00 ] 113.109.121.19 /sifaju/gt/Exam/text.html
INFO: [ app_init ] --START--
INFO: Run Behavior\BuildLiteBehavior [ RunTime:0.000021s ]
INFO: [ app_init ] --END-- [ RunTime:0.000390s ]
INFO: [ app_begin ] --START--
INFO: Run Behavior\ReadHtmlCacheBehavior [ RunTime:0.000695s ]
INFO: [ app_begin ] --END-- [ RunTime:0.000753s ]
SQL: SHOW COLUMNS FROM `exam` [ RunTime:0.0036s ]
SQL: SELECT * FROM `exam` WHERE `user_id` = 33 LIMIT 1   [ RunTime:0.0002s ]

[ 2018-09-09T06:51:56+08:00 ] 113.109.121.19 /sifaju/gt/Exam/text.html
INFO: [ app_init ] --START--
INFO: Run Behavior\BuildLiteBehavior [ RunTime:0.000022s ]
INFO: [ app_init ] --END-- [ RunTime:0.000465s ]
INFO: [ app_begin ] --START--
INFO: Run Behavior\ReadHtmlCacheBehavior [ RunTime:0.000673s ]
INFO: [ app_begin ] --END-- [ RunTime:0.000733s ]
SQL: SHOW COLUMNS FROM `exam` [ RunTime:0.0051s ]
SQL: SELECT * FROM `exam` WHERE `user_id` = 33 LIMIT 1   [ RunTime:0.0003s ]

[ 2018-09-09T06:51:59+08:00 ] 113.109.121.19 /sifaju/gt/Exam/text.html
INFO: [ app_init ] --START--
INFO: Run Behavior\BuildLiteBehavior [ RunTime:0.000022s ]
INFO: [ app_init ] --END-- [ RunTime:0.000401s ]
INFO: [ app_begin ] --START--
INFO: Run Behavior\ReadHtmlCacheBehavior [ RunTime:0.000667s ]
INFO: [ app_begin ] --END-- [ RunTime:0.000736s ]
SQL: SHOW COLUMNS FROM `exam` [ RunTime:0.0036s ]
SQL: SELECT * FROM `exam` WHERE `user_id` = 33 LIMIT 1   [ RunTime:0.0002s ]

[ 2018-09-09T06:52:00+08:00 ] 113.109.121.19 /sifaju/gt/Exam/text.html
INFO: [ app_init ] --START--
INFO: Run Behavior\BuildLiteBehavior [ RunTime:0.000021s ]
INFO: [ app_init ] --END-- [ RunTime:0.000402s ]
INFO: [ app_begin ] --START--
INFO: Run Behavior\ReadHtmlCacheBehavior [ RunTime:0.000673s ]
INFO: [ app_begin ] --END-- [ RunTime:0.000731s ]
SQL: SHOW COLUMNS FROM `exam` [ RunTime:0.0037s ]
SQL: SELECT * FROM `exam` WHERE `user_id` = 33 LIMIT 1   [ RunTime:0.0002s ]

