[ 2018-05-23T14:50:23+08:00 ] ::1 /shiji/
INFO: [ app_init ] --START--
INFO: Run Behavior\BuildLiteBehavior [ RunTime:0.000015s ]
INFO: [ app_init ] --END-- [ RunTime:0.035483s ]
INFO: [ app_begin ] --START--
INFO: Run Behavior\ReadHtmlCacheBehavior [ RunTime:0.011286s ]
INFO: [ app_begin ] --END-- [ RunTime:0.011372s ]
INFO: [ view_parse ] --START--
INFO: [ template_filter ] --START--
INFO: Run Behavior\ContentReplaceBehavior [ RunTime:0.020163s ]
INFO: [ template_filter ] --END-- [ RunTime:0.020253s ]
INFO: Run Behavior\ParseTemplateBehavior [ RunTime:0.143112s ]
INFO: [ view_parse ] --END-- [ RunTime:0.143179s ]
INFO: [ view_filter ] --START--
INFO: Run Behavior\WriteHtmlCacheBehavior [ RunTime:0.011172s ]
INFO: [ view_filter ] --END-- [ RunTime:0.011216s ]
INFO: [ app_end ] --START--
INFO: Run Behavior\ShowPageTraceBehavior [ RunTime:0.087478s ]
INFO: [ app_end ] --END-- [ RunTime:0.087570s ]

[ 2018-05-23T14:50:35+08:00 ] ::1 /shiji/Product/shop_list.html
INFO: [ app_init ] --START--
INFO: Run Behavior\BuildLiteBehavior [ RunTime:0.000011s ]
INFO: [ app_init ] --END-- [ RunTime:0.000425s ]
INFO: [ app_begin ] --START--
INFO: Run Behavior\ReadHtmlCacheBehavior [ RunTime:0.000500s ]
INFO: [ app_begin ] --END-- [ RunTime:0.000549s ]
SQL: SHOW COLUMNS FROM `product` [ RunTime:0.0781s ]
SQL: SELECT * FROM `product` WHERE `product_name` LIKE '%ssss%' LIMIT 0,28   [ RunTime:0.0589s ]
SQL: SELECT * FROM `product` WHERE `product_name` LIKE '%ssss%' ORDER BY product_sales desc LIMIT 0,28   [ RunTime:0.0003s ]
SQL: SELECT * FROM `product` WHERE `product_name` LIKE '%ssss%' ORDER BY product_comments desc LIMIT 0,28   [ RunTime:0.0004s ]
SQL: SELECT * FROM `product` WHERE `product_name` LIKE '%ssss%' ORDER BY product_min desc LIMIT 0,28   [ RunTime:0.0003s ]
SQL: SELECT COUNT(*) AS tp_count FROM `product` LIMIT 1   [ RunTime:0.0028s ]
INFO: [ view_parse ] --START--
INFO: [ template_filter ] --START--
INFO: Run Behavior\ContentReplaceBehavior [ RunTime:0.000161s ]
INFO: [ template_filter ] --END-- [ RunTime:0.000216s ]
INFO: Run Behavior\ParseTemplateBehavior [ RunTime:0.094477s ]
INFO: [ view_parse ] --END-- [ RunTime:0.094531s ]
INFO: [ view_filter ] --START--
INFO: Run Behavior\WriteHtmlCacheBehavior [ RunTime:0.000354s ]
INFO: [ view_filter ] --END-- [ RunTime:0.000384s ]
INFO: [ app_end ] --START--
INFO: Run Behavior\ShowPageTraceBehavior [ RunTime:0.000566s ]
INFO: [ app_end ] --END-- [ RunTime:0.000638s ]

[ 2018-05-23T14:50:48+08:00 ] ::1 /shiji/Product/shop_list/p/2.html
INFO: [ app_init ] --START--
INFO: Run Behavior\BuildLiteBehavior [ RunTime:0.000011s ]
INFO: [ app_init ] --END-- [ RunTime:0.000417s ]
INFO: [ app_begin ] --START--
INFO: Run Behavior\ReadHtmlCacheBehavior [ RunTime:0.000479s ]
INFO: [ app_begin ] --END-- [ RunTime:0.000582s ]
SQL: SHOW COLUMNS FROM `product` [ RunTime:0.0097s ]
SQL: SELECT * FROM `product` LIMIT 28,28   [ RunTime:0.0009s ]
NOTIC: [8] Undefined index: thumb D:\XAMPP\htdocs\shiji\Application\Home\Controller\ProductController.class.php 第 72 行.
NOTIC: [8] Undefined index: thumb D:\XAMPP\htdocs\shiji\Application\Home\Controller\ProductController.class.php 第 72 行.
NOTIC: [8] Undefined index: thumb D:\XAMPP\htdocs\shiji\Application\Home\Controller\ProductController.class.php 第 72 行.
NOTIC: [8] Undefined index: thumb D:\XAMPP\htdocs\shiji\Application\Home\Controller\ProductController.class.php 第 72 行.
NOTIC: [8] Undefined index: thumb D:\XAMPP\htdocs\shiji\Application\Home\Controller\ProductController.class.php 第 72 行.
NOTIC: [8] Undefined index: thumb D:\XAMPP\htdocs\shiji\Application\Home\Controller\ProductController.class.php 第 72 行.
NOTIC: [8] Undefined index: thumb D:\XAMPP\htdocs\shiji\Application\Home\Controller\ProductController.class.php 第 72 行.
NOTIC: [8] Undefined index: thumb D:\XAMPP\htdocs\shiji\Application\Home\Controller\ProductController.class.php 第 72 行.
NOTIC: [8] Undefined index: thumb D:\XAMPP\htdocs\shiji\Application\Home\Controller\ProductController.class.php 第 72 行.
NOTIC: [8] Undefined index: thumb D:\XAMPP\htdocs\shiji\Application\Home\Controller\ProductController.class.php 第 72 行.
NOTIC: [8] Undefined index: thumb D:\XAMPP\htdocs\shiji\Application\Home\Controller\ProductController.class.php 第 72 行.
NOTIC: [8] Undefined index: thumb D:\XAMPP\htdocs\shiji\Application\Home\Controller\ProductController.class.php 第 72 行.
NOTIC: [8] Undefined index: thumb D:\XAMPP\htdocs\shiji\Application\Home\Controller\ProductController.class.php 第 72 行.
SQL: SELECT * FROM `product` ORDER BY product_sales desc LIMIT 28,28   [ RunTime:0.0008s ]
NOTIC: [8] Undefined index: thumb D:\XAMPP\htdocs\shiji\Application\Home\Controller\ProductController.class.php 第 78 行.
NOTIC: [8] Undefined index: thumb D:\XAMPP\htdocs\shiji\Application\Home\Controller\ProductController.class.php 第 78 行.
NOTIC: [8] Undefined index: thumb D:\XAMPP\htdocs\shiji\Application\Home\Controller\ProductController.class.php 第 78 行.
NOTIC: [8] Undefined index: thumb D:\XAMPP\htdocs\shiji\Application\Home\Controller\ProductController.class.php 第 78 行.
NOTIC: [8] Undefined index: thumb D:\XAMPP\htdocs\shiji\Application\Home\Controller\ProductController.class.php 第 78 行.
NOTIC: [8] Undefined index: thumb D:\XAMPP\htdocs\shiji\Application\Home\Controller\ProductController.class.php 第 78 行.
NOTIC: [8] Undefined index: thumb D:\XAMPP\htdocs\shiji\Application\Home\Controller\ProductController.class.php 第 78 行.
NOTIC: [8] Undefined index: thumb D:\XAMPP\htdocs\shiji\Application\Home\Controller\ProductController.class.php 第 78 行.
NOTIC: [8] Undefined index: thumb D:\XAMPP\htdocs\shiji\Application\Home\Controller\ProductController.class.php 第 78 行.
NOTIC: [8] Undefined index: thumb D:\XAMPP\htdocs\shiji\Application\Home\Controller\ProductController.class.php 第 78 行.
NOTIC: [8] Undefined index: thumb D:\XAMPP\htdocs\shiji\Application\Home\Controller\ProductController.class.php 第 78 行.
NOTIC: [8] Undefined index: thumb D:\XAMPP\htdocs\shiji\Application\Home\Controller\ProductController.class.php 第 78 行.
NOTIC: [8] Undefined index: thumb D:\XAMPP\htdocs\shiji\Application\Home\Controller\ProductController.class.php 第 78 行.
SQL: SELECT * FROM `product` ORDER BY product_comments desc LIMIT 28,28   [ RunTime:0.0008s ]
SQL: SELECT * FROM `product` ORDER BY product_min desc LIMIT 28,28   [ RunTime:0.0007s ]
NOTIC: [8] Undefined index: thumb D:\XAMPP\htdocs\shiji\Application\Home\Controller\ProductController.class.php 第 90 行.
NOTIC: [8] Undefined index: thumb D:\XAMPP\htdocs\shiji\Application\Home\Controller\ProductController.class.php 第 90 行.
NOTIC: [8] Undefined index: thumb D:\XAMPP\htdocs\shiji\Application\Home\Controller\ProductController.class.php 第 90 行.
NOTIC: [8] Undefined index: thumb D:\XAMPP\htdocs\shiji\Application\Home\Controller\ProductController.class.php 第 90 行.
NOTIC: [8] Undefined index: thumb D:\XAMPP\htdocs\shiji\Application\Home\Controller\ProductController.class.php 第 90 行.
NOTIC: [8] Undefined index: thumb D:\XAMPP\htdocs\shiji\Application\Home\Controller\ProductController.class.php 第 90 行.
NOTIC: [8] Undefined index: thumb D:\XAMPP\htdocs\shiji\Application\Home\Controller\ProductController.class.php 第 90 行.
NOTIC: [8] Undefined index: thumb D:\XAMPP\htdocs\shiji\Application\Home\Controller\ProductController.class.php 第 90 行.
NOTIC: [8] Undefined index: thumb D:\XAMPP\htdocs\shiji\Application\Home\Controller\ProductController.class.php 第 90 行.
NOTIC: [8] Undefined index: thumb D:\XAMPP\htdocs\shiji\Application\Home\Controller\ProductController.class.php 第 90 行.
NOTIC: [8] Undefined index: thumb D:\XAMPP\htdocs\shiji\Application\Home\Controller\ProductController.class.php 第 90 行.
NOTIC: [8] Undefined index: thumb D:\XAMPP\htdocs\shiji\Application\Home\Controller\ProductController.class.php 第 90 行.
NOTIC: [8] Undefined index: thumb D:\XAMPP\htdocs\shiji\Application\Home\Controller\ProductController.class.php 第 90 行.
SQL: SELECT COUNT(*) AS tp_count FROM `product` LIMIT 1   [ RunTime:0.0002s ]
INFO: [ view_parse ] --START--
INFO: [ template_filter ] --START--
INFO: Run Behavior\ContentReplaceBehavior [ RunTime:0.000126s ]
INFO: [ template_filter ] --END-- [ RunTime:0.000174s ]
INFO: Run Behavior\ParseTemplateBehavior [ RunTime:0.030217s ]
INFO: [ view_parse ] --END-- [ RunTime:0.030320s ]
INFO: [ view_filter ] --START--
INFO: Run Behavior\WriteHtmlCacheBehavior [ RunTime:0.000677s ]
INFO: [ view_filter ] --END-- [ RunTime:0.000741s ]
INFO: [ app_end ] --START--
INFO: Run Behavior\ShowPageTraceBehavior [ RunTime:0.000624s ]
INFO: [ app_end ] --END-- [ RunTime:0.000675s ]

[ 2018-05-23T14:50:52+08:00 ] ::1 /shiji/Product/shop_list/p/1.html
INFO: [ app_init ] --START--
INFO: Run Behavior\BuildLiteBehavior [ RunTime:0.000011s ]
INFO: [ app_init ] --END-- [ RunTime:0.000400s ]
INFO: [ app_begin ] --START--
INFO: Run Behavior\ReadHtmlCacheBehavior [ RunTime:0.000543s ]
INFO: [ app_begin ] --END-- [ RunTime:0.000639s ]
SQL: SHOW COLUMNS FROM `product` [ RunTime:0.0243s ]
SQL: SELECT * FROM `product` LIMIT 0,28   [ RunTime:0.0006s ]
NOTIC: [8] Undefined index: thumb D:\XAMPP\htdocs\shiji\Application\Home\Controller\ProductController.class.php 第 72 行.
NOTIC: [8] Undefined index: thumb D:\XAMPP\htdocs\shiji\Application\Home\Controller\ProductController.class.php 第 72 行.
NOTIC: [8] Undefined index: thumb D:\XAMPP\htdocs\shiji\Application\Home\Controller\ProductController.class.php 第 72 行.
NOTIC: [8] Undefined index: thumb D:\XAMPP\htdocs\shiji\Application\Home\Controller\ProductController.class.php 第 72 行.
NOTIC: [8] Undefined index: thumb D:\XAMPP\htdocs\shiji\Application\Home\Controller\ProductController.class.php 第 72 行.
NOTIC: [8] Undefined index: thumb D:\XAMPP\htdocs\shiji\Application\Home\Controller\ProductController.class.php 第 72 行.
NOTIC: [8] Undefined index: thumb D:\XAMPP\htdocs\shiji\Application\Home\Controller\ProductController.class.php 第 72 行.
NOTIC: [8] Undefined index: thumb D:\XAMPP\htdocs\shiji\Application\Home\Controller\ProductController.class.php 第 72 行.
NOTIC: [8] Undefined index: thumb D:\XAMPP\htdocs\shiji\Application\Home\Controller\ProductController.class.php 第 72 行.
NOTIC: [8] Undefined index: thumb D:\XAMPP\htdocs\shiji\Application\Home\Controller\ProductController.class.php 第 72 行.
NOTIC: [8] Undefined index: thumb D:\XAMPP\htdocs\shiji\Application\Home\Controller\ProductController.class.php 第 72 行.
NOTIC: [8] Undefined index: thumb D:\XAMPP\htdocs\shiji\Application\Home\Controller\ProductController.class.php 第 72 行.
NOTIC: [8] Undefined index: thumb D:\XAMPP\htdocs\shiji\Application\Home\Controller\ProductController.class.php 第 72 行.
NOTIC: [8] Undefined index: thumb D:\XAMPP\htdocs\shiji\Application\Home\Controller\ProductController.class.php 第 72 行.
NOTIC: [8] Undefined index: thumb D:\XAMPP\htdocs\shiji\Application\Home\Controller\ProductController.class.php 第 72 行.
NOTIC: [8] Undefined index: thumb D:\XAMPP\htdocs\shiji\Application\Home\Controller\ProductController.class.php 第 72 行.
NOTIC: [8] Undefined index: thumb D:\XAMPP\htdocs\shiji\Application\Home\Controller\ProductController.class.php 第 72 行.
NOTIC: [8] Undefined index: thumb D:\XAMPP\htdocs\shiji\Application\Home\Controller\ProductController.class.php 第 72 行.
NOTIC: [8] Undefined index: thumb D:\XAMPP\htdocs\shiji\Application\Home\Controller\ProductController.class.php 第 72 行.
NOTIC: [8] Undefined index: thumb D:\XAMPP\htdocs\shiji\Application\Home\Controller\ProductController.class.php 第 72 行.
NOTIC: [8] Undefined index: thumb D:\XAMPP\htdocs\shiji\Application\Home\Controller\ProductController.class.php 第 72 行.
NOTIC: [8] Undefined index: thumb D:\XAMPP\htdocs\shiji\Application\Home\Controller\ProductController.class.php 第 72 行.
NOTIC: [8] Undefined index: thumb D:\XAMPP\htdocs\shiji\Application\Home\Controller\ProductController.class.php 第 72 行.
NOTIC: [8] Undefined index: thumb D:\XAMPP\htdocs\shiji\Application\Home\Controller\ProductController.class.php 第 72 行.
NOTIC: [8] Undefined index: thumb D:\XAMPP\htdocs\shiji\Application\Home\Controller\ProductController.class.php 第 72 行.
NOTIC: [8] Undefined index: thumb D:\XAMPP\htdocs\shiji\Application\Home\Controller\ProductController.class.php 第 72 行.
NOTIC: [8] Undefined index: thumb D:\XAMPP\htdocs\shiji\Application\Home\Controller\ProductController.class.php 第 72 行.
NOTIC: [8] Undefined index: thumb D:\XAMPP\htdocs\shiji\Application\Home\Controller\ProductController.class.php 第 72 行.
SQL: SELECT * FROM `product` ORDER BY product_sales desc LIMIT 0,28   [ RunTime:0.0011s ]
NOTIC: [8] Undefined index: thumb D:\XAMPP\htdocs\shiji\Application\Home\Controller\ProductController.class.php 第 78 行.
NOTIC: [8] Undefined index: thumb D:\XAMPP\htdocs\shiji\Application\Home\Controller\ProductController.class.php 第 78 行.
NOTIC: [8] Undefined index: thumb D:\XAMPP\htdocs\shiji\Application\Home\Controller\ProductController.class.php 第 78 行.
NOTIC: [8] Undefined index: thumb D:\XAMPP\htdocs\shiji\Application\Home\Controller\ProductController.class.php 第 78 行.
NOTIC: [8] Undefined index: thumb D:\XAMPP\htdocs\shiji\Application\Home\Controller\ProductController.class.php 第 78 行.
NOTIC: [8] Undefined index: thumb D:\XAMPP\htdocs\shiji\Application\Home\Controller\ProductController.class.php 第 78 行.
NOTIC: [8] Undefined index: thumb D:\XAMPP\htdocs\shiji\Application\Home\Controller\ProductController.class.php 第 78 行.
NOTIC: [8] Undefined index: thumb D:\XAMPP\htdocs\shiji\Application\Home\Controller\ProductController.class.php 第 78 行.
NOTIC: [8] Undefined index: thumb D:\XAMPP\htdocs\shiji\Application\Home\Controller\ProductController.class.php 第 78 行.
NOTIC: [8] Undefined index: thumb D:\XAMPP\htdocs\shiji\Application\Home\Controller\ProductController.class.php 第 78 行.
NOTIC: [8] Undefined index: thumb D:\XAMPP\htdocs\shiji\Application\Home\Controller\ProductController.class.php 第 78 行.
NOTIC: [8] Undefined index: thumb D:\XAMPP\htdocs\shiji\Application\Home\Controller\ProductController.class.php 第 78 行.
NOTIC: [8] Undefined index: thumb D:\XAMPP\htdocs\shiji\Application\Home\Controller\ProductController.class.php 第 78 行.
NOTIC: [8] Undefined index: thumb D:\XAMPP\htdocs\shiji\Application\Home\Controller\ProductController.class.php 第 78 行.
NOTIC: [8] Undefined index: thumb D:\XAMPP\htdocs\shiji\Application\Home\Controller\ProductController.class.php 第 78 行.
NOTIC: [8] Undefined index: thumb D:\XAMPP\htdocs\shiji\Application\Home\Controller\ProductController.class.php 第 78 行.
NOTIC: [8] Undefined index: thumb D:\XAMPP\htdocs\shiji\Application\Home\Controller\ProductController.class.php 第 78 行.
NOTIC: [8] Undefined index: thumb D:\XAMPP\htdocs\shiji\Application\Home\Controller\ProductController.class.php 第 78 行.
NOTIC: [8] Undefined index: thumb D:\XAMPP\htdocs\shiji\Application\Home\Controller\ProductController.class.php 第 78 行.
NOTIC: [8] Undefined index: thumb D:\XAMPP\htdocs\shiji\Application\Home\Controller\ProductController.class.php 第 78 行.
NOTIC: [8] Undefined index: thumb D:\XAMPP\htdocs\shiji\Application\Home\Controller\ProductController.class.php 第 78 行.
NOTIC: [8] Undefined index: thumb D:\XAMPP\htdocs\shiji\Application\Home\Controller\ProductController.class.php 第 78 行.
NOTIC: [8] Undefined index: thumb D:\XAMPP\htdocs\shiji\Application\Home\Controller\ProductController.class.php 第 78 行.
NOTIC: [8] Undefined index: thumb D:\XAMPP\htdocs\shiji\Application\Home\Controller\ProductController.class.php 第 78 行.
NOTIC: [8] Undefined index: thumb D:\XAMPP\htdocs\shiji\Application\Home\Controller\ProductController.class.php 第 78 行.
NOTIC: [8] Undefined index: thumb D:\XAMPP\htdocs\shiji\Application\Home\Controller\ProductController.class.php 第 78 行.
NOTIC: [8] Undefined index: thumb D:\XAMPP\htdocs\shiji\Application\Home\Controller\ProductController.class.php 第 78 行.
NOTIC: [8] Undefined index: thumb D:\XAMPP\htdocs\shiji\Application\Home\Controller\ProductController.class.php 第 78 行.
SQL: SELECT * FROM `product` ORDER BY product_comments desc LIMIT 0,28   [ RunTime:0.0009s ]
SQL: SELECT * FROM `product` ORDER BY product_min desc LIMIT 0,28   [ RunTime:0.0009s ]
NOTIC: [8] Undefined index: thumb D:\XAMPP\htdocs\shiji\Application\Home\Controller\ProductController.class.php 第 90 行.
NOTIC: [8] Undefined index: thumb D:\XAMPP\htdocs\shiji\Application\Home\Controller\ProductController.class.php 第 90 行.
NOTIC: [8] Undefined index: thumb D:\XAMPP\htdocs\shiji\Application\Home\Controller\ProductController.class.php 第 90 行.
NOTIC: [8] Undefined index: thumb D:\XAMPP\htdocs\shiji\Application\Home\Controller\ProductController.class.php 第 90 行.
NOTIC: [8] Undefined index: thumb D:\XAMPP\htdocs\shiji\Application\Home\Controller\ProductController.class.php 第 90 行.
NOTIC: [8] Undefined index: thumb D:\XAMPP\htdocs\shiji\Application\Home\Controller\ProductController.class.php 第 90 行.
NOTIC: [8] Undefined index: thumb D:\XAMPP\htdocs\shiji\Application\Home\Controller\ProductController.class.php 第 90 行.
NOTIC: [8] Undefined index: thumb D:\XAMPP\htdocs\shiji\Application\Home\Controller\ProductController.class.php 第 90 行.
NOTIC: [8] Undefined index: thumb D:\XAMPP\htdocs\shiji\Application\Home\Controller\ProductController.class.php 第 90 行.
NOTIC: [8] Undefined index: thumb D:\XAMPP\htdocs\shiji\Application\Home\Controller\ProductController.class.php 第 90 行.
NOTIC: [8] Undefined index: thumb D:\XAMPP\htdocs\shiji\Application\Home\Controller\ProductController.class.php 第 90 行.
NOTIC: [8] Undefined index: thumb D:\XAMPP\htdocs\shiji\Application\Home\Controller\ProductController.class.php 第 90 行.
NOTIC: [8] Undefined index: thumb D:\XAMPP\htdocs\shiji\Application\Home\Controller\ProductController.class.php 第 90 行.
NOTIC: [8] Undefined index: thumb D:\XAMPP\htdocs\shiji\Application\Home\Controller\ProductController.class.php 第 90 行.
NOTIC: [8] Undefined index: thumb D:\XAMPP\htdocs\shiji\Application\Home\Controller\ProductController.class.php 第 90 行.
NOTIC: [8] Undefined index: thumb D:\XAMPP\htdocs\shiji\Application\Home\Controller\ProductController.class.php 第 90 行.
NOTIC: [8] Undefined index: thumb D:\XAMPP\htdocs\shiji\Application\Home\Controller\ProductController.class.php 第 90 行.
NOTIC: [8] Undefined index: thumb D:\XAMPP\htdocs\shiji\Application\Home\Controller\ProductController.class.php 第 90 行.
NOTIC: [8] Undefined index: thumb D:\XAMPP\htdocs\shiji\Application\Home\Controller\ProductController.class.php 第 90 行.
NOTIC: [8] Undefined index: thumb D:\XAMPP\htdocs\shiji\Application\Home\Controller\ProductController.class.php 第 90 行.
NOTIC: [8] Undefined index: thumb D:\XAMPP\htdocs\shiji\Application\Home\Controller\ProductController.class.php 第 90 行.
NOTIC: [8] Undefined index: thumb D:\XAMPP\htdocs\shiji\Application\Home\Controller\ProductController.class.php 第 90 行.
NOTIC: [8] Undefined index: thumb D:\XAMPP\htdocs\shiji\Application\Home\Controller\ProductController.class.php 第 90 行.
NOTIC: [8] Undefined index: thumb D:\XAMPP\htdocs\shiji\Application\Home\Controller\ProductController.class.php 第 90 行.
NOTIC: [8] Undefined index: thumb D:\XAMPP\htdocs\shiji\Application\Home\Controller\ProductController.class.php 第 90 行.
NOTIC: [8] Undefined index: thumb D:\XAMPP\htdocs\shiji\Application\Home\Controller\ProductController.class.php 第 90 行.
NOTIC: [8] Undefined index: thumb D:\XAMPP\htdocs\shiji\Application\Home\Controller\ProductController.class.php 第 90 行.
NOTIC: [8] Undefined index: thumb D:\XAMPP\htdocs\shiji\Application\Home\Controller\ProductController.class.php 第 90 行.
SQL: SELECT COUNT(*) AS tp_count FROM `product` LIMIT 1   [ RunTime:0.0003s ]
INFO: [ view_parse ] --START--
INFO: [ template_filter ] --START--
INFO: Run Behavior\ContentReplaceBehavior [ RunTime:0.000144s ]
INFO: [ template_filter ] --END-- [ RunTime:0.000191s ]
INFO: Run Behavior\ParseTemplateBehavior [ RunTime:0.037613s ]
INFO: [ view_parse ] --END-- [ RunTime:0.037664s ]
INFO: [ view_filter ] --START--
INFO: Run Behavior\WriteHtmlCacheBehavior [ RunTime:0.000514s ]
INFO: [ view_filter ] --END-- [ RunTime:0.000558s ]
INFO: [ app_end ] --START--
INFO: Run Behavior\ShowPageTraceBehavior [ RunTime:0.000864s ]
INFO: [ app_end ] --END-- [ RunTime:0.000919s ]

