[ 2018-05-06T16:22:36+08:00 ] ::1 /shiji/
INFO: [ app_init ] --START--
INFO: Run Behavior\BuildLiteBehavior [ RunTime:0.000063s ]
INFO: [ app_init ] --END-- [ RunTime:0.040024s ]
INFO: [ app_begin ] --START--
INFO: Run Behavior\ReadHtmlCacheBehavior [ RunTime:0.023110s ]
INFO: [ app_begin ] --END-- [ RunTime:0.023265s ]
INFO: [ view_parse ] --START--
INFO: [ template_filter ] --START--
INFO: Run Behavior\ContentReplaceBehavior [ RunTime:0.032249s ]
INFO: [ template_filter ] --END-- [ RunTime:0.032322s ]
INFO: Run Behavior\ParseTemplateBehavior [ RunTime:0.168091s ]
INFO: [ view_parse ] --END-- [ RunTime:0.168165s ]
INFO: [ view_filter ] --START--
INFO: Run Behavior\WriteHtmlCacheBehavior [ RunTime:0.008409s ]
INFO: [ view_filter ] --END-- [ RunTime:0.008464s ]
INFO: [ app_end ] --START--
INFO: Run Behavior\ShowPageTraceBehavior [ RunTime:0.008139s ]
INFO: [ app_end ] --END-- [ RunTime:0.008210s ]

[ 2018-05-06T16:29:48+08:00 ] ::1 /shiji/
INFO: [ app_init ] --START--
INFO: Run Behavior\BuildLiteBehavior [ RunTime:0.000011s ]
INFO: [ app_init ] --END-- [ RunTime:0.000333s ]
INFO: [ app_begin ] --START--
INFO: Run Behavior\ReadHtmlCacheBehavior [ RunTime:0.000497s ]
INFO: [ app_begin ] --END-- [ RunTime:0.000543s ]
INFO: [ view_parse ] --START--
INFO: [ template_filter ] --START--
INFO: Run Behavior\ContentReplaceBehavior [ RunTime:0.000130s ]
INFO: [ template_filter ] --END-- [ RunTime:0.000172s ]
INFO: Run Behavior\ParseTemplateBehavior [ RunTime:0.017353s ]
INFO: [ view_parse ] --END-- [ RunTime:0.017403s ]
INFO: [ view_filter ] --START--
INFO: Run Behavior\WriteHtmlCacheBehavior [ RunTime:0.000246s ]
INFO: [ view_filter ] --END-- [ RunTime:0.000276s ]
INFO: [ app_end ] --START--
INFO: Run Behavior\ShowPageTraceBehavior [ RunTime:0.000573s ]
INFO: [ app_end ] --END-- [ RunTime:0.000623s ]

[ 2018-05-06T16:29:49+08:00 ] ::1 /shiji/Product/shop_list.html
INFO: [ app_init ] --START--
INFO: Run Behavior\BuildLiteBehavior [ RunTime:0.000012s ]
INFO: [ app_init ] --END-- [ RunTime:0.000353s ]
INFO: [ app_begin ] --START--
INFO: Run Behavior\ReadHtmlCacheBehavior [ RunTime:0.000426s ]
INFO: [ app_begin ] --END-- [ RunTime:0.000474s ]
SQL: SHOW COLUMNS FROM `product` [ RunTime:0.0038s ]
SQL: SELECT * FROM `product` LIMIT 0,8   [ RunTime:0.0005s ]
NOTIC: [8] Undefined index: thumb D:\XAMPP\htdocs\shiji\Application\Home\Controller\ProductController.class.php 第 15 行.
NOTIC: [8] Undefined index: thumb D:\XAMPP\htdocs\shiji\Application\Home\Controller\ProductController.class.php 第 15 行.
NOTIC: [8] Undefined index: thumb D:\XAMPP\htdocs\shiji\Application\Home\Controller\ProductController.class.php 第 15 行.
NOTIC: [8] Undefined index: thumb D:\XAMPP\htdocs\shiji\Application\Home\Controller\ProductController.class.php 第 15 行.
NOTIC: [8] Undefined index: thumb D:\XAMPP\htdocs\shiji\Application\Home\Controller\ProductController.class.php 第 15 行.
NOTIC: [8] Undefined index: thumb D:\XAMPP\htdocs\shiji\Application\Home\Controller\ProductController.class.php 第 15 行.
NOTIC: [8] Undefined index: thumb D:\XAMPP\htdocs\shiji\Application\Home\Controller\ProductController.class.php 第 15 行.
NOTIC: [8] Undefined index: thumb D:\XAMPP\htdocs\shiji\Application\Home\Controller\ProductController.class.php 第 15 行.
SQL: SELECT COUNT(*) AS tp_count FROM `product` LIMIT 1   [ RunTime:0.0003s ]
INFO: [ view_parse ] --START--
INFO: [ template_filter ] --START--
INFO: Run Behavior\ContentReplaceBehavior [ RunTime:0.000113s ]
INFO: [ template_filter ] --END-- [ RunTime:0.000159s ]

[ 2018-05-06T16:32:47+08:00 ] ::1 /shiji/Product/shop_list.html
INFO: [ app_init ] --START--
INFO: Run Behavior\BuildLiteBehavior [ RunTime:0.000012s ]
INFO: [ app_init ] --END-- [ RunTime:0.000419s ]
INFO: [ app_begin ] --START--
INFO: Run Behavior\ReadHtmlCacheBehavior [ RunTime:0.000628s ]
INFO: [ app_begin ] --END-- [ RunTime:0.000675s ]
SQL: SHOW COLUMNS FROM `product` [ RunTime:0.0045s ]
SQL: SELECT * FROM `product` LIMIT 0,8   [ RunTime:0.0005s ]
NOTIC: [8] Undefined index: thumb D:\XAMPP\htdocs\shiji\Application\Home\Controller\ProductController.class.php 第 15 行.
NOTIC: [8] Undefined index: thumb D:\XAMPP\htdocs\shiji\Application\Home\Controller\ProductController.class.php 第 15 行.
NOTIC: [8] Undefined index: thumb D:\XAMPP\htdocs\shiji\Application\Home\Controller\ProductController.class.php 第 15 行.
NOTIC: [8] Undefined index: thumb D:\XAMPP\htdocs\shiji\Application\Home\Controller\ProductController.class.php 第 15 行.
NOTIC: [8] Undefined index: thumb D:\XAMPP\htdocs\shiji\Application\Home\Controller\ProductController.class.php 第 15 行.
NOTIC: [8] Undefined index: thumb D:\XAMPP\htdocs\shiji\Application\Home\Controller\ProductController.class.php 第 15 行.
NOTIC: [8] Undefined index: thumb D:\XAMPP\htdocs\shiji\Application\Home\Controller\ProductController.class.php 第 15 行.
NOTIC: [8] Undefined index: thumb D:\XAMPP\htdocs\shiji\Application\Home\Controller\ProductController.class.php 第 15 行.
SQL: SELECT COUNT(*) AS tp_count FROM `product` LIMIT 1   [ RunTime:0.0004s ]
INFO: [ view_parse ] --START--
INFO: [ template_filter ] --START--
INFO: Run Behavior\ContentReplaceBehavior [ RunTime:0.000112s ]
INFO: [ template_filter ] --END-- [ RunTime:0.000156s ]

[ 2018-05-06T16:32:56+08:00 ] ::1 /shiji/Product/shop_list.html
INFO: [ app_init ] --START--
INFO: Run Behavior\BuildLiteBehavior [ RunTime:0.000021s ]
INFO: [ app_init ] --END-- [ RunTime:0.000581s ]
INFO: [ app_begin ] --START--
INFO: Run Behavior\ReadHtmlCacheBehavior [ RunTime:0.000665s ]
INFO: [ app_begin ] --END-- [ RunTime:0.000716s ]
SQL: SHOW COLUMNS FROM `product` [ RunTime:0.0074s ]
SQL: SELECT * FROM `product` LIMIT 0,8   [ RunTime:0.0005s ]
NOTIC: [8] Undefined index: thumb D:\XAMPP\htdocs\shiji\Application\Home\Controller\ProductController.class.php 第 15 行.
NOTIC: [8] Undefined index: thumb D:\XAMPP\htdocs\shiji\Application\Home\Controller\ProductController.class.php 第 15 行.
NOTIC: [8] Undefined index: thumb D:\XAMPP\htdocs\shiji\Application\Home\Controller\ProductController.class.php 第 15 行.
NOTIC: [8] Undefined index: thumb D:\XAMPP\htdocs\shiji\Application\Home\Controller\ProductController.class.php 第 15 行.
NOTIC: [8] Undefined index: thumb D:\XAMPP\htdocs\shiji\Application\Home\Controller\ProductController.class.php 第 15 行.
NOTIC: [8] Undefined index: thumb D:\XAMPP\htdocs\shiji\Application\Home\Controller\ProductController.class.php 第 15 行.
NOTIC: [8] Undefined index: thumb D:\XAMPP\htdocs\shiji\Application\Home\Controller\ProductController.class.php 第 15 行.
NOTIC: [8] Undefined index: thumb D:\XAMPP\htdocs\shiji\Application\Home\Controller\ProductController.class.php 第 15 行.
SQL: SELECT COUNT(*) AS tp_count FROM `product` LIMIT 1   [ RunTime:0.0003s ]
INFO: [ view_parse ] --START--
INFO: [ template_filter ] --START--
INFO: Run Behavior\ContentReplaceBehavior [ RunTime:0.000106s ]
INFO: [ template_filter ] --END-- [ RunTime:0.000148s ]

[ 2018-05-06T16:32:57+08:00 ] ::1 /shiji/
INFO: [ app_init ] --START--
INFO: Run Behavior\BuildLiteBehavior [ RunTime:0.000012s ]
INFO: [ app_init ] --END-- [ RunTime:0.000344s ]
INFO: [ app_begin ] --START--
INFO: Run Behavior\ReadHtmlCacheBehavior [ RunTime:0.000599s ]
INFO: [ app_begin ] --END-- [ RunTime:0.000661s ]
INFO: [ view_parse ] --START--
INFO: [ template_filter ] --START--
INFO: Run Behavior\ContentReplaceBehavior [ RunTime:0.000134s ]
INFO: [ template_filter ] --END-- [ RunTime:0.000181s ]
INFO: Run Behavior\ParseTemplateBehavior [ RunTime:0.013540s ]
INFO: [ view_parse ] --END-- [ RunTime:0.013590s ]
INFO: [ view_filter ] --START--
INFO: Run Behavior\WriteHtmlCacheBehavior [ RunTime:0.000451s ]
INFO: [ view_filter ] --END-- [ RunTime:0.000489s ]
INFO: [ app_end ] --START--
INFO: Run Behavior\ShowPageTraceBehavior [ RunTime:0.000867s ]
INFO: [ app_end ] --END-- [ RunTime:0.000927s ]

[ 2018-05-06T16:32:57+08:00 ] ::1 /shiji/
INFO: [ app_init ] --START--
INFO: Run Behavior\BuildLiteBehavior [ RunTime:0.000014s ]
INFO: [ app_init ] --END-- [ RunTime:0.000460s ]
INFO: [ app_begin ] --START--
INFO: Run Behavior\ReadHtmlCacheBehavior [ RunTime:0.000471s ]
INFO: [ app_begin ] --END-- [ RunTime:0.000529s ]
INFO: [ view_parse ] --START--
INFO: [ template_filter ] --START--
INFO: Run Behavior\ContentReplaceBehavior [ RunTime:0.000131s ]
INFO: [ template_filter ] --END-- [ RunTime:0.000175s ]
INFO: Run Behavior\ParseTemplateBehavior [ RunTime:0.014747s ]
INFO: [ view_parse ] --END-- [ RunTime:0.014798s ]
INFO: [ view_filter ] --START--
INFO: Run Behavior\WriteHtmlCacheBehavior [ RunTime:0.000331s ]
INFO: [ view_filter ] --END-- [ RunTime:0.000370s ]
INFO: [ app_end ] --START--
INFO: Run Behavior\ShowPageTraceBehavior [ RunTime:0.000990s ]
INFO: [ app_end ] --END-- [ RunTime:0.001082s ]

[ 2018-05-06T16:32:57+08:00 ] ::1 /shiji/
INFO: [ app_init ] --START--
INFO: Run Behavior\BuildLiteBehavior [ RunTime:0.000024s ]
INFO: [ app_init ] --END-- [ RunTime:0.000839s ]
INFO: [ app_begin ] --START--
INFO: Run Behavior\ReadHtmlCacheBehavior [ RunTime:0.000644s ]
INFO: [ app_begin ] --END-- [ RunTime:0.000724s ]
INFO: [ view_parse ] --START--
INFO: [ template_filter ] --START--
INFO: Run Behavior\ContentReplaceBehavior [ RunTime:0.000135s ]
INFO: [ template_filter ] --END-- [ RunTime:0.000182s ]
INFO: Run Behavior\ParseTemplateBehavior [ RunTime:0.014281s ]
INFO: [ view_parse ] --END-- [ RunTime:0.014338s ]
INFO: [ view_filter ] --START--
INFO: Run Behavior\WriteHtmlCacheBehavior [ RunTime:0.000301s ]
INFO: [ view_filter ] --END-- [ RunTime:0.000331s ]
INFO: [ app_end ] --START--
INFO: Run Behavior\ShowPageTraceBehavior [ RunTime:0.000480s ]
INFO: [ app_end ] --END-- [ RunTime:0.000532s ]

[ 2018-05-06T16:32:58+08:00 ] ::1 /shiji/Product/shop_list.html
INFO: [ app_init ] --START--
INFO: Run Behavior\BuildLiteBehavior [ RunTime:0.000011s ]
INFO: [ app_init ] --END-- [ RunTime:0.000360s ]
INFO: [ app_begin ] --START--
INFO: Run Behavior\ReadHtmlCacheBehavior [ RunTime:0.000448s ]
INFO: [ app_begin ] --END-- [ RunTime:0.000490s ]
SQL: SHOW COLUMNS FROM `product` [ RunTime:0.0951s ]
SQL: SELECT * FROM `product` LIMIT 0,8   [ RunTime:0.0009s ]
NOTIC: [8] Undefined index: thumb D:\XAMPP\htdocs\shiji\Application\Home\Controller\ProductController.class.php 第 15 行.
NOTIC: [8] Undefined index: thumb D:\XAMPP\htdocs\shiji\Application\Home\Controller\ProductController.class.php 第 15 行.
NOTIC: [8] Undefined index: thumb D:\XAMPP\htdocs\shiji\Application\Home\Controller\ProductController.class.php 第 15 行.
NOTIC: [8] Undefined index: thumb D:\XAMPP\htdocs\shiji\Application\Home\Controller\ProductController.class.php 第 15 行.
NOTIC: [8] Undefined index: thumb D:\XAMPP\htdocs\shiji\Application\Home\Controller\ProductController.class.php 第 15 行.
NOTIC: [8] Undefined index: thumb D:\XAMPP\htdocs\shiji\Application\Home\Controller\ProductController.class.php 第 15 行.
NOTIC: [8] Undefined index: thumb D:\XAMPP\htdocs\shiji\Application\Home\Controller\ProductController.class.php 第 15 行.
NOTIC: [8] Undefined index: thumb D:\XAMPP\htdocs\shiji\Application\Home\Controller\ProductController.class.php 第 15 行.
SQL: SELECT COUNT(*) AS tp_count FROM `product` LIMIT 1   [ RunTime:0.0004s ]
INFO: [ view_parse ] --START--
INFO: [ template_filter ] --START--
INFO: Run Behavior\ContentReplaceBehavior [ RunTime:0.000169s ]
INFO: [ template_filter ] --END-- [ RunTime:0.000294s ]

[ 2018-05-06T16:33:08+08:00 ] ::1 /shiji/Product/shop_list.html
INFO: [ app_init ] --START--
INFO: Run Behavior\BuildLiteBehavior [ RunTime:0.000042s ]
INFO: [ app_init ] --END-- [ RunTime:0.000600s ]
INFO: [ app_begin ] --START--
INFO: Run Behavior\ReadHtmlCacheBehavior [ RunTime:0.000617s ]
INFO: [ app_begin ] --END-- [ RunTime:0.000689s ]
SQL: SHOW COLUMNS FROM `product` [ RunTime:0.0071s ]
SQL: SELECT * FROM `product` LIMIT 0,8   [ RunTime:0.0004s ]
NOTIC: [8] Undefined index: thumb D:\XAMPP\htdocs\shiji\Application\Home\Controller\ProductController.class.php 第 15 行.
NOTIC: [8] Undefined index: thumb D:\XAMPP\htdocs\shiji\Application\Home\Controller\ProductController.class.php 第 15 行.
NOTIC: [8] Undefined index: thumb D:\XAMPP\htdocs\shiji\Application\Home\Controller\ProductController.class.php 第 15 行.
NOTIC: [8] Undefined index: thumb D:\XAMPP\htdocs\shiji\Application\Home\Controller\ProductController.class.php 第 15 行.
NOTIC: [8] Undefined index: thumb D:\XAMPP\htdocs\shiji\Application\Home\Controller\ProductController.class.php 第 15 行.
NOTIC: [8] Undefined index: thumb D:\XAMPP\htdocs\shiji\Application\Home\Controller\ProductController.class.php 第 15 行.
NOTIC: [8] Undefined index: thumb D:\XAMPP\htdocs\shiji\Application\Home\Controller\ProductController.class.php 第 15 行.
NOTIC: [8] Undefined index: thumb D:\XAMPP\htdocs\shiji\Application\Home\Controller\ProductController.class.php 第 15 行.
SQL: SELECT COUNT(*) AS tp_count FROM `product` LIMIT 1   [ RunTime:0.0001s ]
INFO: [ view_parse ] --START--
INFO: [ template_filter ] --START--
INFO: Run Behavior\ContentReplaceBehavior [ RunTime:0.000107s ]
INFO: [ template_filter ] --END-- [ RunTime:0.000149s ]
INFO: Run Behavior\ParseTemplateBehavior [ RunTime:0.012834s ]
INFO: [ view_parse ] --END-- [ RunTime:0.012897s ]
INFO: [ view_filter ] --START--
INFO: Run Behavior\WriteHtmlCacheBehavior [ RunTime:0.000526s ]
INFO: [ view_filter ] --END-- [ RunTime:0.000561s ]
INFO: [ app_end ] --START--
INFO: Run Behavior\ShowPageTraceBehavior [ RunTime:0.000819s ]
INFO: [ app_end ] --END-- [ RunTime:0.000875s ]

[ 2018-05-06T16:33:22+08:00 ] ::1 /shiji/Product/shop_list.html
INFO: [ app_init ] --START--
INFO: Run Behavior\BuildLiteBehavior [ RunTime:0.000018s ]
INFO: [ app_init ] --END-- [ RunTime:0.000702s ]
INFO: [ app_begin ] --START--
INFO: Run Behavior\ReadHtmlCacheBehavior [ RunTime:0.000468s ]
INFO: [ app_begin ] --END-- [ RunTime:0.000524s ]
SQL: SHOW COLUMNS FROM `product` [ RunTime:0.0073s ]
SQL: SELECT * FROM `product` LIMIT 0,8   [ RunTime:0.0004s ]
NOTIC: [8] Undefined index: thumb D:\XAMPP\htdocs\shiji\Application\Home\Controller\ProductController.class.php 第 15 行.
NOTIC: [8] Undefined index: thumb D:\XAMPP\htdocs\shiji\Application\Home\Controller\ProductController.class.php 第 15 行.
NOTIC: [8] Undefined index: thumb D:\XAMPP\htdocs\shiji\Application\Home\Controller\ProductController.class.php 第 15 行.
NOTIC: [8] Undefined index: thumb D:\XAMPP\htdocs\shiji\Application\Home\Controller\ProductController.class.php 第 15 行.
NOTIC: [8] Undefined index: thumb D:\XAMPP\htdocs\shiji\Application\Home\Controller\ProductController.class.php 第 15 行.
NOTIC: [8] Undefined index: thumb D:\XAMPP\htdocs\shiji\Application\Home\Controller\ProductController.class.php 第 15 行.
NOTIC: [8] Undefined index: thumb D:\XAMPP\htdocs\shiji\Application\Home\Controller\ProductController.class.php 第 15 行.
NOTIC: [8] Undefined index: thumb D:\XAMPP\htdocs\shiji\Application\Home\Controller\ProductController.class.php 第 15 行.
SQL: SELECT COUNT(*) AS tp_count FROM `product` LIMIT 1   [ RunTime:0.0003s ]
INFO: [ view_parse ] --START--
INFO: [ template_filter ] --START--
INFO: Run Behavior\ContentReplaceBehavior [ RunTime:0.000108s ]
INFO: [ template_filter ] --END-- [ RunTime:0.000154s ]
INFO: Run Behavior\ParseTemplateBehavior [ RunTime:0.016498s ]
INFO: [ view_parse ] --END-- [ RunTime:0.016669s ]
INFO: [ view_filter ] --START--
INFO: Run Behavior\WriteHtmlCacheBehavior [ RunTime:0.001014s ]
INFO: [ view_filter ] --END-- [ RunTime:0.001077s ]
INFO: [ app_end ] --START--
INFO: Run Behavior\ShowPageTraceBehavior [ RunTime:0.000722s ]
INFO: [ app_end ] --END-- [ RunTime:0.000793s ]

[ 2018-05-06T16:33:23+08:00 ] ::1 /shiji/Product/shop_list.html
INFO: [ app_init ] --START--
INFO: Run Behavior\BuildLiteBehavior [ RunTime:0.000011s ]
INFO: [ app_init ] --END-- [ RunTime:0.000383s ]
INFO: [ app_begin ] --START--
INFO: Run Behavior\ReadHtmlCacheBehavior [ RunTime:0.000429s ]
INFO: [ app_begin ] --END-- [ RunTime:0.000470s ]
SQL: SHOW COLUMNS FROM `product` [ RunTime:0.0072s ]
SQL: SELECT * FROM `product` LIMIT 0,8   [ RunTime:0.0005s ]
NOTIC: [8] Undefined index: thumb D:\XAMPP\htdocs\shiji\Application\Home\Controller\ProductController.class.php 第 15 行.
NOTIC: [8] Undefined index: thumb D:\XAMPP\htdocs\shiji\Application\Home\Controller\ProductController.class.php 第 15 行.
NOTIC: [8] Undefined index: thumb D:\XAMPP\htdocs\shiji\Application\Home\Controller\ProductController.class.php 第 15 行.
NOTIC: [8] Undefined index: thumb D:\XAMPP\htdocs\shiji\Application\Home\Controller\ProductController.class.php 第 15 行.
NOTIC: [8] Undefined index: thumb D:\XAMPP\htdocs\shiji\Application\Home\Controller\ProductController.class.php 第 15 行.
NOTIC: [8] Undefined index: thumb D:\XAMPP\htdocs\shiji\Application\Home\Controller\ProductController.class.php 第 15 行.
NOTIC: [8] Undefined index: thumb D:\XAMPP\htdocs\shiji\Application\Home\Controller\ProductController.class.php 第 15 行.
NOTIC: [8] Undefined index: thumb D:\XAMPP\htdocs\shiji\Application\Home\Controller\ProductController.class.php 第 15 行.
SQL: SELECT COUNT(*) AS tp_count FROM `product` LIMIT 1   [ RunTime:0.0002s ]
INFO: [ view_parse ] --START--
INFO: [ template_filter ] --START--
INFO: Run Behavior\ContentReplaceBehavior [ RunTime:0.000200s ]
INFO: [ template_filter ] --END-- [ RunTime:0.000277s ]
INFO: Run Behavior\ParseTemplateBehavior [ RunTime:0.017757s ]
INFO: [ view_parse ] --END-- [ RunTime:0.017838s ]
INFO: [ view_filter ] --START--
INFO: Run Behavior\WriteHtmlCacheBehavior [ RunTime:0.000326s ]
INFO: [ view_filter ] --END-- [ RunTime:0.000367s ]
INFO: [ app_end ] --START--
INFO: Run Behavior\ShowPageTraceBehavior [ RunTime:0.000695s ]
INFO: [ app_end ] --END-- [ RunTime:0.000767s ]

[ 2018-05-06T16:33:23+08:00 ] ::1 /shiji/Product/shop_list.html
INFO: [ app_init ] --START--
INFO: Run Behavior\BuildLiteBehavior [ RunTime:0.000012s ]
INFO: [ app_init ] --END-- [ RunTime:0.000376s ]
INFO: [ app_begin ] --START--
INFO: Run Behavior\ReadHtmlCacheBehavior [ RunTime:0.000478s ]
INFO: [ app_begin ] --END-- [ RunTime:0.000525s ]
SQL: SHOW COLUMNS FROM `product` [ RunTime:0.0034s ]
SQL: SELECT * FROM `product` LIMIT 0,8   [ RunTime:0.0004s ]
NOTIC: [8] Undefined index: thumb D:\XAMPP\htdocs\shiji\Application\Home\Controller\ProductController.class.php 第 15 行.
NOTIC: [8] Undefined index: thumb D:\XAMPP\htdocs\shiji\Application\Home\Controller\ProductController.class.php 第 15 行.
NOTIC: [8] Undefined index: thumb D:\XAMPP\htdocs\shiji\Application\Home\Controller\ProductController.class.php 第 15 行.
NOTIC: [8] Undefined index: thumb D:\XAMPP\htdocs\shiji\Application\Home\Controller\ProductController.class.php 第 15 行.
NOTIC: [8] Undefined index: thumb D:\XAMPP\htdocs\shiji\Application\Home\Controller\ProductController.class.php 第 15 行.
NOTIC: [8] Undefined index: thumb D:\XAMPP\htdocs\shiji\Application\Home\Controller\ProductController.class.php 第 15 行.
NOTIC: [8] Undefined index: thumb D:\XAMPP\htdocs\shiji\Application\Home\Controller\ProductController.class.php 第 15 行.
NOTIC: [8] Undefined index: thumb D:\XAMPP\htdocs\shiji\Application\Home\Controller\ProductController.class.php 第 15 行.
SQL: SELECT COUNT(*) AS tp_count FROM `product` LIMIT 1   [ RunTime:0.0001s ]
INFO: [ view_parse ] --START--
INFO: [ template_filter ] --START--
INFO: Run Behavior\ContentReplaceBehavior [ RunTime:0.000111s ]
INFO: [ template_filter ] --END-- [ RunTime:0.000162s ]
INFO: Run Behavior\ParseTemplateBehavior [ RunTime:0.014613s ]
INFO: [ view_parse ] --END-- [ RunTime:0.014691s ]
INFO: [ view_filter ] --START--
INFO: Run Behavior\WriteHtmlCacheBehavior [ RunTime:0.000393s ]
INFO: [ view_filter ] --END-- [ RunTime:0.000431s ]
INFO: [ app_end ] --START--
INFO: Run Behavior\ShowPageTraceBehavior [ RunTime:0.000531s ]
INFO: [ app_end ] --END-- [ RunTime:0.000592s ]

[ 2018-05-06T16:33:23+08:00 ] ::1 /shiji/Product/shop_list.html
INFO: [ app_init ] --START--
INFO: Run Behavior\BuildLiteBehavior [ RunTime:0.000012s ]
INFO: [ app_init ] --END-- [ RunTime:0.000358s ]
INFO: [ app_begin ] --START--
INFO: Run Behavior\ReadHtmlCacheBehavior [ RunTime:0.000406s ]
INFO: [ app_begin ] --END-- [ RunTime:0.000470s ]
SQL: SHOW COLUMNS FROM `product` [ RunTime:0.0035s ]
SQL: SELECT * FROM `product` LIMIT 0,8   [ RunTime:0.0004s ]
NOTIC: [8] Undefined index: thumb D:\XAMPP\htdocs\shiji\Application\Home\Controller\ProductController.class.php 第 15 行.
NOTIC: [8] Undefined index: thumb D:\XAMPP\htdocs\shiji\Application\Home\Controller\ProductController.class.php 第 15 行.
NOTIC: [8] Undefined index: thumb D:\XAMPP\htdocs\shiji\Application\Home\Controller\ProductController.class.php 第 15 行.
NOTIC: [8] Undefined index: thumb D:\XAMPP\htdocs\shiji\Application\Home\Controller\ProductController.class.php 第 15 行.
NOTIC: [8] Undefined index: thumb D:\XAMPP\htdocs\shiji\Application\Home\Controller\ProductController.class.php 第 15 行.
NOTIC: [8] Undefined index: thumb D:\XAMPP\htdocs\shiji\Application\Home\Controller\ProductController.class.php 第 15 行.
NOTIC: [8] Undefined index: thumb D:\XAMPP\htdocs\shiji\Application\Home\Controller\ProductController.class.php 第 15 行.
NOTIC: [8] Undefined index: thumb D:\XAMPP\htdocs\shiji\Application\Home\Controller\ProductController.class.php 第 15 行.
SQL: SELECT COUNT(*) AS tp_count FROM `product` LIMIT 1   [ RunTime:0.0002s ]
INFO: [ view_parse ] --START--
INFO: [ template_filter ] --START--
INFO: Run Behavior\ContentReplaceBehavior [ RunTime:0.000109s ]
INFO: [ template_filter ] --END-- [ RunTime:0.000169s ]
INFO: Run Behavior\ParseTemplateBehavior [ RunTime:0.014923s ]
INFO: [ view_parse ] --END-- [ RunTime:0.014981s ]
INFO: [ view_filter ] --START--
INFO: Run Behavior\WriteHtmlCacheBehavior [ RunTime:0.000290s ]
INFO: [ view_filter ] --END-- [ RunTime:0.000321s ]
INFO: [ app_end ] --START--
INFO: Run Behavior\ShowPageTraceBehavior [ RunTime:0.000510s ]
INFO: [ app_end ] --END-- [ RunTime:0.000557s ]

[ 2018-05-06T16:33:24+08:00 ] ::1 /shiji/Product/shop_list.html
INFO: [ app_init ] --START--
INFO: Run Behavior\BuildLiteBehavior [ RunTime:0.000011s ]
INFO: [ app_init ] --END-- [ RunTime:0.000318s ]
INFO: [ app_begin ] --START--
INFO: Run Behavior\ReadHtmlCacheBehavior [ RunTime:0.000549s ]
INFO: [ app_begin ] --END-- [ RunTime:0.000602s ]
SQL: SHOW COLUMNS FROM `product` [ RunTime:0.0037s ]
SQL: SELECT * FROM `product` LIMIT 0,8   [ RunTime:0.0005s ]
NOTIC: [8] Undefined index: thumb D:\XAMPP\htdocs\shiji\Application\Home\Controller\ProductController.class.php 第 15 行.
NOTIC: [8] Undefined index: thumb D:\XAMPP\htdocs\shiji\Application\Home\Controller\ProductController.class.php 第 15 行.
NOTIC: [8] Undefined index: thumb D:\XAMPP\htdocs\shiji\Application\Home\Controller\ProductController.class.php 第 15 行.
NOTIC: [8] Undefined index: thumb D:\XAMPP\htdocs\shiji\Application\Home\Controller\ProductController.class.php 第 15 行.
NOTIC: [8] Undefined index: thumb D:\XAMPP\htdocs\shiji\Application\Home\Controller\ProductController.class.php 第 15 行.
NOTIC: [8] Undefined index: thumb D:\XAMPP\htdocs\shiji\Application\Home\Controller\ProductController.class.php 第 15 行.
NOTIC: [8] Undefined index: thumb D:\XAMPP\htdocs\shiji\Application\Home\Controller\ProductController.class.php 第 15 行.
NOTIC: [8] Undefined index: thumb D:\XAMPP\htdocs\shiji\Application\Home\Controller\ProductController.class.php 第 15 行.
SQL: SELECT COUNT(*) AS tp_count FROM `product` LIMIT 1   [ RunTime:0.0002s ]
INFO: [ view_parse ] --START--
INFO: [ template_filter ] --START--
INFO: Run Behavior\ContentReplaceBehavior [ RunTime:0.000106s ]
INFO: [ template_filter ] --END-- [ RunTime:0.000151s ]
INFO: Run Behavior\ParseTemplateBehavior [ RunTime:0.012829s ]
INFO: [ view_parse ] --END-- [ RunTime:0.012891s ]
INFO: [ view_filter ] --START--
INFO: Run Behavior\WriteHtmlCacheBehavior [ RunTime:0.000256s ]
INFO: [ view_filter ] --END-- [ RunTime:0.000286s ]
INFO: [ app_end ] --START--
INFO: Run Behavior\ShowPageTraceBehavior [ RunTime:0.000480s ]
INFO: [ app_end ] --END-- [ RunTime:0.000529s ]

[ 2018-05-06T16:33:25+08:00 ] ::1 /shiji/Product/shop_list.html
INFO: [ app_init ] --START--
INFO: Run Behavior\BuildLiteBehavior [ RunTime:0.000012s ]
INFO: [ app_init ] --END-- [ RunTime:0.000341s ]
INFO: [ app_begin ] --START--
INFO: Run Behavior\ReadHtmlCacheBehavior [ RunTime:0.000555s ]
INFO: [ app_begin ] --END-- [ RunTime:0.000623s ]
SQL: SHOW COLUMNS FROM `product` [ RunTime:0.0036s ]
SQL: SELECT * FROM `product` LIMIT 0,8   [ RunTime:0.0005s ]
NOTIC: [8] Undefined index: thumb D:\XAMPP\htdocs\shiji\Application\Home\Controller\ProductController.class.php 第 15 行.
NOTIC: [8] Undefined index: thumb D:\XAMPP\htdocs\shiji\Application\Home\Controller\ProductController.class.php 第 15 行.
NOTIC: [8] Undefined index: thumb D:\XAMPP\htdocs\shiji\Application\Home\Controller\ProductController.class.php 第 15 行.
NOTIC: [8] Undefined index: thumb D:\XAMPP\htdocs\shiji\Application\Home\Controller\ProductController.class.php 第 15 行.
NOTIC: [8] Undefined index: thumb D:\XAMPP\htdocs\shiji\Application\Home\Controller\ProductController.class.php 第 15 行.
NOTIC: [8] Undefined index: thumb D:\XAMPP\htdocs\shiji\Application\Home\Controller\ProductController.class.php 第 15 行.
NOTIC: [8] Undefined index: thumb D:\XAMPP\htdocs\shiji\Application\Home\Controller\ProductController.class.php 第 15 行.
NOTIC: [8] Undefined index: thumb D:\XAMPP\htdocs\shiji\Application\Home\Controller\ProductController.class.php 第 15 行.
SQL: SELECT COUNT(*) AS tp_count FROM `product` LIMIT 1   [ RunTime:0.0002s ]
INFO: [ view_parse ] --START--
INFO: [ template_filter ] --START--
INFO: Run Behavior\ContentReplaceBehavior [ RunTime:0.000159s ]
INFO: [ template_filter ] --END-- [ RunTime:0.000249s ]
INFO: Run Behavior\ParseTemplateBehavior [ RunTime:0.015928s ]
INFO: [ view_parse ] --END-- [ RunTime:0.015997s ]
INFO: [ view_filter ] --START--
INFO: Run Behavior\WriteHtmlCacheBehavior [ RunTime:0.000333s ]
INFO: [ view_filter ] --END-- [ RunTime:0.000367s ]
INFO: [ app_end ] --START--
INFO: Run Behavior\ShowPageTraceBehavior [ RunTime:0.000702s ]
INFO: [ app_end ] --END-- [ RunTime:0.000760s ]

[ 2018-05-06T16:33:25+08:00 ] ::1 /shiji/Product/shop_list.html
INFO: [ app_init ] --START--
INFO: Run Behavior\BuildLiteBehavior [ RunTime:0.000011s ]
INFO: [ app_init ] --END-- [ RunTime:0.000320s ]
INFO: [ app_begin ] --START--
INFO: Run Behavior\ReadHtmlCacheBehavior [ RunTime:0.000390s ]
INFO: [ app_begin ] --END-- [ RunTime:0.000432s ]
SQL: SHOW COLUMNS FROM `product` [ RunTime:0.0049s ]
SQL: SELECT * FROM `product` LIMIT 0,8   [ RunTime:0.0004s ]
NOTIC: [8] Undefined index: thumb D:\XAMPP\htdocs\shiji\Application\Home\Controller\ProductController.class.php 第 15 行.
NOTIC: [8] Undefined index: thumb D:\XAMPP\htdocs\shiji\Application\Home\Controller\ProductController.class.php 第 15 行.
NOTIC: [8] Undefined index: thumb D:\XAMPP\htdocs\shiji\Application\Home\Controller\ProductController.class.php 第 15 行.
NOTIC: [8] Undefined index: thumb D:\XAMPP\htdocs\shiji\Application\Home\Controller\ProductController.class.php 第 15 行.
NOTIC: [8] Undefined index: thumb D:\XAMPP\htdocs\shiji\Application\Home\Controller\ProductController.class.php 第 15 行.
NOTIC: [8] Undefined index: thumb D:\XAMPP\htdocs\shiji\Application\Home\Controller\ProductController.class.php 第 15 行.
NOTIC: [8] Undefined index: thumb D:\XAMPP\htdocs\shiji\Application\Home\Controller\ProductController.class.php 第 15 行.
NOTIC: [8] Undefined index: thumb D:\XAMPP\htdocs\shiji\Application\Home\Controller\ProductController.class.php 第 15 行.
SQL: SELECT COUNT(*) AS tp_count FROM `product` LIMIT 1   [ RunTime:0.0002s ]
INFO: [ view_parse ] --START--
INFO: [ template_filter ] --START--
INFO: Run Behavior\ContentReplaceBehavior [ RunTime:0.000101s ]
INFO: [ template_filter ] --END-- [ RunTime:0.000142s ]
INFO: Run Behavior\ParseTemplateBehavior [ RunTime:0.014168s ]
INFO: [ view_parse ] --END-- [ RunTime:0.014228s ]
INFO: [ view_filter ] --START--
INFO: Run Behavior\WriteHtmlCacheBehavior [ RunTime:0.000354s ]
INFO: [ view_filter ] --END-- [ RunTime:0.000386s ]
INFO: [ app_end ] --START--
INFO: Run Behavior\ShowPageTraceBehavior [ RunTime:0.000549s ]
INFO: [ app_end ] --END-- [ RunTime:0.000604s ]

[ 2018-05-06T16:33:27+08:00 ] ::1 /shiji/Index/index.html
INFO: [ app_init ] --START--
INFO: Run Behavior\BuildLiteBehavior [ RunTime:0.000011s ]
INFO: [ app_init ] --END-- [ RunTime:0.000348s ]
INFO: [ app_begin ] --START--
INFO: Run Behavior\ReadHtmlCacheBehavior [ RunTime:0.000546s ]
INFO: [ app_begin ] --END-- [ RunTime:0.000607s ]
INFO: [ view_parse ] --START--
INFO: [ template_filter ] --START--
INFO: Run Behavior\ContentReplaceBehavior [ RunTime:0.000195s ]
INFO: [ template_filter ] --END-- [ RunTime:0.000293s ]
INFO: Run Behavior\ParseTemplateBehavior [ RunTime:0.014274s ]
INFO: [ view_parse ] --END-- [ RunTime:0.014327s ]
INFO: [ view_filter ] --START--
INFO: Run Behavior\WriteHtmlCacheBehavior [ RunTime:0.000277s ]
INFO: [ view_filter ] --END-- [ RunTime:0.000310s ]
INFO: [ app_end ] --START--
INFO: Run Behavior\ShowPageTraceBehavior [ RunTime:0.000755s ]
INFO: [ app_end ] --END-- [ RunTime:0.000817s ]

[ 2018-05-06T16:33:29+08:00 ] ::1 /shiji/Product/shop_list.html
INFO: [ app_init ] --START--
INFO: Run Behavior\BuildLiteBehavior [ RunTime:0.000016s ]
INFO: [ app_init ] --END-- [ RunTime:0.000667s ]
INFO: [ app_begin ] --START--
INFO: Run Behavior\ReadHtmlCacheBehavior [ RunTime:0.000558s ]
INFO: [ app_begin ] --END-- [ RunTime:0.000631s ]
SQL: SHOW COLUMNS FROM `product` [ RunTime:0.0070s ]
SQL: SELECT * FROM `product` LIMIT 0,8   [ RunTime:0.0005s ]
NOTIC: [8] Undefined index: thumb D:\XAMPP\htdocs\shiji\Application\Home\Controller\ProductController.class.php 第 15 行.
NOTIC: [8] Undefined index: thumb D:\XAMPP\htdocs\shiji\Application\Home\Controller\ProductController.class.php 第 15 行.
NOTIC: [8] Undefined index: thumb D:\XAMPP\htdocs\shiji\Application\Home\Controller\ProductController.class.php 第 15 行.
NOTIC: [8] Undefined index: thumb D:\XAMPP\htdocs\shiji\Application\Home\Controller\ProductController.class.php 第 15 行.
NOTIC: [8] Undefined index: thumb D:\XAMPP\htdocs\shiji\Application\Home\Controller\ProductController.class.php 第 15 行.
NOTIC: [8] Undefined index: thumb D:\XAMPP\htdocs\shiji\Application\Home\Controller\ProductController.class.php 第 15 行.
NOTIC: [8] Undefined index: thumb D:\XAMPP\htdocs\shiji\Application\Home\Controller\ProductController.class.php 第 15 行.
NOTIC: [8] Undefined index: thumb D:\XAMPP\htdocs\shiji\Application\Home\Controller\ProductController.class.php 第 15 行.
SQL: SELECT COUNT(*) AS tp_count FROM `product` LIMIT 1   [ RunTime:0.0003s ]
INFO: [ view_parse ] --START--
INFO: [ template_filter ] --START--
INFO: Run Behavior\ContentReplaceBehavior [ RunTime:0.000194s ]
INFO: [ template_filter ] --END-- [ RunTime:0.000279s ]
INFO: Run Behavior\ParseTemplateBehavior [ RunTime:0.014232s ]
INFO: [ view_parse ] --END-- [ RunTime:0.014317s ]
INFO: [ view_filter ] --START--
INFO: Run Behavior\WriteHtmlCacheBehavior [ RunTime:0.000737s ]
INFO: [ view_filter ] --END-- [ RunTime:0.000790s ]
INFO: [ app_end ] --START--
INFO: Run Behavior\ShowPageTraceBehavior [ RunTime:0.001372s ]
INFO: [ app_end ] --END-- [ RunTime:0.001509s ]

[ 2018-05-06T16:33:51+08:00 ] ::1 /shiji/Product/shop_list.html
INFO: [ app_init ] --START--
INFO: Run Behavior\BuildLiteBehavior [ RunTime:0.000011s ]
INFO: [ app_init ] --END-- [ RunTime:0.000349s ]
INFO: [ app_begin ] --START--
INFO: Run Behavior\ReadHtmlCacheBehavior [ RunTime:0.000427s ]
INFO: [ app_begin ] --END-- [ RunTime:0.000476s ]
SQL: SHOW COLUMNS FROM `product` [ RunTime:0.0072s ]
SQL: SELECT * FROM `product` LIMIT 0,8   [ RunTime:0.0004s ]
NOTIC: [8] Undefined index: thumb D:\XAMPP\htdocs\shiji\Application\Home\Controller\ProductController.class.php 第 15 行.
NOTIC: [8] Undefined index: thumb D:\XAMPP\htdocs\shiji\Application\Home\Controller\ProductController.class.php 第 15 行.
NOTIC: [8] Undefined index: thumb D:\XAMPP\htdocs\shiji\Application\Home\Controller\ProductController.class.php 第 15 行.
NOTIC: [8] Undefined index: thumb D:\XAMPP\htdocs\shiji\Application\Home\Controller\ProductController.class.php 第 15 行.
NOTIC: [8] Undefined index: thumb D:\XAMPP\htdocs\shiji\Application\Home\Controller\ProductController.class.php 第 15 行.
NOTIC: [8] Undefined index: thumb D:\XAMPP\htdocs\shiji\Application\Home\Controller\ProductController.class.php 第 15 行.
NOTIC: [8] Undefined index: thumb D:\XAMPP\htdocs\shiji\Application\Home\Controller\ProductController.class.php 第 15 行.
NOTIC: [8] Undefined index: thumb D:\XAMPP\htdocs\shiji\Application\Home\Controller\ProductController.class.php 第 15 行.
SQL: SELECT COUNT(*) AS tp_count FROM `product` LIMIT 1   [ RunTime:0.0002s ]
INFO: [ view_parse ] --START--
INFO: [ template_filter ] --START--
INFO: Run Behavior\ContentReplaceBehavior [ RunTime:0.000103s ]
INFO: [ template_filter ] --END-- [ RunTime:0.000144s ]
INFO: Run Behavior\ParseTemplateBehavior [ RunTime:0.012942s ]
INFO: [ view_parse ] --END-- [ RunTime:0.013057s ]
INFO: [ view_filter ] --START--
INFO: Run Behavior\WriteHtmlCacheBehavior [ RunTime:0.000261s ]
INFO: [ view_filter ] --END-- [ RunTime:0.000294s ]
INFO: [ app_end ] --START--
INFO: Run Behavior\ShowPageTraceBehavior [ RunTime:0.000530s ]
INFO: [ app_end ] --END-- [ RunTime:0.000588s ]

[ 2018-05-06T16:33:51+08:00 ] ::1 /shiji/Product/shop_list.html
INFO: [ app_init ] --START--
INFO: Run Behavior\BuildLiteBehavior [ RunTime:0.000018s ]
INFO: [ app_init ] --END-- [ RunTime:0.000532s ]
INFO: [ app_begin ] --START--
INFO: Run Behavior\ReadHtmlCacheBehavior [ RunTime:0.000948s ]
INFO: [ app_begin ] --END-- [ RunTime:0.001077s ]
SQL: SHOW COLUMNS FROM `product` [ RunTime:0.0048s ]
SQL: SELECT * FROM `product` LIMIT 0,8   [ RunTime:0.0015s ]
NOTIC: [8] Undefined index: thumb D:\XAMPP\htdocs\shiji\Application\Home\Controller\ProductController.class.php 第 15 行.
NOTIC: [8] Undefined index: thumb D:\XAMPP\htdocs\shiji\Application\Home\Controller\ProductController.class.php 第 15 行.
NOTIC: [8] Undefined index: thumb D:\XAMPP\htdocs\shiji\Application\Home\Controller\ProductController.class.php 第 15 行.
NOTIC: [8] Undefined index: thumb D:\XAMPP\htdocs\shiji\Application\Home\Controller\ProductController.class.php 第 15 行.
NOTIC: [8] Undefined index: thumb D:\XAMPP\htdocs\shiji\Application\Home\Controller\ProductController.class.php 第 15 行.
NOTIC: [8] Undefined index: thumb D:\XAMPP\htdocs\shiji\Application\Home\Controller\ProductController.class.php 第 15 行.
NOTIC: [8] Undefined index: thumb D:\XAMPP\htdocs\shiji\Application\Home\Controller\ProductController.class.php 第 15 行.
NOTIC: [8] Undefined index: thumb D:\XAMPP\htdocs\shiji\Application\Home\Controller\ProductController.class.php 第 15 行.
SQL: SELECT COUNT(*) AS tp_count FROM `product` LIMIT 1   [ RunTime:0.0002s ]
INFO: [ view_parse ] --START--
INFO: [ template_filter ] --START--
INFO: Run Behavior\ContentReplaceBehavior [ RunTime:0.000122s ]
INFO: [ template_filter ] --END-- [ RunTime:0.000165s ]
INFO: Run Behavior\ParseTemplateBehavior [ RunTime:0.013635s ]
INFO: [ view_parse ] --END-- [ RunTime:0.013729s ]
INFO: [ view_filter ] --START--
INFO: Run Behavior\WriteHtmlCacheBehavior [ RunTime:0.000398s ]
INFO: [ view_filter ] --END-- [ RunTime:0.000439s ]
INFO: [ app_end ] --START--
INFO: Run Behavior\ShowPageTraceBehavior [ RunTime:0.000581s ]
INFO: [ app_end ] --END-- [ RunTime:0.000642s ]

[ 2018-05-06T16:33:52+08:00 ] ::1 /shiji/Product/shop_list.html
INFO: [ app_init ] --START--
INFO: Run Behavior\BuildLiteBehavior [ RunTime:0.000013s ]
INFO: [ app_init ] --END-- [ RunTime:0.000371s ]
INFO: [ app_begin ] --START--
INFO: Run Behavior\ReadHtmlCacheBehavior [ RunTime:0.001028s ]
INFO: [ app_begin ] --END-- [ RunTime:0.001242s ]
SQL: SHOW COLUMNS FROM `product` [ RunTime:0.0034s ]
SQL: SELECT * FROM `product` LIMIT 0,8   [ RunTime:0.0004s ]
NOTIC: [8] Undefined index: thumb D:\XAMPP\htdocs\shiji\Application\Home\Controller\ProductController.class.php 第 15 行.
NOTIC: [8] Undefined index: thumb D:\XAMPP\htdocs\shiji\Application\Home\Controller\ProductController.class.php 第 15 行.
NOTIC: [8] Undefined index: thumb D:\XAMPP\htdocs\shiji\Application\Home\Controller\ProductController.class.php 第 15 行.
NOTIC: [8] Undefined index: thumb D:\XAMPP\htdocs\shiji\Application\Home\Controller\ProductController.class.php 第 15 行.
NOTIC: [8] Undefined index: thumb D:\XAMPP\htdocs\shiji\Application\Home\Controller\ProductController.class.php 第 15 行.
NOTIC: [8] Undefined index: thumb D:\XAMPP\htdocs\shiji\Application\Home\Controller\ProductController.class.php 第 15 行.
NOTIC: [8] Undefined index: thumb D:\XAMPP\htdocs\shiji\Application\Home\Controller\ProductController.class.php 第 15 行.
NOTIC: [8] Undefined index: thumb D:\XAMPP\htdocs\shiji\Application\Home\Controller\ProductController.class.php 第 15 行.
SQL: SELECT COUNT(*) AS tp_count FROM `product` LIMIT 1   [ RunTime:0.0001s ]
INFO: [ view_parse ] --START--
INFO: [ template_filter ] --START--
INFO: Run Behavior\ContentReplaceBehavior [ RunTime:0.000108s ]
INFO: [ template_filter ] --END-- [ RunTime:0.000152s ]
INFO: Run Behavior\ParseTemplateBehavior [ RunTime:0.014896s ]
INFO: [ view_parse ] --END-- [ RunTime:0.014959s ]
INFO: [ view_filter ] --START--
INFO: Run Behavior\WriteHtmlCacheBehavior [ RunTime:0.000375s ]
INFO: [ view_filter ] --END-- [ RunTime:0.000407s ]
INFO: [ app_end ] --START--
INFO: Run Behavior\ShowPageTraceBehavior [ RunTime:0.000574s ]
INFO: [ app_end ] --END-- [ RunTime:0.000635s ]

[ 2018-05-06T16:33:52+08:00 ] ::1 /shiji/Product/shop_list.html
INFO: [ app_init ] --START--
INFO: Run Behavior\BuildLiteBehavior [ RunTime:0.000011s ]
INFO: [ app_init ] --END-- [ RunTime:0.000333s ]
INFO: [ app_begin ] --START--
INFO: Run Behavior\ReadHtmlCacheBehavior [ RunTime:0.000405s ]
INFO: [ app_begin ] --END-- [ RunTime:0.000450s ]
SQL: SHOW COLUMNS FROM `product` [ RunTime:0.0070s ]
SQL: SELECT * FROM `product` LIMIT 0,8   [ RunTime:0.0004s ]
NOTIC: [8] Undefined index: thumb D:\XAMPP\htdocs\shiji\Application\Home\Controller\ProductController.class.php 第 15 行.
NOTIC: [8] Undefined index: thumb D:\XAMPP\htdocs\shiji\Application\Home\Controller\ProductController.class.php 第 15 行.
NOTIC: [8] Undefined index: thumb D:\XAMPP\htdocs\shiji\Application\Home\Controller\ProductController.class.php 第 15 行.
NOTIC: [8] Undefined index: thumb D:\XAMPP\htdocs\shiji\Application\Home\Controller\ProductController.class.php 第 15 行.
NOTIC: [8] Undefined index: thumb D:\XAMPP\htdocs\shiji\Application\Home\Controller\ProductController.class.php 第 15 行.
NOTIC: [8] Undefined index: thumb D:\XAMPP\htdocs\shiji\Application\Home\Controller\ProductController.class.php 第 15 行.
NOTIC: [8] Undefined index: thumb D:\XAMPP\htdocs\shiji\Application\Home\Controller\ProductController.class.php 第 15 行.
NOTIC: [8] Undefined index: thumb D:\XAMPP\htdocs\shiji\Application\Home\Controller\ProductController.class.php 第 15 行.
SQL: SELECT COUNT(*) AS tp_count FROM `product` LIMIT 1   [ RunTime:0.0001s ]
INFO: [ view_parse ] --START--
INFO: [ template_filter ] --START--
INFO: Run Behavior\ContentReplaceBehavior [ RunTime:0.000180s ]
INFO: [ template_filter ] --END-- [ RunTime:0.000235s ]
INFO: Run Behavior\ParseTemplateBehavior [ RunTime:0.013479s ]
INFO: [ view_parse ] --END-- [ RunTime:0.013538s ]
INFO: [ view_filter ] --START--
INFO: Run Behavior\WriteHtmlCacheBehavior [ RunTime:0.000263s ]
INFO: [ view_filter ] --END-- [ RunTime:0.000294s ]
INFO: [ app_end ] --START--
INFO: Run Behavior\ShowPageTraceBehavior [ RunTime:0.000552s ]
INFO: [ app_end ] --END-- [ RunTime:0.000614s ]

[ 2018-05-06T16:33:53+08:00 ] ::1 /shiji/Product/pro_details/proid/%24foo.product_id.html
INFO: [ app_init ] --START--
INFO: Run Behavior\BuildLiteBehavior [ RunTime:0.000013s ]
INFO: [ app_init ] --END-- [ RunTime:0.000384s ]
INFO: [ app_begin ] --START--
INFO: Run Behavior\ReadHtmlCacheBehavior [ RunTime:0.000404s ]
INFO: [ app_begin ] --END-- [ RunTime:0.000448s ]
INFO: [ view_parse ] --START--
INFO: [ template_filter ] --START--
INFO: Run Behavior\ContentReplaceBehavior [ RunTime:0.000137s ]
INFO: [ template_filter ] --END-- [ RunTime:0.000187s ]
INFO: Run Behavior\ParseTemplateBehavior [ RunTime:0.072830s ]
INFO: [ view_parse ] --END-- [ RunTime:0.072882s ]
INFO: [ view_filter ] --START--
INFO: Run Behavior\WriteHtmlCacheBehavior [ RunTime:0.000388s ]
INFO: [ view_filter ] --END-- [ RunTime:0.000427s ]
INFO: [ app_end ] --START--
INFO: Run Behavior\ShowPageTraceBehavior [ RunTime:0.000705s ]
INFO: [ app_end ] --END-- [ RunTime:0.000766s ]

[ 2018-05-06T16:34:47+08:00 ] ::1 /shiji/Product/shop_list.html
INFO: [ app_init ] --START--
INFO: Run Behavior\BuildLiteBehavior [ RunTime:0.000012s ]
INFO: [ app_init ] --END-- [ RunTime:0.000538s ]
INFO: [ app_begin ] --START--
INFO: Run Behavior\ReadHtmlCacheBehavior [ RunTime:0.000470s ]
INFO: [ app_begin ] --END-- [ RunTime:0.000526s ]
SQL: SHOW COLUMNS FROM `product` [ RunTime:0.0071s ]
SQL: SELECT * FROM `product` LIMIT 0,8   [ RunTime:0.0006s ]
NOTIC: [8] Undefined index: thumb D:\XAMPP\htdocs\shiji\Application\Home\Controller\ProductController.class.php 第 15 行.
NOTIC: [8] Undefined index: thumb D:\XAMPP\htdocs\shiji\Application\Home\Controller\ProductController.class.php 第 15 行.
NOTIC: [8] Undefined index: thumb D:\XAMPP\htdocs\shiji\Application\Home\Controller\ProductController.class.php 第 15 行.
NOTIC: [8] Undefined index: thumb D:\XAMPP\htdocs\shiji\Application\Home\Controller\ProductController.class.php 第 15 行.
NOTIC: [8] Undefined index: thumb D:\XAMPP\htdocs\shiji\Application\Home\Controller\ProductController.class.php 第 15 行.
NOTIC: [8] Undefined index: thumb D:\XAMPP\htdocs\shiji\Application\Home\Controller\ProductController.class.php 第 15 行.
NOTIC: [8] Undefined index: thumb D:\XAMPP\htdocs\shiji\Application\Home\Controller\ProductController.class.php 第 15 行.
NOTIC: [8] Undefined index: thumb D:\XAMPP\htdocs\shiji\Application\Home\Controller\ProductController.class.php 第 15 行.
SQL: SELECT COUNT(*) AS tp_count FROM `product` LIMIT 1   [ RunTime:0.0003s ]
INFO: [ view_parse ] --START--
INFO: [ template_filter ] --START--
INFO: Run Behavior\ContentReplaceBehavior [ RunTime:0.000116s ]
INFO: [ template_filter ] --END-- [ RunTime:0.000167s ]

[ 2018-05-06T16:37:14+08:00 ] ::1 /shiji/Product/shop_list.html
INFO: [ app_init ] --START--
INFO: Run Behavior\BuildLiteBehavior [ RunTime:0.000012s ]
INFO: [ app_init ] --END-- [ RunTime:0.000472s ]
INFO: [ app_begin ] --START--
INFO: Run Behavior\ReadHtmlCacheBehavior [ RunTime:0.000787s ]
INFO: [ app_begin ] --END-- [ RunTime:0.000842s ]
SQL: SHOW COLUMNS FROM `product` [ RunTime:0.0099s ]
SQL: SELECT * FROM `product` LIMIT 0,8   [ RunTime:0.0013s ]
NOTIC: [8] Undefined index: thumb D:\XAMPP\htdocs\shiji\Application\Home\Controller\ProductController.class.php 第 15 行.
NOTIC: [8] Undefined index: thumb D:\XAMPP\htdocs\shiji\Application\Home\Controller\ProductController.class.php 第 15 行.
NOTIC: [8] Undefined index: thumb D:\XAMPP\htdocs\shiji\Application\Home\Controller\ProductController.class.php 第 15 行.
NOTIC: [8] Undefined index: thumb D:\XAMPP\htdocs\shiji\Application\Home\Controller\ProductController.class.php 第 15 行.
NOTIC: [8] Undefined index: thumb D:\XAMPP\htdocs\shiji\Application\Home\Controller\ProductController.class.php 第 15 行.
NOTIC: [8] Undefined index: thumb D:\XAMPP\htdocs\shiji\Application\Home\Controller\ProductController.class.php 第 15 行.
NOTIC: [8] Undefined index: thumb D:\XAMPP\htdocs\shiji\Application\Home\Controller\ProductController.class.php 第 15 行.
NOTIC: [8] Undefined index: thumb D:\XAMPP\htdocs\shiji\Application\Home\Controller\ProductController.class.php 第 15 行.
SQL: SELECT COUNT(*) AS tp_count FROM `product` LIMIT 1   [ RunTime:0.0003s ]
INFO: [ view_parse ] --START--
INFO: [ template_filter ] --START--
INFO: Run Behavior\ContentReplaceBehavior [ RunTime:0.000169s ]
INFO: [ template_filter ] --END-- [ RunTime:0.000236s ]

[ 2018-05-06T16:37:15+08:00 ] ::1 /shiji/Product/shop_list.html
INFO: [ app_init ] --START--
INFO: Run Behavior\BuildLiteBehavior [ RunTime:0.000011s ]
INFO: [ app_init ] --END-- [ RunTime:0.000384s ]
INFO: [ app_begin ] --START--
INFO: Run Behavior\ReadHtmlCacheBehavior [ RunTime:0.000507s ]
INFO: [ app_begin ] --END-- [ RunTime:0.000552s ]
SQL: SHOW COLUMNS FROM `product` [ RunTime:0.0037s ]
SQL: SELECT * FROM `product` LIMIT 0,8   [ RunTime:0.0005s ]
NOTIC: [8] Undefined index: thumb D:\XAMPP\htdocs\shiji\Application\Home\Controller\ProductController.class.php 第 15 行.
NOTIC: [8] Undefined index: thumb D:\XAMPP\htdocs\shiji\Application\Home\Controller\ProductController.class.php 第 15 行.
NOTIC: [8] Undefined index: thumb D:\XAMPP\htdocs\shiji\Application\Home\Controller\ProductController.class.php 第 15 行.
NOTIC: [8] Undefined index: thumb D:\XAMPP\htdocs\shiji\Application\Home\Controller\ProductController.class.php 第 15 行.
NOTIC: [8] Undefined index: thumb D:\XAMPP\htdocs\shiji\Application\Home\Controller\ProductController.class.php 第 15 行.
NOTIC: [8] Undefined index: thumb D:\XAMPP\htdocs\shiji\Application\Home\Controller\ProductController.class.php 第 15 行.
NOTIC: [8] Undefined index: thumb D:\XAMPP\htdocs\shiji\Application\Home\Controller\ProductController.class.php 第 15 行.
NOTIC: [8] Undefined index: thumb D:\XAMPP\htdocs\shiji\Application\Home\Controller\ProductController.class.php 第 15 行.
SQL: SELECT COUNT(*) AS tp_count FROM `product` LIMIT 1   [ RunTime:0.0003s ]
INFO: [ view_parse ] --START--
INFO: [ template_filter ] --START--
INFO: Run Behavior\ContentReplaceBehavior [ RunTime:0.000103s ]
INFO: [ template_filter ] --END-- [ RunTime:0.000164s ]

[ 2018-05-06T16:37:15+08:00 ] ::1 /shiji/Product/shop_list.html
INFO: [ app_init ] --START--
INFO: Run Behavior\BuildLiteBehavior [ RunTime:0.000015s ]
INFO: [ app_init ] --END-- [ RunTime:0.000515s ]
INFO: [ app_begin ] --START--
INFO: Run Behavior\ReadHtmlCacheBehavior [ RunTime:0.000815s ]
INFO: [ app_begin ] --END-- [ RunTime:0.000892s ]
SQL: SHOW COLUMNS FROM `product` [ RunTime:0.0064s ]
SQL: SELECT * FROM `product` LIMIT 0,8   [ RunTime:0.0004s ]
NOTIC: [8] Undefined index: thumb D:\XAMPP\htdocs\shiji\Application\Home\Controller\ProductController.class.php 第 15 行.
NOTIC: [8] Undefined index: thumb D:\XAMPP\htdocs\shiji\Application\Home\Controller\ProductController.class.php 第 15 行.
NOTIC: [8] Undefined index: thumb D:\XAMPP\htdocs\shiji\Application\Home\Controller\ProductController.class.php 第 15 行.
NOTIC: [8] Undefined index: thumb D:\XAMPP\htdocs\shiji\Application\Home\Controller\ProductController.class.php 第 15 行.
NOTIC: [8] Undefined index: thumb D:\XAMPP\htdocs\shiji\Application\Home\Controller\ProductController.class.php 第 15 行.
NOTIC: [8] Undefined index: thumb D:\XAMPP\htdocs\shiji\Application\Home\Controller\ProductController.class.php 第 15 行.
NOTIC: [8] Undefined index: thumb D:\XAMPP\htdocs\shiji\Application\Home\Controller\ProductController.class.php 第 15 行.
NOTIC: [8] Undefined index: thumb D:\XAMPP\htdocs\shiji\Application\Home\Controller\ProductController.class.php 第 15 行.
SQL: SELECT COUNT(*) AS tp_count FROM `product` LIMIT 1   [ RunTime:0.0002s ]
INFO: [ view_parse ] --START--
INFO: [ template_filter ] --START--
INFO: Run Behavior\ContentReplaceBehavior [ RunTime:0.000107s ]
INFO: [ template_filter ] --END-- [ RunTime:0.000152s ]

[ 2018-05-06T16:37:15+08:00 ] ::1 /shiji/Product/shop_list.html
INFO: [ app_init ] --START--
INFO: Run Behavior\BuildLiteBehavior [ RunTime:0.000034s ]
INFO: [ app_init ] --END-- [ RunTime:0.001957s ]
INFO: [ app_begin ] --START--
INFO: Run Behavior\ReadHtmlCacheBehavior [ RunTime:0.000418s ]
INFO: [ app_begin ] --END-- [ RunTime:0.000466s ]
SQL: SHOW COLUMNS FROM `product` [ RunTime:0.0038s ]
SQL: SELECT * FROM `product` LIMIT 0,8   [ RunTime:0.0007s ]
NOTIC: [8] Undefined index: thumb D:\XAMPP\htdocs\shiji\Application\Home\Controller\ProductController.class.php 第 15 行.
NOTIC: [8] Undefined index: thumb D:\XAMPP\htdocs\shiji\Application\Home\Controller\ProductController.class.php 第 15 行.
NOTIC: [8] Undefined index: thumb D:\XAMPP\htdocs\shiji\Application\Home\Controller\ProductController.class.php 第 15 行.
NOTIC: [8] Undefined index: thumb D:\XAMPP\htdocs\shiji\Application\Home\Controller\ProductController.class.php 第 15 行.
NOTIC: [8] Undefined index: thumb D:\XAMPP\htdocs\shiji\Application\Home\Controller\ProductController.class.php 第 15 行.
NOTIC: [8] Undefined index: thumb D:\XAMPP\htdocs\shiji\Application\Home\Controller\ProductController.class.php 第 15 行.
NOTIC: [8] Undefined index: thumb D:\XAMPP\htdocs\shiji\Application\Home\Controller\ProductController.class.php 第 15 行.
NOTIC: [8] Undefined index: thumb D:\XAMPP\htdocs\shiji\Application\Home\Controller\ProductController.class.php 第 15 行.
SQL: SELECT COUNT(*) AS tp_count FROM `product` LIMIT 1   [ RunTime:0.0002s ]
INFO: [ view_parse ] --START--
INFO: [ template_filter ] --START--
INFO: Run Behavior\ContentReplaceBehavior [ RunTime:0.000103s ]
INFO: [ template_filter ] --END-- [ RunTime:0.000143s ]

[ 2018-05-06T16:37:32+08:00 ] ::1 /shiji/Product/shop_list.html
INFO: [ app_init ] --START--
INFO: Run Behavior\BuildLiteBehavior [ RunTime:0.000012s ]
INFO: [ app_init ] --END-- [ RunTime:0.000358s ]
INFO: [ app_begin ] --START--
INFO: Run Behavior\ReadHtmlCacheBehavior [ RunTime:0.000435s ]
INFO: [ app_begin ] --END-- [ RunTime:0.000479s ]
SQL: SHOW COLUMNS FROM `product` [ RunTime:0.0077s ]
SQL: SELECT * FROM `product` LIMIT 0,8   [ RunTime:0.0004s ]
NOTIC: [8] Undefined index: thumb D:\XAMPP\htdocs\shiji\Application\Home\Controller\ProductController.class.php 第 15 行.
NOTIC: [8] Undefined index: thumb D:\XAMPP\htdocs\shiji\Application\Home\Controller\ProductController.class.php 第 15 行.
NOTIC: [8] Undefined index: thumb D:\XAMPP\htdocs\shiji\Application\Home\Controller\ProductController.class.php 第 15 行.
NOTIC: [8] Undefined index: thumb D:\XAMPP\htdocs\shiji\Application\Home\Controller\ProductController.class.php 第 15 行.
NOTIC: [8] Undefined index: thumb D:\XAMPP\htdocs\shiji\Application\Home\Controller\ProductController.class.php 第 15 行.
NOTIC: [8] Undefined index: thumb D:\XAMPP\htdocs\shiji\Application\Home\Controller\ProductController.class.php 第 15 行.
NOTIC: [8] Undefined index: thumb D:\XAMPP\htdocs\shiji\Application\Home\Controller\ProductController.class.php 第 15 行.
NOTIC: [8] Undefined index: thumb D:\XAMPP\htdocs\shiji\Application\Home\Controller\ProductController.class.php 第 15 行.
SQL: SELECT COUNT(*) AS tp_count FROM `product` LIMIT 1   [ RunTime:0.0002s ]
INFO: [ view_parse ] --START--
INFO: [ template_filter ] --START--
INFO: Run Behavior\ContentReplaceBehavior [ RunTime:0.000104s ]
INFO: [ template_filter ] --END-- [ RunTime:0.000145s ]

[ 2018-05-06T16:37:32+08:00 ] ::1 /shiji/Product/shop_list.html
INFO: [ app_init ] --START--
INFO: Run Behavior\BuildLiteBehavior [ RunTime:0.000011s ]
INFO: [ app_init ] --END-- [ RunTime:0.000351s ]
INFO: [ app_begin ] --START--
INFO: Run Behavior\ReadHtmlCacheBehavior [ RunTime:0.000420s ]
INFO: [ app_begin ] --END-- [ RunTime:0.000463s ]
SQL: SHOW COLUMNS FROM `product` [ RunTime:0.0042s ]
SQL: SELECT * FROM `product` LIMIT 0,8   [ RunTime:0.0004s ]
NOTIC: [8] Undefined index: thumb D:\XAMPP\htdocs\shiji\Application\Home\Controller\ProductController.class.php 第 15 行.
NOTIC: [8] Undefined index: thumb D:\XAMPP\htdocs\shiji\Application\Home\Controller\ProductController.class.php 第 15 行.
NOTIC: [8] Undefined index: thumb D:\XAMPP\htdocs\shiji\Application\Home\Controller\ProductController.class.php 第 15 行.
NOTIC: [8] Undefined index: thumb D:\XAMPP\htdocs\shiji\Application\Home\Controller\ProductController.class.php 第 15 行.
NOTIC: [8] Undefined index: thumb D:\XAMPP\htdocs\shiji\Application\Home\Controller\ProductController.class.php 第 15 行.
NOTIC: [8] Undefined index: thumb D:\XAMPP\htdocs\shiji\Application\Home\Controller\ProductController.class.php 第 15 行.
NOTIC: [8] Undefined index: thumb D:\XAMPP\htdocs\shiji\Application\Home\Controller\ProductController.class.php 第 15 行.
NOTIC: [8] Undefined index: thumb D:\XAMPP\htdocs\shiji\Application\Home\Controller\ProductController.class.php 第 15 行.
SQL: SELECT COUNT(*) AS tp_count FROM `product` LIMIT 1   [ RunTime:0.0002s ]
INFO: [ view_parse ] --START--
INFO: [ template_filter ] --START--
INFO: Run Behavior\ContentReplaceBehavior [ RunTime:0.000155s ]
INFO: [ template_filter ] --END-- [ RunTime:0.000202s ]

[ 2018-05-06T16:37:32+08:00 ] ::1 /shiji/Product/shop_list.html
INFO: [ app_init ] --START--
INFO: Run Behavior\BuildLiteBehavior [ RunTime:0.000015s ]
INFO: [ app_init ] --END-- [ RunTime:0.000654s ]
INFO: [ app_begin ] --START--
INFO: Run Behavior\ReadHtmlCacheBehavior [ RunTime:0.000493s ]
INFO: [ app_begin ] --END-- [ RunTime:0.000559s ]
SQL: SHOW COLUMNS FROM `product` [ RunTime:0.0046s ]
SQL: SELECT * FROM `product` LIMIT 0,8   [ RunTime:0.0007s ]
NOTIC: [8] Undefined index: thumb D:\XAMPP\htdocs\shiji\Application\Home\Controller\ProductController.class.php 第 15 行.
NOTIC: [8] Undefined index: thumb D:\XAMPP\htdocs\shiji\Application\Home\Controller\ProductController.class.php 第 15 行.
NOTIC: [8] Undefined index: thumb D:\XAMPP\htdocs\shiji\Application\Home\Controller\ProductController.class.php 第 15 行.
NOTIC: [8] Undefined index: thumb D:\XAMPP\htdocs\shiji\Application\Home\Controller\ProductController.class.php 第 15 行.
NOTIC: [8] Undefined index: thumb D:\XAMPP\htdocs\shiji\Application\Home\Controller\ProductController.class.php 第 15 行.
NOTIC: [8] Undefined index: thumb D:\XAMPP\htdocs\shiji\Application\Home\Controller\ProductController.class.php 第 15 行.
NOTIC: [8] Undefined index: thumb D:\XAMPP\htdocs\shiji\Application\Home\Controller\ProductController.class.php 第 15 行.
NOTIC: [8] Undefined index: thumb D:\XAMPP\htdocs\shiji\Application\Home\Controller\ProductController.class.php 第 15 行.
SQL: SELECT COUNT(*) AS tp_count FROM `product` LIMIT 1   [ RunTime:0.0004s ]
INFO: [ view_parse ] --START--
INFO: [ template_filter ] --START--
INFO: Run Behavior\ContentReplaceBehavior [ RunTime:0.000122s ]
INFO: [ template_filter ] --END-- [ RunTime:0.000168s ]

[ 2018-05-06T16:37:43+08:00 ] ::1 /shiji/Product/shop_list.html
INFO: [ app_init ] --START--
INFO: Run Behavior\BuildLiteBehavior [ RunTime:0.000011s ]
INFO: [ app_init ] --END-- [ RunTime:0.000372s ]
INFO: [ app_begin ] --START--
INFO: Run Behavior\ReadHtmlCacheBehavior [ RunTime:0.000550s ]
INFO: [ app_begin ] --END-- [ RunTime:0.000606s ]
SQL: SHOW COLUMNS FROM `product` [ RunTime:0.0444s ]
SQL: SELECT * FROM `product` LIMIT 0,8   [ RunTime:0.0006s ]
NOTIC: [8] Undefined index: thumb D:\XAMPP\htdocs\shiji\Application\Home\Controller\ProductController.class.php 第 15 行.
NOTIC: [8] Undefined index: thumb D:\XAMPP\htdocs\shiji\Application\Home\Controller\ProductController.class.php 第 15 行.
NOTIC: [8] Undefined index: thumb D:\XAMPP\htdocs\shiji\Application\Home\Controller\ProductController.class.php 第 15 行.
NOTIC: [8] Undefined index: thumb D:\XAMPP\htdocs\shiji\Application\Home\Controller\ProductController.class.php 第 15 行.
NOTIC: [8] Undefined index: thumb D:\XAMPP\htdocs\shiji\Application\Home\Controller\ProductController.class.php 第 15 行.
NOTIC: [8] Undefined index: thumb D:\XAMPP\htdocs\shiji\Application\Home\Controller\ProductController.class.php 第 15 行.
NOTIC: [8] Undefined index: thumb D:\XAMPP\htdocs\shiji\Application\Home\Controller\ProductController.class.php 第 15 行.
NOTIC: [8] Undefined index: thumb D:\XAMPP\htdocs\shiji\Application\Home\Controller\ProductController.class.php 第 15 行.
SQL: SELECT COUNT(*) AS tp_count FROM `product` LIMIT 1   [ RunTime:0.0003s ]
INFO: [ view_parse ] --START--
INFO: [ template_filter ] --START--
INFO: Run Behavior\ContentReplaceBehavior [ RunTime:0.000107s ]
INFO: [ template_filter ] --END-- [ RunTime:0.000150s ]

[ 2018-05-06T16:38:58+08:00 ] ::1 /shiji/Product/shop_list.html
INFO: [ app_init ] --START--
INFO: Run Behavior\BuildLiteBehavior [ RunTime:0.000010s ]
INFO: [ app_init ] --END-- [ RunTime:0.000322s ]
INFO: [ app_begin ] --START--
INFO: Run Behavior\ReadHtmlCacheBehavior [ RunTime:0.000426s ]
INFO: [ app_begin ] --END-- [ RunTime:0.000470s ]
SQL: SHOW COLUMNS FROM `product` [ RunTime:0.0067s ]
SQL: SELECT * FROM `product` LIMIT 0,8   [ RunTime:0.0004s ]
NOTIC: [8] Undefined index: thumb D:\XAMPP\htdocs\shiji\Application\Home\Controller\ProductController.class.php 第 15 行.
NOTIC: [8] Undefined index: thumb D:\XAMPP\htdocs\shiji\Application\Home\Controller\ProductController.class.php 第 15 行.
NOTIC: [8] Undefined index: thumb D:\XAMPP\htdocs\shiji\Application\Home\Controller\ProductController.class.php 第 15 行.
NOTIC: [8] Undefined index: thumb D:\XAMPP\htdocs\shiji\Application\Home\Controller\ProductController.class.php 第 15 行.
NOTIC: [8] Undefined index: thumb D:\XAMPP\htdocs\shiji\Application\Home\Controller\ProductController.class.php 第 15 行.
NOTIC: [8] Undefined index: thumb D:\XAMPP\htdocs\shiji\Application\Home\Controller\ProductController.class.php 第 15 行.
NOTIC: [8] Undefined index: thumb D:\XAMPP\htdocs\shiji\Application\Home\Controller\ProductController.class.php 第 15 行.
NOTIC: [8] Undefined index: thumb D:\XAMPP\htdocs\shiji\Application\Home\Controller\ProductController.class.php 第 15 行.
SQL: SELECT COUNT(*) AS tp_count FROM `product` LIMIT 1   [ RunTime:0.0002s ]
INFO: [ view_parse ] --START--
INFO: [ template_filter ] --START--
INFO: Run Behavior\ContentReplaceBehavior [ RunTime:0.000389s ]
INFO: [ template_filter ] --END-- [ RunTime:0.000478s ]

[ 2018-05-06T16:38:58+08:00 ] ::1 /shiji/Product/shop_list.html
INFO: [ app_init ] --START--
INFO: Run Behavior\BuildLiteBehavior [ RunTime:0.000010s ]
INFO: [ app_init ] --END-- [ RunTime:0.000331s ]
INFO: [ app_begin ] --START--
INFO: Run Behavior\ReadHtmlCacheBehavior [ RunTime:0.000410s ]
INFO: [ app_begin ] --END-- [ RunTime:0.000456s ]
SQL: SHOW COLUMNS FROM `product` [ RunTime:0.0049s ]
SQL: SELECT * FROM `product` LIMIT 0,8   [ RunTime:0.0008s ]
NOTIC: [8] Undefined index: thumb D:\XAMPP\htdocs\shiji\Application\Home\Controller\ProductController.class.php 第 15 行.
NOTIC: [8] Undefined index: thumb D:\XAMPP\htdocs\shiji\Application\Home\Controller\ProductController.class.php 第 15 行.
NOTIC: [8] Undefined index: thumb D:\XAMPP\htdocs\shiji\Application\Home\Controller\ProductController.class.php 第 15 行.
NOTIC: [8] Undefined index: thumb D:\XAMPP\htdocs\shiji\Application\Home\Controller\ProductController.class.php 第 15 行.
NOTIC: [8] Undefined index: thumb D:\XAMPP\htdocs\shiji\Application\Home\Controller\ProductController.class.php 第 15 行.
NOTIC: [8] Undefined index: thumb D:\XAMPP\htdocs\shiji\Application\Home\Controller\ProductController.class.php 第 15 行.
NOTIC: [8] Undefined index: thumb D:\XAMPP\htdocs\shiji\Application\Home\Controller\ProductController.class.php 第 15 行.
NOTIC: [8] Undefined index: thumb D:\XAMPP\htdocs\shiji\Application\Home\Controller\ProductController.class.php 第 15 行.
SQL: SELECT COUNT(*) AS tp_count FROM `product` LIMIT 1   [ RunTime:0.0002s ]
INFO: [ view_parse ] --START--
INFO: [ template_filter ] --START--
INFO: Run Behavior\ContentReplaceBehavior [ RunTime:0.000108s ]
INFO: [ template_filter ] --END-- [ RunTime:0.000149s ]

[ 2018-05-06T16:38:58+08:00 ] ::1 /shiji/Product/shop_list.html
INFO: [ app_init ] --START--
INFO: Run Behavior\BuildLiteBehavior [ RunTime:0.000010s ]
INFO: [ app_init ] --END-- [ RunTime:0.000318s ]
INFO: [ app_begin ] --START--
INFO: Run Behavior\ReadHtmlCacheBehavior [ RunTime:0.000491s ]
INFO: [ app_begin ] --END-- [ RunTime:0.000551s ]
SQL: SHOW COLUMNS FROM `product` [ RunTime:0.0042s ]
SQL: SELECT * FROM `product` LIMIT 0,8   [ RunTime:0.0004s ]
NOTIC: [8] Undefined index: thumb D:\XAMPP\htdocs\shiji\Application\Home\Controller\ProductController.class.php 第 15 行.
NOTIC: [8] Undefined index: thumb D:\XAMPP\htdocs\shiji\Application\Home\Controller\ProductController.class.php 第 15 行.
NOTIC: [8] Undefined index: thumb D:\XAMPP\htdocs\shiji\Application\Home\Controller\ProductController.class.php 第 15 行.
NOTIC: [8] Undefined index: thumb D:\XAMPP\htdocs\shiji\Application\Home\Controller\ProductController.class.php 第 15 行.
NOTIC: [8] Undefined index: thumb D:\XAMPP\htdocs\shiji\Application\Home\Controller\ProductController.class.php 第 15 行.
NOTIC: [8] Undefined index: thumb D:\XAMPP\htdocs\shiji\Application\Home\Controller\ProductController.class.php 第 15 行.
NOTIC: [8] Undefined index: thumb D:\XAMPP\htdocs\shiji\Application\Home\Controller\ProductController.class.php 第 15 行.
NOTIC: [8] Undefined index: thumb D:\XAMPP\htdocs\shiji\Application\Home\Controller\ProductController.class.php 第 15 行.
SQL: SELECT COUNT(*) AS tp_count FROM `product` LIMIT 1   [ RunTime:0.0002s ]
INFO: [ view_parse ] --START--
INFO: [ template_filter ] --START--
INFO: Run Behavior\ContentReplaceBehavior [ RunTime:0.000105s ]
INFO: [ template_filter ] --END-- [ RunTime:0.000146s ]

[ 2018-05-06T16:38:58+08:00 ] ::1 /shiji/Product/shop_list.html
INFO: [ app_init ] --START--
INFO: Run Behavior\BuildLiteBehavior [ RunTime:0.000010s ]
INFO: [ app_init ] --END-- [ RunTime:0.000339s ]
INFO: [ app_begin ] --START--
INFO: Run Behavior\ReadHtmlCacheBehavior [ RunTime:0.000454s ]
INFO: [ app_begin ] --END-- [ RunTime:0.000519s ]
SQL: SHOW COLUMNS FROM `product` [ RunTime:0.0058s ]
SQL: SELECT * FROM `product` LIMIT 0,8   [ RunTime:0.0004s ]
NOTIC: [8] Undefined index: thumb D:\XAMPP\htdocs\shiji\Application\Home\Controller\ProductController.class.php 第 15 行.
NOTIC: [8] Undefined index: thumb D:\XAMPP\htdocs\shiji\Application\Home\Controller\ProductController.class.php 第 15 行.
NOTIC: [8] Undefined index: thumb D:\XAMPP\htdocs\shiji\Application\Home\Controller\ProductController.class.php 第 15 行.
NOTIC: [8] Undefined index: thumb D:\XAMPP\htdocs\shiji\Application\Home\Controller\ProductController.class.php 第 15 行.
NOTIC: [8] Undefined index: thumb D:\XAMPP\htdocs\shiji\Application\Home\Controller\ProductController.class.php 第 15 行.
NOTIC: [8] Undefined index: thumb D:\XAMPP\htdocs\shiji\Application\Home\Controller\ProductController.class.php 第 15 行.
NOTIC: [8] Undefined index: thumb D:\XAMPP\htdocs\shiji\Application\Home\Controller\ProductController.class.php 第 15 行.
NOTIC: [8] Undefined index: thumb D:\XAMPP\htdocs\shiji\Application\Home\Controller\ProductController.class.php 第 15 行.
SQL: SELECT COUNT(*) AS tp_count FROM `product` LIMIT 1   [ RunTime:0.0002s ]
INFO: [ view_parse ] --START--
INFO: [ template_filter ] --START--
INFO: Run Behavior\ContentReplaceBehavior [ RunTime:0.000106s ]
INFO: [ template_filter ] --END-- [ RunTime:0.000148s ]

[ 2018-05-06T16:39:00+08:00 ] ::1 /shiji/Index/index.html
INFO: [ app_init ] --START--
INFO: Run Behavior\BuildLiteBehavior [ RunTime:0.000012s ]
INFO: [ app_init ] --END-- [ RunTime:0.000354s ]
INFO: [ app_begin ] --START--
INFO: Run Behavior\ReadHtmlCacheBehavior [ RunTime:0.000437s ]
INFO: [ app_begin ] --END-- [ RunTime:0.000491s ]
INFO: [ view_parse ] --START--
INFO: [ template_filter ] --START--
INFO: Run Behavior\ContentReplaceBehavior [ RunTime:0.000139s ]
INFO: [ template_filter ] --END-- [ RunTime:0.000189s ]
INFO: Run Behavior\ParseTemplateBehavior [ RunTime:0.015788s ]
INFO: [ view_parse ] --END-- [ RunTime:0.015860s ]
INFO: [ view_filter ] --START--
INFO: Run Behavior\WriteHtmlCacheBehavior [ RunTime:0.000909s ]
INFO: [ view_filter ] --END-- [ RunTime:0.000967s ]
INFO: [ app_end ] --START--
INFO: Run Behavior\ShowPageTraceBehavior [ RunTime:0.001551s ]
INFO: [ app_end ] --END-- [ RunTime:0.001637s ]

[ 2018-05-06T16:39:00+08:00 ] ::1 /shiji/Product/shop_list.html
INFO: [ app_init ] --START--
INFO: Run Behavior\BuildLiteBehavior [ RunTime:0.000014s ]
INFO: [ app_init ] --END-- [ RunTime:0.000543s ]
INFO: [ app_begin ] --START--
INFO: Run Behavior\ReadHtmlCacheBehavior [ RunTime:0.000513s ]
INFO: [ app_begin ] --END-- [ RunTime:0.000568s ]
SQL: SHOW COLUMNS FROM `product` [ RunTime:0.0037s ]
SQL: SELECT * FROM `product` LIMIT 0,8   [ RunTime:0.0005s ]
NOTIC: [8] Undefined index: thumb D:\XAMPP\htdocs\shiji\Application\Home\Controller\ProductController.class.php 第 15 行.
NOTIC: [8] Undefined index: thumb D:\XAMPP\htdocs\shiji\Application\Home\Controller\ProductController.class.php 第 15 行.
NOTIC: [8] Undefined index: thumb D:\XAMPP\htdocs\shiji\Application\Home\Controller\ProductController.class.php 第 15 行.
NOTIC: [8] Undefined index: thumb D:\XAMPP\htdocs\shiji\Application\Home\Controller\ProductController.class.php 第 15 行.
NOTIC: [8] Undefined index: thumb D:\XAMPP\htdocs\shiji\Application\Home\Controller\ProductController.class.php 第 15 行.
NOTIC: [8] Undefined index: thumb D:\XAMPP\htdocs\shiji\Application\Home\Controller\ProductController.class.php 第 15 行.
NOTIC: [8] Undefined index: thumb D:\XAMPP\htdocs\shiji\Application\Home\Controller\ProductController.class.php 第 15 行.
NOTIC: [8] Undefined index: thumb D:\XAMPP\htdocs\shiji\Application\Home\Controller\ProductController.class.php 第 15 行.
SQL: SELECT COUNT(*) AS tp_count FROM `product` LIMIT 1   [ RunTime:0.0003s ]
INFO: [ view_parse ] --START--
INFO: [ template_filter ] --START--
INFO: Run Behavior\ContentReplaceBehavior [ RunTime:0.000101s ]
INFO: [ template_filter ] --END-- [ RunTime:0.000140s ]

[ 2018-05-06T16:39:15+08:00 ] ::1 /shiji/Product/shop_list.html
INFO: [ app_init ] --START--
INFO: Run Behavior\BuildLiteBehavior [ RunTime:0.000060s ]
INFO: [ app_init ] --END-- [ RunTime:0.000790s ]
INFO: [ app_begin ] --START--
INFO: Run Behavior\ReadHtmlCacheBehavior [ RunTime:0.000553s ]
INFO: [ app_begin ] --END-- [ RunTime:0.000623s ]
SQL: SHOW COLUMNS FROM `product` [ RunTime:0.0203s ]
SQL: SELECT * FROM `product` LIMIT 0,8   [ RunTime:0.0007s ]
NOTIC: [8] Undefined index: thumb D:\XAMPP\htdocs\shiji\Application\Home\Controller\ProductController.class.php 第 15 行.
NOTIC: [8] Undefined index: thumb D:\XAMPP\htdocs\shiji\Application\Home\Controller\ProductController.class.php 第 15 行.
NOTIC: [8] Undefined index: thumb D:\XAMPP\htdocs\shiji\Application\Home\Controller\ProductController.class.php 第 15 行.
NOTIC: [8] Undefined index: thumb D:\XAMPP\htdocs\shiji\Application\Home\Controller\ProductController.class.php 第 15 行.
NOTIC: [8] Undefined index: thumb D:\XAMPP\htdocs\shiji\Application\Home\Controller\ProductController.class.php 第 15 行.
NOTIC: [8] Undefined index: thumb D:\XAMPP\htdocs\shiji\Application\Home\Controller\ProductController.class.php 第 15 行.
NOTIC: [8] Undefined index: thumb D:\XAMPP\htdocs\shiji\Application\Home\Controller\ProductController.class.php 第 15 行.
NOTIC: [8] Undefined index: thumb D:\XAMPP\htdocs\shiji\Application\Home\Controller\ProductController.class.php 第 15 行.
SQL: SELECT COUNT(*) AS tp_count FROM `product` LIMIT 1   [ RunTime:0.0002s ]
INFO: [ view_parse ] --START--
INFO: [ template_filter ] --START--
INFO: Run Behavior\ContentReplaceBehavior [ RunTime:0.000174s ]
INFO: [ template_filter ] --END-- [ RunTime:0.000246s ]
INFO: Run Behavior\ParseTemplateBehavior [ RunTime:0.017699s ]
INFO: [ view_parse ] --END-- [ RunTime:0.017774s ]
INFO: [ view_filter ] --START--
INFO: Run Behavior\WriteHtmlCacheBehavior [ RunTime:0.000460s ]
INFO: [ view_filter ] --END-- [ RunTime:0.000495s ]
INFO: [ app_end ] --START--
INFO: Run Behavior\ShowPageTraceBehavior [ RunTime:0.000554s ]
INFO: [ app_end ] --END-- [ RunTime:0.000606s ]

[ 2018-05-06T16:39:28+08:00 ] ::1 /shiji/Product/shop_list.html
INFO: [ app_init ] --START--
INFO: Run Behavior\BuildLiteBehavior [ RunTime:0.000010s ]
INFO: [ app_init ] --END-- [ RunTime:0.000382s ]
INFO: [ app_begin ] --START--
INFO: Run Behavior\ReadHtmlCacheBehavior [ RunTime:0.001072s ]
INFO: [ app_begin ] --END-- [ RunTime:0.001188s ]
SQL: SHOW COLUMNS FROM `product` [ RunTime:0.0040s ]
SQL: SELECT * FROM `product` LIMIT 0,8   [ RunTime:0.0004s ]
NOTIC: [8] Undefined index: thumb D:\XAMPP\htdocs\shiji\Application\Home\Controller\ProductController.class.php 第 15 行.
NOTIC: [8] Undefined index: thumb D:\XAMPP\htdocs\shiji\Application\Home\Controller\ProductController.class.php 第 15 行.
NOTIC: [8] Undefined index: thumb D:\XAMPP\htdocs\shiji\Application\Home\Controller\ProductController.class.php 第 15 行.
NOTIC: [8] Undefined index: thumb D:\XAMPP\htdocs\shiji\Application\Home\Controller\ProductController.class.php 第 15 行.
NOTIC: [8] Undefined index: thumb D:\XAMPP\htdocs\shiji\Application\Home\Controller\ProductController.class.php 第 15 行.
NOTIC: [8] Undefined index: thumb D:\XAMPP\htdocs\shiji\Application\Home\Controller\ProductController.class.php 第 15 行.
NOTIC: [8] Undefined index: thumb D:\XAMPP\htdocs\shiji\Application\Home\Controller\ProductController.class.php 第 15 行.
NOTIC: [8] Undefined index: thumb D:\XAMPP\htdocs\shiji\Application\Home\Controller\ProductController.class.php 第 15 行.
SQL: SELECT COUNT(*) AS tp_count FROM `product` LIMIT 1   [ RunTime:0.0002s ]
INFO: [ view_parse ] --START--
INFO: [ template_filter ] --START--
INFO: Run Behavior\ContentReplaceBehavior [ RunTime:0.000103s ]
INFO: [ template_filter ] --END-- [ RunTime:0.000142s ]
INFO: Run Behavior\ParseTemplateBehavior [ RunTime:0.013351s ]
INFO: [ view_parse ] --END-- [ RunTime:0.013426s ]
INFO: [ view_filter ] --START--
INFO: Run Behavior\WriteHtmlCacheBehavior [ RunTime:0.000548s ]
INFO: [ view_filter ] --END-- [ RunTime:0.000624s ]
INFO: [ app_end ] --START--
INFO: Run Behavior\ShowPageTraceBehavior [ RunTime:0.000960s ]
INFO: [ app_end ] --END-- [ RunTime:0.001054s ]

[ 2018-05-06T16:39:28+08:00 ] ::1 /shiji/Product/shop_list.html
INFO: [ app_init ] --START--
INFO: Run Behavior\BuildLiteBehavior [ RunTime:0.000046s ]
INFO: [ app_init ] --END-- [ RunTime:0.000751s ]
INFO: [ app_begin ] --START--
INFO: Run Behavior\ReadHtmlCacheBehavior [ RunTime:0.000444s ]
INFO: [ app_begin ] --END-- [ RunTime:0.000497s ]
SQL: SHOW COLUMNS FROM `product` [ RunTime:0.0045s ]
SQL: SELECT * FROM `product` LIMIT 0,8   [ RunTime:0.0006s ]
NOTIC: [8] Undefined index: thumb D:\XAMPP\htdocs\shiji\Application\Home\Controller\ProductController.class.php 第 15 行.
NOTIC: [8] Undefined index: thumb D:\XAMPP\htdocs\shiji\Application\Home\Controller\ProductController.class.php 第 15 行.
NOTIC: [8] Undefined index: thumb D:\XAMPP\htdocs\shiji\Application\Home\Controller\ProductController.class.php 第 15 行.
NOTIC: [8] Undefined index: thumb D:\XAMPP\htdocs\shiji\Application\Home\Controller\ProductController.class.php 第 15 行.
NOTIC: [8] Undefined index: thumb D:\XAMPP\htdocs\shiji\Application\Home\Controller\ProductController.class.php 第 15 行.
NOTIC: [8] Undefined index: thumb D:\XAMPP\htdocs\shiji\Application\Home\Controller\ProductController.class.php 第 15 行.
NOTIC: [8] Undefined index: thumb D:\XAMPP\htdocs\shiji\Application\Home\Controller\ProductController.class.php 第 15 行.
NOTIC: [8] Undefined index: thumb D:\XAMPP\htdocs\shiji\Application\Home\Controller\ProductController.class.php 第 15 行.
SQL: SELECT COUNT(*) AS tp_count FROM `product` LIMIT 1   [ RunTime:0.0004s ]
INFO: [ view_parse ] --START--
INFO: [ template_filter ] --START--
INFO: Run Behavior\ContentReplaceBehavior [ RunTime:0.000200s ]
INFO: [ template_filter ] --END-- [ RunTime:0.000253s ]
INFO: Run Behavior\ParseTemplateBehavior [ RunTime:0.012586s ]
INFO: [ view_parse ] --END-- [ RunTime:0.012645s ]
INFO: [ view_filter ] --START--
INFO: Run Behavior\WriteHtmlCacheBehavior [ RunTime:0.000291s ]
INFO: [ view_filter ] --END-- [ RunTime:0.000321s ]
INFO: [ app_end ] --START--
INFO: Run Behavior\ShowPageTraceBehavior [ RunTime:0.000642s ]
INFO: [ app_end ] --END-- [ RunTime:0.000702s ]

[ 2018-05-06T16:39:42+08:00 ] ::1 /shiji/Product/shop_list.html
INFO: [ app_init ] --START--
INFO: Run Behavior\BuildLiteBehavior [ RunTime:0.000011s ]
INFO: [ app_init ] --END-- [ RunTime:0.000358s ]
INFO: [ app_begin ] --START--
INFO: Run Behavior\ReadHtmlCacheBehavior [ RunTime:0.000443s ]
INFO: [ app_begin ] --END-- [ RunTime:0.000489s ]
SQL: SHOW COLUMNS FROM `product` [ RunTime:0.0041s ]
SQL: SELECT * FROM `product` LIMIT 0,8   [ RunTime:0.0004s ]
NOTIC: [8] Undefined index: thumb D:\XAMPP\htdocs\shiji\Application\Home\Controller\ProductController.class.php 第 15 行.
NOTIC: [8] Undefined index: thumb D:\XAMPP\htdocs\shiji\Application\Home\Controller\ProductController.class.php 第 15 行.
NOTIC: [8] Undefined index: thumb D:\XAMPP\htdocs\shiji\Application\Home\Controller\ProductController.class.php 第 15 行.
NOTIC: [8] Undefined index: thumb D:\XAMPP\htdocs\shiji\Application\Home\Controller\ProductController.class.php 第 15 行.
NOTIC: [8] Undefined index: thumb D:\XAMPP\htdocs\shiji\Application\Home\Controller\ProductController.class.php 第 15 行.
NOTIC: [8] Undefined index: thumb D:\XAMPP\htdocs\shiji\Application\Home\Controller\ProductController.class.php 第 15 行.
NOTIC: [8] Undefined index: thumb D:\XAMPP\htdocs\shiji\Application\Home\Controller\ProductController.class.php 第 15 行.
NOTIC: [8] Undefined index: thumb D:\XAMPP\htdocs\shiji\Application\Home\Controller\ProductController.class.php 第 15 行.
SQL: SELECT COUNT(*) AS tp_count FROM `product` LIMIT 1   [ RunTime:0.0002s ]
INFO: [ view_parse ] --START--
INFO: [ template_filter ] --START--
INFO: Run Behavior\ContentReplaceBehavior [ RunTime:0.000170s ]
INFO: [ template_filter ] --END-- [ RunTime:0.000239s ]
INFO: Run Behavior\ParseTemplateBehavior [ RunTime:0.014547s ]
INFO: [ view_parse ] --END-- [ RunTime:0.014627s ]
INFO: [ view_filter ] --START--
INFO: Run Behavior\WriteHtmlCacheBehavior [ RunTime:0.000291s ]
INFO: [ view_filter ] --END-- [ RunTime:0.000323s ]
INFO: [ app_end ] --START--
INFO: Run Behavior\ShowPageTraceBehavior [ RunTime:0.000479s ]
INFO: [ app_end ] --END-- [ RunTime:0.000528s ]

[ 2018-05-06T16:39:44+08:00 ] ::1 /shiji/Product/shop_list/p/2.html
INFO: [ app_init ] --START--
INFO: Run Behavior\BuildLiteBehavior [ RunTime:0.000010s ]
INFO: [ app_init ] --END-- [ RunTime:0.000358s ]
INFO: [ app_begin ] --START--
INFO: Run Behavior\ReadHtmlCacheBehavior [ RunTime:0.000397s ]
INFO: [ app_begin ] --END-- [ RunTime:0.000437s ]
SQL: SHOW COLUMNS FROM `product` [ RunTime:0.0078s ]
SQL: SELECT * FROM `product` LIMIT 8,8   [ RunTime:0.0004s ]
NOTIC: [8] Undefined index: thumb D:\XAMPP\htdocs\shiji\Application\Home\Controller\ProductController.class.php 第 15 行.
NOTIC: [8] Undefined index: thumb D:\XAMPP\htdocs\shiji\Application\Home\Controller\ProductController.class.php 第 15 行.
NOTIC: [8] Undefined index: thumb D:\XAMPP\htdocs\shiji\Application\Home\Controller\ProductController.class.php 第 15 行.
NOTIC: [8] Undefined index: thumb D:\XAMPP\htdocs\shiji\Application\Home\Controller\ProductController.class.php 第 15 行.
NOTIC: [8] Undefined index: thumb D:\XAMPP\htdocs\shiji\Application\Home\Controller\ProductController.class.php 第 15 行.
NOTIC: [8] Undefined index: thumb D:\XAMPP\htdocs\shiji\Application\Home\Controller\ProductController.class.php 第 15 行.
NOTIC: [8] Undefined index: thumb D:\XAMPP\htdocs\shiji\Application\Home\Controller\ProductController.class.php 第 15 行.
NOTIC: [8] Undefined index: thumb D:\XAMPP\htdocs\shiji\Application\Home\Controller\ProductController.class.php 第 15 行.
SQL: SELECT COUNT(*) AS tp_count FROM `product` LIMIT 1   [ RunTime:0.0002s ]
INFO: [ view_parse ] --START--
INFO: [ template_filter ] --START--
INFO: Run Behavior\ContentReplaceBehavior [ RunTime:0.000165s ]
INFO: [ template_filter ] --END-- [ RunTime:0.000228s ]
INFO: Run Behavior\ParseTemplateBehavior [ RunTime:0.013305s ]
INFO: [ view_parse ] --END-- [ RunTime:0.013360s ]
INFO: [ view_filter ] --START--
INFO: Run Behavior\WriteHtmlCacheBehavior [ RunTime:0.000263s ]
INFO: [ view_filter ] --END-- [ RunTime:0.000292s ]
INFO: [ app_end ] --START--
INFO: Run Behavior\ShowPageTraceBehavior [ RunTime:0.000744s ]
INFO: [ app_end ] --END-- [ RunTime:0.000820s ]

[ 2018-05-06T16:39:45+08:00 ] ::1 /shiji/Product/shop_list/p/2.html
INFO: [ app_init ] --START--
INFO: Run Behavior\BuildLiteBehavior [ RunTime:0.000012s ]
INFO: [ app_init ] --END-- [ RunTime:0.000419s ]
INFO: [ app_begin ] --START--
INFO: Run Behavior\ReadHtmlCacheBehavior [ RunTime:0.000494s ]
INFO: [ app_begin ] --END-- [ RunTime:0.000546s ]
SQL: SHOW COLUMNS FROM `product` [ RunTime:0.0071s ]
SQL: SELECT * FROM `product` LIMIT 8,8   [ RunTime:0.0004s ]
NOTIC: [8] Undefined index: thumb D:\XAMPP\htdocs\shiji\Application\Home\Controller\ProductController.class.php 第 15 行.
NOTIC: [8] Undefined index: thumb D:\XAMPP\htdocs\shiji\Application\Home\Controller\ProductController.class.php 第 15 行.
NOTIC: [8] Undefined index: thumb D:\XAMPP\htdocs\shiji\Application\Home\Controller\ProductController.class.php 第 15 行.
NOTIC: [8] Undefined index: thumb D:\XAMPP\htdocs\shiji\Application\Home\Controller\ProductController.class.php 第 15 行.
NOTIC: [8] Undefined index: thumb D:\XAMPP\htdocs\shiji\Application\Home\Controller\ProductController.class.php 第 15 行.
NOTIC: [8] Undefined index: thumb D:\XAMPP\htdocs\shiji\Application\Home\Controller\ProductController.class.php 第 15 行.
NOTIC: [8] Undefined index: thumb D:\XAMPP\htdocs\shiji\Application\Home\Controller\ProductController.class.php 第 15 行.
NOTIC: [8] Undefined index: thumb D:\XAMPP\htdocs\shiji\Application\Home\Controller\ProductController.class.php 第 15 行.
SQL: SELECT COUNT(*) AS tp_count FROM `product` LIMIT 1   [ RunTime:0.0002s ]
INFO: [ view_parse ] --START--
INFO: [ template_filter ] --START--
INFO: Run Behavior\ContentReplaceBehavior [ RunTime:0.000105s ]
INFO: [ template_filter ] --END-- [ RunTime:0.000144s ]
INFO: Run Behavior\ParseTemplateBehavior [ RunTime:0.011915s ]
INFO: [ view_parse ] --END-- [ RunTime:0.011968s ]
INFO: [ view_filter ] --START--
INFO: Run Behavior\WriteHtmlCacheBehavior [ RunTime:0.000277s ]
INFO: [ view_filter ] --END-- [ RunTime:0.000356s ]
INFO: [ app_end ] --START--
INFO: Run Behavior\ShowPageTraceBehavior [ RunTime:0.000529s ]
INFO: [ app_end ] --END-- [ RunTime:0.000585s ]

[ 2018-05-06T16:39:46+08:00 ] ::1 /shiji/Product/shop_list/p/2.html
INFO: [ app_init ] --START--
INFO: Run Behavior\BuildLiteBehavior [ RunTime:0.000011s ]
INFO: [ app_init ] --END-- [ RunTime:0.000317s ]
INFO: [ app_begin ] --START--
INFO: Run Behavior\ReadHtmlCacheBehavior [ RunTime:0.000389s ]
INFO: [ app_begin ] --END-- [ RunTime:0.000429s ]
SQL: SHOW COLUMNS FROM `product` [ RunTime:0.0034s ]
SQL: SELECT * FROM `product` LIMIT 8,8   [ RunTime:0.0005s ]
NOTIC: [8] Undefined index: thumb D:\XAMPP\htdocs\shiji\Application\Home\Controller\ProductController.class.php 第 15 行.
NOTIC: [8] Undefined index: thumb D:\XAMPP\htdocs\shiji\Application\Home\Controller\ProductController.class.php 第 15 行.
NOTIC: [8] Undefined index: thumb D:\XAMPP\htdocs\shiji\Application\Home\Controller\ProductController.class.php 第 15 行.
NOTIC: [8] Undefined index: thumb D:\XAMPP\htdocs\shiji\Application\Home\Controller\ProductController.class.php 第 15 行.
NOTIC: [8] Undefined index: thumb D:\XAMPP\htdocs\shiji\Application\Home\Controller\ProductController.class.php 第 15 行.
NOTIC: [8] Undefined index: thumb D:\XAMPP\htdocs\shiji\Application\Home\Controller\ProductController.class.php 第 15 行.
NOTIC: [8] Undefined index: thumb D:\XAMPP\htdocs\shiji\Application\Home\Controller\ProductController.class.php 第 15 行.
NOTIC: [8] Undefined index: thumb D:\XAMPP\htdocs\shiji\Application\Home\Controller\ProductController.class.php 第 15 行.
SQL: SELECT COUNT(*) AS tp_count FROM `product` LIMIT 1   [ RunTime:0.0002s ]
INFO: [ view_parse ] --START--
INFO: [ template_filter ] --START--
INFO: Run Behavior\ContentReplaceBehavior [ RunTime:0.000103s ]
INFO: [ template_filter ] --END-- [ RunTime:0.000141s ]
INFO: Run Behavior\ParseTemplateBehavior [ RunTime:0.014114s ]
INFO: [ view_parse ] --END-- [ RunTime:0.014175s ]
INFO: [ view_filter ] --START--
INFO: Run Behavior\WriteHtmlCacheBehavior [ RunTime:0.000333s ]
INFO: [ view_filter ] --END-- [ RunTime:0.000363s ]
INFO: [ app_end ] --START--
INFO: Run Behavior\ShowPageTraceBehavior [ RunTime:0.000467s ]
INFO: [ app_end ] --END-- [ RunTime:0.000506s ]

[ 2018-05-06T16:39:46+08:00 ] ::1 /shiji/Product/shop_list/p/2.html
INFO: [ app_init ] --START--
INFO: Run Behavior\BuildLiteBehavior [ RunTime:0.000011s ]
INFO: [ app_init ] --END-- [ RunTime:0.000356s ]
INFO: [ app_begin ] --START--
INFO: Run Behavior\ReadHtmlCacheBehavior [ RunTime:0.000428s ]
INFO: [ app_begin ] --END-- [ RunTime:0.000469s ]
SQL: SHOW COLUMNS FROM `product` [ RunTime:0.0038s ]
SQL: SELECT * FROM `product` LIMIT 8,8   [ RunTime:0.0004s ]
NOTIC: [8] Undefined index: thumb D:\XAMPP\htdocs\shiji\Application\Home\Controller\ProductController.class.php 第 15 行.
NOTIC: [8] Undefined index: thumb D:\XAMPP\htdocs\shiji\Application\Home\Controller\ProductController.class.php 第 15 行.
NOTIC: [8] Undefined index: thumb D:\XAMPP\htdocs\shiji\Application\Home\Controller\ProductController.class.php 第 15 行.
NOTIC: [8] Undefined index: thumb D:\XAMPP\htdocs\shiji\Application\Home\Controller\ProductController.class.php 第 15 行.
NOTIC: [8] Undefined index: thumb D:\XAMPP\htdocs\shiji\Application\Home\Controller\ProductController.class.php 第 15 行.
NOTIC: [8] Undefined index: thumb D:\XAMPP\htdocs\shiji\Application\Home\Controller\ProductController.class.php 第 15 行.
NOTIC: [8] Undefined index: thumb D:\XAMPP\htdocs\shiji\Application\Home\Controller\ProductController.class.php 第 15 行.
NOTIC: [8] Undefined index: thumb D:\XAMPP\htdocs\shiji\Application\Home\Controller\ProductController.class.php 第 15 行.
SQL: SELECT COUNT(*) AS tp_count FROM `product` LIMIT 1   [ RunTime:0.0002s ]
INFO: [ view_parse ] --START--
INFO: [ template_filter ] --START--
INFO: Run Behavior\ContentReplaceBehavior [ RunTime:0.000103s ]
INFO: [ template_filter ] --END-- [ RunTime:0.000141s ]
INFO: Run Behavior\ParseTemplateBehavior [ RunTime:0.012666s ]
INFO: [ view_parse ] --END-- [ RunTime:0.012730s ]
INFO: [ view_filter ] --START--
INFO: Run Behavior\WriteHtmlCacheBehavior [ RunTime:0.000240s ]
INFO: [ view_filter ] --END-- [ RunTime:0.000267s ]
INFO: [ app_end ] --START--
INFO: Run Behavior\ShowPageTraceBehavior [ RunTime:0.000538s ]
INFO: [ app_end ] --END-- [ RunTime:0.000655s ]

[ 2018-05-06T16:39:55+08:00 ] ::1 /shiji/Product/shop_list.html
INFO: [ app_init ] --START--
INFO: Run Behavior\BuildLiteBehavior [ RunTime:0.000009s ]
INFO: [ app_init ] --END-- [ RunTime:0.000313s ]
INFO: [ app_begin ] --START--
INFO: Run Behavior\ReadHtmlCacheBehavior [ RunTime:0.000440s ]
INFO: [ app_begin ] --END-- [ RunTime:0.000483s ]
SQL: SHOW COLUMNS FROM `product` [ RunTime:0.0071s ]
SQL: SELECT * FROM `product` LIMIT 0,8   [ RunTime:0.0004s ]
NOTIC: [8] Undefined index: thumb D:\XAMPP\htdocs\shiji\Application\Home\Controller\ProductController.class.php 第 15 行.
NOTIC: [8] Undefined index: thumb D:\XAMPP\htdocs\shiji\Application\Home\Controller\ProductController.class.php 第 15 行.
NOTIC: [8] Undefined index: thumb D:\XAMPP\htdocs\shiji\Application\Home\Controller\ProductController.class.php 第 15 行.
NOTIC: [8] Undefined index: thumb D:\XAMPP\htdocs\shiji\Application\Home\Controller\ProductController.class.php 第 15 行.
NOTIC: [8] Undefined index: thumb D:\XAMPP\htdocs\shiji\Application\Home\Controller\ProductController.class.php 第 15 行.
NOTIC: [8] Undefined index: thumb D:\XAMPP\htdocs\shiji\Application\Home\Controller\ProductController.class.php 第 15 行.
NOTIC: [8] Undefined index: thumb D:\XAMPP\htdocs\shiji\Application\Home\Controller\ProductController.class.php 第 15 行.
NOTIC: [8] Undefined index: thumb D:\XAMPP\htdocs\shiji\Application\Home\Controller\ProductController.class.php 第 15 行.
SQL: SELECT COUNT(*) AS tp_count FROM `product` LIMIT 1   [ RunTime:0.0002s ]
INFO: [ view_parse ] --START--
INFO: [ template_filter ] --START--
INFO: Run Behavior\ContentReplaceBehavior [ RunTime:0.000103s ]
INFO: [ template_filter ] --END-- [ RunTime:0.000144s ]
INFO: Run Behavior\ParseTemplateBehavior [ RunTime:0.012239s ]
INFO: [ view_parse ] --END-- [ RunTime:0.012392s ]
INFO: [ view_filter ] --START--
INFO: Run Behavior\WriteHtmlCacheBehavior [ RunTime:0.000247s ]
INFO: [ view_filter ] --END-- [ RunTime:0.000279s ]
INFO: [ app_end ] --START--
INFO: Run Behavior\ShowPageTraceBehavior [ RunTime:0.000830s ]
INFO: [ app_end ] --END-- [ RunTime:0.000947s ]

[ 2018-05-06T16:39:56+08:00 ] ::1 /shiji/Product/shop_list/p/2.html
INFO: [ app_init ] --START--
INFO: Run Behavior\BuildLiteBehavior [ RunTime:0.000014s ]
INFO: [ app_init ] --END-- [ RunTime:0.000646s ]
INFO: [ app_begin ] --START--
INFO: Run Behavior\ReadHtmlCacheBehavior [ RunTime:0.000477s ]
INFO: [ app_begin ] --END-- [ RunTime:0.000553s ]
SQL: SHOW COLUMNS FROM `product` [ RunTime:0.0582s ]
SQL: SELECT * FROM `product` LIMIT 8,8   [ RunTime:0.0005s ]
NOTIC: [8] Undefined index: thumb D:\XAMPP\htdocs\shiji\Application\Home\Controller\ProductController.class.php 第 15 行.
NOTIC: [8] Undefined index: thumb D:\XAMPP\htdocs\shiji\Application\Home\Controller\ProductController.class.php 第 15 行.
NOTIC: [8] Undefined index: thumb D:\XAMPP\htdocs\shiji\Application\Home\Controller\ProductController.class.php 第 15 行.
NOTIC: [8] Undefined index: thumb D:\XAMPP\htdocs\shiji\Application\Home\Controller\ProductController.class.php 第 15 行.
NOTIC: [8] Undefined index: thumb D:\XAMPP\htdocs\shiji\Application\Home\Controller\ProductController.class.php 第 15 行.
NOTIC: [8] Undefined index: thumb D:\XAMPP\htdocs\shiji\Application\Home\Controller\ProductController.class.php 第 15 行.
NOTIC: [8] Undefined index: thumb D:\XAMPP\htdocs\shiji\Application\Home\Controller\ProductController.class.php 第 15 行.
NOTIC: [8] Undefined index: thumb D:\XAMPP\htdocs\shiji\Application\Home\Controller\ProductController.class.php 第 15 行.
SQL: SELECT COUNT(*) AS tp_count FROM `product` LIMIT 1   [ RunTime:0.0003s ]
INFO: [ view_parse ] --START--
INFO: [ template_filter ] --START--
INFO: Run Behavior\ContentReplaceBehavior [ RunTime:0.000131s ]
INFO: [ template_filter ] --END-- [ RunTime:0.000182s ]
INFO: Run Behavior\ParseTemplateBehavior [ RunTime:0.013197s ]
INFO: [ view_parse ] --END-- [ RunTime:0.013258s ]
INFO: [ view_filter ] --START--
INFO: Run Behavior\WriteHtmlCacheBehavior [ RunTime:0.000312s ]
INFO: [ view_filter ] --END-- [ RunTime:0.000342s ]
INFO: [ app_end ] --START--
INFO: Run Behavior\ShowPageTraceBehavior [ RunTime:0.000565s ]
INFO: [ app_end ] --END-- [ RunTime:0.000618s ]

[ 2018-05-06T16:39:58+08:00 ] ::1 /shiji/Product/pro_details.html/id=67
INFO: [ app_init ] --START--
INFO: Run Behavior\BuildLiteBehavior [ RunTime:0.000010s ]
INFO: [ app_init ] --END-- [ RunTime:0.000349s ]
INFO: [ app_begin ] --START--
INFO: Run Behavior\ReadHtmlCacheBehavior [ RunTime:0.000427s ]
INFO: [ app_begin ] --END-- [ RunTime:0.000470s ]
ERR: 非法操作:pro_details.html

[ 2018-05-06T16:40:24+08:00 ] ::1 /shiji/Product/shop_list/p/2.html
INFO: [ app_init ] --START--
INFO: Run Behavior\BuildLiteBehavior [ RunTime:0.000016s ]
INFO: [ app_init ] --END-- [ RunTime:0.000524s ]
INFO: [ app_begin ] --START--
INFO: Run Behavior\ReadHtmlCacheBehavior [ RunTime:0.000669s ]
INFO: [ app_begin ] --END-- [ RunTime:0.000739s ]
SQL: SHOW COLUMNS FROM `product` [ RunTime:0.0036s ]
SQL: SELECT * FROM `product` LIMIT 8,8   [ RunTime:0.0008s ]
NOTIC: [8] Undefined index: thumb D:\XAMPP\htdocs\shiji\Application\Home\Controller\ProductController.class.php 第 15 行.
NOTIC: [8] Undefined index: thumb D:\XAMPP\htdocs\shiji\Application\Home\Controller\ProductController.class.php 第 15 行.
NOTIC: [8] Undefined index: thumb D:\XAMPP\htdocs\shiji\Application\Home\Controller\ProductController.class.php 第 15 行.
NOTIC: [8] Undefined index: thumb D:\XAMPP\htdocs\shiji\Application\Home\Controller\ProductController.class.php 第 15 行.
NOTIC: [8] Undefined index: thumb D:\XAMPP\htdocs\shiji\Application\Home\Controller\ProductController.class.php 第 15 行.
NOTIC: [8] Undefined index: thumb D:\XAMPP\htdocs\shiji\Application\Home\Controller\ProductController.class.php 第 15 行.
NOTIC: [8] Undefined index: thumb D:\XAMPP\htdocs\shiji\Application\Home\Controller\ProductController.class.php 第 15 行.
NOTIC: [8] Undefined index: thumb D:\XAMPP\htdocs\shiji\Application\Home\Controller\ProductController.class.php 第 15 行.
SQL: SELECT COUNT(*) AS tp_count FROM `product` LIMIT 1   [ RunTime:0.0002s ]
INFO: [ view_parse ] --START--
INFO: [ template_filter ] --START--
INFO: Run Behavior\ContentReplaceBehavior [ RunTime:0.000224s ]
INFO: [ template_filter ] --END-- [ RunTime:0.000284s ]
INFO: Run Behavior\ParseTemplateBehavior [ RunTime:0.014036s ]
INFO: [ view_parse ] --END-- [ RunTime:0.014115s ]
INFO: [ view_filter ] --START--
INFO: Run Behavior\WriteHtmlCacheBehavior [ RunTime:0.000331s ]
INFO: [ view_filter ] --END-- [ RunTime:0.000369s ]
INFO: [ app_end ] --START--
INFO: Run Behavior\ShowPageTraceBehavior [ RunTime:0.000669s ]
INFO: [ app_end ] --END-- [ RunTime:0.000729s ]

[ 2018-05-06T16:40:24+08:00 ] ::1 /shiji/Product/shop_list/p/2.html
INFO: [ app_init ] --START--
INFO: Run Behavior\BuildLiteBehavior [ RunTime:0.000012s ]
INFO: [ app_init ] --END-- [ RunTime:0.000357s ]
INFO: [ app_begin ] --START--
INFO: Run Behavior\ReadHtmlCacheBehavior [ RunTime:0.000439s ]
INFO: [ app_begin ] --END-- [ RunTime:0.000487s ]
SQL: SHOW COLUMNS FROM `product` [ RunTime:0.0037s ]
SQL: SELECT * FROM `product` LIMIT 8,8   [ RunTime:0.0004s ]
NOTIC: [8] Undefined index: thumb D:\XAMPP\htdocs\shiji\Application\Home\Controller\ProductController.class.php 第 15 行.
NOTIC: [8] Undefined index: thumb D:\XAMPP\htdocs\shiji\Application\Home\Controller\ProductController.class.php 第 15 行.
NOTIC: [8] Undefined index: thumb D:\XAMPP\htdocs\shiji\Application\Home\Controller\ProductController.class.php 第 15 行.
NOTIC: [8] Undefined index: thumb D:\XAMPP\htdocs\shiji\Application\Home\Controller\ProductController.class.php 第 15 行.
NOTIC: [8] Undefined index: thumb D:\XAMPP\htdocs\shiji\Application\Home\Controller\ProductController.class.php 第 15 行.
NOTIC: [8] Undefined index: thumb D:\XAMPP\htdocs\shiji\Application\Home\Controller\ProductController.class.php 第 15 行.
NOTIC: [8] Undefined index: thumb D:\XAMPP\htdocs\shiji\Application\Home\Controller\ProductController.class.php 第 15 行.
NOTIC: [8] Undefined index: thumb D:\XAMPP\htdocs\shiji\Application\Home\Controller\ProductController.class.php 第 15 行.
SQL: SELECT COUNT(*) AS tp_count FROM `product` LIMIT 1   [ RunTime:0.0001s ]
INFO: [ view_parse ] --START--
INFO: [ template_filter ] --START--
INFO: Run Behavior\ContentReplaceBehavior [ RunTime:0.000159s ]
INFO: [ template_filter ] --END-- [ RunTime:0.000222s ]
INFO: Run Behavior\ParseTemplateBehavior [ RunTime:0.015425s ]
INFO: [ view_parse ] --END-- [ RunTime:0.015488s ]
INFO: [ view_filter ] --START--
INFO: Run Behavior\WriteHtmlCacheBehavior [ RunTime:0.000438s ]
INFO: [ view_filter ] --END-- [ RunTime:0.000485s ]
INFO: [ app_end ] --START--
INFO: Run Behavior\ShowPageTraceBehavior [ RunTime:0.000585s ]
INFO: [ app_end ] --END-- [ RunTime:0.000651s ]

[ 2018-05-06T16:40:24+08:00 ] ::1 /shiji/Product/shop_list/p/2.html
INFO: [ app_init ] --START--
INFO: Run Behavior\BuildLiteBehavior [ RunTime:0.000013s ]
INFO: [ app_init ] --END-- [ RunTime:0.000429s ]
INFO: [ app_begin ] --START--
INFO: Run Behavior\ReadHtmlCacheBehavior [ RunTime:0.000446s ]
INFO: [ app_begin ] --END-- [ RunTime:0.000509s ]
SQL: SHOW COLUMNS FROM `product` [ RunTime:0.0092s ]
SQL: SELECT * FROM `product` LIMIT 8,8   [ RunTime:0.0009s ]
NOTIC: [8] Undefined index: thumb D:\XAMPP\htdocs\shiji\Application\Home\Controller\ProductController.class.php 第 15 行.
NOTIC: [8] Undefined index: thumb D:\XAMPP\htdocs\shiji\Application\Home\Controller\ProductController.class.php 第 15 行.
NOTIC: [8] Undefined index: thumb D:\XAMPP\htdocs\shiji\Application\Home\Controller\ProductController.class.php 第 15 行.
NOTIC: [8] Undefined index: thumb D:\XAMPP\htdocs\shiji\Application\Home\Controller\ProductController.class.php 第 15 行.
NOTIC: [8] Undefined index: thumb D:\XAMPP\htdocs\shiji\Application\Home\Controller\ProductController.class.php 第 15 行.
NOTIC: [8] Undefined index: thumb D:\XAMPP\htdocs\shiji\Application\Home\Controller\ProductController.class.php 第 15 行.
NOTIC: [8] Undefined index: thumb D:\XAMPP\htdocs\shiji\Application\Home\Controller\ProductController.class.php 第 15 行.
NOTIC: [8] Undefined index: thumb D:\XAMPP\htdocs\shiji\Application\Home\Controller\ProductController.class.php 第 15 行.
SQL: SELECT COUNT(*) AS tp_count FROM `product` LIMIT 1   [ RunTime:0.0006s ]
INFO: [ view_parse ] --START--
INFO: [ template_filter ] --START--
INFO: Run Behavior\ContentReplaceBehavior [ RunTime:0.000196s ]
INFO: [ template_filter ] --END-- [ RunTime:0.000270s ]
INFO: Run Behavior\ParseTemplateBehavior [ RunTime:0.032252s ]
INFO: [ view_parse ] --END-- [ RunTime:0.032415s ]
INFO: [ view_filter ] --START--
INFO: Run Behavior\WriteHtmlCacheBehavior [ RunTime:0.000364s ]
INFO: [ view_filter ] --END-- [ RunTime:0.000406s ]
INFO: [ app_end ] --START--
INFO: Run Behavior\ShowPageTraceBehavior [ RunTime:0.000637s ]
INFO: [ app_end ] --END-- [ RunTime:0.000719s ]

[ 2018-05-06T16:40:25+08:00 ] ::1 /shiji/Product/pro_details.html?id=67
INFO: [ app_init ] --START--
INFO: Run Behavior\BuildLiteBehavior [ RunTime:0.000012s ]
INFO: [ app_init ] --END-- [ RunTime:0.000481s ]
INFO: [ app_begin ] --START--
INFO: Run Behavior\ReadHtmlCacheBehavior [ RunTime:0.000585s ]
INFO: [ app_begin ] --END-- [ RunTime:0.000666s ]
INFO: [ view_parse ] --START--
INFO: [ template_filter ] --START--
INFO: Run Behavior\ContentReplaceBehavior [ RunTime:0.000162s ]
INFO: [ template_filter ] --END-- [ RunTime:0.000209s ]
INFO: Run Behavior\ParseTemplateBehavior [ RunTime:0.013135s ]
INFO: [ view_parse ] --END-- [ RunTime:0.013185s ]
INFO: [ view_filter ] --START--
INFO: Run Behavior\WriteHtmlCacheBehavior [ RunTime:0.000281s ]
INFO: [ view_filter ] --END-- [ RunTime:0.000313s ]
INFO: [ app_end ] --START--
INFO: Run Behavior\ShowPageTraceBehavior [ RunTime:0.000487s ]
INFO: [ app_end ] --END-- [ RunTime:0.000532s ]

[ 2018-05-06T16:40:31+08:00 ] ::1 /shiji/Product/shop_list/p/1.html
INFO: [ app_init ] --START--
INFO: Run Behavior\BuildLiteBehavior [ RunTime:0.000010s ]
INFO: [ app_init ] --END-- [ RunTime:0.000332s ]
INFO: [ app_begin ] --START--
INFO: Run Behavior\ReadHtmlCacheBehavior [ RunTime:0.000391s ]
INFO: [ app_begin ] --END-- [ RunTime:0.000433s ]
SQL: SHOW COLUMNS FROM `product` [ RunTime:0.0050s ]
SQL: SELECT * FROM `product` LIMIT 0,8   [ RunTime:0.0005s ]
NOTIC: [8] Undefined index: thumb D:\XAMPP\htdocs\shiji\Application\Home\Controller\ProductController.class.php 第 15 行.
NOTIC: [8] Undefined index: thumb D:\XAMPP\htdocs\shiji\Application\Home\Controller\ProductController.class.php 第 15 行.
NOTIC: [8] Undefined index: thumb D:\XAMPP\htdocs\shiji\Application\Home\Controller\ProductController.class.php 第 15 行.
NOTIC: [8] Undefined index: thumb D:\XAMPP\htdocs\shiji\Application\Home\Controller\ProductController.class.php 第 15 行.
NOTIC: [8] Undefined index: thumb D:\XAMPP\htdocs\shiji\Application\Home\Controller\ProductController.class.php 第 15 行.
NOTIC: [8] Undefined index: thumb D:\XAMPP\htdocs\shiji\Application\Home\Controller\ProductController.class.php 第 15 行.
NOTIC: [8] Undefined index: thumb D:\XAMPP\htdocs\shiji\Application\Home\Controller\ProductController.class.php 第 15 行.
NOTIC: [8] Undefined index: thumb D:\XAMPP\htdocs\shiji\Application\Home\Controller\ProductController.class.php 第 15 行.
SQL: SELECT COUNT(*) AS tp_count FROM `product` LIMIT 1   [ RunTime:0.0002s ]
INFO: [ view_parse ] --START--
INFO: [ template_filter ] --START--
INFO: Run Behavior\ContentReplaceBehavior [ RunTime:0.000131s ]
INFO: [ template_filter ] --END-- [ RunTime:0.000181s ]
INFO: Run Behavior\ParseTemplateBehavior [ RunTime:0.012787s ]
INFO: [ view_parse ] --END-- [ RunTime:0.012856s ]
INFO: [ view_filter ] --START--
INFO: Run Behavior\WriteHtmlCacheBehavior [ RunTime:0.000333s ]
INFO: [ view_filter ] --END-- [ RunTime:0.000364s ]
INFO: [ app_end ] --START--
INFO: Run Behavior\ShowPageTraceBehavior [ RunTime:0.000504s ]
INFO: [ app_end ] --END-- [ RunTime:0.000552s ]

[ 2018-05-06T16:40:32+08:00 ] ::1 /shiji/Product/pro_details.html?id=55
INFO: [ app_init ] --START--
INFO: Run Behavior\BuildLiteBehavior [ RunTime:0.000016s ]
INFO: [ app_init ] --END-- [ RunTime:0.000451s ]
INFO: [ app_begin ] --START--
INFO: Run Behavior\ReadHtmlCacheBehavior [ RunTime:0.000414s ]
INFO: [ app_begin ] --END-- [ RunTime:0.000462s ]
INFO: [ view_parse ] --START--
INFO: [ template_filter ] --START--
INFO: Run Behavior\ContentReplaceBehavior [ RunTime:0.000302s ]
INFO: [ template_filter ] --END-- [ RunTime:0.000420s ]
INFO: Run Behavior\ParseTemplateBehavior [ RunTime:0.015062s ]
INFO: [ view_parse ] --END-- [ RunTime:0.015114s ]
INFO: [ view_filter ] --START--
INFO: Run Behavior\WriteHtmlCacheBehavior [ RunTime:0.000304s ]
INFO: [ view_filter ] --END-- [ RunTime:0.000347s ]
INFO: [ app_end ] --START--
INFO: Run Behavior\ShowPageTraceBehavior [ RunTime:0.000742s ]
INFO: [ app_end ] --END-- [ RunTime:0.000809s ]

