[ 2018-05-24T17:26:52+08:00 ] ::1 /shiji/
INFO: [ app_init ] --START--
INFO: Run Behavior\BuildLiteBehavior [ RunTime:0.000031s ]
INFO: [ app_init ] --END-- [ RunTime:0.001640s ]
INFO: [ app_begin ] --START--
INFO: Run Behavior\ReadHtmlCacheBehavior [ RunTime:0.000788s ]
INFO: [ app_begin ] --END-- [ RunTime:0.000866s ]
INFO: [ view_parse ] --START--
INFO: [ template_filter ] --START--
INFO: Run Behavior\ContentReplaceBehavior [ RunTime:0.000135s ]
INFO: [ template_filter ] --END-- [ RunTime:0.000180s ]
INFO: Run Behavior\ParseTemplateBehavior [ RunTime:0.363176s ]
INFO: [ view_parse ] --END-- [ RunTime:0.363232s ]
INFO: [ view_filter ] --START--
INFO: Run Behavior\WriteHtmlCacheBehavior [ RunTime:0.000325s ]
INFO: [ view_filter ] --END-- [ RunTime:0.000365s ]
INFO: [ app_end ] --START--
INFO: Run Behavior\ShowPageTraceBehavior [ RunTime:0.000547s ]
INFO: [ app_end ] --END-- [ RunTime:0.000598s ]

[ 2018-05-24T17:33:38+08:00 ] ::1 /shiji/Admin/Index/%7B;U('$voo.auth_module/$voo.auth_controller/$voo.auth_action')%7D
INFO: [ app_init ] --START--
INFO: Run Behavior\BuildLiteBehavior [ RunTime:0.000011s ]
INFO: [ app_init ] --END-- [ RunTime:0.000490s ]
NOTIC: [2] preg_replace(): Compilation failed: unmatched parentheses at offset 14 D:\XAMPP\htdocs\shiji\ThinkPHP\Library\Think\Dispatcher.class.php 第 127 行.
INFO: [ app_begin ] --START--
INFO: Run Behavior\ReadHtmlCacheBehavior [ RunTime:0.000802s ]
INFO: [ app_begin ] --END-- [ RunTime:0.000876s ]
ERR: 无法加载控制器:Admin

[ 2018-05-24T17:33:38+08:00 ] ::1 /shiji/Admin/Index/%7B;U('$voo.auth_module/$voo.auth_controller/$voo.auth_action')%7D
INFO: [ app_init ] --START--
INFO: Run Behavior\BuildLiteBehavior [ RunTime:0.000011s ]
INFO: [ app_init ] --END-- [ RunTime:0.000423s ]
NOTIC: [2] preg_replace(): Compilation failed: unmatched parentheses at offset 14 D:\XAMPP\htdocs\shiji\ThinkPHP\Library\Think\Dispatcher.class.php 第 127 行.
INFO: [ app_begin ] --START--
INFO: Run Behavior\ReadHtmlCacheBehavior [ RunTime:0.000807s ]
INFO: [ app_begin ] --END-- [ RunTime:0.000876s ]
ERR: 无法加载控制器:Admin

[ 2018-05-24T17:33:39+08:00 ] ::1 /shiji/Admin/Index/%7B;U('$voo.auth_module/$voo.auth_controller/$voo.auth_action')%7D
INFO: [ app_init ] --START--
INFO: Run Behavior\BuildLiteBehavior [ RunTime:0.000010s ]
INFO: [ app_init ] --END-- [ RunTime:0.000394s ]
NOTIC: [2] preg_replace(): Compilation failed: unmatched parentheses at offset 14 D:\XAMPP\htdocs\shiji\ThinkPHP\Library\Think\Dispatcher.class.php 第 127 行.
INFO: [ app_begin ] --START--
INFO: Run Behavior\ReadHtmlCacheBehavior [ RunTime:0.000799s ]
INFO: [ app_begin ] --END-- [ RunTime:0.000847s ]
ERR: 无法加载控制器:Admin

[ 2018-05-24T17:33:39+08:00 ] ::1 /shiji/Admin/Index/%7B;U('$voo.auth_module/$voo.auth_controller/$voo.auth_action')%7D
INFO: [ app_init ] --START--
INFO: Run Behavior\BuildLiteBehavior [ RunTime:0.000012s ]
INFO: [ app_init ] --END-- [ RunTime:0.000370s ]
NOTIC: [2] preg_replace(): Compilation failed: unmatched parentheses at offset 14 D:\XAMPP\htdocs\shiji\ThinkPHP\Library\Think\Dispatcher.class.php 第 127 行.
INFO: [ app_begin ] --START--
INFO: Run Behavior\ReadHtmlCacheBehavior [ RunTime:0.000925s ]
INFO: [ app_begin ] --END-- [ RunTime:0.000989s ]
ERR: 无法加载控制器:Admin

[ 2018-05-24T17:33:40+08:00 ] ::1 /shiji/Admin/Index/%7B;U('$voo.auth_module/$voo.auth_controller/$voo.auth_action')%7D
INFO: [ app_init ] --START--
INFO: Run Behavior\BuildLiteBehavior [ RunTime:0.000011s ]
INFO: [ app_init ] --END-- [ RunTime:0.000389s ]
NOTIC: [2] preg_replace(): Compilation failed: unmatched parentheses at offset 14 D:\XAMPP\htdocs\shiji\ThinkPHP\Library\Think\Dispatcher.class.php 第 127 行.
INFO: [ app_begin ] --START--
INFO: Run Behavior\ReadHtmlCacheBehavior [ RunTime:0.000796s ]
INFO: [ app_begin ] --END-- [ RunTime:0.000841s ]
ERR: 无法加载控制器:Admin

[ 2018-05-24T17:33:40+08:00 ] ::1 /shiji/Admin/Index/%7B;U('$voo.auth_module/$voo.auth_controller/$voo.auth_action')%7D
INFO: [ app_init ] --START--
INFO: Run Behavior\BuildLiteBehavior [ RunTime:0.000010s ]
INFO: [ app_init ] --END-- [ RunTime:0.000367s ]
NOTIC: [2] preg_replace(): Compilation failed: unmatched parentheses at offset 14 D:\XAMPP\htdocs\shiji\ThinkPHP\Library\Think\Dispatcher.class.php 第 127 行.
INFO: [ app_begin ] --START--
INFO: Run Behavior\ReadHtmlCacheBehavior [ RunTime:0.000796s ]
INFO: [ app_begin ] --END-- [ RunTime:0.000843s ]
ERR: 无法加载控制器:Admin

[ 2018-05-24T17:33:41+08:00 ] ::1 /shiji/Admin/Index/%7B;U('$voo.auth_module/$voo.auth_controller/$voo.auth_action')%7D
INFO: [ app_init ] --START--
INFO: Run Behavior\BuildLiteBehavior [ RunTime:0.000013s ]
INFO: [ app_init ] --END-- [ RunTime:0.000426s ]
NOTIC: [2] preg_replace(): Compilation failed: unmatched parentheses at offset 14 D:\XAMPP\htdocs\shiji\ThinkPHP\Library\Think\Dispatcher.class.php 第 127 行.
INFO: [ app_begin ] --START--
INFO: Run Behavior\ReadHtmlCacheBehavior [ RunTime:0.000876s ]
INFO: [ app_begin ] --END-- [ RunTime:0.000927s ]
ERR: 无法加载控制器:Admin

[ 2018-05-24T17:34:05+08:00 ] ::1 /shiji/$voo.auth_module/$voo.auth_controller/$voo.auth_action
INFO: [ app_init ] --START--
INFO: Run Behavior\BuildLiteBehavior [ RunTime:0.000012s ]
INFO: [ app_init ] --END-- [ RunTime:0.000441s ]
INFO: [ app_begin ] --START--
INFO: Run Behavior\ReadHtmlCacheBehavior [ RunTime:0.001737s ]
INFO: [ app_begin ] --END-- [ RunTime:0.001868s ]
ERR: 无法加载控制器:$voo.auth_module

[ 2018-05-24T17:37:23+08:00 ] ::1 /shiji/Arrayauth_module/Arrayauth_controller/Arrayauth_action
INFO: [ app_init ] --START--
INFO: Run Behavior\BuildLiteBehavior [ RunTime:0.000011s ]
INFO: [ app_init ] --END-- [ RunTime:0.000356s ]
INFO: [ app_begin ] --START--
INFO: Run Behavior\ReadHtmlCacheBehavior [ RunTime:0.000521s ]
INFO: [ app_begin ] --END-- [ RunTime:0.000569s ]
ERR: 无法加载控制器:Arrayauth_module

[ 2018-05-24T17:37:23+08:00 ] ::1 /shiji/Arrayauth_module/Arrayauth_controller/Arrayauth_action
INFO: [ app_init ] --START--
INFO: Run Behavior\BuildLiteBehavior [ RunTime:0.000011s ]
INFO: [ app_init ] --END-- [ RunTime:0.000392s ]
INFO: [ app_begin ] --START--
INFO: Run Behavior\ReadHtmlCacheBehavior [ RunTime:0.000475s ]
INFO: [ app_begin ] --END-- [ RunTime:0.000519s ]
ERR: 无法加载控制器:Arrayauth_module

[ 2018-05-24T17:37:23+08:00 ] ::1 /shiji/Arrayauth_module/Arrayauth_controller/Arrayauth_action
INFO: [ app_init ] --START--
INFO: Run Behavior\BuildLiteBehavior [ RunTime:0.000017s ]
INFO: [ app_init ] --END-- [ RunTime:0.000434s ]
INFO: [ app_begin ] --START--
INFO: Run Behavior\ReadHtmlCacheBehavior [ RunTime:0.000498s ]
INFO: [ app_begin ] --END-- [ RunTime:0.000570s ]
ERR: 无法加载控制器:Arrayauth_module

[ 2018-05-24T17:56:13+08:00 ] ::1 /shiji/
INFO: [ app_init ] --START--
INFO: Run Behavior\BuildLiteBehavior [ RunTime:0.000017s ]
INFO: [ app_init ] --END-- [ RunTime:0.000788s ]
INFO: [ app_begin ] --START--
INFO: Run Behavior\ReadHtmlCacheBehavior [ RunTime:0.001700s ]
INFO: [ app_begin ] --END-- [ RunTime:0.001867s ]
INFO: [ view_parse ] --START--
INFO: [ template_filter ] --START--
INFO: Run Behavior\ContentReplaceBehavior [ RunTime:0.000161s ]
INFO: [ template_filter ] --END-- [ RunTime:0.000207s ]
INFO: Run Behavior\ParseTemplateBehavior [ RunTime:0.023654s ]
INFO: [ view_parse ] --END-- [ RunTime:0.023722s ]
INFO: [ view_filter ] --START--
INFO: Run Behavior\WriteHtmlCacheBehavior [ RunTime:0.001111s ]
INFO: [ view_filter ] --END-- [ RunTime:0.001156s ]
INFO: [ app_end ] --START--
INFO: Run Behavior\ShowPageTraceBehavior [ RunTime:0.005259s ]
INFO: [ app_end ] --END-- [ RunTime:0.005378s ]

[ 2018-05-24T21:21:25+08:00 ] ::1 /shiji/Public/Admin/img/20180524/5b06ba0b10773.png
INFO: [ app_init ] --START--
INFO: Run Behavior\BuildLiteBehavior [ RunTime:0.000015s ]
INFO: [ app_init ] --END-- [ RunTime:0.000629s ]

[ 2018-05-24T21:21:26+08:00 ] ::1 /shiji/Public/Admin/img/20180524/5b06ba0b10773.png
INFO: [ app_init ] --START--
INFO: Run Behavior\BuildLiteBehavior [ RunTime:0.000015s ]
INFO: [ app_init ] --END-- [ RunTime:0.000724s ]

[ 2018-05-24T21:21:26+08:00 ] ::1 /shiji/Public/Admin/img/20180524/5b06ba0b10773.png
INFO: [ app_init ] --START--
INFO: Run Behavior\BuildLiteBehavior [ RunTime:0.000017s ]
INFO: [ app_init ] --END-- [ RunTime:0.000773s ]

[ 2018-05-24T21:21:27+08:00 ] ::1 /shiji/Public/Admin/img/20180524/5b06ba0b10773.png
INFO: [ app_init ] --START--
INFO: Run Behavior\BuildLiteBehavior [ RunTime:0.000018s ]
INFO: [ app_init ] --END-- [ RunTime:0.000767s ]

[ 2018-05-24T21:21:27+08:00 ] ::1 /shiji/Public/Admin/img/20180524/5b06ba0b10773.png
INFO: [ app_init ] --START--
INFO: Run Behavior\BuildLiteBehavior [ RunTime:0.000012s ]
INFO: [ app_init ] --END-- [ RunTime:0.000551s ]

[ 2018-05-24T21:22:29+08:00 ] ::1 /shiji/Public/Admin/img/20180524/285_5b06ba0b10773.png
INFO: [ app_init ] --START--
INFO: Run Behavior\BuildLiteBehavior [ RunTime:0.000014s ]
INFO: [ app_init ] --END-- [ RunTime:0.000641s ]

[ 2018-05-24T21:22:29+08:00 ] ::1 /shiji/Public/Admin/img/20180524/285_5b06ba0b10773.png
INFO: [ app_init ] --START--
INFO: Run Behavior\BuildLiteBehavior [ RunTime:0.000019s ]
INFO: [ app_init ] --END-- [ RunTime:0.000599s ]

[ 2018-05-24T21:22:35+08:00 ] ::1 /shiji/PublicAdmin/img/20180524/285_5b06ba0b10773.png
INFO: [ app_init ] --START--
INFO: Run Behavior\BuildLiteBehavior [ RunTime:0.000012s ]
INFO: [ app_init ] --END-- [ RunTime:0.000526s ]

[ 2018-05-24T21:22:45+08:00 ] ::1 /shiji/PublicAdmin/img/20180524/285_5b06ba0b10773.png
INFO: [ app_init ] --START--
INFO: Run Behavior\BuildLiteBehavior [ RunTime:0.000011s ]
INFO: [ app_init ] --END-- [ RunTime:0.000521s ]

[ 2018-05-24T21:22:58+08:00 ] ::1 /shiji/Public/Admin/img/20180524/285_5b06ba0b10773.png
INFO: [ app_init ] --START--
INFO: Run Behavior\BuildLiteBehavior [ RunTime:0.000012s ]
INFO: [ app_init ] --END-- [ RunTime:0.000573s ]

[ 2018-05-24T21:23:00+08:00 ] ::1 /shiji/Public/Admin/img/20180524/285_5b06ba0b10773.png
INFO: [ app_init ] --START--
INFO: Run Behavior\BuildLiteBehavior [ RunTime:0.000017s ]
INFO: [ app_init ] --END-- [ RunTime:0.000783s ]

[ 2018-05-24T21:23:01+08:00 ] ::1 /shiji/Public/Admin/img/20180524/285_5b06ba0b10773.png
INFO: [ app_init ] --START--
INFO: Run Behavior\BuildLiteBehavior [ RunTime:0.000013s ]
INFO: [ app_init ] --END-- [ RunTime:0.000647s ]

[ 2018-05-24T21:26:26+08:00 ] ::1 /shiji/PublicAdmin/img/20180524/285_5b06bab2b4c12.png
INFO: [ app_init ] --START--
INFO: Run Behavior\BuildLiteBehavior [ RunTime:0.000021s ]
INFO: [ app_init ] --END-- [ RunTime:0.000824s ]

[ 2018-05-24T21:26:26+08:00 ] ::1 /shiji/PublicAdmin/img/20180524/285_5b06bb230db17.png
INFO: [ app_init ] --START--
INFO: Run Behavior\BuildLiteBehavior [ RunTime:0.000020s ]
INFO: [ app_init ] --END-- [ RunTime:0.000629s ]

[ 2018-05-24T21:26:26+08:00 ] ::1 /shiji/PublicAdmin/img/20180524/285_5b06baba3f928.png
INFO: [ app_init ] --START--
INFO: Run Behavior\BuildLiteBehavior [ RunTime:0.000014s ]
INFO: [ app_init ] --END-- [ RunTime:0.000562s ]

[ 2018-05-24T21:26:36+08:00 ] ::1 /shiji/PublicAdmin/img/20180524/285_5b06baba3f928.png
INFO: [ app_init ] --START--
INFO: Run Behavior\BuildLiteBehavior [ RunTime:0.000036s ]
INFO: [ app_init ] --END-- [ RunTime:0.000548s ]

[ 2018-05-24T21:26:36+08:00 ] ::1 /shiji/PublicAdmin/img/20180524/285_5b06bab2b4c12.png
INFO: [ app_init ] --START--
INFO: Run Behavior\BuildLiteBehavior [ RunTime:0.000017s ]
INFO: [ app_init ] --END-- [ RunTime:0.000740s ]

[ 2018-05-24T21:26:36+08:00 ] ::1 /shiji/PublicAdmin/img/20180524/285_5b06bb230db17.png
INFO: [ app_init ] --START--
INFO: Run Behavior\BuildLiteBehavior [ RunTime:0.000020s ]
INFO: [ app_init ] --END-- [ RunTime:0.000839s ]

[ 2018-05-24T21:26:47+08:00 ] ::1 /shiji/PublicAdmin/img/20180524/285_5b06baba3f928.png
INFO: [ app_init ] --START--
INFO: Run Behavior\BuildLiteBehavior [ RunTime:0.000024s ]
INFO: [ app_init ] --END-- [ RunTime:0.000979s ]

[ 2018-05-24T21:26:47+08:00 ] ::1 /shiji/PublicAdmin/img/20180524/285_5b06bab2b4c12.png
INFO: [ app_init ] --START--
INFO: Run Behavior\BuildLiteBehavior [ RunTime:0.000020s ]
INFO: [ app_init ] --END-- [ RunTime:0.000727s ]

[ 2018-05-24T21:26:47+08:00 ] ::1 /shiji/PublicAdmin/img/20180524/285_5b06bb230db17.png
INFO: [ app_init ] --START--
INFO: Run Behavior\BuildLiteBehavior [ RunTime:0.000014s ]
INFO: [ app_init ] --END-- [ RunTime:0.000465s ]

[ 2018-05-24T21:26:48+08:00 ] ::1 /shiji/PublicAdmin/img/20180524/285_5b06baba3f928.png
INFO: [ app_init ] --START--
INFO: Run Behavior\BuildLiteBehavior [ RunTime:0.000017s ]
INFO: [ app_init ] --END-- [ RunTime:0.000699s ]

[ 2018-05-24T21:26:48+08:00 ] ::1 /shiji/PublicAdmin/img/20180524/285_5b06bab2b4c12.png
INFO: [ app_init ] --START--
INFO: Run Behavior\BuildLiteBehavior [ RunTime:0.000017s ]
INFO: [ app_init ] --END-- [ RunTime:0.000606s ]

[ 2018-05-24T21:26:48+08:00 ] ::1 /shiji/PublicAdmin/img/20180524/285_5b06bb230db17.png
INFO: [ app_init ] --START--
INFO: Run Behavior\BuildLiteBehavior [ RunTime:0.000018s ]
INFO: [ app_init ] --END-- [ RunTime:0.000657s ]

[ 2018-05-24T21:26:48+08:00 ] ::1 /shiji/PublicAdmin/img/20180524/285_5b06bab2b4c12.png
INFO: [ app_init ] --START--
INFO: Run Behavior\BuildLiteBehavior [ RunTime:0.000019s ]
INFO: [ app_init ] --END-- [ RunTime:0.000836s ]

[ 2018-05-24T21:26:48+08:00 ] ::1 /shiji/PublicAdmin/img/20180524/285_5b06baba3f928.png
INFO: [ app_init ] --START--
INFO: Run Behavior\BuildLiteBehavior [ RunTime:0.000018s ]
INFO: [ app_init ] --END-- [ RunTime:0.000557s ]

[ 2018-05-24T21:26:48+08:00 ] ::1 /shiji/PublicAdmin/img/20180524/285_5b06bb230db17.png
INFO: [ app_init ] --START--
INFO: Run Behavior\BuildLiteBehavior [ RunTime:0.000032s ]
INFO: [ app_init ] --END-- [ RunTime:0.000991s ]

[ 2018-05-24T21:26:55+08:00 ] ::1 /shiji/PublicAdmin/img/20180524/285_5b06baba3f928.png
INFO: [ app_init ] --START--
INFO: Run Behavior\BuildLiteBehavior [ RunTime:0.000018s ]
INFO: [ app_init ] --END-- [ RunTime:0.000578s ]

[ 2018-05-24T21:26:55+08:00 ] ::1 /shiji/PublicAdmin/img/20180524/285_5b06bb230db17.png
INFO: [ app_init ] --START--
INFO: Run Behavior\BuildLiteBehavior [ RunTime:0.000019s ]
INFO: [ app_init ] --END-- [ RunTime:0.000814s ]

[ 2018-05-24T21:26:55+08:00 ] ::1 /shiji/PublicAdmin/img/20180524/285_5b06bab2b4c12.png
INFO: [ app_init ] --START--
INFO: Run Behavior\BuildLiteBehavior [ RunTime:0.000018s ]
INFO: [ app_init ] --END-- [ RunTime:0.000776s ]

[ 2018-05-24T21:50:15+08:00 ] ::1 /shiji/
INFO: [ app_init ] --START--
INFO: Run Behavior\BuildLiteBehavior [ RunTime:0.000013s ]
INFO: [ app_init ] --END-- [ RunTime:0.000705s ]
INFO: [ app_begin ] --START--
INFO: Run Behavior\ReadHtmlCacheBehavior [ RunTime:0.001102s ]
INFO: [ app_begin ] --END-- [ RunTime:0.001156s ]
SQL: SHOW COLUMNS FROM `banner` [ RunTime:0.0117s ]
SQL: SELECT * FROM `banner`  [ RunTime:0.0003s ]
INFO: [ view_parse ] --START--
INFO: [ template_filter ] --START--
INFO: Run Behavior\ContentReplaceBehavior [ RunTime:0.000145s ]
INFO: [ template_filter ] --END-- [ RunTime:0.000191s ]
INFO: Run Behavior\ParseTemplateBehavior [ RunTime:0.462180s ]
INFO: [ view_parse ] --END-- [ RunTime:0.462252s ]
INFO: [ view_filter ] --START--
INFO: Run Behavior\WriteHtmlCacheBehavior [ RunTime:0.000888s ]
INFO: [ view_filter ] --END-- [ RunTime:0.000921s ]
INFO: [ app_end ] --START--
INFO: Run Behavior\ShowPageTraceBehavior [ RunTime:0.001681s ]
INFO: [ app_end ] --END-- [ RunTime:0.001780s ]

[ 2018-05-24T21:50:38+08:00 ] ::1 /shiji/
INFO: [ app_init ] --START--
INFO: Run Behavior\BuildLiteBehavior [ RunTime:0.000012s ]
INFO: [ app_init ] --END-- [ RunTime:0.000526s ]
INFO: [ app_begin ] --START--
INFO: Run Behavior\ReadHtmlCacheBehavior [ RunTime:0.000740s ]
INFO: [ app_begin ] --END-- [ RunTime:0.000789s ]
SQL: SHOW COLUMNS FROM `banner` [ RunTime:0.0443s ]
SQL: SELECT * FROM `banner`  [ RunTime:0.0003s ]
INFO: [ view_parse ] --START--
INFO: [ template_filter ] --START--
INFO: Run Behavior\ContentReplaceBehavior [ RunTime:0.000211s ]
INFO: [ template_filter ] --END-- [ RunTime:0.000302s ]
INFO: Run Behavior\ParseTemplateBehavior [ RunTime:0.016822s ]
INFO: [ view_parse ] --END-- [ RunTime:0.016872s ]
INFO: [ view_filter ] --START--
INFO: Run Behavior\WriteHtmlCacheBehavior [ RunTime:0.000774s ]
INFO: [ view_filter ] --END-- [ RunTime:0.000807s ]
INFO: [ app_end ] --START--
INFO: Run Behavior\ShowPageTraceBehavior [ RunTime:0.001021s ]
INFO: [ app_end ] --END-- [ RunTime:0.001096s ]

[ 2018-05-24T21:50:47+08:00 ] ::1 /shiji/Home
INFO: [ app_init ] --START--
INFO: Run Behavior\BuildLiteBehavior [ RunTime:0.000043s ]
INFO: [ app_init ] --END-- [ RunTime:0.001014s ]
INFO: [ app_begin ] --START--
INFO: Run Behavior\ReadHtmlCacheBehavior [ RunTime:0.000988s ]
INFO: [ app_begin ] --END-- [ RunTime:0.001040s ]
SQL: SHOW COLUMNS FROM `banner` [ RunTime:0.0180s ]
SQL: SELECT * FROM `banner`  [ RunTime:0.0004s ]
INFO: [ view_parse ] --START--
INFO: [ template_filter ] --START--
INFO: Run Behavior\ContentReplaceBehavior [ RunTime:0.000135s ]
INFO: [ template_filter ] --END-- [ RunTime:0.000179s ]
INFO: Run Behavior\ParseTemplateBehavior [ RunTime:0.019674s ]
INFO: [ view_parse ] --END-- [ RunTime:0.019745s ]
INFO: [ view_filter ] --START--
INFO: Run Behavior\WriteHtmlCacheBehavior [ RunTime:0.001031s ]
INFO: [ view_filter ] --END-- [ RunTime:0.001067s ]
INFO: [ app_end ] --START--
INFO: Run Behavior\ShowPageTraceBehavior [ RunTime:0.001753s ]
INFO: [ app_end ] --END-- [ RunTime:0.001867s ]

