[ 2018-12-01T00:00:02+08:00 ] ::1 /gt//Public/Admin/img/20181130/5c00e54ab7921.jpg
INFO: [ app_init ] --START--
INFO: Run Behavior\BuildLiteBehavior [ RunTime:0.000007s ]
INFO: [ app_init ] --END-- [ RunTime:0.000240s ]

[ 2018-12-01T00:00:02+08:00 ] ::1 /gt//Public/Admin/img/20181130/5c00e5b2d643e.jpg
INFO: [ app_init ] --START--
INFO: Run Behavior\BuildLiteBehavior [ RunTime:0.000006s ]
INFO: [ app_init ] --END-- [ RunTime:0.000232s ]

[ 2018-12-01T00:00:03+08:00 ] ::1 /gt//Public/Admin/img/20181130/5c00e55607416.jpg
INFO: [ app_init ] --START--
INFO: Run Behavior\BuildLiteBehavior [ RunTime:0.000005s ]
INFO: [ app_init ] --END-- [ RunTime:0.000219s ]

[ 2018-12-01T00:00:06+08:00 ] ::1 /gt//Public/Admin/img/20181130/5c00e5b2d643e.jpg
INFO: [ app_init ] --START--
INFO: Run Behavior\BuildLiteBehavior [ RunTime:0.000009s ]
INFO: [ app_init ] --END-- [ RunTime:0.000259s ]

[ 2018-12-01T00:00:06+08:00 ] ::1 /gt//Public/Admin/img/20181130/5c00e54ab7921.jpg
INFO: [ app_init ] --START--
INFO: Run Behavior\BuildLiteBehavior [ RunTime:0.000007s ]
INFO: [ app_init ] --END-- [ RunTime:0.000239s ]

[ 2018-12-01T00:00:07+08:00 ] ::1 /gt//Public/Admin/img/20181130/5c00e55607416.jpg
INFO: [ app_init ] --START--
INFO: Run Behavior\BuildLiteBehavior [ RunTime:0.000007s ]
INFO: [ app_init ] --END-- [ RunTime:0.000257s ]

[ 2018-12-01T00:00:10+08:00 ] ::1 /gt//Public/Admin/img/20181130/5c00e5b2d643e.jpg
INFO: [ app_init ] --START--
INFO: Run Behavior\BuildLiteBehavior [ RunTime:0.000006s ]
INFO: [ app_init ] --END-- [ RunTime:0.000294s ]

[ 2018-12-01T00:00:11+08:00 ] ::1 /gt//Public/Admin/img/20181130/5c00e55607416.jpg
INFO: [ app_init ] --START--
INFO: Run Behavior\BuildLiteBehavior [ RunTime:0.000005s ]
INFO: [ app_init ] --END-- [ RunTime:0.000210s ]

[ 2018-12-01T00:02:09+08:00 ] ::1 /gt/index.html?v=back
INFO: [ app_init ] --START--
INFO: Run Behavior\BuildLiteBehavior [ RunTime:0.000007s ]
INFO: [ app_init ] --END-- [ RunTime:0.000272s ]
INFO: [ app_begin ] --START--
INFO: Run Behavior\ReadHtmlCacheBehavior [ RunTime:0.000430s ]
INFO: [ app_begin ] --END-- [ RunTime:0.000457s ]
SQL: SHOW COLUMNS FROM `studystatus` [ RunTime:0.0008s ]
SQL: SHOW COLUMNS FROM `exam` [ RunTime:0.0003s ]
INFO: [ view_parse ] --START--
INFO: [ template_filter ] --START--
INFO: Run Behavior\ContentReplaceBehavior [ RunTime:0.000071s ]
INFO: [ template_filter ] --END-- [ RunTime:0.000094s ]
INFO: Run Behavior\ParseTemplateBehavior [ RunTime:0.005040s ]
INFO: [ view_parse ] --END-- [ RunTime:0.005062s ]
INFO: [ view_filter ] --START--
INFO: Run Behavior\WriteHtmlCacheBehavior [ RunTime:0.000251s ]
INFO: [ view_filter ] --END-- [ RunTime:0.000269s ]
INFO: [ app_end ] --START--
INFO: Run Behavior\ShowPageTraceBehavior [ RunTime:0.000429s ]
INFO: [ app_end ] --END-- [ RunTime:0.000448s ]

[ 2018-12-01T00:02:15+08:00 ] ::1 /gt/home/index/login
INFO: [ app_init ] --START--
INFO: Run Behavior\BuildLiteBehavior [ RunTime:0.000009s ]
INFO: [ app_init ] --END-- [ RunTime:0.005276s ]
INFO: [ app_begin ] --START--
INFO: Run Behavior\ReadHtmlCacheBehavior [ RunTime:0.000397s ]
INFO: [ app_begin ] --END-- [ RunTime:0.000418s ]
SQL: SHOW COLUMNS FROM `user` [ RunTime:0.0005s ]
SQL: SELECT * FROM `user` WHERE `user_username` = '111' LIMIT 1   [ RunTime:0.0002s ]

[ 2018-12-01T00:02:16+08:00 ] ::1 /gt/study
INFO: [ app_init ] --START--
INFO: Run Behavior\BuildLiteBehavior [ RunTime:0.000006s ]
INFO: [ app_init ] --END-- [ RunTime:0.000222s ]
INFO: [ app_begin ] --START--
INFO: Run Behavior\ReadHtmlCacheBehavior [ RunTime:0.000340s ]
INFO: [ app_begin ] --END-- [ RunTime:0.000361s ]
SQL: SHOW COLUMNS FROM `studystatus` [ RunTime:0.0008s ]
SQL: SELECT `m_n1` FROM `studystatus` WHERE ( user_id=37 ) LIMIT 1   [ RunTime:0.0003s ]
SQL: SELECT `m_n2` FROM `studystatus` WHERE ( user_id=37 ) LIMIT 1   [ RunTime:0.0001s ]
SQL: SHOW COLUMNS FROM `hall1` [ RunTime:0.0005s ]
SQL: SELECT * FROM `hall1`  [ RunTime:0.0002s ]
NOTIC: [8] Undefined variable: hallimg1 D:\PHPTutorial\WWW\gt\Application\Home\Controller\ExamController.class.php 第 172 行.
NOTIC: [8] Undefined variable: hall1mp3 D:\PHPTutorial\WWW\gt\Application\Home\Controller\ExamController.class.php 第 176 行.
SQL: SHOW COLUMNS FROM `hall2` [ RunTime:0.0003s ]
SQL: SELECT * FROM `hall2`  [ RunTime:0.0001s ]
NOTIC: [8] Undefined variable: hallimg2 D:\PHPTutorial\WWW\gt\Application\Home\Controller\ExamController.class.php 第 194 行.
NOTIC: [8] Undefined variable: hall2mp3 D:\PHPTutorial\WWW\gt\Application\Home\Controller\ExamController.class.php 第 198 行.
SQL: SHOW COLUMNS FROM `hallimg` [ RunTime:0.0003s ]
SQL: SELECT * FROM `hallimg`  [ RunTime:0.0001s ]
INFO: [ view_parse ] --START--
INFO: [ template_filter ] --START--
INFO: Run Behavior\ContentReplaceBehavior [ RunTime:0.000089s ]
INFO: [ template_filter ] --END-- [ RunTime:0.000110s ]
INFO: Run Behavior\ParseTemplateBehavior [ RunTime:0.005020s ]
INFO: [ view_parse ] --END-- [ RunTime:0.005040s ]
INFO: [ view_filter ] --START--
INFO: Run Behavior\WriteHtmlCacheBehavior [ RunTime:0.000252s ]
INFO: [ view_filter ] --END-- [ RunTime:0.000269s ]
INFO: [ app_end ] --START--
INFO: Run Behavior\ShowPageTraceBehavior [ RunTime:0.000427s ]
INFO: [ app_end ] --END-- [ RunTime:0.000447s ]

[ 2018-12-01T00:02:16+08:00 ] ::1 /gt/study
INFO: [ app_init ] --START--
INFO: Run Behavior\BuildLiteBehavior [ RunTime:0.000007s ]
INFO: [ app_init ] --END-- [ RunTime:0.000249s ]
INFO: [ app_begin ] --START--
INFO: Run Behavior\ReadHtmlCacheBehavior [ RunTime:0.000357s ]
INFO: [ app_begin ] --END-- [ RunTime:0.000377s ]
SQL: SHOW COLUMNS FROM `studystatus` [ RunTime:0.0010s ]
SQL: SELECT `m_n1` FROM `studystatus` WHERE ( user_id=37 ) LIMIT 1   [ RunTime:0.0004s ]
SQL: SELECT `m_n2` FROM `studystatus` WHERE ( user_id=37 ) LIMIT 1   [ RunTime:0.0003s ]
SQL: SHOW COLUMNS FROM `hall1` [ RunTime:0.0014s ]
SQL: SELECT * FROM `hall1`  [ RunTime:0.0006s ]
NOTIC: [8] Undefined variable: hallimg1 D:\PHPTutorial\WWW\gt\Application\Home\Controller\ExamController.class.php 第 172 行.
NOTIC: [8] Undefined variable: hall1mp3 D:\PHPTutorial\WWW\gt\Application\Home\Controller\ExamController.class.php 第 176 行.
SQL: SHOW COLUMNS FROM `hall2` [ RunTime:0.0013s ]
SQL: SELECT * FROM `hall2`  [ RunTime:0.0004s ]
NOTIC: [8] Undefined variable: hallimg2 D:\PHPTutorial\WWW\gt\Application\Home\Controller\ExamController.class.php 第 194 行.
NOTIC: [8] Undefined variable: hall2mp3 D:\PHPTutorial\WWW\gt\Application\Home\Controller\ExamController.class.php 第 198 行.
SQL: SHOW COLUMNS FROM `hallimg` [ RunTime:0.0011s ]
SQL: SELECT * FROM `hallimg`  [ RunTime:0.0003s ]
INFO: [ view_parse ] --START--
INFO: [ template_filter ] --START--
INFO: Run Behavior\ContentReplaceBehavior [ RunTime:0.000126s ]
INFO: [ template_filter ] --END-- [ RunTime:0.000167s ]
INFO: Run Behavior\ParseTemplateBehavior [ RunTime:0.007277s ]
INFO: [ view_parse ] --END-- [ RunTime:0.007315s ]
INFO: [ view_filter ] --START--
INFO: Run Behavior\WriteHtmlCacheBehavior [ RunTime:0.000364s ]
INFO: [ view_filter ] --END-- [ RunTime:0.000390s ]
INFO: [ app_end ] --START--
INFO: Run Behavior\ShowPageTraceBehavior [ RunTime:0.000733s ]
INFO: [ app_end ] --END-- [ RunTime:0.000763s ]

[ 2018-12-01T00:02:27+08:00 ] ::1 /gt/Study/index.html
INFO: [ app_init ] --START--
INFO: Run Behavior\BuildLiteBehavior [ RunTime:0.000006s ]
INFO: [ app_init ] --END-- [ RunTime:0.000237s ]
INFO: [ app_begin ] --START--
INFO: Run Behavior\ReadHtmlCacheBehavior [ RunTime:0.000373s ]
INFO: [ app_begin ] --END-- [ RunTime:0.000399s ]
SQL: SHOW COLUMNS FROM `studystatus` [ RunTime:0.0009s ]
SQL: SELECT * FROM `studystatus` WHERE `user_id` = 37 LIMIT 1   [ RunTime:0.0002s ]

[ 2018-12-01T00:02:33+08:00 ] ::1 /gt/Study/index.html
INFO: [ app_init ] --START--
INFO: Run Behavior\BuildLiteBehavior [ RunTime:0.000006s ]
INFO: [ app_init ] --END-- [ RunTime:0.000227s ]
INFO: [ app_begin ] --START--
INFO: Run Behavior\ReadHtmlCacheBehavior [ RunTime:0.000338s ]
INFO: [ app_begin ] --END-- [ RunTime:0.000357s ]
SQL: SHOW COLUMNS FROM `studystatus` [ RunTime:0.0005s ]
SQL: SELECT * FROM `studystatus` WHERE `user_id` = 37 LIMIT 1   [ RunTime:0.0002s ]

[ 2018-12-01T00:02:52+08:00 ] ::1 /gt/Study/index.html
INFO: [ app_init ] --START--
INFO: Run Behavior\BuildLiteBehavior [ RunTime:0.000006s ]
INFO: [ app_init ] --END-- [ RunTime:0.000224s ]
INFO: [ app_begin ] --START--
INFO: Run Behavior\ReadHtmlCacheBehavior [ RunTime:0.000335s ]
INFO: [ app_begin ] --END-- [ RunTime:0.000353s ]
SQL: SHOW COLUMNS FROM `studystatus` [ RunTime:0.0008s ]
SQL: SELECT * FROM `studystatus` WHERE `user_id` = 37 LIMIT 1   [ RunTime:0.0002s ]

[ 2018-12-01T00:03:11+08:00 ] ::1 /gt/Study/index.html
INFO: [ app_init ] --START--
INFO: Run Behavior\BuildLiteBehavior [ RunTime:0.000007s ]
INFO: [ app_init ] --END-- [ RunTime:0.000247s ]
INFO: [ app_begin ] --START--
INFO: Run Behavior\ReadHtmlCacheBehavior [ RunTime:0.000353s ]
INFO: [ app_begin ] --END-- [ RunTime:0.000371s ]
SQL: SHOW COLUMNS FROM `studystatus` [ RunTime:0.0005s ]
SQL: SELECT * FROM `studystatus` WHERE `user_id` = 37 LIMIT 1   [ RunTime:0.0002s ]
SQL: UPDATE `studystatus` SET `user_id`='37',`m_n2`=',1,2,4' WHERE `user_id` = 37 [ RunTime:0.0004s ]

[ 2018-12-01T00:15:19+08:00 ] ::1 /gt/Study/index.html
INFO: [ app_init ] --START--
INFO: Run Behavior\BuildLiteBehavior [ RunTime:0.000007s ]
INFO: [ app_init ] --END-- [ RunTime:0.000314s ]
INFO: [ app_begin ] --START--
INFO: Run Behavior\ReadHtmlCacheBehavior [ RunTime:0.000493s ]
INFO: [ app_begin ] --END-- [ RunTime:0.000522s ]
SQL: SHOW COLUMNS FROM `studystatus` [ RunTime:0.0009s ]
SQL: SELECT * FROM `studystatus` WHERE `user_id` = 37 LIMIT 1   [ RunTime:0.0002s ]

[ 2018-12-01T00:15:48+08:00 ] ::1 /gt/study
INFO: [ app_init ] --START--
INFO: Run Behavior\BuildLiteBehavior [ RunTime:0.000006s ]
INFO: [ app_init ] --END-- [ RunTime:0.000229s ]
INFO: [ app_begin ] --START--
INFO: Run Behavior\ReadHtmlCacheBehavior [ RunTime:0.000342s ]
INFO: [ app_begin ] --END-- [ RunTime:0.000362s ]
SQL: SHOW COLUMNS FROM `studystatus` [ RunTime:0.0006s ]
SQL: SELECT `m_n1` FROM `studystatus` WHERE ( user_id=37 ) LIMIT 1   [ RunTime:0.0004s ]
SQL: SELECT `m_n2` FROM `studystatus` WHERE ( user_id=37 ) LIMIT 1   [ RunTime:0.0003s ]
SQL: SHOW COLUMNS FROM `hall1` [ RunTime:0.0007s ]
SQL: SELECT * FROM `hall1`  [ RunTime:0.0003s ]
NOTIC: [8] Undefined variable: hallimg1 D:\PHPTutorial\WWW\gt\Application\Home\Controller\ExamController.class.php 第 172 行.
NOTIC: [8] Undefined variable: hall1mp3 D:\PHPTutorial\WWW\gt\Application\Home\Controller\ExamController.class.php 第 176 行.
SQL: SHOW COLUMNS FROM `hall2` [ RunTime:0.0004s ]
SQL: SELECT * FROM `hall2`  [ RunTime:0.0001s ]
NOTIC: [8] Undefined variable: hallimg2 D:\PHPTutorial\WWW\gt\Application\Home\Controller\ExamController.class.php 第 194 行.
NOTIC: [8] Undefined variable: hall2mp3 D:\PHPTutorial\WWW\gt\Application\Home\Controller\ExamController.class.php 第 198 行.
SQL: SHOW COLUMNS FROM `hallimg` [ RunTime:0.0003s ]
SQL: SELECT * FROM `hallimg`  [ RunTime:0.0002s ]
INFO: [ view_parse ] --START--
INFO: [ template_filter ] --START--
INFO: Run Behavior\ContentReplaceBehavior [ RunTime:0.000097s ]
INFO: [ template_filter ] --END-- [ RunTime:0.000125s ]
INFO: Run Behavior\ParseTemplateBehavior [ RunTime:0.006479s ]
INFO: [ view_parse ] --END-- [ RunTime:0.006501s ]
INFO: [ view_filter ] --START--
INFO: Run Behavior\WriteHtmlCacheBehavior [ RunTime:0.000270s ]
INFO: [ view_filter ] --END-- [ RunTime:0.000288s ]
INFO: [ app_end ] --START--
INFO: Run Behavior\ShowPageTraceBehavior [ RunTime:0.000478s ]
INFO: [ app_end ] --END-- [ RunTime:0.000501s ]

[ 2018-12-01T00:15:50+08:00 ] ::1 /gt/study
INFO: [ app_init ] --START--
INFO: Run Behavior\BuildLiteBehavior [ RunTime:0.000007s ]
INFO: [ app_init ] --END-- [ RunTime:0.000278s ]
INFO: [ app_begin ] --START--
INFO: Run Behavior\ReadHtmlCacheBehavior [ RunTime:0.000479s ]
INFO: [ app_begin ] --END-- [ RunTime:0.000507s ]
SQL: SHOW COLUMNS FROM `studystatus` [ RunTime:0.0010s ]
SQL: SELECT `m_n1` FROM `studystatus` WHERE ( user_id=37 ) LIMIT 1   [ RunTime:0.0006s ]
SQL: SELECT `m_n2` FROM `studystatus` WHERE ( user_id=37 ) LIMIT 1   [ RunTime:0.0003s ]
SQL: SHOW COLUMNS FROM `hall1` [ RunTime:0.0012s ]
SQL: SELECT * FROM `hall1`  [ RunTime:0.0005s ]
NOTIC: [8] Undefined variable: hallimg1 D:\PHPTutorial\WWW\gt\Application\Home\Controller\ExamController.class.php 第 172 行.
NOTIC: [8] Undefined variable: hall1mp3 D:\PHPTutorial\WWW\gt\Application\Home\Controller\ExamController.class.php 第 176 行.
SQL: SHOW COLUMNS FROM `hall2` [ RunTime:0.0013s ]
SQL: SELECT * FROM `hall2`  [ RunTime:0.0004s ]
NOTIC: [8] Undefined variable: hallimg2 D:\PHPTutorial\WWW\gt\Application\Home\Controller\ExamController.class.php 第 194 行.
NOTIC: [8] Undefined variable: hall2mp3 D:\PHPTutorial\WWW\gt\Application\Home\Controller\ExamController.class.php 第 198 行.
SQL: SHOW COLUMNS FROM `hallimg` [ RunTime:0.0021s ]
SQL: SELECT * FROM `hallimg`  [ RunTime:0.0024s ]
INFO: [ view_parse ] --START--
INFO: [ template_filter ] --START--
INFO: Run Behavior\ContentReplaceBehavior [ RunTime:0.000128s ]
INFO: [ template_filter ] --END-- [ RunTime:0.000181s ]
INFO: Run Behavior\ParseTemplateBehavior [ RunTime:0.009109s ]
INFO: [ view_parse ] --END-- [ RunTime:0.009159s ]
INFO: [ view_filter ] --START--
INFO: Run Behavior\WriteHtmlCacheBehavior [ RunTime:0.000446s ]
INFO: [ view_filter ] --END-- [ RunTime:0.000477s ]
INFO: [ app_end ] --START--
INFO: Run Behavior\ShowPageTraceBehavior [ RunTime:0.000670s ]
INFO: [ app_end ] --END-- [ RunTime:0.000706s ]

[ 2018-12-01T00:15:52+08:00 ] ::1 /gt//Public/Admin/img/20181130/5c00e5b2d643e.jpg
INFO: [ app_init ] --START--
INFO: Run Behavior\BuildLiteBehavior [ RunTime:0.000007s ]
INFO: [ app_init ] --END-- [ RunTime:0.000242s ]

[ 2018-12-01T00:15:53+08:00 ] ::1 /gt//Public/Admin/img/20181130/5c00e55607416.jpg
INFO: [ app_init ] --START--
INFO: Run Behavior\BuildLiteBehavior [ RunTime:0.000007s ]
INFO: [ app_init ] --END-- [ RunTime:0.000238s ]

[ 2018-12-01T00:15:53+08:00 ] ::1 /gt//Public/Admin/img/20181130/5c00e54ab7921.jpg
INFO: [ app_init ] --START--
INFO: Run Behavior\BuildLiteBehavior [ RunTime:0.000007s ]
INFO: [ app_init ] --END-- [ RunTime:0.000308s ]

[ 2018-12-01T00:15:53+08:00 ] ::1 /gt/Study/index.html
INFO: [ app_init ] --START--
INFO: Run Behavior\BuildLiteBehavior [ RunTime:0.000006s ]
INFO: [ app_init ] --END-- [ RunTime:0.000243s ]
INFO: [ app_begin ] --START--
INFO: Run Behavior\ReadHtmlCacheBehavior [ RunTime:0.000411s ]
INFO: [ app_begin ] --END-- [ RunTime:0.000433s ]
SQL: SHOW COLUMNS FROM `studystatus` [ RunTime:0.0005s ]
SQL: SELECT * FROM `studystatus` WHERE `user_id` = 37 LIMIT 1   [ RunTime:0.0002s ]

[ 2018-12-01T00:16:02+08:00 ] ::1 /gt//Public/Admin/img/20181130/5c00e54ab7921.jpg
INFO: [ app_init ] --START--
INFO: Run Behavior\BuildLiteBehavior [ RunTime:0.000008s ]
INFO: [ app_init ] --END-- [ RunTime:0.000299s ]

[ 2018-12-01T00:16:02+08:00 ] ::1 /gt//Public/Admin/img/20181130/5c00e54ab7921.jpg
INFO: [ app_init ] --START--
INFO: Run Behavior\BuildLiteBehavior [ RunTime:0.000007s ]
INFO: [ app_init ] --END-- [ RunTime:0.000283s ]

[ 2018-12-01T00:16:16+08:00 ] ::1 /gt/Public/Admin/img/20181130/5c00e54ab7921.jpg
INFO: [ app_init ] --START--
INFO: Run Behavior\BuildLiteBehavior [ RunTime:0.000006s ]
INFO: [ app_init ] --END-- [ RunTime:0.000237s ]

[ 2018-12-01T00:16:16+08:00 ] ::1 /gt/Public/Admin/img/20181130/5c00e54ab7921.jpg
INFO: [ app_init ] --START--
INFO: Run Behavior\BuildLiteBehavior [ RunTime:0.000008s ]
INFO: [ app_init ] --END-- [ RunTime:0.000249s ]

[ 2018-12-01T00:16:56+08:00 ] ::1 /gt/Study/index.html
INFO: [ app_init ] --START--
INFO: Run Behavior\BuildLiteBehavior [ RunTime:0.000019s ]
INFO: [ app_init ] --END-- [ RunTime:0.000615s ]
INFO: [ app_begin ] --START--
INFO: Run Behavior\ReadHtmlCacheBehavior [ RunTime:0.000486s ]
INFO: [ app_begin ] --END-- [ RunTime:0.000513s ]
SQL: SHOW COLUMNS FROM `studystatus` [ RunTime:0.0008s ]
SQL: SELECT * FROM `studystatus` WHERE `user_id` = 37 LIMIT 1   [ RunTime:0.0005s ]

[ 2018-12-01T00:18:18+08:00 ] ::1 /gt/study
INFO: [ app_init ] --START--
INFO: Run Behavior\BuildLiteBehavior [ RunTime:0.000007s ]
INFO: [ app_init ] --END-- [ RunTime:0.000291s ]
INFO: [ app_begin ] --START--
INFO: Run Behavior\ReadHtmlCacheBehavior [ RunTime:0.000385s ]
INFO: [ app_begin ] --END-- [ RunTime:0.000406s ]
SQL: SHOW COLUMNS FROM `studystatus` [ RunTime:0.0008s ]
SQL: SELECT `m_n1` FROM `studystatus` WHERE ( user_id=37 ) LIMIT 1   [ RunTime:0.0002s ]
SQL: SELECT `m_n2` FROM `studystatus` WHERE ( user_id=37 ) LIMIT 1   [ RunTime:0.0001s ]
SQL: SHOW COLUMNS FROM `hall1` [ RunTime:0.0005s ]
SQL: SELECT * FROM `hall1`  [ RunTime:0.0002s ]
NOTIC: [8] Undefined variable: hallimg1 D:\PHPTutorial\WWW\gt\Application\Home\Controller\ExamController.class.php 第 172 行.
NOTIC: [8] Undefined variable: hall1mp3 D:\PHPTutorial\WWW\gt\Application\Home\Controller\ExamController.class.php 第 176 行.
SQL: SHOW COLUMNS FROM `hall2` [ RunTime:0.0003s ]
SQL: SELECT * FROM `hall2`  [ RunTime:0.0001s ]
NOTIC: [8] Undefined variable: hallimg2 D:\PHPTutorial\WWW\gt\Application\Home\Controller\ExamController.class.php 第 194 行.
NOTIC: [8] Undefined variable: hall2mp3 D:\PHPTutorial\WWW\gt\Application\Home\Controller\ExamController.class.php 第 198 行.
SQL: SHOW COLUMNS FROM `hallimg` [ RunTime:0.0003s ]
SQL: SELECT * FROM `hallimg`  [ RunTime:0.0001s ]
INFO: [ view_parse ] --START--
INFO: [ template_filter ] --START--
INFO: Run Behavior\ContentReplaceBehavior [ RunTime:0.000084s ]
INFO: [ template_filter ] --END-- [ RunTime:0.000112s ]
INFO: Run Behavior\ParseTemplateBehavior [ RunTime:0.005257s ]
INFO: [ view_parse ] --END-- [ RunTime:0.005284s ]
INFO: [ view_filter ] --START--
INFO: Run Behavior\WriteHtmlCacheBehavior [ RunTime:0.000288s ]
INFO: [ view_filter ] --END-- [ RunTime:0.000307s ]
INFO: [ app_end ] --START--
INFO: Run Behavior\ShowPageTraceBehavior [ RunTime:0.000452s ]
INFO: [ app_end ] --END-- [ RunTime:0.000473s ]

[ 2018-12-01T00:18:18+08:00 ] ::1 /gt/study
INFO: [ app_init ] --START--
INFO: Run Behavior\BuildLiteBehavior [ RunTime:0.000008s ]
INFO: [ app_init ] --END-- [ RunTime:0.000356s ]
INFO: [ app_begin ] --START--
INFO: Run Behavior\ReadHtmlCacheBehavior [ RunTime:0.000612s ]
INFO: [ app_begin ] --END-- [ RunTime:0.000656s ]
SQL: SHOW COLUMNS FROM `studystatus` [ RunTime:0.0009s ]
SQL: SELECT `m_n1` FROM `studystatus` WHERE ( user_id=37 ) LIMIT 1   [ RunTime:0.0006s ]
SQL: SELECT `m_n2` FROM `studystatus` WHERE ( user_id=37 ) LIMIT 1   [ RunTime:0.0005s ]
SQL: SHOW COLUMNS FROM `hall1` [ RunTime:0.0022s ]
SQL: SELECT * FROM `hall1`  [ RunTime:0.0006s ]
NOTIC: [8] Undefined variable: hallimg1 D:\PHPTutorial\WWW\gt\Application\Home\Controller\ExamController.class.php 第 172 行.
NOTIC: [8] Undefined variable: hall1mp3 D:\PHPTutorial\WWW\gt\Application\Home\Controller\ExamController.class.php 第 176 行.
SQL: SHOW COLUMNS FROM `hall2` [ RunTime:0.0012s ]
SQL: SELECT * FROM `hall2`  [ RunTime:0.0002s ]
NOTIC: [8] Undefined variable: hallimg2 D:\PHPTutorial\WWW\gt\Application\Home\Controller\ExamController.class.php 第 194 行.
NOTIC: [8] Undefined variable: hall2mp3 D:\PHPTutorial\WWW\gt\Application\Home\Controller\ExamController.class.php 第 198 行.
SQL: SHOW COLUMNS FROM `hallimg` [ RunTime:0.0006s ]
SQL: SELECT * FROM `hallimg`  [ RunTime:0.0002s ]
INFO: [ view_parse ] --START--
INFO: [ template_filter ] --START--
INFO: Run Behavior\ContentReplaceBehavior [ RunTime:0.000136s ]
INFO: [ template_filter ] --END-- [ RunTime:0.000188s ]
INFO: Run Behavior\ParseTemplateBehavior [ RunTime:0.010290s ]
INFO: [ view_parse ] --END-- [ RunTime:0.010353s ]
INFO: [ view_filter ] --START--
INFO: Run Behavior\WriteHtmlCacheBehavior [ RunTime:0.000719s ]
INFO: [ view_filter ] --END-- [ RunTime:0.000764s ]
INFO: [ app_end ] --START--
INFO: Run Behavior\ShowPageTraceBehavior [ RunTime:0.001075s ]
INFO: [ app_end ] --END-- [ RunTime:0.001145s ]

[ 2018-12-01T00:18:21+08:00 ] ::1 /gt/Study/index.html
INFO: [ app_init ] --START--
INFO: Run Behavior\BuildLiteBehavior [ RunTime:0.000007s ]
INFO: [ app_init ] --END-- [ RunTime:0.000238s ]
INFO: [ app_begin ] --START--
INFO: Run Behavior\ReadHtmlCacheBehavior [ RunTime:0.000376s ]
INFO: [ app_begin ] --END-- [ RunTime:0.000396s ]
SQL: SHOW COLUMNS FROM `studystatus` [ RunTime:0.0009s ]
SQL: SELECT * FROM `studystatus` WHERE `user_id` = 37 LIMIT 1   [ RunTime:0.0003s ]

[ 2018-12-01T00:18:24+08:00 ] ::1 /gt/Study/index.html
INFO: [ app_init ] --START--
INFO: Run Behavior\BuildLiteBehavior [ RunTime:0.000005s ]
INFO: [ app_init ] --END-- [ RunTime:0.000222s ]
INFO: [ app_begin ] --START--
INFO: Run Behavior\ReadHtmlCacheBehavior [ RunTime:0.000332s ]
INFO: [ app_begin ] --END-- [ RunTime:0.000349s ]
SQL: SHOW COLUMNS FROM `studystatus` [ RunTime:0.0005s ]
SQL: SELECT * FROM `studystatus` WHERE `user_id` = 37 LIMIT 1   [ RunTime:0.0003s ]

[ 2018-12-01T00:18:25+08:00 ] ::1 /gt/Study/index.html
INFO: [ app_init ] --START--
INFO: Run Behavior\BuildLiteBehavior [ RunTime:0.000007s ]
INFO: [ app_init ] --END-- [ RunTime:0.000230s ]
INFO: [ app_begin ] --START--
INFO: Run Behavior\ReadHtmlCacheBehavior [ RunTime:0.000340s ]
INFO: [ app_begin ] --END-- [ RunTime:0.000358s ]
SQL: SHOW COLUMNS FROM `studystatus` [ RunTime:0.0006s ]
SQL: SELECT * FROM `studystatus` WHERE `user_id` = 37 LIMIT 1   [ RunTime:0.0003s ]

[ 2018-12-01T00:25:16+08:00 ] ::1 /gt/Study/index.html
INFO: [ app_init ] --START--
INFO: Run Behavior\BuildLiteBehavior [ RunTime:0.000006s ]
INFO: [ app_init ] --END-- [ RunTime:0.000302s ]
INFO: [ app_begin ] --START--
INFO: Run Behavior\ReadHtmlCacheBehavior [ RunTime:0.000403s ]
INFO: [ app_begin ] --END-- [ RunTime:0.000423s ]
SQL: SHOW COLUMNS FROM `studystatus` [ RunTime:0.0005s ]
SQL: SELECT * FROM `studystatus` WHERE `user_id` = 37 LIMIT 1   [ RunTime:0.0002s ]

[ 2018-12-01T00:33:38+08:00 ] ::1 /gt/study
INFO: [ app_init ] --START--
INFO: Run Behavior\BuildLiteBehavior [ RunTime:0.000006s ]
INFO: [ app_init ] --END-- [ RunTime:0.000306s ]
INFO: [ app_begin ] --START--
INFO: Run Behavior\ReadHtmlCacheBehavior [ RunTime:0.000414s ]
INFO: [ app_begin ] --END-- [ RunTime:0.000436s ]
SQL: SHOW COLUMNS FROM `studystatus` [ RunTime:0.0005s ]
SQL: SELECT `m_n1` FROM `studystatus` WHERE ( user_id=37 ) LIMIT 1   [ RunTime:0.0002s ]
SQL: SELECT `m_n2` FROM `studystatus` WHERE ( user_id=37 ) LIMIT 1   [ RunTime:0.0001s ]
SQL: SHOW COLUMNS FROM `hall1` [ RunTime:0.0007s ]
SQL: SELECT * FROM `hall1`  [ RunTime:0.0003s ]
NOTIC: [8] Undefined variable: hallimg1 D:\PHPTutorial\WWW\gt\Application\Home\Controller\ExamController.class.php 第 172 行.
NOTIC: [8] Undefined variable: hall1mp3 D:\PHPTutorial\WWW\gt\Application\Home\Controller\ExamController.class.php 第 176 行.
SQL: SHOW COLUMNS FROM `hall2` [ RunTime:0.0009s ]
SQL: SELECT * FROM `hall2`  [ RunTime:0.0002s ]
NOTIC: [8] Undefined variable: hallimg2 D:\PHPTutorial\WWW\gt\Application\Home\Controller\ExamController.class.php 第 194 行.
NOTIC: [8] Undefined variable: hall2mp3 D:\PHPTutorial\WWW\gt\Application\Home\Controller\ExamController.class.php 第 198 行.
SQL: SHOW COLUMNS FROM `hallimg` [ RunTime:0.0004s ]
SQL: SELECT * FROM `hallimg`  [ RunTime:0.0001s ]
INFO: [ view_parse ] --START--
INFO: [ template_filter ] --START--
INFO: Run Behavior\ContentReplaceBehavior [ RunTime:0.000097s ]
INFO: [ template_filter ] --END-- [ RunTime:0.000122s ]
INFO: Run Behavior\ParseTemplateBehavior [ RunTime:0.006408s ]
INFO: [ view_parse ] --END-- [ RunTime:0.006431s ]
INFO: [ view_filter ] --START--
INFO: Run Behavior\WriteHtmlCacheBehavior [ RunTime:0.000276s ]
INFO: [ view_filter ] --END-- [ RunTime:0.000294s ]
INFO: [ app_end ] --START--
INFO: Run Behavior\ShowPageTraceBehavior [ RunTime:0.000545s ]
INFO: [ app_end ] --END-- [ RunTime:0.000568s ]

[ 2018-12-01T00:33:39+08:00 ] ::1 /gt/study
INFO: [ app_init ] --START--
INFO: Run Behavior\BuildLiteBehavior [ RunTime:0.000007s ]
INFO: [ app_init ] --END-- [ RunTime:0.000233s ]
INFO: [ app_begin ] --START--
INFO: Run Behavior\ReadHtmlCacheBehavior [ RunTime:0.000347s ]
INFO: [ app_begin ] --END-- [ RunTime:0.000368s ]
SQL: SHOW COLUMNS FROM `studystatus` [ RunTime:0.0008s ]
SQL: SELECT `m_n1` FROM `studystatus` WHERE ( user_id=37 ) LIMIT 1   [ RunTime:0.0005s ]
SQL: SELECT `m_n2` FROM `studystatus` WHERE ( user_id=37 ) LIMIT 1   [ RunTime:0.0004s ]
SQL: SHOW COLUMNS FROM `hall1` [ RunTime:0.0017s ]
SQL: SELECT * FROM `hall1`  [ RunTime:0.0008s ]
NOTIC: [8] Undefined variable: hallimg1 D:\PHPTutorial\WWW\gt\Application\Home\Controller\ExamController.class.php 第 172 行.
NOTIC: [8] Undefined variable: hall1mp3 D:\PHPTutorial\WWW\gt\Application\Home\Controller\ExamController.class.php 第 176 行.
SQL: SHOW COLUMNS FROM `hall2` [ RunTime:0.0010s ]
SQL: SELECT * FROM `hall2`  [ RunTime:0.0004s ]
NOTIC: [8] Undefined variable: hallimg2 D:\PHPTutorial\WWW\gt\Application\Home\Controller\ExamController.class.php 第 194 行.
NOTIC: [8] Undefined variable: hall2mp3 D:\PHPTutorial\WWW\gt\Application\Home\Controller\ExamController.class.php 第 198 行.
SQL: SHOW COLUMNS FROM `hallimg` [ RunTime:0.0019s ]
SQL: SELECT * FROM `hallimg`  [ RunTime:0.0004s ]
INFO: [ view_parse ] --START--
INFO: [ template_filter ] --START--
INFO: Run Behavior\ContentReplaceBehavior [ RunTime:0.000108s ]
INFO: [ template_filter ] --END-- [ RunTime:0.000148s ]
INFO: Run Behavior\ParseTemplateBehavior [ RunTime:0.007493s ]
INFO: [ view_parse ] --END-- [ RunTime:0.007550s ]
INFO: [ view_filter ] --START--
INFO: Run Behavior\WriteHtmlCacheBehavior [ RunTime:0.000577s ]
INFO: [ view_filter ] --END-- [ RunTime:0.000618s ]
INFO: [ app_end ] --START--
INFO: Run Behavior\ShowPageTraceBehavior [ RunTime:0.001233s ]
INFO: [ app_end ] --END-- [ RunTime:0.001306s ]

[ 2018-12-01T00:33:58+08:00 ] ::1 /gt/study
INFO: [ app_init ] --START--
INFO: Run Behavior\BuildLiteBehavior [ RunTime:0.000006s ]
INFO: [ app_init ] --END-- [ RunTime:0.000227s ]
INFO: [ app_begin ] --START--
INFO: Run Behavior\ReadHtmlCacheBehavior [ RunTime:0.000334s ]
INFO: [ app_begin ] --END-- [ RunTime:0.000353s ]
SQL: SHOW COLUMNS FROM `studystatus` [ RunTime:0.0005s ]
SQL: SELECT `m_n1` FROM `studystatus` WHERE ( user_id=37 ) LIMIT 1   [ RunTime:0.0003s ]
SQL: SELECT `m_n2` FROM `studystatus` WHERE ( user_id=37 ) LIMIT 1   [ RunTime:0.0001s ]
SQL: SHOW COLUMNS FROM `hall1` [ RunTime:0.0005s ]
SQL: SELECT * FROM `hall1`  [ RunTime:0.0002s ]
NOTIC: [8] Undefined variable: hallimg1 D:\PHPTutorial\WWW\gt\Application\Home\Controller\ExamController.class.php 第 172 行.
NOTIC: [8] Undefined variable: hall1mp3 D:\PHPTutorial\WWW\gt\Application\Home\Controller\ExamController.class.php 第 176 行.
SQL: SHOW COLUMNS FROM `hall2` [ RunTime:0.0003s ]
SQL: SELECT * FROM `hall2`  [ RunTime:0.0002s ]
NOTIC: [8] Undefined variable: hallimg2 D:\PHPTutorial\WWW\gt\Application\Home\Controller\ExamController.class.php 第 194 行.
NOTIC: [8] Undefined variable: hall2mp3 D:\PHPTutorial\WWW\gt\Application\Home\Controller\ExamController.class.php 第 198 行.
SQL: SHOW COLUMNS FROM `hallimg` [ RunTime:0.0005s ]
SQL: SELECT * FROM `hallimg`  [ RunTime:0.0002s ]
INFO: [ view_parse ] --START--
INFO: [ template_filter ] --START--
INFO: Run Behavior\ContentReplaceBehavior [ RunTime:0.000081s ]
INFO: [ template_filter ] --END-- [ RunTime:0.000102s ]
INFO: Run Behavior\ParseTemplateBehavior [ RunTime:0.004657s ]
INFO: [ view_parse ] --END-- [ RunTime:0.004678s ]
INFO: [ view_filter ] --START--
INFO: Run Behavior\WriteHtmlCacheBehavior [ RunTime:0.000213s ]
INFO: [ view_filter ] --END-- [ RunTime:0.000231s ]
INFO: [ app_end ] --START--
INFO: Run Behavior\ShowPageTraceBehavior [ RunTime:0.000392s ]
INFO: [ app_end ] --END-- [ RunTime:0.000411s ]

[ 2018-12-01T00:33:59+08:00 ] ::1 /gt/study
INFO: [ app_init ] --START--
INFO: Run Behavior\BuildLiteBehavior [ RunTime:0.000007s ]
INFO: [ app_init ] --END-- [ RunTime:0.000272s ]
INFO: [ app_begin ] --START--
INFO: Run Behavior\ReadHtmlCacheBehavior [ RunTime:0.000363s ]
INFO: [ app_begin ] --END-- [ RunTime:0.000385s ]
SQL: SHOW COLUMNS FROM `studystatus` [ RunTime:0.0009s ]
SQL: SELECT `m_n1` FROM `studystatus` WHERE ( user_id=37 ) LIMIT 1   [ RunTime:0.0007s ]
SQL: SELECT `m_n2` FROM `studystatus` WHERE ( user_id=37 ) LIMIT 1   [ RunTime:0.0003s ]
SQL: SHOW COLUMNS FROM `hall1` [ RunTime:0.0010s ]
SQL: SELECT * FROM `hall1`  [ RunTime:0.0005s ]
NOTIC: [8] Undefined variable: hallimg1 D:\PHPTutorial\WWW\gt\Application\Home\Controller\ExamController.class.php 第 172 行.
NOTIC: [8] Undefined variable: hall1mp3 D:\PHPTutorial\WWW\gt\Application\Home\Controller\ExamController.class.php 第 176 行.
SQL: SHOW COLUMNS FROM `hall2` [ RunTime:0.0030s ]
SQL: SELECT * FROM `hall2`  [ RunTime:0.0028s ]
NOTIC: [8] Undefined variable: hallimg2 D:\PHPTutorial\WWW\gt\Application\Home\Controller\ExamController.class.php 第 194 行.
NOTIC: [8] Undefined variable: hall2mp3 D:\PHPTutorial\WWW\gt\Application\Home\Controller\ExamController.class.php 第 198 行.
SQL: SHOW COLUMNS FROM `hallimg` [ RunTime:0.0065s ]
SQL: SELECT * FROM `hallimg`  [ RunTime:0.0200s ]
INFO: [ view_parse ] --START--
INFO: [ template_filter ] --START--
INFO: Run Behavior\ContentReplaceBehavior [ RunTime:0.000096s ]
INFO: [ template_filter ] --END-- [ RunTime:0.000132s ]
INFO: Run Behavior\ParseTemplateBehavior [ RunTime:0.006839s ]
INFO: [ view_parse ] --END-- [ RunTime:0.006912s ]
INFO: [ view_filter ] --START--
INFO: Run Behavior\WriteHtmlCacheBehavior [ RunTime:0.000472s ]
INFO: [ view_filter ] --END-- [ RunTime:0.000494s ]
INFO: [ app_end ] --START--
INFO: Run Behavior\ShowPageTraceBehavior [ RunTime:0.000604s ]
INFO: [ app_end ] --END-- [ RunTime:0.000638s ]

[ 2018-12-01T00:35:22+08:00 ] ::1 /gt/study
INFO: [ app_init ] --START--
INFO: Run Behavior\BuildLiteBehavior [ RunTime:0.000008s ]
INFO: [ app_init ] --END-- [ RunTime:0.001846s ]
INFO: [ app_begin ] --START--
INFO: Run Behavior\ReadHtmlCacheBehavior [ RunTime:0.012358s ]
INFO: [ app_begin ] --END-- [ RunTime:0.012391s ]
SQL: SHOW COLUMNS FROM `studystatus` [ RunTime:0.0006s ]
SQL: SELECT `m_n1` FROM `studystatus` WHERE ( user_id=37 ) LIMIT 1   [ RunTime:0.0003s ]
SQL: SELECT `m_n2` FROM `studystatus` WHERE ( user_id=37 ) LIMIT 1   [ RunTime:0.0001s ]
SQL: SHOW COLUMNS FROM `hall1` [ RunTime:0.0005s ]
SQL: SELECT * FROM `hall1`  [ RunTime:0.0002s ]
NOTIC: [8] Undefined variable: hallimg1 D:\PHPTutorial\WWW\gt\Application\Home\Controller\ExamController.class.php 第 172 行.
NOTIC: [8] Undefined variable: hall1mp3 D:\PHPTutorial\WWW\gt\Application\Home\Controller\ExamController.class.php 第 176 行.
SQL: SHOW COLUMNS FROM `hall2` [ RunTime:0.0006s ]
SQL: SELECT * FROM `hall2`  [ RunTime:0.0002s ]
NOTIC: [8] Undefined variable: hallimg2 D:\PHPTutorial\WWW\gt\Application\Home\Controller\ExamController.class.php 第 194 行.
NOTIC: [8] Undefined variable: hall2mp3 D:\PHPTutorial\WWW\gt\Application\Home\Controller\ExamController.class.php 第 198 行.
SQL: SHOW COLUMNS FROM `hallimg` [ RunTime:0.0004s ]
SQL: SELECT * FROM `hallimg`  [ RunTime:0.0002s ]
INFO: [ view_parse ] --START--
INFO: [ template_filter ] --START--
INFO: Run Behavior\ContentReplaceBehavior [ RunTime:0.000081s ]
INFO: [ template_filter ] --END-- [ RunTime:0.000102s ]
INFO: Run Behavior\ParseTemplateBehavior [ RunTime:0.004618s ]
INFO: [ view_parse ] --END-- [ RunTime:0.004641s ]
INFO: [ view_filter ] --START--
INFO: Run Behavior\WriteHtmlCacheBehavior [ RunTime:0.013225s ]
INFO: [ view_filter ] --END-- [ RunTime:0.013262s ]
INFO: [ app_end ] --START--
INFO: Run Behavior\ShowPageTraceBehavior [ RunTime:0.000539s ]
INFO: [ app_end ] --END-- [ RunTime:0.000561s ]

[ 2018-12-01T00:35:23+08:00 ] ::1 /gt/study
INFO: [ app_init ] --START--
INFO: Run Behavior\BuildLiteBehavior [ RunTime:0.000017s ]
INFO: [ app_init ] --END-- [ RunTime:0.000476s ]
INFO: [ app_begin ] --START--
INFO: Run Behavior\ReadHtmlCacheBehavior [ RunTime:0.000763s ]
INFO: [ app_begin ] --END-- [ RunTime:0.000818s ]
SQL: SHOW COLUMNS FROM `studystatus` [ RunTime:0.0066s ]
SQL: SELECT `m_n1` FROM `studystatus` WHERE ( user_id=37 ) LIMIT 1   [ RunTime:0.0179s ]
SQL: SELECT `m_n2` FROM `studystatus` WHERE ( user_id=37 ) LIMIT 1   [ RunTime:0.0212s ]
SQL: SHOW COLUMNS FROM `hall1` [ RunTime:0.0167s ]
SQL: SELECT * FROM `hall1`  [ RunTime:0.0102s ]
NOTIC: [8] Undefined variable: hallimg1 D:\PHPTutorial\WWW\gt\Application\Home\Controller\ExamController.class.php 第 172 行.
NOTIC: [8] Undefined variable: hall1mp3 D:\PHPTutorial\WWW\gt\Application\Home\Controller\ExamController.class.php 第 176 行.
SQL: SHOW COLUMNS FROM `hall2` [ RunTime:0.0013s ]
SQL: SELECT * FROM `hall2`  [ RunTime:0.0004s ]
NOTIC: [8] Undefined variable: hallimg2 D:\PHPTutorial\WWW\gt\Application\Home\Controller\ExamController.class.php 第 194 行.
NOTIC: [8] Undefined variable: hall2mp3 D:\PHPTutorial\WWW\gt\Application\Home\Controller\ExamController.class.php 第 198 行.
SQL: SHOW COLUMNS FROM `hallimg` [ RunTime:0.0009s ]
SQL: SELECT * FROM `hallimg`  [ RunTime:0.0004s ]
INFO: [ view_parse ] --START--
INFO: [ template_filter ] --START--
INFO: Run Behavior\ContentReplaceBehavior [ RunTime:0.000107s ]
INFO: [ template_filter ] --END-- [ RunTime:0.000150s ]
INFO: Run Behavior\ParseTemplateBehavior [ RunTime:0.007511s ]
INFO: [ view_parse ] --END-- [ RunTime:0.007552s ]
INFO: [ view_filter ] --START--
INFO: Run Behavior\WriteHtmlCacheBehavior [ RunTime:0.000324s ]
INFO: [ view_filter ] --END-- [ RunTime:0.000347s ]
INFO: [ app_end ] --START--
INFO: Run Behavior\ShowPageTraceBehavior [ RunTime:0.000549s ]
INFO: [ app_end ] --END-- [ RunTime:0.000584s ]

[ 2018-12-01T00:35:41+08:00 ] ::1 /gt/study
INFO: [ app_init ] --START--
INFO: Run Behavior\BuildLiteBehavior [ RunTime:0.000007s ]
INFO: [ app_init ] --END-- [ RunTime:0.000263s ]
INFO: [ app_begin ] --START--
INFO: Run Behavior\ReadHtmlCacheBehavior [ RunTime:0.000369s ]
INFO: [ app_begin ] --END-- [ RunTime:0.000390s ]
SQL: SHOW COLUMNS FROM `studystatus` [ RunTime:0.0005s ]
SQL: SELECT `m_n1` FROM `studystatus` WHERE ( user_id=37 ) LIMIT 1   [ RunTime:0.0003s ]
SQL: SELECT `m_n2` FROM `studystatus` WHERE ( user_id=37 ) LIMIT 1   [ RunTime:0.0002s ]
SQL: SHOW COLUMNS FROM `hall1` [ RunTime:0.0005s ]
SQL: SELECT * FROM `hall1`  [ RunTime:0.0002s ]
NOTIC: [8] Undefined variable: hallimg1 D:\PHPTutorial\WWW\gt\Application\Home\Controller\ExamController.class.php 第 172 行.
NOTIC: [8] Undefined variable: hall1mp3 D:\PHPTutorial\WWW\gt\Application\Home\Controller\ExamController.class.php 第 176 行.
SQL: SHOW COLUMNS FROM `hall2` [ RunTime:0.0003s ]
SQL: SELECT * FROM `hall2`  [ RunTime:0.0002s ]
NOTIC: [8] Undefined variable: hallimg2 D:\PHPTutorial\WWW\gt\Application\Home\Controller\ExamController.class.php 第 194 行.
NOTIC: [8] Undefined variable: hall2mp3 D:\PHPTutorial\WWW\gt\Application\Home\Controller\ExamController.class.php 第 198 行.
SQL: SHOW COLUMNS FROM `hallimg` [ RunTime:0.0003s ]
SQL: SELECT * FROM `hallimg`  [ RunTime:0.0001s ]
INFO: [ view_parse ] --START--
INFO: [ template_filter ] --START--
INFO: Run Behavior\ContentReplaceBehavior [ RunTime:0.000087s ]
INFO: [ template_filter ] --END-- [ RunTime:0.000110s ]
INFO: Run Behavior\ParseTemplateBehavior [ RunTime:0.004918s ]
INFO: [ view_parse ] --END-- [ RunTime:0.004940s ]
INFO: [ view_filter ] --START--
INFO: Run Behavior\WriteHtmlCacheBehavior [ RunTime:0.000265s ]
INFO: [ view_filter ] --END-- [ RunTime:0.000282s ]
INFO: [ app_end ] --START--
INFO: Run Behavior\ShowPageTraceBehavior [ RunTime:0.000432s ]
INFO: [ app_end ] --END-- [ RunTime:0.000452s ]

[ 2018-12-01T00:35:41+08:00 ] ::1 /gt/study
INFO: [ app_init ] --START--
INFO: Run Behavior\BuildLiteBehavior [ RunTime:0.000012s ]
INFO: [ app_init ] --END-- [ RunTime:0.000400s ]
INFO: [ app_begin ] --START--
INFO: Run Behavior\ReadHtmlCacheBehavior [ RunTime:0.000589s ]
INFO: [ app_begin ] --END-- [ RunTime:0.000629s ]
SQL: SHOW COLUMNS FROM `studystatus` [ RunTime:0.0006s ]
SQL: SELECT `m_n1` FROM `studystatus` WHERE ( user_id=37 ) LIMIT 1   [ RunTime:0.0005s ]
SQL: SELECT `m_n2` FROM `studystatus` WHERE ( user_id=37 ) LIMIT 1   [ RunTime:0.0003s ]
SQL: SHOW COLUMNS FROM `hall1` [ RunTime:0.0013s ]
SQL: SELECT * FROM `hall1`  [ RunTime:0.0006s ]
NOTIC: [8] Undefined variable: hallimg1 D:\PHPTutorial\WWW\gt\Application\Home\Controller\ExamController.class.php 第 172 行.
NOTIC: [8] Undefined variable: hall1mp3 D:\PHPTutorial\WWW\gt\Application\Home\Controller\ExamController.class.php 第 176 行.
SQL: SHOW COLUMNS FROM `hall2` [ RunTime:0.0011s ]
SQL: SELECT * FROM `hall2`  [ RunTime:0.0004s ]
NOTIC: [8] Undefined variable: hallimg2 D:\PHPTutorial\WWW\gt\Application\Home\Controller\ExamController.class.php 第 194 行.
NOTIC: [8] Undefined variable: hall2mp3 D:\PHPTutorial\WWW\gt\Application\Home\Controller\ExamController.class.php 第 198 行.
SQL: SHOW COLUMNS FROM `hallimg` [ RunTime:0.0012s ]
SQL: SELECT * FROM `hallimg`  [ RunTime:0.0006s ]
INFO: [ view_parse ] --START--
INFO: [ template_filter ] --START--
INFO: Run Behavior\ContentReplaceBehavior [ RunTime:0.000142s ]
INFO: [ template_filter ] --END-- [ RunTime:0.000216s ]
INFO: Run Behavior\ParseTemplateBehavior [ RunTime:0.015978s ]
INFO: [ view_parse ] --END-- [ RunTime:0.016064s ]
INFO: [ view_filter ] --START--
INFO: Run Behavior\WriteHtmlCacheBehavior [ RunTime:0.000940s ]
INFO: [ view_filter ] --END-- [ RunTime:0.000988s ]
INFO: [ app_end ] --START--
INFO: Run Behavior\ShowPageTraceBehavior [ RunTime:0.000920s ]
INFO: [ app_end ] --END-- [ RunTime:0.000967s ]

[ 2018-12-01T14:33:22+08:00 ] ::1 /gt/
INFO: [ app_init ] --START--
INFO: Run Behavior\BuildLiteBehavior [ RunTime:0.000006s ]
INFO: [ app_init ] --END-- [ RunTime:0.000348s ]
INFO: [ app_begin ] --START--
INFO: Run Behavior\ReadHtmlCacheBehavior [ RunTime:0.000432s ]
INFO: [ app_begin ] --END-- [ RunTime:0.000456s ]
SQL: SHOW COLUMNS FROM `studystatus` [ RunTime:0.0115s ]
SQL: SHOW COLUMNS FROM `exam` [ RunTime:0.0085s ]
INFO: [ view_parse ] --START--
INFO: [ template_filter ] --START--
INFO: Run Behavior\ContentReplaceBehavior [ RunTime:0.000098s ]
INFO: [ template_filter ] --END-- [ RunTime:0.000124s ]
INFO: Run Behavior\ParseTemplateBehavior [ RunTime:0.011003s ]
INFO: [ view_parse ] --END-- [ RunTime:0.011025s ]
INFO: [ view_filter ] --START--
INFO: Run Behavior\WriteHtmlCacheBehavior [ RunTime:0.000269s ]
INFO: [ view_filter ] --END-- [ RunTime:0.000288s ]
INFO: [ app_end ] --START--
INFO: Run Behavior\ShowPageTraceBehavior [ RunTime:0.000527s ]
INFO: [ app_end ] --END-- [ RunTime:0.000551s ]

[ 2018-12-01T14:33:28+08:00 ] ::1 /gt/read
INFO: [ app_init ] --START--
INFO: Run Behavior\BuildLiteBehavior [ RunTime:0.000007s ]
INFO: [ app_init ] --END-- [ RunTime:0.000246s ]
INFO: [ app_begin ] --START--
INFO: Run Behavior\ReadHtmlCacheBehavior [ RunTime:0.000397s ]
INFO: [ app_begin ] --END-- [ RunTime:0.000422s ]
SQL: SHOW COLUMNS FROM `hall1` [ RunTime:0.0335s ]
SQL: SELECT * FROM `hall1`  [ RunTime:0.0003s ]
NOTIC: [8] Undefined variable: hallimg1 D:\PHPTutorial\WWW\gt\Application\Home\Controller\ExamController.class.php 第 172 行.
NOTIC: [8] Undefined variable: hall1mp3 D:\PHPTutorial\WWW\gt\Application\Home\Controller\ExamController.class.php 第 176 行.
SQL: SHOW COLUMNS FROM `hall2` [ RunTime:0.0017s ]
SQL: SELECT * FROM `hall2`  [ RunTime:0.0002s ]
NOTIC: [8] Undefined variable: hallimg2 D:\PHPTutorial\WWW\gt\Application\Home\Controller\ExamController.class.php 第 194 行.
NOTIC: [8] Undefined variable: hall2mp3 D:\PHPTutorial\WWW\gt\Application\Home\Controller\ExamController.class.php 第 198 行.
SQL: SHOW COLUMNS FROM `hallimg` [ RunTime:0.0103s ]
SQL: SELECT * FROM `hallimg`  [ RunTime:0.0002s ]
INFO: [ view_parse ] --START--
INFO: [ template_filter ] --START--
INFO: Run Behavior\ContentReplaceBehavior [ RunTime:0.000055s ]
INFO: [ template_filter ] --END-- [ RunTime:0.000079s ]
INFO: Run Behavior\ParseTemplateBehavior [ RunTime:0.008506s ]
INFO: [ view_parse ] --END-- [ RunTime:0.008530s ]
INFO: [ view_filter ] --START--
INFO: Run Behavior\WriteHtmlCacheBehavior [ RunTime:0.000218s ]
INFO: [ view_filter ] --END-- [ RunTime:0.000235s ]
INFO: [ app_end ] --START--
INFO: Run Behavior\ShowPageTraceBehavior [ RunTime:0.000388s ]
INFO: [ app_end ] --END-- [ RunTime:0.000406s ]

[ 2018-12-01T14:33:28+08:00 ] ::1 /gt/read
INFO: [ app_init ] --START--
INFO: Run Behavior\BuildLiteBehavior [ RunTime:0.000009s ]
INFO: [ app_init ] --END-- [ RunTime:0.000271s ]
INFO: [ app_begin ] --START--
INFO: Run Behavior\ReadHtmlCacheBehavior [ RunTime:0.000394s ]
INFO: [ app_begin ] --END-- [ RunTime:0.000420s ]
SQL: SHOW COLUMNS FROM `hall1` [ RunTime:0.0010s ]
SQL: SELECT * FROM `hall1`  [ RunTime:0.0003s ]
NOTIC: [8] Undefined variable: hallimg1 D:\PHPTutorial\WWW\gt\Application\Home\Controller\ExamController.class.php 第 172 行.
NOTIC: [8] Undefined variable: hall1mp3 D:\PHPTutorial\WWW\gt\Application\Home\Controller\ExamController.class.php 第 176 行.
SQL: SHOW COLUMNS FROM `hall2` [ RunTime:0.0013s ]
SQL: SELECT * FROM `hall2`  [ RunTime:0.0003s ]
NOTIC: [8] Undefined variable: hallimg2 D:\PHPTutorial\WWW\gt\Application\Home\Controller\ExamController.class.php 第 194 行.
NOTIC: [8] Undefined variable: hall2mp3 D:\PHPTutorial\WWW\gt\Application\Home\Controller\ExamController.class.php 第 198 行.
SQL: SHOW COLUMNS FROM `hallimg` [ RunTime:0.0013s ]
SQL: SELECT * FROM `hallimg`  [ RunTime:0.0004s ]
INFO: [ view_parse ] --START--
INFO: [ template_filter ] --START--
INFO: Run Behavior\ContentReplaceBehavior [ RunTime:0.000087s ]
INFO: [ template_filter ] --END-- [ RunTime:0.000145s ]
INFO: Run Behavior\ParseTemplateBehavior [ RunTime:0.011314s ]
INFO: [ view_parse ] --END-- [ RunTime:0.011378s ]
INFO: [ view_filter ] --START--
INFO: Run Behavior\WriteHtmlCacheBehavior [ RunTime:0.000540s ]
INFO: [ view_filter ] --END-- [ RunTime:0.000573s ]
INFO: [ app_end ] --START--
INFO: Run Behavior\ShowPageTraceBehavior [ RunTime:0.000845s ]
INFO: [ app_end ] --END-- [ RunTime:0.000892s ]

[ 2018-12-01T14:34:02+08:00 ] ::1 /gt/read
INFO: [ app_init ] --START--
INFO: Run Behavior\BuildLiteBehavior [ RunTime:0.000008s ]
INFO: [ app_init ] --END-- [ RunTime:0.000277s ]
INFO: [ app_begin ] --START--
INFO: Run Behavior\ReadHtmlCacheBehavior [ RunTime:0.000400s ]
INFO: [ app_begin ] --END-- [ RunTime:0.000426s ]
SQL: SHOW COLUMNS FROM `hall1` [ RunTime:0.0008s ]
SQL: SELECT * FROM `hall1`  [ RunTime:0.0002s ]
NOTIC: [8] Undefined variable: hallimg1 D:\PHPTutorial\WWW\gt\Application\Home\Controller\ExamController.class.php 第 172 行.
NOTIC: [8] Undefined variable: hall1mp3 D:\PHPTutorial\WWW\gt\Application\Home\Controller\ExamController.class.php 第 176 行.
SQL: SHOW COLUMNS FROM `hall2` [ RunTime:0.0007s ]
SQL: SELECT * FROM `hall2`  [ RunTime:0.0002s ]
NOTIC: [8] Undefined variable: hallimg2 D:\PHPTutorial\WWW\gt\Application\Home\Controller\ExamController.class.php 第 194 行.
NOTIC: [8] Undefined variable: hall2mp3 D:\PHPTutorial\WWW\gt\Application\Home\Controller\ExamController.class.php 第 198 行.
SQL: SHOW COLUMNS FROM `hallimg` [ RunTime:0.0007s ]
SQL: SELECT * FROM `hallimg`  [ RunTime:0.0002s ]
INFO: [ view_parse ] --START--
INFO: [ template_filter ] --START--
INFO: Run Behavior\ContentReplaceBehavior [ RunTime:0.000052s ]
INFO: [ template_filter ] --END-- [ RunTime:0.000073s ]
INFO: Run Behavior\ParseTemplateBehavior [ RunTime:0.003825s ]
INFO: [ view_parse ] --END-- [ RunTime:0.003848s ]
INFO: [ view_filter ] --START--
INFO: Run Behavior\WriteHtmlCacheBehavior [ RunTime:0.000213s ]
INFO: [ view_filter ] --END-- [ RunTime:0.000230s ]
INFO: [ app_end ] --START--
INFO: Run Behavior\ShowPageTraceBehavior [ RunTime:0.000367s ]
INFO: [ app_end ] --END-- [ RunTime:0.000384s ]

[ 2018-12-01T14:34:03+08:00 ] ::1 /gt/read
INFO: [ app_init ] --START--
INFO: Run Behavior\BuildLiteBehavior [ RunTime:0.000010s ]
INFO: [ app_init ] --END-- [ RunTime:0.000399s ]
INFO: [ app_begin ] --START--
INFO: Run Behavior\ReadHtmlCacheBehavior [ RunTime:0.000538s ]
INFO: [ app_begin ] --END-- [ RunTime:0.000575s ]
SQL: SHOW COLUMNS FROM `hall1` [ RunTime:0.0013s ]
SQL: SELECT * FROM `hall1`  [ RunTime:0.0006s ]
NOTIC: [8] Undefined variable: hallimg1 D:\PHPTutorial\WWW\gt\Application\Home\Controller\ExamController.class.php 第 172 行.
NOTIC: [8] Undefined variable: hall1mp3 D:\PHPTutorial\WWW\gt\Application\Home\Controller\ExamController.class.php 第 176 行.
SQL: SHOW COLUMNS FROM `hall2` [ RunTime:0.0027s ]
SQL: SELECT * FROM `hall2`  [ RunTime:0.0006s ]
NOTIC: [8] Undefined variable: hallimg2 D:\PHPTutorial\WWW\gt\Application\Home\Controller\ExamController.class.php 第 194 行.
NOTIC: [8] Undefined variable: hall2mp3 D:\PHPTutorial\WWW\gt\Application\Home\Controller\ExamController.class.php 第 198 行.
SQL: SHOW COLUMNS FROM `hallimg` [ RunTime:0.0015s ]
SQL: SELECT * FROM `hallimg`  [ RunTime:0.0004s ]
INFO: [ view_parse ] --START--
INFO: [ template_filter ] --START--
INFO: Run Behavior\ContentReplaceBehavior [ RunTime:0.000057s ]
INFO: [ template_filter ] --END-- [ RunTime:0.000088s ]
INFO: Run Behavior\ParseTemplateBehavior [ RunTime:0.004717s ]
INFO: [ view_parse ] --END-- [ RunTime:0.004753s ]
INFO: [ view_filter ] --START--
INFO: Run Behavior\WriteHtmlCacheBehavior [ RunTime:0.000245s ]
INFO: [ view_filter ] --END-- [ RunTime:0.000263s ]
INFO: [ app_end ] --START--
INFO: Run Behavior\ShowPageTraceBehavior [ RunTime:0.000505s ]
INFO: [ app_end ] --END-- [ RunTime:0.000529s ]

[ 2018-12-01T14:34:52+08:00 ] ::1 /gt/read
INFO: [ app_init ] --START--
INFO: Run Behavior\BuildLiteBehavior [ RunTime:0.000007s ]
INFO: [ app_init ] --END-- [ RunTime:0.000270s ]
INFO: [ app_begin ] --START--
INFO: Run Behavior\ReadHtmlCacheBehavior [ RunTime:0.000386s ]
INFO: [ app_begin ] --END-- [ RunTime:0.000413s ]
SQL: SHOW COLUMNS FROM `hall1` [ RunTime:0.0008s ]
SQL: SELECT * FROM `hall1`  [ RunTime:0.0002s ]
NOTIC: [8] Undefined variable: hallimg1 D:\PHPTutorial\WWW\gt\Application\Home\Controller\ExamController.class.php 第 172 行.
NOTIC: [8] Undefined variable: hall1mp3 D:\PHPTutorial\WWW\gt\Application\Home\Controller\ExamController.class.php 第 176 行.
SQL: SHOW COLUMNS FROM `hall2` [ RunTime:0.0006s ]
SQL: SELECT * FROM `hall2`  [ RunTime:0.0002s ]
NOTIC: [8] Undefined variable: hallimg2 D:\PHPTutorial\WWW\gt\Application\Home\Controller\ExamController.class.php 第 194 行.
NOTIC: [8] Undefined variable: hall2mp3 D:\PHPTutorial\WWW\gt\Application\Home\Controller\ExamController.class.php 第 198 行.
SQL: SHOW COLUMNS FROM `hallimg` [ RunTime:0.0007s ]
SQL: SELECT * FROM `hallimg`  [ RunTime:0.0002s ]
INFO: [ view_parse ] --START--
INFO: [ template_filter ] --START--
INFO: Run Behavior\ContentReplaceBehavior [ RunTime:0.000052s ]
INFO: [ template_filter ] --END-- [ RunTime:0.000074s ]
INFO: Run Behavior\ParseTemplateBehavior [ RunTime:0.003905s ]
INFO: [ view_parse ] --END-- [ RunTime:0.003928s ]
INFO: [ view_filter ] --START--
INFO: Run Behavior\WriteHtmlCacheBehavior [ RunTime:0.000213s ]
INFO: [ view_filter ] --END-- [ RunTime:0.000231s ]
INFO: [ app_end ] --START--
INFO: Run Behavior\ShowPageTraceBehavior [ RunTime:0.000372s ]
INFO: [ app_end ] --END-- [ RunTime:0.000389s ]

[ 2018-12-01T14:34:53+08:00 ] ::1 /gt/read
INFO: [ app_init ] --START--
INFO: Run Behavior\BuildLiteBehavior [ RunTime:0.000007s ]
INFO: [ app_init ] --END-- [ RunTime:0.000259s ]
INFO: [ app_begin ] --START--
INFO: Run Behavior\ReadHtmlCacheBehavior [ RunTime:0.000373s ]
INFO: [ app_begin ] --END-- [ RunTime:0.000396s ]
SQL: SHOW COLUMNS FROM `hall1` [ RunTime:0.0017s ]
SQL: SELECT * FROM `hall1`  [ RunTime:0.0006s ]
NOTIC: [8] Undefined variable: hallimg1 D:\PHPTutorial\WWW\gt\Application\Home\Controller\ExamController.class.php 第 172 行.
NOTIC: [8] Undefined variable: hall1mp3 D:\PHPTutorial\WWW\gt\Application\Home\Controller\ExamController.class.php 第 176 行.
SQL: SHOW COLUMNS FROM `hall2` [ RunTime:0.0017s ]
SQL: SELECT * FROM `hall2`  [ RunTime:0.0005s ]
NOTIC: [8] Undefined variable: hallimg2 D:\PHPTutorial\WWW\gt\Application\Home\Controller\ExamController.class.php 第 194 行.
NOTIC: [8] Undefined variable: hall2mp3 D:\PHPTutorial\WWW\gt\Application\Home\Controller\ExamController.class.php 第 198 行.
SQL: SHOW COLUMNS FROM `hallimg` [ RunTime:0.0020s ]
SQL: SELECT * FROM `hallimg`  [ RunTime:0.0006s ]
INFO: [ view_parse ] --START--
INFO: [ template_filter ] --START--
INFO: Run Behavior\ContentReplaceBehavior [ RunTime:0.000094s ]
INFO: [ template_filter ] --END-- [ RunTime:0.000151s ]
INFO: Run Behavior\ParseTemplateBehavior [ RunTime:0.007569s ]
INFO: [ view_parse ] --END-- [ RunTime:0.007630s ]
INFO: [ view_filter ] --START--
INFO: Run Behavior\WriteHtmlCacheBehavior [ RunTime:0.000527s ]
INFO: [ view_filter ] --END-- [ RunTime:0.000563s ]
INFO: [ app_end ] --START--
INFO: Run Behavior\ShowPageTraceBehavior [ RunTime:0.000803s ]
INFO: [ app_end ] --END-- [ RunTime:0.000844s ]

[ 2018-12-01T14:34:54+08:00 ] ::1 /gt/read
INFO: [ app_init ] --START--
INFO: Run Behavior\BuildLiteBehavior [ RunTime:0.000007s ]
INFO: [ app_init ] --END-- [ RunTime:0.000226s ]
INFO: [ app_begin ] --START--
INFO: Run Behavior\ReadHtmlCacheBehavior [ RunTime:0.000342s ]
INFO: [ app_begin ] --END-- [ RunTime:0.000362s ]
SQL: SHOW COLUMNS FROM `hall1` [ RunTime:0.0008s ]
SQL: SELECT * FROM `hall1`  [ RunTime:0.0002s ]
NOTIC: [8] Undefined variable: hallimg1 D:\PHPTutorial\WWW\gt\Application\Home\Controller\ExamController.class.php 第 172 行.
NOTIC: [8] Undefined variable: hall1mp3 D:\PHPTutorial\WWW\gt\Application\Home\Controller\ExamController.class.php 第 176 行.
SQL: SHOW COLUMNS FROM `hall2` [ RunTime:0.0006s ]
SQL: SELECT * FROM `hall2`  [ RunTime:0.0001s ]
NOTIC: [8] Undefined variable: hallimg2 D:\PHPTutorial\WWW\gt\Application\Home\Controller\ExamController.class.php 第 194 行.
NOTIC: [8] Undefined variable: hall2mp3 D:\PHPTutorial\WWW\gt\Application\Home\Controller\ExamController.class.php 第 198 行.
SQL: SHOW COLUMNS FROM `hallimg` [ RunTime:0.0010s ]
SQL: SELECT * FROM `hallimg`  [ RunTime:0.0002s ]
INFO: [ view_parse ] --START--
INFO: [ template_filter ] --START--
INFO: Run Behavior\ContentReplaceBehavior [ RunTime:0.000051s ]
INFO: [ template_filter ] --END-- [ RunTime:0.000074s ]
INFO: Run Behavior\ParseTemplateBehavior [ RunTime:0.003820s ]
INFO: [ view_parse ] --END-- [ RunTime:0.003843s ]
INFO: [ view_filter ] --START--
INFO: Run Behavior\WriteHtmlCacheBehavior [ RunTime:0.000216s ]
INFO: [ view_filter ] --END-- [ RunTime:0.000234s ]
INFO: [ app_end ] --START--
INFO: Run Behavior\ShowPageTraceBehavior [ RunTime:0.000374s ]
INFO: [ app_end ] --END-- [ RunTime:0.000391s ]

[ 2018-12-01T14:34:55+08:00 ] ::1 /gt/read
INFO: [ app_init ] --START--
INFO: Run Behavior\BuildLiteBehavior [ RunTime:0.000008s ]
INFO: [ app_init ] --END-- [ RunTime:0.000348s ]
INFO: [ app_begin ] --START--
INFO: Run Behavior\ReadHtmlCacheBehavior [ RunTime:0.000402s ]
INFO: [ app_begin ] --END-- [ RunTime:0.000426s ]
SQL: SHOW COLUMNS FROM `hall1` [ RunTime:0.0012s ]
SQL: SELECT * FROM `hall1`  [ RunTime:0.0004s ]
NOTIC: [8] Undefined variable: hallimg1 D:\PHPTutorial\WWW\gt\Application\Home\Controller\ExamController.class.php 第 172 行.
NOTIC: [8] Undefined variable: hall1mp3 D:\PHPTutorial\WWW\gt\Application\Home\Controller\ExamController.class.php 第 176 行.
SQL: SHOW COLUMNS FROM `hall2` [ RunTime:0.0016s ]
SQL: SELECT * FROM `hall2`  [ RunTime:0.0047s ]
NOTIC: [8] Undefined variable: hallimg2 D:\PHPTutorial\WWW\gt\Application\Home\Controller\ExamController.class.php 第 194 行.
NOTIC: [8] Undefined variable: hall2mp3 D:\PHPTutorial\WWW\gt\Application\Home\Controller\ExamController.class.php 第 198 行.
SQL: SHOW COLUMNS FROM `hallimg` [ RunTime:0.0018s ]
SQL: SELECT * FROM `hallimg`  [ RunTime:0.0005s ]
INFO: [ view_parse ] --START--
INFO: [ template_filter ] --START--
INFO: Run Behavior\ContentReplaceBehavior [ RunTime:0.000077s ]
INFO: [ template_filter ] --END-- [ RunTime:0.000131s ]
INFO: Run Behavior\ParseTemplateBehavior [ RunTime:0.006936s ]
INFO: [ view_parse ] --END-- [ RunTime:0.007028s ]
INFO: [ view_filter ] --START--
INFO: Run Behavior\WriteHtmlCacheBehavior [ RunTime:0.000463s ]
INFO: [ view_filter ] --END-- [ RunTime:0.000490s ]
INFO: [ app_end ] --START--
INFO: Run Behavior\ShowPageTraceBehavior [ RunTime:0.000636s ]
INFO: [ app_end ] --END-- [ RunTime:0.000674s ]

[ 2018-12-01T20:00:42+08:00 ] ::1 /gt/
INFO: [ app_init ] --START--
INFO: Run Behavior\BuildLiteBehavior [ RunTime:0.000006s ]
INFO: [ app_init ] --END-- [ RunTime:0.000292s ]
INFO: [ app_begin ] --START--
INFO: Run Behavior\ReadHtmlCacheBehavior [ RunTime:0.000397s ]
INFO: [ app_begin ] --END-- [ RunTime:0.000418s ]
SQL: SHOW COLUMNS FROM `studystatus` [ RunTime:0.0024s ]
SQL: SHOW COLUMNS FROM `exam` [ RunTime:0.0008s ]
INFO: [ view_parse ] --START--
INFO: [ template_filter ] --START--
INFO: Run Behavior\ContentReplaceBehavior [ RunTime:0.000087s ]
INFO: [ template_filter ] --END-- [ RunTime:0.000115s ]
INFO: Run Behavior\ParseTemplateBehavior [ RunTime:0.015366s ]
INFO: [ view_parse ] --END-- [ RunTime:0.015400s ]
INFO: [ view_filter ] --START--
INFO: Run Behavior\WriteHtmlCacheBehavior [ RunTime:0.000404s ]
INFO: [ view_filter ] --END-- [ RunTime:0.000427s ]
INFO: [ app_end ] --START--
INFO: Run Behavior\ShowPageTraceBehavior [ RunTime:0.000475s ]
INFO: [ app_end ] --END-- [ RunTime:0.000494s ]

[ 2018-12-01T20:00:48+08:00 ] ::1 /gt/read
INFO: [ app_init ] --START--
INFO: Run Behavior\BuildLiteBehavior [ RunTime:0.000006s ]
INFO: [ app_init ] --END-- [ RunTime:0.000247s ]
INFO: [ app_begin ] --START--
INFO: Run Behavior\ReadHtmlCacheBehavior [ RunTime:0.000396s ]
INFO: [ app_begin ] --END-- [ RunTime:0.000420s ]
SQL: SHOW COLUMNS FROM `hall1` [ RunTime:0.0012s ]
SQL: SELECT * FROM `hall1`  [ RunTime:0.0003s ]
NOTIC: [8] Undefined variable: hallimg1 D:\PHPTutorial\WWW\gt\Application\Home\Controller\ExamController.class.php 第 172 行.
NOTIC: [8] Undefined variable: hall1mp3 D:\PHPTutorial\WWW\gt\Application\Home\Controller\ExamController.class.php 第 176 行.
SQL: SHOW COLUMNS FROM `hall2` [ RunTime:0.0009s ]
SQL: SELECT * FROM `hall2`  [ RunTime:0.0002s ]
NOTIC: [8] Undefined variable: hallimg2 D:\PHPTutorial\WWW\gt\Application\Home\Controller\ExamController.class.php 第 194 行.
NOTIC: [8] Undefined variable: hall2mp3 D:\PHPTutorial\WWW\gt\Application\Home\Controller\ExamController.class.php 第 198 行.
SQL: SHOW COLUMNS FROM `hallimg` [ RunTime:0.0009s ]
SQL: SELECT * FROM `hallimg`  [ RunTime:0.0002s ]
INFO: [ view_parse ] --START--
INFO: [ template_filter ] --START--
INFO: Run Behavior\ContentReplaceBehavior [ RunTime:0.000053s ]
INFO: [ template_filter ] --END-- [ RunTime:0.000075s ]
INFO: Run Behavior\ParseTemplateBehavior [ RunTime:0.004125s ]
INFO: [ view_parse ] --END-- [ RunTime:0.004150s ]
INFO: [ view_filter ] --START--
INFO: Run Behavior\WriteHtmlCacheBehavior [ RunTime:0.000240s ]
INFO: [ view_filter ] --END-- [ RunTime:0.000258s ]
INFO: [ app_end ] --START--
INFO: Run Behavior\ShowPageTraceBehavior [ RunTime:0.000487s ]
INFO: [ app_end ] --END-- [ RunTime:0.000510s ]

[ 2018-12-01T20:00:48+08:00 ] ::1 /gt/read
INFO: [ app_init ] --START--
INFO: Run Behavior\BuildLiteBehavior [ RunTime:0.000009s ]
INFO: [ app_init ] --END-- [ RunTime:0.000299s ]
INFO: [ app_begin ] --START--
INFO: Run Behavior\ReadHtmlCacheBehavior [ RunTime:0.000566s ]
INFO: [ app_begin ] --END-- [ RunTime:0.000627s ]
SQL: SHOW COLUMNS FROM `hall1` [ RunTime:0.0010s ]
SQL: SELECT * FROM `hall1`  [ RunTime:0.0003s ]
NOTIC: [8] Undefined variable: hallimg1 D:\PHPTutorial\WWW\gt\Application\Home\Controller\ExamController.class.php 第 172 行.
NOTIC: [8] Undefined variable: hall1mp3 D:\PHPTutorial\WWW\gt\Application\Home\Controller\ExamController.class.php 第 176 行.
SQL: SHOW COLUMNS FROM `hall2` [ RunTime:0.0015s ]
SQL: SELECT * FROM `hall2`  [ RunTime:0.0003s ]
NOTIC: [8] Undefined variable: hallimg2 D:\PHPTutorial\WWW\gt\Application\Home\Controller\ExamController.class.php 第 194 行.
NOTIC: [8] Undefined variable: hall2mp3 D:\PHPTutorial\WWW\gt\Application\Home\Controller\ExamController.class.php 第 198 行.
SQL: SHOW COLUMNS FROM `hallimg` [ RunTime:0.0013s ]
SQL: SELECT * FROM `hallimg`  [ RunTime:0.0005s ]
INFO: [ view_parse ] --START--
INFO: [ template_filter ] --START--
INFO: Run Behavior\ContentReplaceBehavior [ RunTime:0.000269s ]
INFO: [ template_filter ] --END-- [ RunTime:0.000320s ]
INFO: Run Behavior\ParseTemplateBehavior [ RunTime:0.007102s ]
INFO: [ view_parse ] --END-- [ RunTime:0.007165s ]
INFO: [ view_filter ] --START--
INFO: Run Behavior\WriteHtmlCacheBehavior [ RunTime:0.000564s ]
INFO: [ view_filter ] --END-- [ RunTime:0.000610s ]
INFO: [ app_end ] --START--
INFO: Run Behavior\ShowPageTraceBehavior [ RunTime:0.000812s ]
INFO: [ app_end ] --END-- [ RunTime:0.000856s ]

