[ 2018-10-13T15:31:07+08:00 ] 119.129.118.12 /gt/
INFO: [ app_init ] --START--
INFO: Run Behavior\BuildLiteBehavior [ RunTime:0.000021s ]
INFO: [ app_init ] --END-- [ RunTime:0.000348s ]
INFO: [ app_begin ] --START--
INFO: Run Behavior\ReadHtmlCacheBehavior [ RunTime:0.000568s ]
INFO: [ app_begin ] --END-- [ RunTime:0.000629s ]
SQL: SHOW COLUMNS FROM `studystatus` [ RunTime:0.0065s ]
SQL: SHOW COLUMNS FROM `exam` [ RunTime:0.0041s ]
INFO: [ view_parse ] --START--
INFO: [ template_filter ] --START--
INFO: Run Behavior\ContentReplaceBehavior [ RunTime:0.000118s ]
INFO: [ template_filter ] --END-- [ RunTime:0.000173s ]
INFO: Run Behavior\ParseTemplateBehavior [ RunTime:0.007035s ]
INFO: [ view_parse ] --END-- [ RunTime:0.007096s ]
INFO: [ view_filter ] --START--
INFO: Run Behavior\WriteHtmlCacheBehavior [ RunTime:0.000302s ]
INFO: [ view_filter ] --END-- [ RunTime:0.000346s ]
INFO: [ app_end ] --START--
INFO: Run Behavior\ShowPageTraceBehavior [ RunTime:0.000542s ]
INFO: [ app_end ] --END-- [ RunTime:0.000594s ]

[ 2018-10-13T15:32:02+08:00 ] 119.129.118.12 /gt/read
INFO: [ app_init ] --START--
INFO: Run Behavior\BuildLiteBehavior [ RunTime:0.000022s ]
INFO: [ app_init ] --END-- [ RunTime:0.000358s ]
INFO: [ app_begin ] --START--
INFO: Run Behavior\ReadHtmlCacheBehavior [ RunTime:0.000657s ]
INFO: [ app_begin ] --END-- [ RunTime:0.000721s ]
SQL: SHOW COLUMNS FROM `hall1` [ RunTime:0.0163s ]
SQL: SELECT * FROM `hall1`  [ RunTime:0.0002s ]
NOTIC: [8] Undefined variable: hallimg1 C:\phpStudy\PHPTutorial\WWW\gt\Application\Home\Controller\ExamController.class.php 第 184 行.
NOTIC: [8] Undefined variable: hall1mp3 C:\phpStudy\PHPTutorial\WWW\gt\Application\Home\Controller\ExamController.class.php 第 188 行.
SQL: SHOW COLUMNS FROM `hall2` [ RunTime:0.0111s ]
SQL: SELECT * FROM `hall2`  [ RunTime:0.0002s ]
NOTIC: [8] Undefined variable: hallimg2 C:\phpStudy\PHPTutorial\WWW\gt\Application\Home\Controller\ExamController.class.php 第 206 行.
NOTIC: [8] Undefined variable: hall2mp3 C:\phpStudy\PHPTutorial\WWW\gt\Application\Home\Controller\ExamController.class.php 第 210 行.
SQL: SHOW COLUMNS FROM `hallimg` [ RunTime:0.0035s ]
SQL: SELECT * FROM `hallimg`  [ RunTime:0.0002s ]
INFO: [ view_parse ] --START--
INFO: [ template_filter ] --START--
INFO: Run Behavior\ContentReplaceBehavior [ RunTime:0.000082s ]
INFO: [ template_filter ] --END-- [ RunTime:0.000147s ]
INFO: Run Behavior\ParseTemplateBehavior [ RunTime:0.006967s ]
INFO: [ view_parse ] --END-- [ RunTime:0.007048s ]
INFO: [ view_filter ] --START--
INFO: Run Behavior\WriteHtmlCacheBehavior [ RunTime:0.000362s ]
INFO: [ view_filter ] --END-- [ RunTime:0.000407s ]
INFO: [ app_end ] --START--
INFO: Run Behavior\ShowPageTraceBehavior [ RunTime:0.000681s ]
INFO: [ app_end ] --END-- [ RunTime:0.000732s ]

[ 2018-10-13T15:32:04+08:00 ] 119.129.118.12 /gt/read
INFO: [ app_init ] --START--
INFO: Run Behavior\BuildLiteBehavior [ RunTime:0.000020s ]
INFO: [ app_init ] --END-- [ RunTime:0.000331s ]
INFO: [ app_begin ] --START--
INFO: Run Behavior\ReadHtmlCacheBehavior [ RunTime:0.000488s ]
INFO: [ app_begin ] --END-- [ RunTime:0.000557s ]
SQL: SHOW COLUMNS FROM `hall1` [ RunTime:0.0051s ]
SQL: SELECT * FROM `hall1`  [ RunTime:0.0002s ]
NOTIC: [8] Undefined variable: hallimg1 C:\phpStudy\PHPTutorial\WWW\gt\Application\Home\Controller\ExamController.class.php 第 184 行.
NOTIC: [8] Undefined variable: hall1mp3 C:\phpStudy\PHPTutorial\WWW\gt\Application\Home\Controller\ExamController.class.php 第 188 行.
SQL: SHOW COLUMNS FROM `hall2` [ RunTime:0.0093s ]
SQL: SELECT * FROM `hall2`  [ RunTime:0.0002s ]
NOTIC: [8] Undefined variable: hallimg2 C:\phpStudy\PHPTutorial\WWW\gt\Application\Home\Controller\ExamController.class.php 第 206 行.
NOTIC: [8] Undefined variable: hall2mp3 C:\phpStudy\PHPTutorial\WWW\gt\Application\Home\Controller\ExamController.class.php 第 210 行.
SQL: SHOW COLUMNS FROM `hallimg` [ RunTime:0.0059s ]
SQL: SELECT * FROM `hallimg`  [ RunTime:0.0002s ]
INFO: [ view_parse ] --START--
INFO: [ template_filter ] --START--
INFO: Run Behavior\ContentReplaceBehavior [ RunTime:0.000082s ]
INFO: [ template_filter ] --END-- [ RunTime:0.000139s ]
INFO: Run Behavior\ParseTemplateBehavior [ RunTime:0.006385s ]
INFO: [ view_parse ] --END-- [ RunTime:0.006460s ]
INFO: [ view_filter ] --START--
INFO: Run Behavior\WriteHtmlCacheBehavior [ RunTime:0.000229s ]
INFO: [ view_filter ] --END-- [ RunTime:0.000272s ]
INFO: [ app_end ] --START--
INFO: Run Behavior\ShowPageTraceBehavior [ RunTime:0.000476s ]
INFO: [ app_end ] --END-- [ RunTime:0.000523s ]

[ 2018-10-13T16:00:33+08:00 ] 119.129.118.12 /gt/read
INFO: [ app_init ] --START--
INFO: Run Behavior\BuildLiteBehavior [ RunTime:0.000020s ]
INFO: [ app_init ] --END-- [ RunTime:0.000353s ]
INFO: [ app_begin ] --START--
INFO: Run Behavior\ReadHtmlCacheBehavior [ RunTime:0.000576s ]
INFO: [ app_begin ] --END-- [ RunTime:0.000637s ]
SQL: SHOW COLUMNS FROM `hall1` [ RunTime:0.0072s ]
SQL: SELECT * FROM `hall1`  [ RunTime:0.0002s ]
NOTIC: [8] Undefined variable: hallimg1 C:\phpStudy\PHPTutorial\WWW\gt\Application\Home\Controller\ExamController.class.php 第 184 行.
NOTIC: [8] Undefined variable: hall1mp3 C:\phpStudy\PHPTutorial\WWW\gt\Application\Home\Controller\ExamController.class.php 第 188 行.
SQL: SHOW COLUMNS FROM `hall2` [ RunTime:0.0061s ]
SQL: SELECT * FROM `hall2`  [ RunTime:0.0002s ]
NOTIC: [8] Undefined variable: hallimg2 C:\phpStudy\PHPTutorial\WWW\gt\Application\Home\Controller\ExamController.class.php 第 206 行.
NOTIC: [8] Undefined variable: hall2mp3 C:\phpStudy\PHPTutorial\WWW\gt\Application\Home\Controller\ExamController.class.php 第 210 行.
SQL: SHOW COLUMNS FROM `hallimg` [ RunTime:0.0031s ]
SQL: SELECT * FROM `hallimg`  [ RunTime:0.0002s ]
INFO: [ view_parse ] --START--
INFO: [ template_filter ] --START--
INFO: Run Behavior\ContentReplaceBehavior [ RunTime:0.000080s ]
INFO: [ template_filter ] --END-- [ RunTime:0.000134s ]
INFO: Run Behavior\ParseTemplateBehavior [ RunTime:0.007012s ]
INFO: [ view_parse ] --END-- [ RunTime:0.007091s ]
INFO: [ view_filter ] --START--
INFO: Run Behavior\WriteHtmlCacheBehavior [ RunTime:0.000326s ]
INFO: [ view_filter ] --END-- [ RunTime:0.000404s ]
INFO: [ app_end ] --START--
INFO: Run Behavior\ShowPageTraceBehavior [ RunTime:0.000594s ]
INFO: [ app_end ] --END-- [ RunTime:0.000646s ]

[ 2018-10-13T16:00:37+08:00 ] 119.129.118.12 /gt/read
INFO: [ app_init ] --START--
INFO: Run Behavior\BuildLiteBehavior [ RunTime:0.000020s ]
INFO: [ app_init ] --END-- [ RunTime:0.000371s ]
INFO: [ app_begin ] --START--
INFO: Run Behavior\ReadHtmlCacheBehavior [ RunTime:0.000576s ]
INFO: [ app_begin ] --END-- [ RunTime:0.000634s ]
SQL: SHOW COLUMNS FROM `hall1` [ RunTime:0.0055s ]
SQL: SELECT * FROM `hall1`  [ RunTime:0.0002s ]
NOTIC: [8] Undefined variable: hallimg1 C:\phpStudy\PHPTutorial\WWW\gt\Application\Home\Controller\ExamController.class.php 第 184 行.
NOTIC: [8] Undefined variable: hall1mp3 C:\phpStudy\PHPTutorial\WWW\gt\Application\Home\Controller\ExamController.class.php 第 188 行.
SQL: SHOW COLUMNS FROM `hall2` [ RunTime:0.0092s ]
SQL: SELECT * FROM `hall2`  [ RunTime:0.0002s ]
NOTIC: [8] Undefined variable: hallimg2 C:\phpStudy\PHPTutorial\WWW\gt\Application\Home\Controller\ExamController.class.php 第 206 行.
NOTIC: [8] Undefined variable: hall2mp3 C:\phpStudy\PHPTutorial\WWW\gt\Application\Home\Controller\ExamController.class.php 第 210 行.
SQL: SHOW COLUMNS FROM `hallimg` [ RunTime:0.0031s ]
SQL: SELECT * FROM `hallimg`  [ RunTime:0.0002s ]
INFO: [ view_parse ] --START--
INFO: [ template_filter ] --START--
INFO: Run Behavior\ContentReplaceBehavior [ RunTime:0.000082s ]
INFO: [ template_filter ] --END-- [ RunTime:0.000131s ]
INFO: Run Behavior\ParseTemplateBehavior [ RunTime:0.007813s ]
INFO: [ view_parse ] --END-- [ RunTime:0.007888s ]
INFO: [ view_filter ] --START--
INFO: Run Behavior\WriteHtmlCacheBehavior [ RunTime:0.000325s ]
INFO: [ view_filter ] --END-- [ RunTime:0.000371s ]
INFO: [ app_end ] --START--
INFO: Run Behavior\ShowPageTraceBehavior [ RunTime:0.000617s ]
INFO: [ app_end ] --END-- [ RunTime:0.000672s ]

[ 2018-10-13T16:00:40+08:00 ] 119.129.118.12 /gt/index.html?v=back
INFO: [ app_init ] --START--
INFO: Run Behavior\BuildLiteBehavior [ RunTime:0.000018s ]
INFO: [ app_init ] --END-- [ RunTime:0.000339s ]
INFO: [ app_begin ] --START--
INFO: Run Behavior\ReadHtmlCacheBehavior [ RunTime:0.000607s ]
INFO: [ app_begin ] --END-- [ RunTime:0.000694s ]
SQL: SHOW COLUMNS FROM `studystatus` [ RunTime:0.0064s ]
SQL: SHOW COLUMNS FROM `exam` [ RunTime:0.0047s ]
INFO: [ view_parse ] --START--
INFO: [ template_filter ] --START--
INFO: Run Behavior\ContentReplaceBehavior [ RunTime:0.000160s ]
INFO: [ template_filter ] --END-- [ RunTime:0.000224s ]
INFO: Run Behavior\ParseTemplateBehavior [ RunTime:0.007895s ]
INFO: [ view_parse ] --END-- [ RunTime:0.007959s ]
INFO: [ view_filter ] --START--
INFO: Run Behavior\WriteHtmlCacheBehavior [ RunTime:0.000316s ]
INFO: [ view_filter ] --END-- [ RunTime:0.000359s ]
INFO: [ app_end ] --START--
INFO: Run Behavior\ShowPageTraceBehavior [ RunTime:0.000638s ]
INFO: [ app_end ] --END-- [ RunTime:0.000692s ]

[ 2018-10-13T16:00:41+08:00 ] 119.129.118.12 /gt/index.html?v=back
INFO: [ app_init ] --START--
INFO: Run Behavior\BuildLiteBehavior [ RunTime:0.000020s ]
INFO: [ app_init ] --END-- [ RunTime:0.000358s ]
INFO: [ app_begin ] --START--
INFO: Run Behavior\ReadHtmlCacheBehavior [ RunTime:0.000570s ]
INFO: [ app_begin ] --END-- [ RunTime:0.000644s ]
SQL: SHOW COLUMNS FROM `studystatus` [ RunTime:0.0094s ]
SQL: SHOW COLUMNS FROM `exam` [ RunTime:0.0035s ]
INFO: [ view_parse ] --START--
INFO: [ template_filter ] --START--
INFO: Run Behavior\ContentReplaceBehavior [ RunTime:0.000121s ]
INFO: [ template_filter ] --END-- [ RunTime:0.000182s ]
INFO: Run Behavior\ParseTemplateBehavior [ RunTime:0.006919s ]
INFO: [ view_parse ] --END-- [ RunTime:0.006981s ]
INFO: [ view_filter ] --START--
INFO: Run Behavior\WriteHtmlCacheBehavior [ RunTime:0.000271s ]
INFO: [ view_filter ] --END-- [ RunTime:0.000320s ]
INFO: [ app_end ] --START--
INFO: Run Behavior\ShowPageTraceBehavior [ RunTime:0.000543s ]
INFO: [ app_end ] --END-- [ RunTime:0.000593s ]

[ 2018-10-13T16:00:54+08:00 ] 119.129.118.12 /gt/home/index/login
INFO: [ app_init ] --START--
INFO: Run Behavior\BuildLiteBehavior [ RunTime:0.000020s ]
INFO: [ app_init ] --END-- [ RunTime:0.000349s ]
INFO: [ app_begin ] --START--
INFO: Run Behavior\ReadHtmlCacheBehavior [ RunTime:0.000585s ]
INFO: [ app_begin ] --END-- [ RunTime:0.000641s ]
SQL: SHOW COLUMNS FROM `user` [ RunTime:0.0134s ]
SQL: SELECT * FROM `user` WHERE `user_username` = '888' LIMIT 1   [ RunTime:0.0003s ]

[ 2018-10-13T16:00:56+08:00 ] 119.129.118.12 /gt/exam
INFO: [ app_init ] --START--
INFO: Run Behavior\BuildLiteBehavior [ RunTime:0.000022s ]
INFO: [ app_init ] --END-- [ RunTime:0.000460s ]
INFO: [ app_begin ] --START--
INFO: Run Behavior\ReadHtmlCacheBehavior [ RunTime:0.000663s ]
INFO: [ app_begin ] --END-- [ RunTime:0.000735s ]
SQL: SHOW COLUMNS FROM `user` [ RunTime:0.0078s ]
SQL: SELECT `user_img` FROM `user` WHERE `user_id` = 39 LIMIT 1   [ RunTime:0.0003s ]
SQL: SELECT `ting1img` FROM `user` WHERE `user_id` = 39 LIMIT 1   [ RunTime:0.0002s ]
SQL: SELECT `ting2img` FROM `user` WHERE `user_id` = 39 LIMIT 1   [ RunTime:0.0002s ]
SQL: SELECT `examstatus` FROM `user` WHERE `user_id` = 39 LIMIT 1   [ RunTime:0.0001s ]
SQL: SHOW COLUMNS FROM `hall1` [ RunTime:0.0059s ]
SQL: SELECT * FROM `hall1`  [ RunTime:0.0002s ]
NOTIC: [8] Undefined variable: hallimg1 C:\phpStudy\PHPTutorial\WWW\gt\Application\Home\Controller\ExamController.class.php 第 184 行.
NOTIC: [8] Undefined variable: hall1mp3 C:\phpStudy\PHPTutorial\WWW\gt\Application\Home\Controller\ExamController.class.php 第 188 行.
SQL: SHOW COLUMNS FROM `hall2` [ RunTime:0.0091s ]
SQL: SELECT * FROM `hall2`  [ RunTime:0.0002s ]
NOTIC: [8] Undefined variable: hallimg2 C:\phpStudy\PHPTutorial\WWW\gt\Application\Home\Controller\ExamController.class.php 第 206 行.
NOTIC: [8] Undefined variable: hall2mp3 C:\phpStudy\PHPTutorial\WWW\gt\Application\Home\Controller\ExamController.class.php 第 210 行.
SQL: SHOW COLUMNS FROM `hallimg` [ RunTime:0.0034s ]
SQL: SELECT * FROM `hallimg`  [ RunTime:0.0001s ]
SQL: SHOW COLUMNS FROM `exam` [ RunTime:0.0058s ]
SQL: SELECT `tm_n1` FROM `exam` WHERE ( user_id=39 ) LIMIT 1   [ RunTime:0.0002s ]
SQL: SELECT `tm_n2` FROM `exam` WHERE ( user_id=39 ) LIMIT 1   [ RunTime:0.0001s ]
SQL: SHOW COLUMNS FROM `judge` [ RunTime:0.0110s ]
SQL: SELECT * FROM `judge`  [ RunTime:0.0002s ]
SQL: SHOW COLUMNS FROM `choice` [ RunTime:0.0201s ]
SQL: SELECT * FROM `choice`  [ RunTime:0.0003s ]
INFO: [ view_parse ] --START--
INFO: [ template_filter ] --START--
INFO: Run Behavior\ContentReplaceBehavior [ RunTime:0.000209s ]
INFO: [ template_filter ] --END-- [ RunTime:0.000268s ]
NOTIC: [8] Undefined index: judge_true C:\phpStudy\PHPTutorial\WWW\gt\Application\Runtime\Cache\Home\d750603422ebf58b034b899f4ea0ac02.php 第 340 行.
NOTIC: [8] Undefined index: judge_content C:\phpStudy\PHPTutorial\WWW\gt\Application\Runtime\Cache\Home\d750603422ebf58b034b899f4ea0ac02.php 第 361 行.
NOTIC: [8] Undefined index: judge_true C:\phpStudy\PHPTutorial\WWW\gt\Application\Runtime\Cache\Home\d750603422ebf58b034b899f4ea0ac02.php 第 374 行.
NOTIC: [8] Undefined index: judge_content C:\phpStudy\PHPTutorial\WWW\gt\Application\Runtime\Cache\Home\d750603422ebf58b034b899f4ea0ac02.php 第 393 行.
INFO: Run Behavior\ParseTemplateBehavior [ RunTime:0.010962s ]
INFO: [ view_parse ] --END-- [ RunTime:0.011018s ]
INFO: [ view_filter ] --START--
INFO: Run Behavior\WriteHtmlCacheBehavior [ RunTime:0.000355s ]
INFO: [ view_filter ] --END-- [ RunTime:0.000403s ]
INFO: [ app_end ] --START--
INFO: Run Behavior\ShowPageTraceBehavior [ RunTime:0.000594s ]
INFO: [ app_end ] --END-- [ RunTime:0.000657s ]

[ 2018-10-13T16:00:58+08:00 ] 119.129.118.12 /gt/exam
INFO: [ app_init ] --START--
INFO: Run Behavior\BuildLiteBehavior [ RunTime:0.000021s ]
INFO: [ app_init ] --END-- [ RunTime:0.000413s ]
INFO: [ app_begin ] --START--
INFO: Run Behavior\ReadHtmlCacheBehavior [ RunTime:0.000631s ]
INFO: [ app_begin ] --END-- [ RunTime:0.000695s ]
SQL: SHOW COLUMNS FROM `user` [ RunTime:0.0373s ]
SQL: SELECT `user_img` FROM `user` WHERE `user_id` = 39 LIMIT 1   [ RunTime:0.0003s ]
SQL: SELECT `ting1img` FROM `user` WHERE `user_id` = 39 LIMIT 1   [ RunTime:0.0001s ]
SQL: SELECT `ting2img` FROM `user` WHERE `user_id` = 39 LIMIT 1   [ RunTime:0.0001s ]
SQL: SELECT `examstatus` FROM `user` WHERE `user_id` = 39 LIMIT 1   [ RunTime:0.0001s ]
SQL: SHOW COLUMNS FROM `hall1` [ RunTime:0.0306s ]
SQL: SELECT * FROM `hall1`  [ RunTime:0.0020s ]
NOTIC: [8] Undefined variable: hallimg1 C:\phpStudy\PHPTutorial\WWW\gt\Application\Home\Controller\ExamController.class.php 第 184 行.
NOTIC: [8] Undefined variable: hall1mp3 C:\phpStudy\PHPTutorial\WWW\gt\Application\Home\Controller\ExamController.class.php 第 188 行.
SQL: SHOW COLUMNS FROM `hall2` [ RunTime:0.0434s ]
SQL: SELECT * FROM `hall2`  [ RunTime:0.0002s ]
NOTIC: [8] Undefined variable: hallimg2 C:\phpStudy\PHPTutorial\WWW\gt\Application\Home\Controller\ExamController.class.php 第 206 行.
NOTIC: [8] Undefined variable: hall2mp3 C:\phpStudy\PHPTutorial\WWW\gt\Application\Home\Controller\ExamController.class.php 第 210 行.
SQL: SHOW COLUMNS FROM `hallimg` [ RunTime:0.0030s ]
SQL: SELECT * FROM `hallimg`  [ RunTime:0.0002s ]
SQL: SHOW COLUMNS FROM `exam` [ RunTime:0.0028s ]
SQL: SELECT `tm_n1` FROM `exam` WHERE ( user_id=39 ) LIMIT 1   [ RunTime:0.0002s ]
SQL: SELECT `tm_n2` FROM `exam` WHERE ( user_id=39 ) LIMIT 1   [ RunTime:0.0001s ]
SQL: SHOW COLUMNS FROM `judge` [ RunTime:0.0164s ]
SQL: SELECT * FROM `judge`  [ RunTime:0.0003s ]
SQL: SHOW COLUMNS FROM `choice` [ RunTime:0.0050s ]
SQL: SELECT * FROM `choice`  [ RunTime:0.0002s ]
INFO: [ view_parse ] --START--
INFO: [ template_filter ] --START--
INFO: Run Behavior\ContentReplaceBehavior [ RunTime:0.000213s ]
INFO: [ template_filter ] --END-- [ RunTime:0.000268s ]
NOTIC: [8] Undefined index: judge_true C:\phpStudy\PHPTutorial\WWW\gt\Application\Runtime\Cache\Home\d750603422ebf58b034b899f4ea0ac02.php 第 340 行.
NOTIC: [8] Undefined index: judge_content C:\phpStudy\PHPTutorial\WWW\gt\Application\Runtime\Cache\Home\d750603422ebf58b034b899f4ea0ac02.php 第 361 行.
NOTIC: [8] Undefined index: judge_true C:\phpStudy\PHPTutorial\WWW\gt\Application\Runtime\Cache\Home\d750603422ebf58b034b899f4ea0ac02.php 第 374 行.
NOTIC: [8] Undefined index: judge_content C:\phpStudy\PHPTutorial\WWW\gt\Application\Runtime\Cache\Home\d750603422ebf58b034b899f4ea0ac02.php 第 393 行.
INFO: Run Behavior\ParseTemplateBehavior [ RunTime:0.010567s ]
INFO: [ view_parse ] --END-- [ RunTime:0.010632s ]
INFO: [ view_filter ] --START--
INFO: Run Behavior\WriteHtmlCacheBehavior [ RunTime:0.000385s ]
INFO: [ view_filter ] --END-- [ RunTime:0.000431s ]
INFO: [ app_end ] --START--
INFO: Run Behavior\ShowPageTraceBehavior [ RunTime:0.000602s ]
INFO: [ app_end ] --END-- [ RunTime:0.000652s ]

[ 2018-10-13T16:00:59+08:00 ] 119.129.118.12 /gt/exam
INFO: [ app_init ] --START--
INFO: Run Behavior\BuildLiteBehavior [ RunTime:0.000021s ]
INFO: [ app_init ] --END-- [ RunTime:0.000381s ]
INFO: [ app_begin ] --START--
INFO: Run Behavior\ReadHtmlCacheBehavior [ RunTime:0.000591s ]
INFO: [ app_begin ] --END-- [ RunTime:0.000657s ]
SQL: SHOW COLUMNS FROM `user` [ RunTime:0.0060s ]
SQL: SELECT `user_img` FROM `user` WHERE `user_id` = 39 LIMIT 1   [ RunTime:0.0003s ]
SQL: SELECT `ting1img` FROM `user` WHERE `user_id` = 39 LIMIT 1   [ RunTime:0.0002s ]
SQL: SELECT `ting2img` FROM `user` WHERE `user_id` = 39 LIMIT 1   [ RunTime:0.0002s ]
SQL: SELECT `examstatus` FROM `user` WHERE `user_id` = 39 LIMIT 1   [ RunTime:0.0002s ]
SQL: SHOW COLUMNS FROM `hall1` [ RunTime:0.0050s ]
SQL: SELECT * FROM `hall1`  [ RunTime:0.0002s ]
NOTIC: [8] Undefined variable: hallimg1 C:\phpStudy\PHPTutorial\WWW\gt\Application\Home\Controller\ExamController.class.php 第 184 行.
NOTIC: [8] Undefined variable: hall1mp3 C:\phpStudy\PHPTutorial\WWW\gt\Application\Home\Controller\ExamController.class.php 第 188 行.
SQL: SHOW COLUMNS FROM `hall2` [ RunTime:0.0120s ]
SQL: SELECT * FROM `hall2`  [ RunTime:0.0002s ]
NOTIC: [8] Undefined variable: hallimg2 C:\phpStudy\PHPTutorial\WWW\gt\Application\Home\Controller\ExamController.class.php 第 206 行.
NOTIC: [8] Undefined variable: hall2mp3 C:\phpStudy\PHPTutorial\WWW\gt\Application\Home\Controller\ExamController.class.php 第 210 行.
SQL: SHOW COLUMNS FROM `hallimg` [ RunTime:0.0031s ]
SQL: SELECT * FROM `hallimg`  [ RunTime:0.0002s ]
SQL: SHOW COLUMNS FROM `exam` [ RunTime:0.0061s ]
SQL: SELECT `tm_n1` FROM `exam` WHERE ( user_id=39 ) LIMIT 1   [ RunTime:0.0002s ]
SQL: SELECT `tm_n2` FROM `exam` WHERE ( user_id=39 ) LIMIT 1   [ RunTime:0.0002s ]
SQL: SHOW COLUMNS FROM `judge` [ RunTime:0.0085s ]
SQL: SELECT * FROM `judge`  [ RunTime:0.0002s ]
SQL: SHOW COLUMNS FROM `choice` [ RunTime:0.0052s ]
SQL: SELECT * FROM `choice`  [ RunTime:0.0002s ]
INFO: [ view_parse ] --START--
INFO: [ template_filter ] --START--
INFO: Run Behavior\ContentReplaceBehavior [ RunTime:0.000332s ]
INFO: [ template_filter ] --END-- [ RunTime:0.000414s ]
NOTIC: [8] Undefined index: choice_true C:\phpStudy\PHPTutorial\WWW\gt\Application\Runtime\Cache\Home\d750603422ebf58b034b899f4ea0ac02.php 第 339 行.
NOTIC: [8] Undefined index: choice_content C:\phpStudy\PHPTutorial\WWW\gt\Application\Runtime\Cache\Home\d750603422ebf58b034b899f4ea0ac02.php 第 347 行.
NOTIC: [8] Undefined index: choice_a C:\phpStudy\PHPTutorial\WWW\gt\Application\Runtime\Cache\Home\d750603422ebf58b034b899f4ea0ac02.php 第 350 行.
NOTIC: [8] Undefined index: choice_b C:\phpStudy\PHPTutorial\WWW\gt\Application\Runtime\Cache\Home\d750603422ebf58b034b899f4ea0ac02.php 第 351 行.
NOTIC: [8] Undefined index: choice_c C:\phpStudy\PHPTutorial\WWW\gt\Application\Runtime\Cache\Home\d750603422ebf58b034b899f4ea0ac02.php 第 352 行.
NOTIC: [8] Undefined index: choice_true C:\phpStudy\PHPTutorial\WWW\gt\Application\Runtime\Cache\Home\d750603422ebf58b034b899f4ea0ac02.php 第 373 行.
NOTIC: [8] Undefined index: choice_content C:\phpStudy\PHPTutorial\WWW\gt\Application\Runtime\Cache\Home\d750603422ebf58b034b899f4ea0ac02.php 第 379 行.
NOTIC: [8] Undefined index: choice_a C:\phpStudy\PHPTutorial\WWW\gt\Application\Runtime\Cache\Home\d750603422ebf58b034b899f4ea0ac02.php 第 382 行.
NOTIC: [8] Undefined index: choice_b C:\phpStudy\PHPTutorial\WWW\gt\Application\Runtime\Cache\Home\d750603422ebf58b034b899f4ea0ac02.php 第 383 行.
NOTIC: [8] Undefined index: choice_c C:\phpStudy\PHPTutorial\WWW\gt\Application\Runtime\Cache\Home\d750603422ebf58b034b899f4ea0ac02.php 第 384 行.
INFO: Run Behavior\ParseTemplateBehavior [ RunTime:0.012651s ]
INFO: [ view_parse ] --END-- [ RunTime:0.012713s ]
INFO: [ view_filter ] --START--
INFO: Run Behavior\WriteHtmlCacheBehavior [ RunTime:0.000455s ]
INFO: [ view_filter ] --END-- [ RunTime:0.000522s ]
INFO: [ app_end ] --START--
INFO: Run Behavior\ShowPageTraceBehavior [ RunTime:0.000770s ]
INFO: [ app_end ] --END-- [ RunTime:0.000868s ]

[ 2018-10-13T16:01:00+08:00 ] 119.129.118.12 /gt/exam
INFO: [ app_init ] --START--
INFO: Run Behavior\BuildLiteBehavior [ RunTime:0.000021s ]
INFO: [ app_init ] --END-- [ RunTime:0.000354s ]
INFO: [ app_begin ] --START--
INFO: Run Behavior\ReadHtmlCacheBehavior [ RunTime:0.000591s ]
INFO: [ app_begin ] --END-- [ RunTime:0.000654s ]
SQL: SHOW COLUMNS FROM `user` [ RunTime:0.0080s ]
SQL: SELECT `user_img` FROM `user` WHERE `user_id` = 39 LIMIT 1   [ RunTime:0.0002s ]
SQL: SELECT `ting1img` FROM `user` WHERE `user_id` = 39 LIMIT 1   [ RunTime:0.0002s ]
SQL: SELECT `ting2img` FROM `user` WHERE `user_id` = 39 LIMIT 1   [ RunTime:0.0002s ]
SQL: SELECT `examstatus` FROM `user` WHERE `user_id` = 39 LIMIT 1   [ RunTime:0.0001s ]
SQL: SHOW COLUMNS FROM `hall1` [ RunTime:0.0127s ]
SQL: SELECT * FROM `hall1`  [ RunTime:0.0003s ]
NOTIC: [8] Undefined variable: hallimg1 C:\phpStudy\PHPTutorial\WWW\gt\Application\Home\Controller\ExamController.class.php 第 184 行.
NOTIC: [8] Undefined variable: hall1mp3 C:\phpStudy\PHPTutorial\WWW\gt\Application\Home\Controller\ExamController.class.php 第 188 行.
SQL: SHOW COLUMNS FROM `hall2` [ RunTime:0.0081s ]
SQL: SELECT * FROM `hall2`  [ RunTime:0.0002s ]
NOTIC: [8] Undefined variable: hallimg2 C:\phpStudy\PHPTutorial\WWW\gt\Application\Home\Controller\ExamController.class.php 第 206 行.
NOTIC: [8] Undefined variable: hall2mp3 C:\phpStudy\PHPTutorial\WWW\gt\Application\Home\Controller\ExamController.class.php 第 210 行.
SQL: SHOW COLUMNS FROM `hallimg` [ RunTime:0.0052s ]
SQL: SELECT * FROM `hallimg`  [ RunTime:0.0002s ]
SQL: SHOW COLUMNS FROM `exam` [ RunTime:0.0041s ]
SQL: SELECT `tm_n1` FROM `exam` WHERE ( user_id=39 ) LIMIT 1   [ RunTime:0.0003s ]
SQL: SELECT `tm_n2` FROM `exam` WHERE ( user_id=39 ) LIMIT 1   [ RunTime:0.0003s ]
SQL: SHOW COLUMNS FROM `judge` [ RunTime:0.0056s ]
SQL: SELECT * FROM `judge`  [ RunTime:0.0002s ]
SQL: SHOW COLUMNS FROM `choice` [ RunTime:0.0106s ]
SQL: SELECT * FROM `choice`  [ RunTime:0.0003s ]
INFO: [ view_parse ] --START--
INFO: [ template_filter ] --START--
INFO: Run Behavior\ContentReplaceBehavior [ RunTime:0.000294s ]
INFO: [ template_filter ] --END-- [ RunTime:0.000388s ]
NOTIC: [8] Undefined index: choice_true C:\phpStudy\PHPTutorial\WWW\gt\Application\Runtime\Cache\Home\d750603422ebf58b034b899f4ea0ac02.php 第 339 行.
NOTIC: [8] Undefined index: choice_content C:\phpStudy\PHPTutorial\WWW\gt\Application\Runtime\Cache\Home\d750603422ebf58b034b899f4ea0ac02.php 第 347 行.
NOTIC: [8] Undefined index: choice_a C:\phpStudy\PHPTutorial\WWW\gt\Application\Runtime\Cache\Home\d750603422ebf58b034b899f4ea0ac02.php 第 350 行.
NOTIC: [8] Undefined index: choice_b C:\phpStudy\PHPTutorial\WWW\gt\Application\Runtime\Cache\Home\d750603422ebf58b034b899f4ea0ac02.php 第 351 行.
NOTIC: [8] Undefined index: choice_c C:\phpStudy\PHPTutorial\WWW\gt\Application\Runtime\Cache\Home\d750603422ebf58b034b899f4ea0ac02.php 第 352 行.
NOTIC: [8] Undefined index: judge_true C:\phpStudy\PHPTutorial\WWW\gt\Application\Runtime\Cache\Home\d750603422ebf58b034b899f4ea0ac02.php 第 374 行.
NOTIC: [8] Undefined index: judge_content C:\phpStudy\PHPTutorial\WWW\gt\Application\Runtime\Cache\Home\d750603422ebf58b034b899f4ea0ac02.php 第 393 行.
INFO: Run Behavior\ParseTemplateBehavior [ RunTime:0.014788s ]
INFO: [ view_parse ] --END-- [ RunTime:0.014871s ]
INFO: [ view_filter ] --START--
INFO: Run Behavior\WriteHtmlCacheBehavior [ RunTime:0.000429s ]
INFO: [ view_filter ] --END-- [ RunTime:0.000499s ]
INFO: [ app_end ] --START--
INFO: Run Behavior\ShowPageTraceBehavior [ RunTime:0.000861s ]
INFO: [ app_end ] --END-- [ RunTime:0.000935s ]

[ 2018-10-13T16:01:03+08:00 ] 119.129.118.12 /gt/exam
INFO: [ app_init ] --START--
INFO: Run Behavior\BuildLiteBehavior [ RunTime:0.000019s ]
INFO: [ app_init ] --END-- [ RunTime:0.000358s ]
INFO: [ app_begin ] --START--
INFO: Run Behavior\ReadHtmlCacheBehavior [ RunTime:0.000556s ]
INFO: [ app_begin ] --END-- [ RunTime:0.000614s ]
SQL: SHOW COLUMNS FROM `user` [ RunTime:0.0082s ]
SQL: SELECT `user_img` FROM `user` WHERE `user_id` = 39 LIMIT 1   [ RunTime:0.0002s ]
SQL: SELECT `ting1img` FROM `user` WHERE `user_id` = 39 LIMIT 1   [ RunTime:0.0001s ]
SQL: SELECT `ting2img` FROM `user` WHERE `user_id` = 39 LIMIT 1   [ RunTime:0.0001s ]
SQL: SELECT `examstatus` FROM `user` WHERE `user_id` = 39 LIMIT 1   [ RunTime:0.0001s ]
SQL: SHOW COLUMNS FROM `hall1` [ RunTime:0.0055s ]
SQL: SELECT * FROM `hall1`  [ RunTime:0.0002s ]
NOTIC: [8] Undefined variable: hallimg1 C:\phpStudy\PHPTutorial\WWW\gt\Application\Home\Controller\ExamController.class.php 第 184 行.
NOTIC: [8] Undefined variable: hall1mp3 C:\phpStudy\PHPTutorial\WWW\gt\Application\Home\Controller\ExamController.class.php 第 188 行.
SQL: SHOW COLUMNS FROM `hall2` [ RunTime:0.0052s ]
SQL: SELECT * FROM `hall2`  [ RunTime:0.0002s ]
NOTIC: [8] Undefined variable: hallimg2 C:\phpStudy\PHPTutorial\WWW\gt\Application\Home\Controller\ExamController.class.php 第 206 行.
NOTIC: [8] Undefined variable: hall2mp3 C:\phpStudy\PHPTutorial\WWW\gt\Application\Home\Controller\ExamController.class.php 第 210 行.
SQL: SHOW COLUMNS FROM `hallimg` [ RunTime:0.0042s ]
SQL: SELECT * FROM `hallimg`  [ RunTime:0.0001s ]
SQL: SHOW COLUMNS FROM `exam` [ RunTime:0.0056s ]
SQL: SELECT `tm_n1` FROM `exam` WHERE ( user_id=39 ) LIMIT 1   [ RunTime:0.0002s ]
SQL: SELECT `tm_n2` FROM `exam` WHERE ( user_id=39 ) LIMIT 1   [ RunTime:0.0001s ]
SQL: SHOW COLUMNS FROM `judge` [ RunTime:0.0062s ]
SQL: SELECT * FROM `judge`  [ RunTime:0.0002s ]
SQL: SHOW COLUMNS FROM `choice` [ RunTime:0.0107s ]
SQL: SELECT * FROM `choice`  [ RunTime:0.0002s ]
INFO: [ view_parse ] --START--
INFO: [ template_filter ] --START--
INFO: Run Behavior\ContentReplaceBehavior [ RunTime:0.000238s ]
INFO: [ template_filter ] --END-- [ RunTime:0.000294s ]
NOTIC: [8] Undefined index: choice_true C:\phpStudy\PHPTutorial\WWW\gt\Application\Runtime\Cache\Home\d750603422ebf58b034b899f4ea0ac02.php 第 339 行.
NOTIC: [8] Undefined index: choice_content C:\phpStudy\PHPTutorial\WWW\gt\Application\Runtime\Cache\Home\d750603422ebf58b034b899f4ea0ac02.php 第 347 行.
NOTIC: [8] Undefined index: choice_a C:\phpStudy\PHPTutorial\WWW\gt\Application\Runtime\Cache\Home\d750603422ebf58b034b899f4ea0ac02.php 第 350 行.
NOTIC: [8] Undefined index: choice_b C:\phpStudy\PHPTutorial\WWW\gt\Application\Runtime\Cache\Home\d750603422ebf58b034b899f4ea0ac02.php 第 351 行.
NOTIC: [8] Undefined index: choice_c C:\phpStudy\PHPTutorial\WWW\gt\Application\Runtime\Cache\Home\d750603422ebf58b034b899f4ea0ac02.php 第 352 行.
NOTIC: [8] Undefined index: judge_true C:\phpStudy\PHPTutorial\WWW\gt\Application\Runtime\Cache\Home\d750603422ebf58b034b899f4ea0ac02.php 第 374 行.
NOTIC: [8] Undefined index: judge_content C:\phpStudy\PHPTutorial\WWW\gt\Application\Runtime\Cache\Home\d750603422ebf58b034b899f4ea0ac02.php 第 393 行.
INFO: Run Behavior\ParseTemplateBehavior [ RunTime:0.009809s ]
INFO: [ view_parse ] --END-- [ RunTime:0.009866s ]
INFO: [ view_filter ] --START--
INFO: Run Behavior\WriteHtmlCacheBehavior [ RunTime:0.000221s ]
INFO: [ view_filter ] --END-- [ RunTime:0.000269s ]
INFO: [ app_end ] --START--
INFO: Run Behavior\ShowPageTraceBehavior [ RunTime:0.000480s ]
INFO: [ app_end ] --END-- [ RunTime:0.000527s ]

[ 2018-10-13T16:27:23+08:00 ] 119.129.118.12 /gt/exam
INFO: [ app_init ] --START--
INFO: Run Behavior\BuildLiteBehavior [ RunTime:0.000021s ]
INFO: [ app_init ] --END-- [ RunTime:0.000356s ]
INFO: [ app_begin ] --START--
INFO: Run Behavior\ReadHtmlCacheBehavior [ RunTime:0.000546s ]
INFO: [ app_begin ] --END-- [ RunTime:0.000613s ]
SQL: SHOW COLUMNS FROM `user` [ RunTime:0.0051s ]
SQL: SELECT `user_img` FROM `user` WHERE `user_id` = 39 LIMIT 1   [ RunTime:0.0002s ]
SQL: SELECT `ting1img` FROM `user` WHERE `user_id` = 39 LIMIT 1   [ RunTime:0.0001s ]
SQL: SELECT `ting2img` FROM `user` WHERE `user_id` = 39 LIMIT 1   [ RunTime:0.0001s ]
SQL: SELECT `examstatus` FROM `user` WHERE `user_id` = 39 LIMIT 1   [ RunTime:0.0001s ]
SQL: SHOW COLUMNS FROM `hall1` [ RunTime:0.0078s ]
SQL: SELECT * FROM `hall1`  [ RunTime:0.0002s ]
NOTIC: [8] Undefined variable: hallimg1 C:\phpStudy\PHPTutorial\WWW\gt\Application\Home\Controller\ExamController.class.php 第 184 行.
NOTIC: [8] Undefined variable: hall1mp3 C:\phpStudy\PHPTutorial\WWW\gt\Application\Home\Controller\ExamController.class.php 第 188 行.
SQL: SHOW COLUMNS FROM `hall2` [ RunTime:0.0070s ]
SQL: SELECT * FROM `hall2`  [ RunTime:0.0002s ]
NOTIC: [8] Undefined variable: hallimg2 C:\phpStudy\PHPTutorial\WWW\gt\Application\Home\Controller\ExamController.class.php 第 206 行.
NOTIC: [8] Undefined variable: hall2mp3 C:\phpStudy\PHPTutorial\WWW\gt\Application\Home\Controller\ExamController.class.php 第 210 行.
SQL: SHOW COLUMNS FROM `hallimg` [ RunTime:0.0031s ]
SQL: SELECT * FROM `hallimg`  [ RunTime:0.0001s ]
SQL: SHOW COLUMNS FROM `exam` [ RunTime:0.0041s ]
SQL: SELECT `tm_n1` FROM `exam` WHERE ( user_id=39 ) LIMIT 1   [ RunTime:0.0002s ]
SQL: SELECT `tm_n2` FROM `exam` WHERE ( user_id=39 ) LIMIT 1   [ RunTime:0.0001s ]
SQL: SHOW COLUMNS FROM `judge` [ RunTime:0.0049s ]
SQL: SELECT * FROM `judge`  [ RunTime:0.0002s ]
SQL: SHOW COLUMNS FROM `choice` [ RunTime:0.0047s ]
SQL: SELECT * FROM `choice`  [ RunTime:0.0002s ]
INFO: [ view_parse ] --START--
INFO: [ template_filter ] --START--
INFO: Run Behavior\ContentReplaceBehavior [ RunTime:0.000202s ]
INFO: [ template_filter ] --END-- [ RunTime:0.000261s ]
NOTIC: [8] Undefined index: choice_true C:\phpStudy\PHPTutorial\WWW\gt\Application\Runtime\Cache\Home\d750603422ebf58b034b899f4ea0ac02.php 第 339 行.
NOTIC: [8] Undefined index: choice_content C:\phpStudy\PHPTutorial\WWW\gt\Application\Runtime\Cache\Home\d750603422ebf58b034b899f4ea0ac02.php 第 347 行.
NOTIC: [8] Undefined index: choice_a C:\phpStudy\PHPTutorial\WWW\gt\Application\Runtime\Cache\Home\d750603422ebf58b034b899f4ea0ac02.php 第 350 行.
NOTIC: [8] Undefined index: choice_b C:\phpStudy\PHPTutorial\WWW\gt\Application\Runtime\Cache\Home\d750603422ebf58b034b899f4ea0ac02.php 第 351 行.
NOTIC: [8] Undefined index: choice_c C:\phpStudy\PHPTutorial\WWW\gt\Application\Runtime\Cache\Home\d750603422ebf58b034b899f4ea0ac02.php 第 352 行.
NOTIC: [8] Undefined index: judge_true C:\phpStudy\PHPTutorial\WWW\gt\Application\Runtime\Cache\Home\d750603422ebf58b034b899f4ea0ac02.php 第 374 行.
NOTIC: [8] Undefined index: judge_content C:\phpStudy\PHPTutorial\WWW\gt\Application\Runtime\Cache\Home\d750603422ebf58b034b899f4ea0ac02.php 第 393 行.
INFO: Run Behavior\ParseTemplateBehavior [ RunTime:0.010182s ]
INFO: [ view_parse ] --END-- [ RunTime:0.010245s ]
INFO: [ view_filter ] --START--
INFO: Run Behavior\WriteHtmlCacheBehavior [ RunTime:0.000323s ]
INFO: [ view_filter ] --END-- [ RunTime:0.000367s ]
INFO: [ app_end ] --START--
INFO: Run Behavior\ShowPageTraceBehavior [ RunTime:0.000569s ]
INFO: [ app_end ] --END-- [ RunTime:0.000619s ]

[ 2018-10-13T16:27:27+08:00 ] 119.129.118.12 /gt/exam
INFO: [ app_init ] --START--
INFO: Run Behavior\BuildLiteBehavior [ RunTime:0.000021s ]
INFO: [ app_init ] --END-- [ RunTime:0.000377s ]
INFO: [ app_begin ] --START--
INFO: Run Behavior\ReadHtmlCacheBehavior [ RunTime:0.000581s ]
INFO: [ app_begin ] --END-- [ RunTime:0.000640s ]
SQL: SHOW COLUMNS FROM `user` [ RunTime:0.0072s ]
SQL: SELECT `user_img` FROM `user` WHERE `user_id` = 39 LIMIT 1   [ RunTime:0.0003s ]
SQL: SELECT `ting1img` FROM `user` WHERE `user_id` = 39 LIMIT 1   [ RunTime:0.0001s ]
SQL: SELECT `ting2img` FROM `user` WHERE `user_id` = 39 LIMIT 1   [ RunTime:0.0001s ]
SQL: SELECT `examstatus` FROM `user` WHERE `user_id` = 39 LIMIT 1   [ RunTime:0.0001s ]
SQL: SHOW COLUMNS FROM `hall1` [ RunTime:0.0047s ]
SQL: SELECT * FROM `hall1`  [ RunTime:0.0002s ]
NOTIC: [8] Undefined variable: hallimg1 C:\phpStudy\PHPTutorial\WWW\gt\Application\Home\Controller\ExamController.class.php 第 184 行.
NOTIC: [8] Undefined variable: hall1mp3 C:\phpStudy\PHPTutorial\WWW\gt\Application\Home\Controller\ExamController.class.php 第 188 行.
SQL: SHOW COLUMNS FROM `hall2` [ RunTime:0.0047s ]
SQL: SELECT * FROM `hall2`  [ RunTime:0.0002s ]
NOTIC: [8] Undefined variable: hallimg2 C:\phpStudy\PHPTutorial\WWW\gt\Application\Home\Controller\ExamController.class.php 第 206 行.
NOTIC: [8] Undefined variable: hall2mp3 C:\phpStudy\PHPTutorial\WWW\gt\Application\Home\Controller\ExamController.class.php 第 210 行.
SQL: SHOW COLUMNS FROM `hallimg` [ RunTime:0.0030s ]
SQL: SELECT * FROM `hallimg`  [ RunTime:0.0002s ]
SQL: SHOW COLUMNS FROM `exam` [ RunTime:0.0029s ]
SQL: SELECT `tm_n1` FROM `exam` WHERE ( user_id=39 ) LIMIT 1   [ RunTime:0.0002s ]
SQL: SELECT `tm_n2` FROM `exam` WHERE ( user_id=39 ) LIMIT 1   [ RunTime:0.0001s ]
SQL: SHOW COLUMNS FROM `judge` [ RunTime:0.0047s ]
SQL: SELECT * FROM `judge`  [ RunTime:0.0002s ]
SQL: SHOW COLUMNS FROM `choice` [ RunTime:0.0058s ]
SQL: SELECT * FROM `choice`  [ RunTime:0.0002s ]
INFO: [ view_parse ] --START--
INFO: [ template_filter ] --START--
INFO: Run Behavior\ContentReplaceBehavior [ RunTime:0.000201s ]
INFO: [ template_filter ] --END-- [ RunTime:0.000265s ]
NOTIC: [8] Undefined index: judge_true C:\phpStudy\PHPTutorial\WWW\gt\Application\Runtime\Cache\Home\d750603422ebf58b034b899f4ea0ac02.php 第 340 行.
NOTIC: [8] Undefined index: judge_content C:\phpStudy\PHPTutorial\WWW\gt\Application\Runtime\Cache\Home\d750603422ebf58b034b899f4ea0ac02.php 第 361 行.
NOTIC: [8] Undefined index: judge_true C:\phpStudy\PHPTutorial\WWW\gt\Application\Runtime\Cache\Home\d750603422ebf58b034b899f4ea0ac02.php 第 374 行.
NOTIC: [8] Undefined index: judge_content C:\phpStudy\PHPTutorial\WWW\gt\Application\Runtime\Cache\Home\d750603422ebf58b034b899f4ea0ac02.php 第 393 行.
INFO: Run Behavior\ParseTemplateBehavior [ RunTime:0.010472s ]
INFO: [ view_parse ] --END-- [ RunTime:0.010527s ]
INFO: [ view_filter ] --START--
INFO: Run Behavior\WriteHtmlCacheBehavior [ RunTime:0.000335s ]
INFO: [ view_filter ] --END-- [ RunTime:0.000384s ]
INFO: [ app_end ] --START--
INFO: Run Behavior\ShowPageTraceBehavior [ RunTime:0.000607s ]
INFO: [ app_end ] --END-- [ RunTime:0.000669s ]

[ 2018-10-13T20:39:59+08:00 ] 101.226.79.190 /gt/index.html?v%3Dback
INFO: [ app_init ] --START--
INFO: Run Behavior\BuildLiteBehavior [ RunTime:0.000020s ]
INFO: [ app_init ] --END-- [ RunTime:0.000395s ]
INFO: [ app_begin ] --START--
INFO: Run Behavior\ReadHtmlCacheBehavior [ RunTime:0.000663s ]
INFO: [ app_begin ] --END-- [ RunTime:0.000723s ]
SQL: SHOW COLUMNS FROM `studystatus` [ RunTime:0.0100s ]
SQL: SHOW COLUMNS FROM `exam` [ RunTime:0.0057s ]
INFO: [ view_parse ] --START--
INFO: [ template_filter ] --START--
INFO: Run Behavior\ContentReplaceBehavior [ RunTime:0.000122s ]
INFO: [ template_filter ] --END-- [ RunTime:0.000178s ]
INFO: Run Behavior\ParseTemplateBehavior [ RunTime:0.007002s ]
INFO: [ view_parse ] --END-- [ RunTime:0.007067s ]
INFO: [ view_filter ] --START--
INFO: Run Behavior\WriteHtmlCacheBehavior [ RunTime:0.000280s ]
INFO: [ view_filter ] --END-- [ RunTime:0.000323s ]
INFO: [ app_end ] --START--
INFO: Run Behavior\ShowPageTraceBehavior [ RunTime:0.000523s ]
INFO: [ app_end ] --END-- [ RunTime:0.000571s ]

