[ 2018-10-16T09:29:21+08:00 ] ::1 /gt/
INFO: [ app_init ] --START--
INFO: Run Behavior\BuildLiteBehavior [ RunTime:0.000012s ]
INFO: [ app_init ] --END-- [ RunTime:0.000320s ]
INFO: [ app_begin ] --START--
INFO: Run Behavior\ReadHtmlCacheBehavior [ RunTime:0.000528s ]
INFO: [ app_begin ] --END-- [ RunTime:0.000552s ]
SQL: SHOW COLUMNS FROM `studystatus` [ RunTime:0.0471s ]
SQL: SHOW COLUMNS FROM `exam` [ RunTime:0.0101s ]
SQL: SHOW COLUMNS FROM `user` [ RunTime:0.0353s ]
SQL: SELECT `mission` FROM `user` WHERE `user_id` = null LIMIT 1   [ RunTime:0.0003s ]
SQL: SELECT `mission2` FROM `user` WHERE `user_id` = null LIMIT 1   [ RunTime:0.0001s ]
INFO: [ view_parse ] --START--
INFO: [ template_filter ] --START--
INFO: Run Behavior\ContentReplaceBehavior [ RunTime:0.000087s ]
INFO: [ template_filter ] --END-- [ RunTime:0.000111s ]
NOTIC: [8] Undefined variable: timedifferent D:\123\htdocs\gt\Application\Runtime\Cache\Home\2a94b8bda04ff446dcedd42276fc99ee.php 第 117 行.
NOTIC: [8] Undefined variable: timedifferent2 D:\123\htdocs\gt\Application\Runtime\Cache\Home\2a94b8bda04ff446dcedd42276fc99ee.php 第 124 行.
INFO: Run Behavior\ParseTemplateBehavior [ RunTime:0.006787s ]
INFO: [ view_parse ] --END-- [ RunTime:0.006809s ]
INFO: [ view_filter ] --START--
INFO: Run Behavior\WriteHtmlCacheBehavior [ RunTime:0.000345s ]
INFO: [ view_filter ] --END-- [ RunTime:0.000365s ]
INFO: [ app_end ] --START--
INFO: Run Behavior\ShowPageTraceBehavior [ RunTime:0.000531s ]
INFO: [ app_end ] --END-- [ RunTime:0.000553s ]

[ 2018-10-16T09:30:53+08:00 ] ::1 /gt/home/index/login
INFO: [ app_init ] --START--
INFO: Run Behavior\BuildLiteBehavior [ RunTime:0.000009s ]
INFO: [ app_init ] --END-- [ RunTime:0.000283s ]
INFO: [ app_begin ] --START--
INFO: Run Behavior\ReadHtmlCacheBehavior [ RunTime:0.000404s ]
INFO: [ app_begin ] --END-- [ RunTime:0.000427s ]
SQL: SHOW COLUMNS FROM `user` [ RunTime:0.0030s ]
SQL: SELECT * FROM `user` WHERE `user_username` = 'admin' LIMIT 1   [ RunTime:0.0003s ]
SQL: SELECT `mission` FROM `user` WHERE `user_id` = 13 LIMIT 1   [ RunTime:0.0003s ]
SQL: SELECT `mission2` FROM `user` WHERE `user_id` = 13 LIMIT 1   [ RunTime:0.0001s ]
SQL: SELECT `schedule2` FROM `user` WHERE `user_id` = 13 LIMIT 1   [ RunTime:0.0001s ]
SQL: SELECT `ksting` FROM `user` WHERE `user_id` = 13 LIMIT 1   [ RunTime:0.0001s ]
SQL: SELECT `examstatus` FROM `user` WHERE `user_id` = 13 LIMIT 1   [ RunTime:0.0001s ]
SQL: SELECT `schedule` FROM `user` WHERE `user_id` = 13 LIMIT 1   [ RunTime:0.0001s ]
SQL: SELECT `xxting` FROM `user` WHERE `user_id` = 13 LIMIT 1   [ RunTime:0.0001s ]
NOTIC: [8] Undefined variable: studystatus D:\123\htdocs\gt\Application\Home\Controller\IndexController.class.php 第 276 行.
ERR: Call to a member function where() on null

[ 2018-10-16T09:33:32+08:00 ] ::1 /gt/home/index/login
INFO: [ app_init ] --START--
INFO: Run Behavior\BuildLiteBehavior [ RunTime:0.000008s ]
INFO: [ app_init ] --END-- [ RunTime:0.000290s ]
INFO: [ app_begin ] --START--
INFO: Run Behavior\ReadHtmlCacheBehavior [ RunTime:0.000501s ]
INFO: [ app_begin ] --END-- [ RunTime:0.000522s ]
SQL: SHOW COLUMNS FROM `user` [ RunTime:0.0032s ]
SQL: SHOW COLUMNS FROM `studystatus` [ RunTime:0.0029s ]
SQL: SELECT * FROM `user` WHERE `user_username` = 'admin' LIMIT 1   [ RunTime:0.0003s ]
SQL: SELECT `mission` FROM `user` WHERE `user_id` = 13 LIMIT 1   [ RunTime:0.0002s ]
SQL: SELECT `mission2` FROM `user` WHERE `user_id` = 13 LIMIT 1   [ RunTime:0.0001s ]
SQL: SELECT `schedule2` FROM `user` WHERE `user_id` = 13 LIMIT 1   [ RunTime:0.0001s ]
SQL: SELECT `ksting` FROM `user` WHERE `user_id` = 13 LIMIT 1   [ RunTime:0.0001s ]
SQL: SELECT `examstatus` FROM `user` WHERE `user_id` = 13 LIMIT 1   [ RunTime:0.0001s ]
SQL: SELECT `schedule` FROM `user` WHERE `user_id` = 13 LIMIT 1   [ RunTime:0.0001s ]
SQL: SELECT `xxting` FROM `user` WHERE `user_id` = 13 LIMIT 1   [ RunTime:0.0001s ]
SQL: SELECT `m_n1` FROM `studystatus` WHERE `user_id` = 13 LIMIT 1   [ RunTime:0.0001s ]

[ 2018-10-16T10:00:33+08:00 ] ::1 /gt/
INFO: [ app_init ] --START--
INFO: Run Behavior\BuildLiteBehavior [ RunTime:0.000007s ]
INFO: [ app_init ] --END-- [ RunTime:0.000292s ]
INFO: [ app_begin ] --START--
INFO: Run Behavior\ReadHtmlCacheBehavior [ RunTime:0.000594s ]
INFO: [ app_begin ] --END-- [ RunTime:0.000631s ]
SQL: SHOW COLUMNS FROM `studystatus` [ RunTime:0.0154s ]
SQL: SHOW COLUMNS FROM `exam` [ RunTime:0.0031s ]
SQL: SHOW COLUMNS FROM `user` [ RunTime:0.0033s ]
SQL: SELECT `mission` FROM `user` WHERE `user_id` = 13 LIMIT 1   [ RunTime:0.0003s ]
SQL: SELECT `mission2` FROM `user` WHERE `user_id` = 13 LIMIT 1   [ RunTime:0.0003s ]
SQL: SELECT `schedule` FROM `user` WHERE `user_id` = 13 LIMIT 1   [ RunTime:0.0002s ]
SQL: SELECT `xxting` FROM `user` WHERE `user_id` = 13 LIMIT 1   [ RunTime:0.0001s ]
SQL: SELECT `m_n1` FROM `studystatus` WHERE `user_id` = 13 LIMIT 1   [ RunTime:0.0002s ]
SQL: SELECT `m_n2` FROM `studystatus` WHERE `user_id` = 13 LIMIT 1   [ RunTime:0.0001s ]
SQL: SELECT `schedule2` FROM `user` WHERE `user_id` = 13 LIMIT 1   [ RunTime:0.0001s ]
SQL: SELECT `ksting` FROM `user` WHERE `user_id` = 13 LIMIT 1   [ RunTime:0.0001s ]
SQL: SELECT `examstatus` FROM `user` WHERE `user_id` = 13 LIMIT 1   [ RunTime:0.0001s ]
INFO: [ view_parse ] --START--
INFO: [ template_filter ] --START--
INFO: Run Behavior\ContentReplaceBehavior [ RunTime:0.000076s ]
INFO: [ template_filter ] --END-- [ RunTime:0.000103s ]
INFO: Run Behavior\ParseTemplateBehavior [ RunTime:0.007970s ]
INFO: [ view_parse ] --END-- [ RunTime:0.007994s ]
INFO: [ view_filter ] --START--
INFO: Run Behavior\WriteHtmlCacheBehavior [ RunTime:0.000341s ]
INFO: [ view_filter ] --END-- [ RunTime:0.000360s ]
INFO: [ app_end ] --START--
INFO: Run Behavior\ShowPageTraceBehavior [ RunTime:0.000528s ]
INFO: [ app_end ] --END-- [ RunTime:0.000552s ]

[ 2018-10-16T10:00:40+08:00 ] ::1 /gt/home/index/login
INFO: [ app_init ] --START--
INFO: Run Behavior\BuildLiteBehavior [ RunTime:0.000007s ]
INFO: [ app_init ] --END-- [ RunTime:0.000290s ]
INFO: [ app_begin ] --START--
INFO: Run Behavior\ReadHtmlCacheBehavior [ RunTime:0.000497s ]
INFO: [ app_begin ] --END-- [ RunTime:0.000517s ]
SQL: SHOW COLUMNS FROM `user` [ RunTime:0.0033s ]
SQL: SHOW COLUMNS FROM `studystatus` [ RunTime:0.0030s ]
SQL: SELECT * FROM `user` WHERE `user_username` = 'admin' LIMIT 1   [ RunTime:0.0003s ]
SQL: SELECT `mission` FROM `user` WHERE `user_id` = 13 LIMIT 1   [ RunTime:0.0005s ]
SQL: SELECT `mission2` FROM `user` WHERE `user_id` = 13 LIMIT 1   [ RunTime:0.0002s ]
SQL: SELECT `schedule2` FROM `user` WHERE `user_id` = 13 LIMIT 1   [ RunTime:0.0002s ]
SQL: SELECT `ksting` FROM `user` WHERE `user_id` = 13 LIMIT 1   [ RunTime:0.0001s ]
SQL: SELECT `examstatus` FROM `user` WHERE `user_id` = 13 LIMIT 1   [ RunTime:0.0001s ]
SQL: SELECT `schedule` FROM `user` WHERE `user_id` = 13 LIMIT 1   [ RunTime:0.0002s ]
SQL: SELECT `xxting` FROM `user` WHERE `user_id` = 13 LIMIT 1   [ RunTime:0.0001s ]
SQL: SELECT `m_n1` FROM `studystatus` WHERE `user_id` = 13 LIMIT 1   [ RunTime:0.0002s ]
SQL: SELECT `m_n2` FROM `studystatus` WHERE `user_id` = 13 LIMIT 1   [ RunTime:0.0002s ]

[ 2018-10-16T10:02:24+08:00 ] ::1 /gt/
INFO: [ app_init ] --START--
INFO: Run Behavior\BuildLiteBehavior [ RunTime:0.000009s ]
INFO: [ app_init ] --END-- [ RunTime:0.000282s ]
INFO: [ app_begin ] --START--
INFO: Run Behavior\ReadHtmlCacheBehavior [ RunTime:0.000443s ]
INFO: [ app_begin ] --END-- [ RunTime:0.000470s ]
SQL: SHOW COLUMNS FROM `studystatus` [ RunTime:0.0040s ]
SQL: SHOW COLUMNS FROM `exam` [ RunTime:0.0031s ]
SQL: SHOW COLUMNS FROM `user` [ RunTime:0.0033s ]
SQL: SELECT `mission` FROM `user` WHERE `user_id` = 13 LIMIT 1   [ RunTime:0.0002s ]
SQL: SELECT `mission2` FROM `user` WHERE `user_id` = 13 LIMIT 1   [ RunTime:0.0001s ]
SQL: SELECT `schedule` FROM `user` WHERE `user_id` = 13 LIMIT 1   [ RunTime:0.0001s ]
SQL: SELECT `xxting` FROM `user` WHERE `user_id` = 13 LIMIT 1   [ RunTime:0.0001s ]
SQL: SELECT `m_n1` FROM `studystatus` WHERE `user_id` = 13 LIMIT 1   [ RunTime:0.0001s ]
SQL: SELECT `m_n2` FROM `studystatus` WHERE `user_id` = 13 LIMIT 1   [ RunTime:0.0001s ]
SQL: SELECT `schedule2` FROM `user` WHERE `user_id` = 13 LIMIT 1   [ RunTime:0.0001s ]
SQL: SELECT `ksting` FROM `user` WHERE `user_id` = 13 LIMIT 1   [ RunTime:0.0001s ]
SQL: SELECT `examstatus` FROM `user` WHERE `user_id` = 13 LIMIT 1   [ RunTime:0.0001s ]
INFO: [ view_parse ] --START--
INFO: [ template_filter ] --START--
INFO: Run Behavior\ContentReplaceBehavior [ RunTime:0.000079s ]
INFO: [ template_filter ] --END-- [ RunTime:0.000103s ]
INFO: Run Behavior\ParseTemplateBehavior [ RunTime:0.005761s ]
INFO: [ view_parse ] --END-- [ RunTime:0.005792s ]
INFO: [ view_filter ] --START--
INFO: Run Behavior\WriteHtmlCacheBehavior [ RunTime:0.000388s ]
INFO: [ view_filter ] --END-- [ RunTime:0.000407s ]
INFO: [ app_end ] --START--
INFO: Run Behavior\ShowPageTraceBehavior [ RunTime:0.000560s ]
INFO: [ app_end ] --END-- [ RunTime:0.000584s ]

[ 2018-10-16T10:02:29+08:00 ] ::1 /gt/home/index/login
INFO: [ app_init ] --START--
INFO: Run Behavior\BuildLiteBehavior [ RunTime:0.000011s ]
INFO: [ app_init ] --END-- [ RunTime:0.000337s ]
INFO: [ app_begin ] --START--
INFO: Run Behavior\ReadHtmlCacheBehavior [ RunTime:0.000576s ]
INFO: [ app_begin ] --END-- [ RunTime:0.000606s ]
SQL: SHOW COLUMNS FROM `user` [ RunTime:0.0032s ]
SQL: SHOW COLUMNS FROM `studystatus` [ RunTime:0.0027s ]
SQL: SELECT * FROM `user` WHERE `user_username` = 'admin' LIMIT 1   [ RunTime:0.0004s ]
SQL: SELECT `mission` FROM `user` WHERE `user_id` = 13 LIMIT 1   [ RunTime:0.0004s ]
SQL: SELECT `mission2` FROM `user` WHERE `user_id` = 13 LIMIT 1   [ RunTime:0.0001s ]
SQL: SELECT `schedule2` FROM `user` WHERE `user_id` = 13 LIMIT 1   [ RunTime:0.0001s ]
SQL: SELECT `ksting` FROM `user` WHERE `user_id` = 13 LIMIT 1   [ RunTime:0.0001s ]
SQL: SELECT `examstatus` FROM `user` WHERE `user_id` = 13 LIMIT 1   [ RunTime:0.0001s ]
SQL: SELECT `schedule` FROM `user` WHERE `user_id` = 13 LIMIT 1   [ RunTime:0.0001s ]
SQL: SELECT `xxting` FROM `user` WHERE `user_id` = 13 LIMIT 1   [ RunTime:0.0001s ]
SQL: SELECT `m_n1` FROM `studystatus` WHERE `user_id` = 13 LIMIT 1   [ RunTime:0.0002s ]
SQL: SELECT `m_n2` FROM `studystatus` WHERE `user_id` = 13 LIMIT 1   [ RunTime:0.0001s ]

[ 2018-10-16T10:02:32+08:00 ] ::1 /gt/exam
INFO: [ app_init ] --START--
INFO: Run Behavior\BuildLiteBehavior [ RunTime:0.000012s ]
INFO: [ app_init ] --END-- [ RunTime:0.000354s ]
INFO: [ app_begin ] --START--
INFO: Run Behavior\ReadHtmlCacheBehavior [ RunTime:0.000440s ]
INFO: [ app_begin ] --END-- [ RunTime:0.000468s ]
SQL: SHOW COLUMNS FROM `user` [ RunTime:0.0038s ]
SQL: SELECT `user_img` FROM `user` WHERE `user_id` = 13 LIMIT 1   [ RunTime:0.0003s ]
SQL: SELECT `ting1img` FROM `user` WHERE `user_id` = 13 LIMIT 1   [ RunTime:0.0001s ]
SQL: SELECT `ting2img` FROM `user` WHERE `user_id` = 13 LIMIT 1   [ RunTime:0.0001s ]
SQL: SELECT `examstatus` FROM `user` WHERE `user_id` = 13 LIMIT 1   [ RunTime:0.0001s ]
SQL: SHOW COLUMNS FROM `hall1` [ RunTime:0.0028s ]
SQL: SELECT * FROM `hall1`  [ RunTime:0.0003s ]
NOTIC: [8] Undefined variable: hallimg1 D:\123\htdocs\gt\Application\Home\Controller\ExamController.class.php 第 177 行.
NOTIC: [8] Undefined variable: hall1mp3 D:\123\htdocs\gt\Application\Home\Controller\ExamController.class.php 第 181 行.
SQL: SHOW COLUMNS FROM `hall2` [ RunTime:0.0276s ]
SQL: SELECT * FROM `hall2`  [ RunTime:0.0003s ]
NOTIC: [8] Undefined variable: hallimg2 D:\123\htdocs\gt\Application\Home\Controller\ExamController.class.php 第 199 行.
NOTIC: [8] Undefined variable: hall2mp3 D:\123\htdocs\gt\Application\Home\Controller\ExamController.class.php 第 203 行.
SQL: SHOW COLUMNS FROM `hallimg` [ RunTime:0.0139s ]
SQL: SELECT * FROM `hallimg`  [ RunTime:0.0003s ]
SQL: SHOW COLUMNS FROM `exam` [ RunTime:0.0027s ]
SQL: SELECT `tm_n1` FROM `exam` WHERE ( user_id=13 ) LIMIT 1   [ RunTime:0.0002s ]
SQL: SELECT `tm_n2` FROM `exam` WHERE ( user_id=13 ) LIMIT 1   [ RunTime:0.0001s ]
SQL: SHOW COLUMNS FROM `judge` [ RunTime:0.0135s ]
SQL: SELECT * FROM `judge`  [ RunTime:0.0003s ]
SQL: SHOW COLUMNS FROM `choice` [ RunTime:0.0033s ]
SQL: SELECT * FROM `choice`  [ RunTime:0.0002s ]
INFO: [ view_parse ] --START--
INFO: [ template_filter ] --START--
INFO: Run Behavior\ContentReplaceBehavior [ RunTime:0.000132s ]
INFO: [ template_filter ] --END-- [ RunTime:0.000159s ]
NOTIC: [8] Undefined index: judge_true D:\123\htdocs\gt\Application\Runtime\Cache\Home\d750603422ebf58b034b899f4ea0ac02.php 第 339 行.
NOTIC: [8] Undefined index: judge_content D:\123\htdocs\gt\Application\Runtime\Cache\Home\d750603422ebf58b034b899f4ea0ac02.php 第 360 行.
NOTIC: [8] Undefined index: judge_true D:\123\htdocs\gt\Application\Runtime\Cache\Home\d750603422ebf58b034b899f4ea0ac02.php 第 373 行.
NOTIC: [8] Undefined index: judge_content D:\123\htdocs\gt\Application\Runtime\Cache\Home\d750603422ebf58b034b899f4ea0ac02.php 第 392 行.
INFO: Run Behavior\ParseTemplateBehavior [ RunTime:0.007386s ]
INFO: [ view_parse ] --END-- [ RunTime:0.007409s ]
INFO: [ view_filter ] --START--
INFO: Run Behavior\WriteHtmlCacheBehavior [ RunTime:0.000346s ]
INFO: [ view_filter ] --END-- [ RunTime:0.000366s ]
INFO: [ app_end ] --START--
INFO: Run Behavior\ShowPageTraceBehavior [ RunTime:0.000547s ]
INFO: [ app_end ] --END-- [ RunTime:0.000572s ]

[ 2018-10-16T10:02:33+08:00 ] ::1 /gt/exam
INFO: [ app_init ] --START--
INFO: Run Behavior\BuildLiteBehavior [ RunTime:0.000016s ]
INFO: [ app_init ] --END-- [ RunTime:0.000472s ]
INFO: [ app_begin ] --START--
INFO: Run Behavior\ReadHtmlCacheBehavior [ RunTime:0.000787s ]
INFO: [ app_begin ] --END-- [ RunTime:0.000852s ]
SQL: SHOW COLUMNS FROM `user` [ RunTime:0.0056s ]
SQL: SELECT `user_img` FROM `user` WHERE `user_id` = 13 LIMIT 1   [ RunTime:0.0018s ]
SQL: SELECT `ting1img` FROM `user` WHERE `user_id` = 13 LIMIT 1   [ RunTime:0.0004s ]
SQL: SELECT `ting2img` FROM `user` WHERE `user_id` = 13 LIMIT 1   [ RunTime:0.0002s ]
SQL: SELECT `examstatus` FROM `user` WHERE `user_id` = 13 LIMIT 1   [ RunTime:0.0002s ]
SQL: SHOW COLUMNS FROM `hall1` [ RunTime:0.0054s ]
SQL: SELECT * FROM `hall1`  [ RunTime:0.0006s ]
NOTIC: [8] Undefined variable: hallimg1 D:\123\htdocs\gt\Application\Home\Controller\ExamController.class.php 第 177 行.
NOTIC: [8] Undefined variable: hall1mp3 D:\123\htdocs\gt\Application\Home\Controller\ExamController.class.php 第 181 行.
SQL: SHOW COLUMNS FROM `hall2` [ RunTime:0.0049s ]
SQL: SELECT * FROM `hall2`  [ RunTime:0.0006s ]
NOTIC: [8] Undefined variable: hallimg2 D:\123\htdocs\gt\Application\Home\Controller\ExamController.class.php 第 199 行.
NOTIC: [8] Undefined variable: hall2mp3 D:\123\htdocs\gt\Application\Home\Controller\ExamController.class.php 第 203 行.
SQL: SHOW COLUMNS FROM `hallimg` [ RunTime:0.0124s ]
SQL: SELECT * FROM `hallimg`  [ RunTime:0.0034s ]
SQL: SHOW COLUMNS FROM `exam` [ RunTime:0.0122s ]
SQL: SELECT `tm_n1` FROM `exam` WHERE ( user_id=13 ) LIMIT 1   [ RunTime:0.0074s ]
SQL: SELECT `tm_n2` FROM `exam` WHERE ( user_id=13 ) LIMIT 1   [ RunTime:0.0006s ]
SQL: SHOW COLUMNS FROM `judge` [ RunTime:0.0055s ]
SQL: SELECT * FROM `judge`  [ RunTime:0.0037s ]
SQL: SHOW COLUMNS FROM `choice` [ RunTime:0.0064s ]
SQL: SELECT * FROM `choice`  [ RunTime:0.0007s ]
INFO: [ view_parse ] --START--
INFO: [ template_filter ] --START--
INFO: Run Behavior\ContentReplaceBehavior [ RunTime:0.000228s ]
INFO: [ template_filter ] --END-- [ RunTime:0.000290s ]
NOTIC: [8] Undefined index: judge_true D:\123\htdocs\gt\Application\Runtime\Cache\Home\d750603422ebf58b034b899f4ea0ac02.php 第 339 行.
NOTIC: [8] Undefined index: judge_content D:\123\htdocs\gt\Application\Runtime\Cache\Home\d750603422ebf58b034b899f4ea0ac02.php 第 360 行.
NOTIC: [8] Undefined index: judge_true D:\123\htdocs\gt\Application\Runtime\Cache\Home\d750603422ebf58b034b899f4ea0ac02.php 第 373 行.
NOTIC: [8] Undefined index: judge_content D:\123\htdocs\gt\Application\Runtime\Cache\Home\d750603422ebf58b034b899f4ea0ac02.php 第 392 行.
INFO: Run Behavior\ParseTemplateBehavior [ RunTime:0.011838s ]
INFO: [ view_parse ] --END-- [ RunTime:0.011894s ]
INFO: [ view_filter ] --START--
INFO: Run Behavior\WriteHtmlCacheBehavior [ RunTime:0.000626s ]
INFO: [ view_filter ] --END-- [ RunTime:0.000667s ]
INFO: [ app_end ] --START--
INFO: Run Behavior\ShowPageTraceBehavior [ RunTime:0.000986s ]
INFO: [ app_end ] --END-- [ RunTime:0.001055s ]

[ 2018-10-16T10:02:35+08:00 ] ::1 /gt/index.html?v=back
INFO: [ app_init ] --START--
INFO: Run Behavior\BuildLiteBehavior [ RunTime:0.000015s ]
INFO: [ app_init ] --END-- [ RunTime:0.000415s ]
INFO: [ app_begin ] --START--
INFO: Run Behavior\ReadHtmlCacheBehavior [ RunTime:0.001036s ]
INFO: [ app_begin ] --END-- [ RunTime:0.001118s ]
SQL: SHOW COLUMNS FROM `studystatus` [ RunTime:0.0027s ]
SQL: SHOW COLUMNS FROM `exam` [ RunTime:0.0031s ]
SQL: SHOW COLUMNS FROM `user` [ RunTime:0.0033s ]
SQL: SELECT `mission` FROM `user` WHERE `user_id` = 13 LIMIT 1   [ RunTime:0.0002s ]
SQL: SELECT `mission2` FROM `user` WHERE `user_id` = 13 LIMIT 1   [ RunTime:0.0001s ]
SQL: SELECT `schedule` FROM `user` WHERE `user_id` = 13 LIMIT 1   [ RunTime:0.0001s ]
SQL: SELECT `xxting` FROM `user` WHERE `user_id` = 13 LIMIT 1   [ RunTime:0.0001s ]
SQL: SELECT `m_n1` FROM `studystatus` WHERE `user_id` = 13 LIMIT 1   [ RunTime:0.0001s ]
SQL: SELECT `m_n2` FROM `studystatus` WHERE `user_id` = 13 LIMIT 1   [ RunTime:0.0001s ]
SQL: SELECT `schedule2` FROM `user` WHERE `user_id` = 13 LIMIT 1   [ RunTime:0.0001s ]
SQL: SELECT `ksting` FROM `user` WHERE `user_id` = 13 LIMIT 1   [ RunTime:0.0001s ]
SQL: SELECT `examstatus` FROM `user` WHERE `user_id` = 13 LIMIT 1   [ RunTime:0.0001s ]
INFO: [ view_parse ] --START--
INFO: [ template_filter ] --START--
INFO: Run Behavior\ContentReplaceBehavior [ RunTime:0.000109s ]
INFO: [ template_filter ] --END-- [ RunTime:0.000143s ]
INFO: Run Behavior\ParseTemplateBehavior [ RunTime:0.008038s ]
INFO: [ view_parse ] --END-- [ RunTime:0.008072s ]
INFO: [ view_filter ] --START--
INFO: Run Behavior\WriteHtmlCacheBehavior [ RunTime:0.000587s ]
INFO: [ view_filter ] --END-- [ RunTime:0.000625s ]
INFO: [ app_end ] --START--
INFO: Run Behavior\ShowPageTraceBehavior [ RunTime:0.001140s ]
INFO: [ app_end ] --END-- [ RunTime:0.001199s ]

[ 2018-10-16T10:02:38+08:00 ] ::1 /gt/study
INFO: [ app_init ] --START--
INFO: Run Behavior\BuildLiteBehavior [ RunTime:0.000008s ]
INFO: [ app_init ] --END-- [ RunTime:0.000257s ]
INFO: [ app_begin ] --START--
INFO: Run Behavior\ReadHtmlCacheBehavior [ RunTime:0.000409s ]
INFO: [ app_begin ] --END-- [ RunTime:0.000433s ]
SQL: SHOW COLUMNS FROM `studystatus` [ RunTime:0.0031s ]
SQL: SELECT `m_n1` FROM `studystatus` WHERE ( user_id=13 ) LIMIT 1   [ RunTime:0.0004s ]
SQL: SELECT `m_n2` FROM `studystatus` WHERE ( user_id=13 ) LIMIT 1   [ RunTime:0.0003s ]
SQL: SHOW COLUMNS FROM `hall1` [ RunTime:0.0028s ]
SQL: SELECT * FROM `hall1`  [ RunTime:0.0002s ]
NOTIC: [8] Undefined variable: hallimg1 D:\123\htdocs\gt\Application\Home\Controller\ExamController.class.php 第 177 行.
NOTIC: [8] Undefined variable: hall1mp3 D:\123\htdocs\gt\Application\Home\Controller\ExamController.class.php 第 181 行.
SQL: SHOW COLUMNS FROM `hall2` [ RunTime:0.0027s ]
SQL: SELECT * FROM `hall2`  [ RunTime:0.0003s ]
NOTIC: [8] Undefined variable: hallimg2 D:\123\htdocs\gt\Application\Home\Controller\ExamController.class.php 第 199 行.
NOTIC: [8] Undefined variable: hall2mp3 D:\123\htdocs\gt\Application\Home\Controller\ExamController.class.php 第 203 行.
SQL: SHOW COLUMNS FROM `hallimg` [ RunTime:0.0025s ]
SQL: SELECT * FROM `hallimg`  [ RunTime:0.0002s ]
INFO: [ view_parse ] --START--
INFO: [ template_filter ] --START--
INFO: Run Behavior\ContentReplaceBehavior [ RunTime:0.000084s ]
INFO: [ template_filter ] --END-- [ RunTime:0.000113s ]
INFO: Run Behavior\ParseTemplateBehavior [ RunTime:0.017947s ]
INFO: [ view_parse ] --END-- [ RunTime:0.017975s ]
INFO: [ view_filter ] --START--
INFO: Run Behavior\WriteHtmlCacheBehavior [ RunTime:0.000271s ]
INFO: [ view_filter ] --END-- [ RunTime:0.000291s ]
INFO: [ app_end ] --START--
INFO: Run Behavior\ShowPageTraceBehavior [ RunTime:0.000460s ]
INFO: [ app_end ] --END-- [ RunTime:0.000483s ]

[ 2018-10-16T10:02:39+08:00 ] ::1 /gt/study
INFO: [ app_init ] --START--
INFO: Run Behavior\BuildLiteBehavior [ RunTime:0.000013s ]
INFO: [ app_init ] --END-- [ RunTime:0.000377s ]
INFO: [ app_begin ] --START--
INFO: Run Behavior\ReadHtmlCacheBehavior [ RunTime:0.000519s ]
INFO: [ app_begin ] --END-- [ RunTime:0.000558s ]
SQL: SHOW COLUMNS FROM `studystatus` [ RunTime:0.0036s ]
SQL: SELECT `m_n1` FROM `studystatus` WHERE ( user_id=13 ) LIMIT 1   [ RunTime:0.0003s ]
SQL: SELECT `m_n2` FROM `studystatus` WHERE ( user_id=13 ) LIMIT 1   [ RunTime:0.0003s ]
SQL: SHOW COLUMNS FROM `hall1` [ RunTime:0.0064s ]
SQL: SELECT * FROM `hall1`  [ RunTime:0.0006s ]
NOTIC: [8] Undefined variable: hallimg1 D:\123\htdocs\gt\Application\Home\Controller\ExamController.class.php 第 177 行.
NOTIC: [8] Undefined variable: hall1mp3 D:\123\htdocs\gt\Application\Home\Controller\ExamController.class.php 第 181 行.
SQL: SHOW COLUMNS FROM `hall2` [ RunTime:0.0064s ]
SQL: SELECT * FROM `hall2`  [ RunTime:0.0004s ]
NOTIC: [8] Undefined variable: hallimg2 D:\123\htdocs\gt\Application\Home\Controller\ExamController.class.php 第 199 行.
NOTIC: [8] Undefined variable: hall2mp3 D:\123\htdocs\gt\Application\Home\Controller\ExamController.class.php 第 203 行.
SQL: SHOW COLUMNS FROM `hallimg` [ RunTime:0.0137s ]
SQL: SELECT * FROM `hallimg`  [ RunTime:0.0040s ]
INFO: [ view_parse ] --START--
INFO: [ template_filter ] --START--
INFO: Run Behavior\ContentReplaceBehavior [ RunTime:0.000130s ]
INFO: [ template_filter ] --END-- [ RunTime:0.000193s ]
INFO: Run Behavior\ParseTemplateBehavior [ RunTime:0.012834s ]
INFO: [ view_parse ] --END-- [ RunTime:0.012903s ]
INFO: [ view_filter ] --START--
INFO: Run Behavior\WriteHtmlCacheBehavior [ RunTime:0.000632s ]
INFO: [ view_filter ] --END-- [ RunTime:0.000668s ]
INFO: [ app_end ] --START--
INFO: Run Behavior\ShowPageTraceBehavior [ RunTime:0.000930s ]
INFO: [ app_end ] --END-- [ RunTime:0.000973s ]

[ 2018-10-16T10:14:49+08:00 ] ::1 /gt/index.html?v=back
INFO: [ app_init ] --START--
INFO: Run Behavior\BuildLiteBehavior [ RunTime:0.000011s ]
INFO: [ app_init ] --END-- [ RunTime:0.000309s ]
INFO: [ app_begin ] --START--
INFO: Run Behavior\ReadHtmlCacheBehavior [ RunTime:0.000523s ]
INFO: [ app_begin ] --END-- [ RunTime:0.000549s ]
SQL: SHOW COLUMNS FROM `studystatus` [ RunTime:0.0027s ]
SQL: SHOW COLUMNS FROM `exam` [ RunTime:0.0025s ]
SQL: SHOW COLUMNS FROM `user` [ RunTime:0.0036s ]
SQL: SELECT `mission` FROM `user` WHERE `user_id` = 13 LIMIT 1   [ RunTime:0.0004s ]
SQL: SELECT `mission2` FROM `user` WHERE `user_id` = 13 LIMIT 1   [ RunTime:0.0002s ]
SQL: SELECT `schedule` FROM `user` WHERE `user_id` = 13 LIMIT 1   [ RunTime:0.0002s ]
SQL: SELECT `xxting` FROM `user` WHERE `user_id` = 13 LIMIT 1   [ RunTime:0.0001s ]
SQL: SELECT `m_n1` FROM `studystatus` WHERE `user_id` = 13 LIMIT 1   [ RunTime:0.0002s ]
SQL: SELECT `m_n2` FROM `studystatus` WHERE `user_id` = 13 LIMIT 1   [ RunTime:0.0001s ]
SQL: SELECT `schedule2` FROM `user` WHERE `user_id` = 13 LIMIT 1   [ RunTime:0.0001s ]
SQL: SELECT `ksting` FROM `user` WHERE `user_id` = 13 LIMIT 1   [ RunTime:0.0001s ]
SQL: SELECT `examstatus` FROM `user` WHERE `user_id` = 13 LIMIT 1   [ RunTime:0.0001s ]
INFO: [ view_parse ] --START--
INFO: [ template_filter ] --START--
INFO: Run Behavior\ContentReplaceBehavior [ RunTime:0.000082s ]
INFO: [ template_filter ] --END-- [ RunTime:0.000106s ]
INFO: Run Behavior\ParseTemplateBehavior [ RunTime:0.005665s ]
INFO: [ view_parse ] --END-- [ RunTime:0.005690s ]
INFO: [ view_filter ] --START--
INFO: Run Behavior\WriteHtmlCacheBehavior [ RunTime:0.000339s ]
INFO: [ view_filter ] --END-- [ RunTime:0.000359s ]
INFO: [ app_end ] --START--
INFO: Run Behavior\ShowPageTraceBehavior [ RunTime:0.000522s ]
INFO: [ app_end ] --END-- [ RunTime:0.000545s ]

[ 2018-10-16T10:14:53+08:00 ] ::1 /gt/study
INFO: [ app_init ] --START--
INFO: Run Behavior\BuildLiteBehavior [ RunTime:0.000009s ]
INFO: [ app_init ] --END-- [ RunTime:0.000299s ]
INFO: [ app_begin ] --START--
INFO: Run Behavior\ReadHtmlCacheBehavior [ RunTime:0.000500s ]
INFO: [ app_begin ] --END-- [ RunTime:0.000526s ]
SQL: SHOW COLUMNS FROM `studystatus` [ RunTime:0.0031s ]
SQL: SELECT `m_n1` FROM `studystatus` WHERE ( user_id=13 ) LIMIT 1   [ RunTime:0.0005s ]
SQL: SELECT `m_n2` FROM `studystatus` WHERE ( user_id=13 ) LIMIT 1   [ RunTime:0.0004s ]
SQL: SHOW COLUMNS FROM `hall1` [ RunTime:0.0031s ]
SQL: SELECT * FROM `hall1`  [ RunTime:0.0002s ]
NOTIC: [8] Undefined variable: hallimg1 D:\123\htdocs\gt\Application\Home\Controller\ExamController.class.php 第 177 行.
NOTIC: [8] Undefined variable: hall1mp3 D:\123\htdocs\gt\Application\Home\Controller\ExamController.class.php 第 181 行.
SQL: SHOW COLUMNS FROM `hall2` [ RunTime:0.0027s ]
SQL: SELECT * FROM `hall2`  [ RunTime:0.0003s ]
NOTIC: [8] Undefined variable: hallimg2 D:\123\htdocs\gt\Application\Home\Controller\ExamController.class.php 第 199 行.
NOTIC: [8] Undefined variable: hall2mp3 D:\123\htdocs\gt\Application\Home\Controller\ExamController.class.php 第 203 行.
SQL: SHOW COLUMNS FROM `hallimg` [ RunTime:0.0026s ]
SQL: SELECT * FROM `hallimg`  [ RunTime:0.0002s ]
INFO: [ view_parse ] --START--
INFO: [ template_filter ] --START--
INFO: Run Behavior\ContentReplaceBehavior [ RunTime:0.000085s ]
INFO: [ template_filter ] --END-- [ RunTime:0.000115s ]
INFO: Run Behavior\ParseTemplateBehavior [ RunTime:0.005931s ]
INFO: [ view_parse ] --END-- [ RunTime:0.005956s ]
INFO: [ view_filter ] --START--
INFO: Run Behavior\WriteHtmlCacheBehavior [ RunTime:0.000352s ]
INFO: [ view_filter ] --END-- [ RunTime:0.000371s ]
INFO: [ app_end ] --START--
INFO: Run Behavior\ShowPageTraceBehavior [ RunTime:0.000543s ]
INFO: [ app_end ] --END-- [ RunTime:0.000574s ]

[ 2018-10-16T10:14:53+08:00 ] ::1 /gt/study
INFO: [ app_init ] --START--
INFO: Run Behavior\BuildLiteBehavior [ RunTime:0.000009s ]
INFO: [ app_init ] --END-- [ RunTime:0.000314s ]
INFO: [ app_begin ] --START--
INFO: Run Behavior\ReadHtmlCacheBehavior [ RunTime:0.000511s ]
INFO: [ app_begin ] --END-- [ RunTime:0.000536s ]
SQL: SHOW COLUMNS FROM `studystatus` [ RunTime:0.0084s ]
SQL: SELECT `m_n1` FROM `studystatus` WHERE ( user_id=13 ) LIMIT 1   [ RunTime:0.0005s ]
SQL: SELECT `m_n2` FROM `studystatus` WHERE ( user_id=13 ) LIMIT 1   [ RunTime:0.0003s ]
SQL: SHOW COLUMNS FROM `hall1` [ RunTime:0.0038s ]
SQL: SELECT * FROM `hall1`  [ RunTime:0.0003s ]
NOTIC: [8] Undefined variable: hallimg1 D:\123\htdocs\gt\Application\Home\Controller\ExamController.class.php 第 177 行.
NOTIC: [8] Undefined variable: hall1mp3 D:\123\htdocs\gt\Application\Home\Controller\ExamController.class.php 第 181 行.
SQL: SHOW COLUMNS FROM `hall2` [ RunTime:0.0036s ]
SQL: SELECT * FROM `hall2`  [ RunTime:0.0004s ]
NOTIC: [8] Undefined variable: hallimg2 D:\123\htdocs\gt\Application\Home\Controller\ExamController.class.php 第 199 行.
NOTIC: [8] Undefined variable: hall2mp3 D:\123\htdocs\gt\Application\Home\Controller\ExamController.class.php 第 203 行.
SQL: SHOW COLUMNS FROM `hallimg` [ RunTime:0.0047s ]
SQL: SELECT * FROM `hallimg`  [ RunTime:0.0007s ]
INFO: [ view_parse ] --START--
INFO: [ template_filter ] --START--
INFO: Run Behavior\ContentReplaceBehavior [ RunTime:0.000122s ]
INFO: [ template_filter ] --END-- [ RunTime:0.000175s ]
INFO: Run Behavior\ParseTemplateBehavior [ RunTime:0.012606s ]
INFO: [ view_parse ] --END-- [ RunTime:0.012703s ]
INFO: [ view_filter ] --START--
INFO: Run Behavior\WriteHtmlCacheBehavior [ RunTime:0.000694s ]
INFO: [ view_filter ] --END-- [ RunTime:0.000730s ]
INFO: [ app_end ] --START--
INFO: Run Behavior\ShowPageTraceBehavior [ RunTime:0.000973s ]
INFO: [ app_end ] --END-- [ RunTime:0.001043s ]

[ 2018-10-16T10:16:24+08:00 ] ::1 /gt/study
INFO: [ app_init ] --START--
INFO: Run Behavior\BuildLiteBehavior [ RunTime:0.000013s ]
INFO: [ app_init ] --END-- [ RunTime:0.000509s ]
INFO: [ app_begin ] --START--
INFO: Run Behavior\ReadHtmlCacheBehavior [ RunTime:0.000879s ]
INFO: [ app_begin ] --END-- [ RunTime:0.000921s ]
SQL: SHOW COLUMNS FROM `studystatus` [ RunTime:0.0036s ]
SQL: SELECT `m_n1` FROM `studystatus` WHERE ( user_id=13 ) LIMIT 1   [ RunTime:0.0004s ]
SQL: SELECT `m_n2` FROM `studystatus` WHERE ( user_id=13 ) LIMIT 1   [ RunTime:0.0002s ]
SQL: SHOW COLUMNS FROM `hall1` [ RunTime:0.0030s ]
SQL: SELECT * FROM `hall1`  [ RunTime:0.0002s ]
NOTIC: [8] Undefined variable: hallimg1 D:\123\htdocs\gt\Application\Home\Controller\ExamController.class.php 第 177 行.
NOTIC: [8] Undefined variable: hall1mp3 D:\123\htdocs\gt\Application\Home\Controller\ExamController.class.php 第 181 行.
SQL: SHOW COLUMNS FROM `hall2` [ RunTime:0.0028s ]
SQL: SELECT * FROM `hall2`  [ RunTime:0.0003s ]
NOTIC: [8] Undefined variable: hallimg2 D:\123\htdocs\gt\Application\Home\Controller\ExamController.class.php 第 199 行.
NOTIC: [8] Undefined variable: hall2mp3 D:\123\htdocs\gt\Application\Home\Controller\ExamController.class.php 第 203 行.
SQL: SHOW COLUMNS FROM `hallimg` [ RunTime:0.0027s ]
SQL: SELECT * FROM `hallimg`  [ RunTime:0.0002s ]
INFO: [ view_parse ] --START--
INFO: [ template_filter ] --START--
INFO: Run Behavior\ContentReplaceBehavior [ RunTime:0.000087s ]
INFO: [ template_filter ] --END-- [ RunTime:0.000115s ]
INFO: Run Behavior\ParseTemplateBehavior [ RunTime:0.005426s ]
INFO: [ view_parse ] --END-- [ RunTime:0.005452s ]
INFO: [ view_filter ] --START--
INFO: Run Behavior\WriteHtmlCacheBehavior [ RunTime:0.000370s ]
INFO: [ view_filter ] --END-- [ RunTime:0.000392s ]
INFO: [ app_end ] --START--
INFO: Run Behavior\ShowPageTraceBehavior [ RunTime:0.000784s ]
INFO: [ app_end ] --END-- [ RunTime:0.000818s ]

[ 2018-10-16T10:16:25+08:00 ] ::1 /gt/study
INFO: [ app_init ] --START--
INFO: Run Behavior\BuildLiteBehavior [ RunTime:0.000011s ]
INFO: [ app_init ] --END-- [ RunTime:0.000289s ]
INFO: [ app_begin ] --START--
INFO: Run Behavior\ReadHtmlCacheBehavior [ RunTime:0.000852s ]
INFO: [ app_begin ] --END-- [ RunTime:0.000895s ]
SQL: SHOW COLUMNS FROM `studystatus` [ RunTime:0.0097s ]
SQL: SELECT `m_n1` FROM `studystatus` WHERE ( user_id=13 ) LIMIT 1   [ RunTime:0.0005s ]
SQL: SELECT `m_n2` FROM `studystatus` WHERE ( user_id=13 ) LIMIT 1   [ RunTime:0.0002s ]
SQL: SHOW COLUMNS FROM `hall1` [ RunTime:0.0050s ]
SQL: SELECT * FROM `hall1`  [ RunTime:0.0004s ]
NOTIC: [8] Undefined variable: hallimg1 D:\123\htdocs\gt\Application\Home\Controller\ExamController.class.php 第 177 行.
NOTIC: [8] Undefined variable: hall1mp3 D:\123\htdocs\gt\Application\Home\Controller\ExamController.class.php 第 181 行.
SQL: SHOW COLUMNS FROM `hall2` [ RunTime:0.0035s ]
SQL: SELECT * FROM `hall2`  [ RunTime:0.0006s ]
NOTIC: [8] Undefined variable: hallimg2 D:\123\htdocs\gt\Application\Home\Controller\ExamController.class.php 第 199 行.
NOTIC: [8] Undefined variable: hall2mp3 D:\123\htdocs\gt\Application\Home\Controller\ExamController.class.php 第 203 行.
SQL: SHOW COLUMNS FROM `hallimg` [ RunTime:0.0046s ]
SQL: SELECT * FROM `hallimg`  [ RunTime:0.0005s ]
INFO: [ view_parse ] --START--
INFO: [ template_filter ] --START--
INFO: Run Behavior\ContentReplaceBehavior [ RunTime:0.000121s ]
INFO: [ template_filter ] --END-- [ RunTime:0.000173s ]
INFO: Run Behavior\ParseTemplateBehavior [ RunTime:0.008422s ]
INFO: [ view_parse ] --END-- [ RunTime:0.008488s ]
INFO: [ view_filter ] --START--
INFO: Run Behavior\WriteHtmlCacheBehavior [ RunTime:0.000696s ]
INFO: [ view_filter ] --END-- [ RunTime:0.000742s ]
INFO: [ app_end ] --START--
INFO: Run Behavior\ShowPageTraceBehavior [ RunTime:0.000869s ]
INFO: [ app_end ] --END-- [ RunTime:0.000924s ]

[ 2018-10-16T10:16:28+08:00 ] ::1 /gt/index.html?v=back
INFO: [ app_init ] --START--
INFO: Run Behavior\BuildLiteBehavior [ RunTime:0.000013s ]
INFO: [ app_init ] --END-- [ RunTime:0.000371s ]
INFO: [ app_begin ] --START--
INFO: Run Behavior\ReadHtmlCacheBehavior [ RunTime:0.000559s ]
INFO: [ app_begin ] --END-- [ RunTime:0.000592s ]
SQL: SHOW COLUMNS FROM `studystatus` [ RunTime:0.0031s ]
SQL: SHOW COLUMNS FROM `exam` [ RunTime:0.0026s ]
SQL: SHOW COLUMNS FROM `user` [ RunTime:0.0027s ]
SQL: SELECT `mission` FROM `user` WHERE `user_id` = 13 LIMIT 1   [ RunTime:0.0002s ]
SQL: SELECT `mission2` FROM `user` WHERE `user_id` = 13 LIMIT 1   [ RunTime:0.0001s ]
SQL: SELECT `schedule` FROM `user` WHERE `user_id` = 13 LIMIT 1   [ RunTime:0.0001s ]
SQL: SELECT `xxting` FROM `user` WHERE `user_id` = 13 LIMIT 1   [ RunTime:0.0001s ]
SQL: SELECT `m_n1` FROM `studystatus` WHERE `user_id` = 13 LIMIT 1   [ RunTime:0.0001s ]
SQL: SELECT `m_n2` FROM `studystatus` WHERE `user_id` = 13 LIMIT 1   [ RunTime:0.0001s ]

[ 2018-10-16T10:16:47+08:00 ] ::1 /gt/index.html?v=back
INFO: [ app_init ] --START--
INFO: Run Behavior\BuildLiteBehavior [ RunTime:0.000009s ]
INFO: [ app_init ] --END-- [ RunTime:0.000268s ]
INFO: [ app_begin ] --START--
INFO: Run Behavior\ReadHtmlCacheBehavior [ RunTime:0.000448s ]
INFO: [ app_begin ] --END-- [ RunTime:0.000476s ]
SQL: SHOW COLUMNS FROM `studystatus` [ RunTime:0.0028s ]
SQL: SHOW COLUMNS FROM `exam` [ RunTime:0.0024s ]
SQL: SHOW COLUMNS FROM `user` [ RunTime:0.0026s ]
SQL: SELECT `mission` FROM `user` WHERE `user_id` = 13 LIMIT 1   [ RunTime:0.0002s ]
SQL: SELECT `mission2` FROM `user` WHERE `user_id` = 13 LIMIT 1   [ RunTime:0.0001s ]
SQL: SELECT `schedule` FROM `user` WHERE `user_id` = 13 LIMIT 1   [ RunTime:0.0001s ]
SQL: SELECT `xxting` FROM `user` WHERE `user_id` = 13 LIMIT 1   [ RunTime:0.0001s ]
SQL: SELECT `m_n1` FROM `studystatus` WHERE `user_id` = 13 LIMIT 1   [ RunTime:0.0001s ]
SQL: SELECT `m_n2` FROM `studystatus` WHERE `user_id` = 13 LIMIT 1   [ RunTime:0.0001s ]

[ 2018-10-16T10:16:59+08:00 ] ::1 /gt/index.html?v=back
INFO: [ app_init ] --START--
INFO: Run Behavior\BuildLiteBehavior [ RunTime:0.000015s ]
INFO: [ app_init ] --END-- [ RunTime:0.000499s ]
INFO: [ app_begin ] --START--
INFO: Run Behavior\ReadHtmlCacheBehavior [ RunTime:0.000559s ]
INFO: [ app_begin ] --END-- [ RunTime:0.000591s ]
SQL: SHOW COLUMNS FROM `studystatus` [ RunTime:0.0027s ]
SQL: SHOW COLUMNS FROM `exam` [ RunTime:0.0029s ]
SQL: SHOW COLUMNS FROM `user` [ RunTime:0.0031s ]
SQL: SELECT `mission` FROM `user` WHERE `user_id` = 13 LIMIT 1   [ RunTime:0.0004s ]
SQL: SELECT `mission2` FROM `user` WHERE `user_id` = 13 LIMIT 1   [ RunTime:0.0002s ]
SQL: SELECT `schedule` FROM `user` WHERE `user_id` = 13 LIMIT 1   [ RunTime:0.0001s ]
SQL: SELECT `xxting` FROM `user` WHERE `user_id` = 13 LIMIT 1   [ RunTime:0.0001s ]
SQL: SELECT `m_n1` FROM `studystatus` WHERE `user_id` = 13 LIMIT 1   [ RunTime:0.0001s ]
SQL: SELECT `m_n2` FROM `studystatus` WHERE `user_id` = 13 LIMIT 1   [ RunTime:0.0001s ]
SQL: SELECT `schedule2` FROM `user` WHERE `user_id` = 13 LIMIT 1   [ RunTime:0.0001s ]
SQL: SELECT `ksting` FROM `user` WHERE `user_id` = 13 LIMIT 1   [ RunTime:0.0001s ]
SQL: SELECT `examstatus` FROM `user` WHERE `user_id` = 13 LIMIT 1   [ RunTime:0.0001s ]
INFO: [ view_parse ] --START--
INFO: [ template_filter ] --START--
INFO: Run Behavior\ContentReplaceBehavior [ RunTime:0.000107s ]
INFO: [ template_filter ] --END-- [ RunTime:0.000144s ]
INFO: Run Behavior\ParseTemplateBehavior [ RunTime:0.005914s ]
INFO: [ view_parse ] --END-- [ RunTime:0.005945s ]
INFO: [ view_filter ] --START--
INFO: Run Behavior\WriteHtmlCacheBehavior [ RunTime:0.000353s ]
INFO: [ view_filter ] --END-- [ RunTime:0.000373s ]
INFO: [ app_end ] --START--
INFO: Run Behavior\ShowPageTraceBehavior [ RunTime:0.000540s ]
INFO: [ app_end ] --END-- [ RunTime:0.000563s ]

[ 2018-10-16T10:17:31+08:00 ] ::1 /gt/index.html?v=back
INFO: [ app_init ] --START--
INFO: Run Behavior\BuildLiteBehavior [ RunTime:0.000018s ]
INFO: [ app_init ] --END-- [ RunTime:0.000665s ]
INFO: [ app_begin ] --START--
INFO: Run Behavior\ReadHtmlCacheBehavior [ RunTime:0.000539s ]
INFO: [ app_begin ] --END-- [ RunTime:0.000568s ]
SQL: SHOW COLUMNS FROM `studystatus` [ RunTime:0.0027s ]
SQL: SHOW COLUMNS FROM `exam` [ RunTime:0.0027s ]
SQL: SHOW COLUMNS FROM `user` [ RunTime:0.0027s ]
SQL: SELECT `mission` FROM `user` WHERE `user_id` = 13 LIMIT 1   [ RunTime:0.0002s ]
SQL: SELECT `mission2` FROM `user` WHERE `user_id` = 13 LIMIT 1   [ RunTime:0.0001s ]
SQL: SELECT `schedule` FROM `user` WHERE `user_id` = 13 LIMIT 1   [ RunTime:0.0001s ]
SQL: SELECT `xxting` FROM `user` WHERE `user_id` = 13 LIMIT 1   [ RunTime:0.0001s ]
SQL: SELECT `m_n1` FROM `studystatus` WHERE `user_id` = 13 LIMIT 1   [ RunTime:0.0001s ]
SQL: SELECT `m_n2` FROM `studystatus` WHERE `user_id` = 13 LIMIT 1   [ RunTime:0.0001s ]
SQL: SELECT `schedule2` FROM `user` WHERE `user_id` = 13 LIMIT 1   [ RunTime:0.0001s ]
SQL: SELECT `ksting` FROM `user` WHERE `user_id` = 13 LIMIT 1   [ RunTime:0.0001s ]
SQL: SELECT `examstatus` FROM `user` WHERE `user_id` = 13 LIMIT 1   [ RunTime:0.0001s ]
INFO: [ view_parse ] --START--
INFO: [ template_filter ] --START--
INFO: Run Behavior\ContentReplaceBehavior [ RunTime:0.000080s ]
INFO: [ template_filter ] --END-- [ RunTime:0.000104s ]
INFO: Run Behavior\ParseTemplateBehavior [ RunTime:0.005629s ]
INFO: [ view_parse ] --END-- [ RunTime:0.005654s ]
INFO: [ view_filter ] --START--
INFO: Run Behavior\WriteHtmlCacheBehavior [ RunTime:0.000333s ]
INFO: [ view_filter ] --END-- [ RunTime:0.000352s ]
INFO: [ app_end ] --START--
INFO: Run Behavior\ShowPageTraceBehavior [ RunTime:0.000529s ]
INFO: [ app_end ] --END-- [ RunTime:0.000551s ]

[ 2018-10-16T10:17:33+08:00 ] ::1 /gt/study
INFO: [ app_init ] --START--
INFO: Run Behavior\BuildLiteBehavior [ RunTime:0.000014s ]
INFO: [ app_init ] --END-- [ RunTime:0.000374s ]
INFO: [ app_begin ] --START--
INFO: Run Behavior\ReadHtmlCacheBehavior [ RunTime:0.000428s ]
INFO: [ app_begin ] --END-- [ RunTime:0.000455s ]
SQL: SHOW COLUMNS FROM `studystatus` [ RunTime:0.0037s ]
SQL: SELECT `m_n1` FROM `studystatus` WHERE ( user_id=13 ) LIMIT 1   [ RunTime:0.0004s ]
SQL: SELECT `m_n2` FROM `studystatus` WHERE ( user_id=13 ) LIMIT 1   [ RunTime:0.0002s ]
SQL: SHOW COLUMNS FROM `hall1` [ RunTime:0.0028s ]
SQL: SELECT * FROM `hall1`  [ RunTime:0.0002s ]
NOTIC: [8] Undefined variable: hallimg1 D:\123\htdocs\gt\Application\Home\Controller\ExamController.class.php 第 177 行.
NOTIC: [8] Undefined variable: hall1mp3 D:\123\htdocs\gt\Application\Home\Controller\ExamController.class.php 第 181 行.
SQL: SHOW COLUMNS FROM `hall2` [ RunTime:0.0029s ]
SQL: SELECT * FROM `hall2`  [ RunTime:0.0002s ]
NOTIC: [8] Undefined variable: hallimg2 D:\123\htdocs\gt\Application\Home\Controller\ExamController.class.php 第 199 行.
NOTIC: [8] Undefined variable: hall2mp3 D:\123\htdocs\gt\Application\Home\Controller\ExamController.class.php 第 203 行.
SQL: SHOW COLUMNS FROM `hallimg` [ RunTime:0.0028s ]
SQL: SELECT * FROM `hallimg`  [ RunTime:0.0002s ]
INFO: [ view_parse ] --START--
INFO: [ template_filter ] --START--
INFO: Run Behavior\ContentReplaceBehavior [ RunTime:0.000091s ]
INFO: [ template_filter ] --END-- [ RunTime:0.000120s ]
INFO: Run Behavior\ParseTemplateBehavior [ RunTime:0.009576s ]
INFO: [ view_parse ] --END-- [ RunTime:0.009602s ]
INFO: [ view_filter ] --START--
INFO: Run Behavior\WriteHtmlCacheBehavior [ RunTime:0.000284s ]
INFO: [ view_filter ] --END-- [ RunTime:0.000305s ]
INFO: [ app_end ] --START--
INFO: Run Behavior\ShowPageTraceBehavior [ RunTime:0.000466s ]
INFO: [ app_end ] --END-- [ RunTime:0.000488s ]

[ 2018-10-16T10:17:34+08:00 ] ::1 /gt/study
INFO: [ app_init ] --START--
INFO: Run Behavior\BuildLiteBehavior [ RunTime:0.000011s ]
INFO: [ app_init ] --END-- [ RunTime:0.000332s ]
INFO: [ app_begin ] --START--
INFO: Run Behavior\ReadHtmlCacheBehavior [ RunTime:0.000468s ]
INFO: [ app_begin ] --END-- [ RunTime:0.000500s ]
SQL: SHOW COLUMNS FROM `studystatus` [ RunTime:0.0054s ]
SQL: SELECT `m_n1` FROM `studystatus` WHERE ( user_id=13 ) LIMIT 1   [ RunTime:0.0006s ]
SQL: SELECT `m_n2` FROM `studystatus` WHERE ( user_id=13 ) LIMIT 1   [ RunTime:0.0002s ]
SQL: SHOW COLUMNS FROM `hall1` [ RunTime:0.0042s ]
SQL: SELECT * FROM `hall1`  [ RunTime:0.0005s ]
NOTIC: [8] Undefined variable: hallimg1 D:\123\htdocs\gt\Application\Home\Controller\ExamController.class.php 第 177 行.
NOTIC: [8] Undefined variable: hall1mp3 D:\123\htdocs\gt\Application\Home\Controller\ExamController.class.php 第 181 行.
SQL: SHOW COLUMNS FROM `hall2` [ RunTime:0.0092s ]
SQL: SELECT * FROM `hall2`  [ RunTime:0.0045s ]
NOTIC: [8] Undefined variable: hallimg2 D:\123\htdocs\gt\Application\Home\Controller\ExamController.class.php 第 199 行.
NOTIC: [8] Undefined variable: hall2mp3 D:\123\htdocs\gt\Application\Home\Controller\ExamController.class.php 第 203 行.
SQL: SHOW COLUMNS FROM `hallimg` [ RunTime:0.0213s ]
SQL: SELECT * FROM `hallimg`  [ RunTime:0.0093s ]
INFO: [ view_parse ] --START--
INFO: [ template_filter ] --START--
INFO: Run Behavior\ContentReplaceBehavior [ RunTime:0.000137s ]
INFO: [ template_filter ] --END-- [ RunTime:0.000203s ]
INFO: Run Behavior\ParseTemplateBehavior [ RunTime:0.009390s ]
INFO: [ view_parse ] --END-- [ RunTime:0.009437s ]
INFO: [ view_filter ] --START--
INFO: Run Behavior\WriteHtmlCacheBehavior [ RunTime:0.000719s ]
INFO: [ view_filter ] --END-- [ RunTime:0.000768s ]
INFO: [ app_end ] --START--
INFO: Run Behavior\ShowPageTraceBehavior [ RunTime:0.001425s ]
INFO: [ app_end ] --END-- [ RunTime:0.001487s ]

[ 2018-10-16T10:17:37+08:00 ] ::1 /gt/index.html?v=back
INFO: [ app_init ] --START--
INFO: Run Behavior\BuildLiteBehavior [ RunTime:0.000008s ]
INFO: [ app_init ] --END-- [ RunTime:0.000286s ]
INFO: [ app_begin ] --START--
INFO: Run Behavior\ReadHtmlCacheBehavior [ RunTime:0.000462s ]
INFO: [ app_begin ] --END-- [ RunTime:0.000494s ]
SQL: SHOW COLUMNS FROM `studystatus` [ RunTime:0.0032s ]
SQL: SHOW COLUMNS FROM `exam` [ RunTime:0.0041s ]
SQL: SHOW COLUMNS FROM `user` [ RunTime:0.0036s ]
SQL: SELECT `mission` FROM `user` WHERE `user_id` = 13 LIMIT 1   [ RunTime:0.0002s ]
SQL: SELECT `mission2` FROM `user` WHERE `user_id` = 13 LIMIT 1   [ RunTime:0.0001s ]
SQL: SELECT `schedule` FROM `user` WHERE `user_id` = 13 LIMIT 1   [ RunTime:0.0001s ]
SQL: SELECT `xxting` FROM `user` WHERE `user_id` = 13 LIMIT 1   [ RunTime:0.0001s ]
SQL: SELECT `m_n1` FROM `studystatus` WHERE `user_id` = 13 LIMIT 1   [ RunTime:0.0001s ]
SQL: SELECT `m_n2` FROM `studystatus` WHERE `user_id` = 13 LIMIT 1   [ RunTime:0.0001s ]
SQL: SELECT `schedule2` FROM `user` WHERE `user_id` = 13 LIMIT 1   [ RunTime:0.0001s ]
SQL: SELECT `ksting` FROM `user` WHERE `user_id` = 13 LIMIT 1   [ RunTime:0.0001s ]
SQL: SELECT `examstatus` FROM `user` WHERE `user_id` = 13 LIMIT 1   [ RunTime:0.0001s ]
INFO: [ view_parse ] --START--
INFO: [ template_filter ] --START--
INFO: Run Behavior\ContentReplaceBehavior [ RunTime:0.000082s ]
INFO: [ template_filter ] --END-- [ RunTime:0.000109s ]
INFO: Run Behavior\ParseTemplateBehavior [ RunTime:0.005366s ]
INFO: [ view_parse ] --END-- [ RunTime:0.005391s ]
INFO: [ view_filter ] --START--
INFO: Run Behavior\WriteHtmlCacheBehavior [ RunTime:0.000279s ]
INFO: [ view_filter ] --END-- [ RunTime:0.000298s ]
INFO: [ app_end ] --START--
INFO: Run Behavior\ShowPageTraceBehavior [ RunTime:0.000471s ]
INFO: [ app_end ] --END-- [ RunTime:0.000495s ]

[ 2018-10-16T10:17:38+08:00 ] ::1 /gt/study
INFO: [ app_init ] --START--
INFO: Run Behavior\BuildLiteBehavior [ RunTime:0.000007s ]
INFO: [ app_init ] --END-- [ RunTime:0.000256s ]
INFO: [ app_begin ] --START--
INFO: Run Behavior\ReadHtmlCacheBehavior [ RunTime:0.000404s ]
INFO: [ app_begin ] --END-- [ RunTime:0.000428s ]
SQL: SHOW COLUMNS FROM `studystatus` [ RunTime:0.0028s ]
SQL: SELECT `m_n1` FROM `studystatus` WHERE ( user_id=13 ) LIMIT 1   [ RunTime:0.0004s ]
SQL: SELECT `m_n2` FROM `studystatus` WHERE ( user_id=13 ) LIMIT 1   [ RunTime:0.0002s ]
SQL: SHOW COLUMNS FROM `hall1` [ RunTime:0.0045s ]
SQL: SELECT * FROM `hall1`  [ RunTime:0.0004s ]
NOTIC: [8] Undefined variable: hallimg1 D:\123\htdocs\gt\Application\Home\Controller\ExamController.class.php 第 177 行.
NOTIC: [8] Undefined variable: hall1mp3 D:\123\htdocs\gt\Application\Home\Controller\ExamController.class.php 第 181 行.
SQL: SHOW COLUMNS FROM `hall2` [ RunTime:0.0028s ]
SQL: SELECT * FROM `hall2`  [ RunTime:0.0003s ]
NOTIC: [8] Undefined variable: hallimg2 D:\123\htdocs\gt\Application\Home\Controller\ExamController.class.php 第 199 行.
NOTIC: [8] Undefined variable: hall2mp3 D:\123\htdocs\gt\Application\Home\Controller\ExamController.class.php 第 203 行.
SQL: SHOW COLUMNS FROM `hallimg` [ RunTime:0.0025s ]
SQL: SELECT * FROM `hallimg`  [ RunTime:0.0002s ]
INFO: [ view_parse ] --START--
INFO: [ template_filter ] --START--
INFO: Run Behavior\ContentReplaceBehavior [ RunTime:0.000101s ]
INFO: [ template_filter ] --END-- [ RunTime:0.000144s ]
INFO: Run Behavior\ParseTemplateBehavior [ RunTime:0.005736s ]
INFO: [ view_parse ] --END-- [ RunTime:0.005794s ]
INFO: [ view_filter ] --START--
INFO: Run Behavior\WriteHtmlCacheBehavior [ RunTime:0.000333s ]
INFO: [ view_filter ] --END-- [ RunTime:0.000354s ]
INFO: [ app_end ] --START--
INFO: Run Behavior\ShowPageTraceBehavior [ RunTime:0.000479s ]
INFO: [ app_end ] --END-- [ RunTime:0.000502s ]

[ 2018-10-16T10:17:39+08:00 ] ::1 /gt/study
INFO: [ app_init ] --START--
INFO: Run Behavior\BuildLiteBehavior [ RunTime:0.000016s ]
INFO: [ app_init ] --END-- [ RunTime:0.000305s ]
INFO: [ app_begin ] --START--
INFO: Run Behavior\ReadHtmlCacheBehavior [ RunTime:0.000716s ]
INFO: [ app_begin ] --END-- [ RunTime:0.000757s ]
SQL: SHOW COLUMNS FROM `studystatus` [ RunTime:0.0056s ]
SQL: SELECT `m_n1` FROM `studystatus` WHERE ( user_id=13 ) LIMIT 1   [ RunTime:0.0010s ]
SQL: SELECT `m_n2` FROM `studystatus` WHERE ( user_id=13 ) LIMIT 1   [ RunTime:0.0005s ]
SQL: SHOW COLUMNS FROM `hall1` [ RunTime:0.0048s ]
SQL: SELECT * FROM `hall1`  [ RunTime:0.0003s ]
NOTIC: [8] Undefined variable: hallimg1 D:\123\htdocs\gt\Application\Home\Controller\ExamController.class.php 第 177 行.
NOTIC: [8] Undefined variable: hall1mp3 D:\123\htdocs\gt\Application\Home\Controller\ExamController.class.php 第 181 行.
SQL: SHOW COLUMNS FROM `hall2` [ RunTime:0.0042s ]
SQL: SELECT * FROM `hall2`  [ RunTime:0.0007s ]
NOTIC: [8] Undefined variable: hallimg2 D:\123\htdocs\gt\Application\Home\Controller\ExamController.class.php 第 199 行.
NOTIC: [8] Undefined variable: hall2mp3 D:\123\htdocs\gt\Application\Home\Controller\ExamController.class.php 第 203 行.
SQL: SHOW COLUMNS FROM `hallimg` [ RunTime:0.0062s ]
SQL: SELECT * FROM `hallimg`  [ RunTime:0.0006s ]
INFO: [ view_parse ] --START--
INFO: [ template_filter ] --START--
INFO: Run Behavior\ContentReplaceBehavior [ RunTime:0.000114s ]
INFO: [ template_filter ] --END-- [ RunTime:0.000153s ]
INFO: Run Behavior\ParseTemplateBehavior [ RunTime:0.008321s ]
INFO: [ view_parse ] --END-- [ RunTime:0.008359s ]
INFO: [ view_filter ] --START--
INFO: Run Behavior\WriteHtmlCacheBehavior [ RunTime:0.000381s ]
INFO: [ view_filter ] --END-- [ RunTime:0.000404s ]
INFO: [ app_end ] --START--
INFO: Run Behavior\ShowPageTraceBehavior [ RunTime:0.000537s ]
INFO: [ app_end ] --END-- [ RunTime:0.000557s ]

[ 2018-10-16T10:17:43+08:00 ] ::1 /gt/index.html?v=back
INFO: [ app_init ] --START--
INFO: Run Behavior\BuildLiteBehavior [ RunTime:0.000010s ]
INFO: [ app_init ] --END-- [ RunTime:0.000281s ]
INFO: [ app_begin ] --START--
INFO: Run Behavior\ReadHtmlCacheBehavior [ RunTime:0.000453s ]
INFO: [ app_begin ] --END-- [ RunTime:0.000483s ]
SQL: SHOW COLUMNS FROM `studystatus` [ RunTime:0.0030s ]
SQL: SHOW COLUMNS FROM `exam` [ RunTime:0.0028s ]
SQL: SHOW COLUMNS FROM `user` [ RunTime:0.0037s ]
SQL: SELECT `mission` FROM `user` WHERE `user_id` = 13 LIMIT 1   [ RunTime:0.0003s ]
SQL: SELECT `mission2` FROM `user` WHERE `user_id` = 13 LIMIT 1   [ RunTime:0.0001s ]
SQL: SELECT `schedule` FROM `user` WHERE `user_id` = 13 LIMIT 1   [ RunTime:0.0001s ]
SQL: SELECT `xxting` FROM `user` WHERE `user_id` = 13 LIMIT 1   [ RunTime:0.0001s ]
SQL: SELECT `m_n1` FROM `studystatus` WHERE `user_id` = 13 LIMIT 1   [ RunTime:0.0002s ]
SQL: SELECT `m_n2` FROM `studystatus` WHERE `user_id` = 13 LIMIT 1   [ RunTime:0.0001s ]
SQL: SELECT `schedule2` FROM `user` WHERE `user_id` = 13 LIMIT 1   [ RunTime:0.0001s ]
SQL: SELECT `ksting` FROM `user` WHERE `user_id` = 13 LIMIT 1   [ RunTime:0.0001s ]
SQL: SELECT `examstatus` FROM `user` WHERE `user_id` = 13 LIMIT 1   [ RunTime:0.0001s ]
INFO: [ view_parse ] --START--
INFO: [ template_filter ] --START--
INFO: Run Behavior\ContentReplaceBehavior [ RunTime:0.000082s ]
INFO: [ template_filter ] --END-- [ RunTime:0.000108s ]
INFO: Run Behavior\ParseTemplateBehavior [ RunTime:0.005424s ]
INFO: [ view_parse ] --END-- [ RunTime:0.005449s ]
INFO: [ view_filter ] --START--
INFO: Run Behavior\WriteHtmlCacheBehavior [ RunTime:0.000271s ]
INFO: [ view_filter ] --END-- [ RunTime:0.000290s ]
INFO: [ app_end ] --START--
INFO: Run Behavior\ShowPageTraceBehavior [ RunTime:0.000458s ]
INFO: [ app_end ] --END-- [ RunTime:0.000480s ]

[ 2018-10-16T10:17:45+08:00 ] ::1 /gt/exam
INFO: [ app_init ] --START--
INFO: Run Behavior\BuildLiteBehavior [ RunTime:0.000008s ]
INFO: [ app_init ] --END-- [ RunTime:0.000256s ]
INFO: [ app_begin ] --START--
INFO: Run Behavior\ReadHtmlCacheBehavior [ RunTime:0.000432s ]
INFO: [ app_begin ] --END-- [ RunTime:0.000460s ]
SQL: SHOW COLUMNS FROM `user` [ RunTime:0.0047s ]
SQL: SELECT `user_img` FROM `user` WHERE `user_id` = 13 LIMIT 1   [ RunTime:0.0003s ]
SQL: SELECT `ting1img` FROM `user` WHERE `user_id` = 13 LIMIT 1   [ RunTime:0.0001s ]
SQL: SELECT `ting2img` FROM `user` WHERE `user_id` = 13 LIMIT 1   [ RunTime:0.0001s ]
SQL: SELECT `examstatus` FROM `user` WHERE `user_id` = 13 LIMIT 1   [ RunTime:0.0001s ]
SQL: SHOW COLUMNS FROM `hall1` [ RunTime:0.0030s ]
SQL: SELECT * FROM `hall1`  [ RunTime:0.0002s ]
NOTIC: [8] Undefined variable: hallimg1 D:\123\htdocs\gt\Application\Home\Controller\ExamController.class.php 第 177 行.
NOTIC: [8] Undefined variable: hall1mp3 D:\123\htdocs\gt\Application\Home\Controller\ExamController.class.php 第 181 行.
SQL: SHOW COLUMNS FROM `hall2` [ RunTime:0.0025s ]
SQL: SELECT * FROM `hall2`  [ RunTime:0.0002s ]
NOTIC: [8] Undefined variable: hallimg2 D:\123\htdocs\gt\Application\Home\Controller\ExamController.class.php 第 199 行.
NOTIC: [8] Undefined variable: hall2mp3 D:\123\htdocs\gt\Application\Home\Controller\ExamController.class.php 第 203 行.
SQL: SHOW COLUMNS FROM `hallimg` [ RunTime:0.0027s ]
SQL: SELECT * FROM `hallimg`  [ RunTime:0.0004s ]
SQL: SHOW COLUMNS FROM `exam` [ RunTime:0.0033s ]
SQL: SELECT `tm_n1` FROM `exam` WHERE ( user_id=13 ) LIMIT 1   [ RunTime:0.0002s ]
SQL: SELECT `tm_n2` FROM `exam` WHERE ( user_id=13 ) LIMIT 1   [ RunTime:0.0001s ]
SQL: SHOW COLUMNS FROM `judge` [ RunTime:0.0025s ]
SQL: SELECT * FROM `judge`  [ RunTime:0.0002s ]
SQL: SHOW COLUMNS FROM `choice` [ RunTime:0.0025s ]
SQL: SELECT * FROM `choice`  [ RunTime:0.0002s ]
INFO: [ view_parse ] --START--
INFO: [ template_filter ] --START--
INFO: Run Behavior\ContentReplaceBehavior [ RunTime:0.000134s ]
INFO: [ template_filter ] --END-- [ RunTime:0.000165s ]
NOTIC: [8] Undefined index: choice_true D:\123\htdocs\gt\Application\Runtime\Cache\Home\d750603422ebf58b034b899f4ea0ac02.php 第 338 行.
NOTIC: [8] Undefined index: choice_content D:\123\htdocs\gt\Application\Runtime\Cache\Home\d750603422ebf58b034b899f4ea0ac02.php 第 346 行.
NOTIC: [8] Undefined index: choice_a D:\123\htdocs\gt\Application\Runtime\Cache\Home\d750603422ebf58b034b899f4ea0ac02.php 第 349 行.
NOTIC: [8] Undefined index: choice_b D:\123\htdocs\gt\Application\Runtime\Cache\Home\d750603422ebf58b034b899f4ea0ac02.php 第 350 行.
NOTIC: [8] Undefined index: choice_c D:\123\htdocs\gt\Application\Runtime\Cache\Home\d750603422ebf58b034b899f4ea0ac02.php 第 351 行.
NOTIC: [8] Undefined index: judge_true D:\123\htdocs\gt\Application\Runtime\Cache\Home\d750603422ebf58b034b899f4ea0ac02.php 第 373 行.
NOTIC: [8] Undefined index: judge_content D:\123\htdocs\gt\Application\Runtime\Cache\Home\d750603422ebf58b034b899f4ea0ac02.php 第 392 行.
INFO: Run Behavior\ParseTemplateBehavior [ RunTime:0.011200s ]
INFO: [ view_parse ] --END-- [ RunTime:0.011234s ]
INFO: [ view_filter ] --START--
INFO: Run Behavior\WriteHtmlCacheBehavior [ RunTime:0.000290s ]
INFO: [ view_filter ] --END-- [ RunTime:0.000310s ]
INFO: [ app_end ] --START--
INFO: Run Behavior\ShowPageTraceBehavior [ RunTime:0.000464s ]
INFO: [ app_end ] --END-- [ RunTime:0.000489s ]

[ 2018-10-16T10:17:45+08:00 ] ::1 /gt/exam
INFO: [ app_init ] --START--
INFO: Run Behavior\BuildLiteBehavior [ RunTime:0.000013s ]
INFO: [ app_init ] --END-- [ RunTime:0.000388s ]
INFO: [ app_begin ] --START--
INFO: Run Behavior\ReadHtmlCacheBehavior [ RunTime:0.000669s ]
INFO: [ app_begin ] --END-- [ RunTime:0.000715s ]
SQL: SHOW COLUMNS FROM `user` [ RunTime:0.0112s ]
SQL: SELECT `user_img` FROM `user` WHERE `user_id` = 13 LIMIT 1   [ RunTime:0.0020s ]
SQL: SELECT `ting1img` FROM `user` WHERE `user_id` = 13 LIMIT 1   [ RunTime:0.0004s ]
SQL: SELECT `ting2img` FROM `user` WHERE `user_id` = 13 LIMIT 1   [ RunTime:0.0003s ]
SQL: SELECT `examstatus` FROM `user` WHERE `user_id` = 13 LIMIT 1   [ RunTime:0.0003s ]
SQL: SHOW COLUMNS FROM `hall1` [ RunTime:0.0052s ]
SQL: SELECT * FROM `hall1`  [ RunTime:0.0005s ]
NOTIC: [8] Undefined variable: hallimg1 D:\123\htdocs\gt\Application\Home\Controller\ExamController.class.php 第 177 行.
NOTIC: [8] Undefined variable: hall1mp3 D:\123\htdocs\gt\Application\Home\Controller\ExamController.class.php 第 181 行.
SQL: SHOW COLUMNS FROM `hall2` [ RunTime:0.0258s ]
SQL: SELECT * FROM `hall2`  [ RunTime:0.0004s ]
NOTIC: [8] Undefined variable: hallimg2 D:\123\htdocs\gt\Application\Home\Controller\ExamController.class.php 第 199 行.
NOTIC: [8] Undefined variable: hall2mp3 D:\123\htdocs\gt\Application\Home\Controller\ExamController.class.php 第 203 行.
SQL: SHOW COLUMNS FROM `hallimg` [ RunTime:0.0045s ]
SQL: SELECT * FROM `hallimg`  [ RunTime:0.0004s ]
SQL: SHOW COLUMNS FROM `exam` [ RunTime:0.0270s ]
SQL: SELECT `tm_n1` FROM `exam` WHERE ( user_id=13 ) LIMIT 1   [ RunTime:0.0005s ]
SQL: SELECT `tm_n2` FROM `exam` WHERE ( user_id=13 ) LIMIT 1   [ RunTime:0.0002s ]
SQL: SHOW COLUMNS FROM `judge` [ RunTime:0.0042s ]
SQL: SELECT * FROM `judge`  [ RunTime:0.0004s ]
SQL: SHOW COLUMNS FROM `choice` [ RunTime:0.0050s ]
SQL: SELECT * FROM `choice`  [ RunTime:0.0006s ]
INFO: [ view_parse ] --START--
INFO: [ template_filter ] --START--
INFO: Run Behavior\ContentReplaceBehavior [ RunTime:0.000204s ]
INFO: [ template_filter ] --END-- [ RunTime:0.000258s ]
NOTIC: [8] Undefined index: choice_true D:\123\htdocs\gt\Application\Runtime\Cache\Home\d750603422ebf58b034b899f4ea0ac02.php 第 338 行.
NOTIC: [8] Undefined index: choice_content D:\123\htdocs\gt\Application\Runtime\Cache\Home\d750603422ebf58b034b899f4ea0ac02.php 第 346 行.
NOTIC: [8] Undefined index: choice_a D:\123\htdocs\gt\Application\Runtime\Cache\Home\d750603422ebf58b034b899f4ea0ac02.php 第 349 行.
NOTIC: [8] Undefined index: choice_b D:\123\htdocs\gt\Application\Runtime\Cache\Home\d750603422ebf58b034b899f4ea0ac02.php 第 350 行.
NOTIC: [8] Undefined index: choice_c D:\123\htdocs\gt\Application\Runtime\Cache\Home\d750603422ebf58b034b899f4ea0ac02.php 第 351 行.
NOTIC: [8] Undefined index: judge_true D:\123\htdocs\gt\Application\Runtime\Cache\Home\d750603422ebf58b034b899f4ea0ac02.php 第 373 行.
NOTIC: [8] Undefined index: judge_content D:\123\htdocs\gt\Application\Runtime\Cache\Home\d750603422ebf58b034b899f4ea0ac02.php 第 392 行.
INFO: Run Behavior\ParseTemplateBehavior [ RunTime:0.011330s ]
INFO: [ view_parse ] --END-- [ RunTime:0.011400s ]
INFO: [ view_filter ] --START--
INFO: Run Behavior\WriteHtmlCacheBehavior [ RunTime:0.000718s ]
INFO: [ view_filter ] --END-- [ RunTime:0.000760s ]
INFO: [ app_end ] --START--
INFO: Run Behavior\ShowPageTraceBehavior [ RunTime:0.001240s ]
INFO: [ app_end ] --END-- [ RunTime:0.001329s ]

[ 2018-10-16T10:25:43+08:00 ] ::1 /gt/index.html?v=back
INFO: [ app_init ] --START--
INFO: Run Behavior\BuildLiteBehavior [ RunTime:0.000009s ]
INFO: [ app_init ] --END-- [ RunTime:0.000318s ]
INFO: [ app_begin ] --START--
INFO: Run Behavior\ReadHtmlCacheBehavior [ RunTime:0.000525s ]
INFO: [ app_begin ] --END-- [ RunTime:0.000549s ]
SQL: SHOW COLUMNS FROM `studystatus` [ RunTime:0.0034s ]
SQL: SHOW COLUMNS FROM `exam` [ RunTime:0.0028s ]
SQL: SHOW COLUMNS FROM `user` [ RunTime:0.0028s ]
SQL: SELECT `mission` FROM `user` WHERE `user_id` = 13 LIMIT 1   [ RunTime:0.0002s ]
SQL: SELECT `mission2` FROM `user` WHERE `user_id` = 13 LIMIT 1   [ RunTime:0.0001s ]
SQL: SELECT `schedule` FROM `user` WHERE `user_id` = 13 LIMIT 1   [ RunTime:0.0001s ]
SQL: SELECT `xxting` FROM `user` WHERE `user_id` = 13 LIMIT 1   [ RunTime:0.0001s ]
SQL: SELECT `m_n1` FROM `studystatus` WHERE `user_id` = 13 LIMIT 1   [ RunTime:0.0001s ]
SQL: SELECT `m_n2` FROM `studystatus` WHERE `user_id` = 13 LIMIT 1   [ RunTime:0.0001s ]
SQL: SELECT `schedule2` FROM `user` WHERE `user_id` = 13 LIMIT 1   [ RunTime:0.0001s ]
SQL: SELECT `ksting` FROM `user` WHERE `user_id` = 13 LIMIT 1   [ RunTime:0.0001s ]
SQL: SELECT `examstatus` FROM `user` WHERE `user_id` = 13 LIMIT 1   [ RunTime:0.0001s ]
INFO: [ view_parse ] --START--
INFO: [ template_filter ] --START--
INFO: Run Behavior\ContentReplaceBehavior [ RunTime:0.000083s ]
INFO: [ template_filter ] --END-- [ RunTime:0.000110s ]
INFO: Run Behavior\ParseTemplateBehavior [ RunTime:0.005603s ]
INFO: [ view_parse ] --END-- [ RunTime:0.005632s ]
INFO: [ view_filter ] --START--
INFO: Run Behavior\WriteHtmlCacheBehavior [ RunTime:0.000342s ]
INFO: [ view_filter ] --END-- [ RunTime:0.000361s ]
INFO: [ app_end ] --START--
INFO: Run Behavior\ShowPageTraceBehavior [ RunTime:0.000527s ]
INFO: [ app_end ] --END-- [ RunTime:0.000549s ]

[ 2018-10-16T10:25:44+08:00 ] ::1 /gt/exam
INFO: [ app_init ] --START--
INFO: Run Behavior\BuildLiteBehavior [ RunTime:0.000009s ]
INFO: [ app_init ] --END-- [ RunTime:0.000297s ]
INFO: [ app_begin ] --START--
INFO: Run Behavior\ReadHtmlCacheBehavior [ RunTime:0.000517s ]
INFO: [ app_begin ] --END-- [ RunTime:0.000544s ]
SQL: SHOW COLUMNS FROM `user` [ RunTime:0.0032s ]
SQL: SELECT `user_img` FROM `user` WHERE `user_id` = 13 LIMIT 1   [ RunTime:0.0003s ]
SQL: SELECT `ting1img` FROM `user` WHERE `user_id` = 13 LIMIT 1   [ RunTime:0.0002s ]
SQL: SELECT `ting2img` FROM `user` WHERE `user_id` = 13 LIMIT 1   [ RunTime:0.0001s ]
SQL: SELECT `examstatus` FROM `user` WHERE `user_id` = 13 LIMIT 1   [ RunTime:0.0001s ]
SQL: SHOW COLUMNS FROM `hall1` [ RunTime:0.0030s ]
SQL: SELECT * FROM `hall1`  [ RunTime:0.0002s ]
NOTIC: [8] Undefined variable: hallimg1 D:\123\htdocs\gt\Application\Home\Controller\ExamController.class.php 第 177 行.
NOTIC: [8] Undefined variable: hall1mp3 D:\123\htdocs\gt\Application\Home\Controller\ExamController.class.php 第 181 行.
SQL: SHOW COLUMNS FROM `hall2` [ RunTime:0.0027s ]
SQL: SELECT * FROM `hall2`  [ RunTime:0.0002s ]
NOTIC: [8] Undefined variable: hallimg2 D:\123\htdocs\gt\Application\Home\Controller\ExamController.class.php 第 199 行.
NOTIC: [8] Undefined variable: hall2mp3 D:\123\htdocs\gt\Application\Home\Controller\ExamController.class.php 第 203 行.
SQL: SHOW COLUMNS FROM `hallimg` [ RunTime:0.0025s ]
SQL: SELECT * FROM `hallimg`  [ RunTime:0.0002s ]
SQL: SHOW COLUMNS FROM `exam` [ RunTime:0.0029s ]
SQL: SELECT `tm_n1` FROM `exam` WHERE ( user_id=13 ) LIMIT 1   [ RunTime:0.0004s ]
SQL: SELECT `tm_n2` FROM `exam` WHERE ( user_id=13 ) LIMIT 1   [ RunTime:0.0002s ]
SQL: SHOW COLUMNS FROM `judge` [ RunTime:0.0037s ]
SQL: SELECT * FROM `judge`  [ RunTime:0.0002s ]
SQL: SHOW COLUMNS FROM `choice` [ RunTime:0.0036s ]
SQL: SELECT * FROM `choice`  [ RunTime:0.0003s ]
INFO: [ view_parse ] --START--
INFO: [ template_filter ] --START--
INFO: Run Behavior\ContentReplaceBehavior [ RunTime:0.000141s ]
INFO: [ template_filter ] --END-- [ RunTime:0.000176s ]
NOTIC: [8] Undefined index: choice_true D:\123\htdocs\gt\Application\Runtime\Cache\Home\d750603422ebf58b034b899f4ea0ac02.php 第 338 行.
NOTIC: [8] Undefined index: choice_content D:\123\htdocs\gt\Application\Runtime\Cache\Home\d750603422ebf58b034b899f4ea0ac02.php 第 346 行.
NOTIC: [8] Undefined index: choice_a D:\123\htdocs\gt\Application\Runtime\Cache\Home\d750603422ebf58b034b899f4ea0ac02.php 第 349 行.
NOTIC: [8] Undefined index: choice_b D:\123\htdocs\gt\Application\Runtime\Cache\Home\d750603422ebf58b034b899f4ea0ac02.php 第 350 行.
NOTIC: [8] Undefined index: choice_c D:\123\htdocs\gt\Application\Runtime\Cache\Home\d750603422ebf58b034b899f4ea0ac02.php 第 351 行.
NOTIC: [8] Undefined index: judge_true D:\123\htdocs\gt\Application\Runtime\Cache\Home\d750603422ebf58b034b899f4ea0ac02.php 第 373 行.
NOTIC: [8] Undefined index: judge_content D:\123\htdocs\gt\Application\Runtime\Cache\Home\d750603422ebf58b034b899f4ea0ac02.php 第 392 行.
INFO: Run Behavior\ParseTemplateBehavior [ RunTime:0.007939s ]
INFO: [ view_parse ] --END-- [ RunTime:0.007966s ]
INFO: [ view_filter ] --START--
INFO: Run Behavior\WriteHtmlCacheBehavior [ RunTime:0.000397s ]
INFO: [ view_filter ] --END-- [ RunTime:0.000418s ]
INFO: [ app_end ] --START--
INFO: Run Behavior\ShowPageTraceBehavior [ RunTime:0.000596s ]
INFO: [ app_end ] --END-- [ RunTime:0.000628s ]

[ 2018-10-16T10:25:45+08:00 ] ::1 /gt/exam
INFO: [ app_init ] --START--
INFO: Run Behavior\BuildLiteBehavior [ RunTime:0.000010s ]
INFO: [ app_init ] --END-- [ RunTime:0.000274s ]
INFO: [ app_begin ] --START--
INFO: Run Behavior\ReadHtmlCacheBehavior [ RunTime:0.000433s ]
INFO: [ app_begin ] --END-- [ RunTime:0.000455s ]
SQL: SHOW COLUMNS FROM `user` [ RunTime:0.0051s ]
SQL: SELECT `user_img` FROM `user` WHERE `user_id` = 13 LIMIT 1   [ RunTime:0.0009s ]
SQL: SELECT `ting1img` FROM `user` WHERE `user_id` = 13 LIMIT 1   [ RunTime:0.0004s ]
SQL: SELECT `ting2img` FROM `user` WHERE `user_id` = 13 LIMIT 1   [ RunTime:0.0002s ]
SQL: SELECT `examstatus` FROM `user` WHERE `user_id` = 13 LIMIT 1   [ RunTime:0.0002s ]
SQL: SHOW COLUMNS FROM `hall1` [ RunTime:0.0031s ]
SQL: SELECT * FROM `hall1`  [ RunTime:0.0004s ]
NOTIC: [8] Undefined variable: hallimg1 D:\123\htdocs\gt\Application\Home\Controller\ExamController.class.php 第 177 行.
NOTIC: [8] Undefined variable: hall1mp3 D:\123\htdocs\gt\Application\Home\Controller\ExamController.class.php 第 181 行.
SQL: SHOW COLUMNS FROM `hall2` [ RunTime:0.0056s ]
SQL: SELECT * FROM `hall2`  [ RunTime:0.0007s ]
NOTIC: [8] Undefined variable: hallimg2 D:\123\htdocs\gt\Application\Home\Controller\ExamController.class.php 第 199 行.
NOTIC: [8] Undefined variable: hall2mp3 D:\123\htdocs\gt\Application\Home\Controller\ExamController.class.php 第 203 行.
SQL: SHOW COLUMNS FROM `hallimg` [ RunTime:0.0080s ]
SQL: SELECT * FROM `hallimg`  [ RunTime:0.0158s ]
SQL: SHOW COLUMNS FROM `exam` [ RunTime:0.0174s ]
SQL: SELECT `tm_n1` FROM `exam` WHERE ( user_id=13 ) LIMIT 1   [ RunTime:0.0104s ]
SQL: SELECT `tm_n2` FROM `exam` WHERE ( user_id=13 ) LIMIT 1   [ RunTime:0.0048s ]
SQL: SHOW COLUMNS FROM `judge` [ RunTime:0.0036s ]
SQL: SELECT * FROM `judge`  [ RunTime:0.0007s ]
SQL: SHOW COLUMNS FROM `choice` [ RunTime:0.0037s ]
SQL: SELECT * FROM `choice`  [ RunTime:0.0004s ]
INFO: [ view_parse ] --START--
INFO: [ template_filter ] --START--
INFO: Run Behavior\ContentReplaceBehavior [ RunTime:0.000191s ]
INFO: [ template_filter ] --END-- [ RunTime:0.000266s ]
NOTIC: [8] Undefined index: choice_true D:\123\htdocs\gt\Application\Runtime\Cache\Home\d750603422ebf58b034b899f4ea0ac02.php 第 338 行.
NOTIC: [8] Undefined index: choice_content D:\123\htdocs\gt\Application\Runtime\Cache\Home\d750603422ebf58b034b899f4ea0ac02.php 第 346 行.
NOTIC: [8] Undefined index: choice_a D:\123\htdocs\gt\Application\Runtime\Cache\Home\d750603422ebf58b034b899f4ea0ac02.php 第 349 行.
NOTIC: [8] Undefined index: choice_b D:\123\htdocs\gt\Application\Runtime\Cache\Home\d750603422ebf58b034b899f4ea0ac02.php 第 350 行.
NOTIC: [8] Undefined index: choice_c D:\123\htdocs\gt\Application\Runtime\Cache\Home\d750603422ebf58b034b899f4ea0ac02.php 第 351 行.
NOTIC: [8] Undefined index: judge_true D:\123\htdocs\gt\Application\Runtime\Cache\Home\d750603422ebf58b034b899f4ea0ac02.php 第 373 行.
NOTIC: [8] Undefined index: judge_content D:\123\htdocs\gt\Application\Runtime\Cache\Home\d750603422ebf58b034b899f4ea0ac02.php 第 392 行.
INFO: Run Behavior\ParseTemplateBehavior [ RunTime:0.019842s ]
INFO: [ view_parse ] --END-- [ RunTime:0.019892s ]
INFO: [ view_filter ] --START--
INFO: Run Behavior\WriteHtmlCacheBehavior [ RunTime:0.000444s ]
INFO: [ view_filter ] --END-- [ RunTime:0.000481s ]
INFO: [ app_end ] --START--
INFO: Run Behavior\ShowPageTraceBehavior [ RunTime:0.001186s ]
INFO: [ app_end ] --END-- [ RunTime:0.001242s ]

[ 2018-10-16T10:25:47+08:00 ] ::1 /gt/
INFO: [ app_init ] --START--
INFO: Run Behavior\BuildLiteBehavior [ RunTime:0.000010s ]
INFO: [ app_init ] --END-- [ RunTime:0.000337s ]
INFO: [ app_begin ] --START--
INFO: Run Behavior\ReadHtmlCacheBehavior [ RunTime:0.000654s ]
INFO: [ app_begin ] --END-- [ RunTime:0.000690s ]
SQL: SHOW COLUMNS FROM `studystatus` [ RunTime:0.0056s ]
SQL: SHOW COLUMNS FROM `exam` [ RunTime:0.0049s ]
SQL: SHOW COLUMNS FROM `user` [ RunTime:0.0046s ]
SQL: SELECT `mission` FROM `user` WHERE `user_id` = 13 LIMIT 1   [ RunTime:0.0005s ]
SQL: SELECT `mission2` FROM `user` WHERE `user_id` = 13 LIMIT 1   [ RunTime:0.0003s ]
SQL: SELECT `schedule` FROM `user` WHERE `user_id` = 13 LIMIT 1   [ RunTime:0.0002s ]
SQL: SELECT `xxting` FROM `user` WHERE `user_id` = 13 LIMIT 1   [ RunTime:0.0001s ]
SQL: SELECT `m_n1` FROM `studystatus` WHERE `user_id` = 13 LIMIT 1   [ RunTime:0.0002s ]
SQL: SELECT `m_n2` FROM `studystatus` WHERE `user_id` = 13 LIMIT 1   [ RunTime:0.0002s ]
SQL: SELECT `schedule2` FROM `user` WHERE `user_id` = 13 LIMIT 1   [ RunTime:0.0002s ]
SQL: SELECT `ksting` FROM `user` WHERE `user_id` = 13 LIMIT 1   [ RunTime:0.0067s ]
SQL: SELECT `examstatus` FROM `user` WHERE `user_id` = 13 LIMIT 1   [ RunTime:0.0002s ]
INFO: [ view_parse ] --START--
INFO: [ template_filter ] --START--
INFO: Run Behavior\ContentReplaceBehavior [ RunTime:0.000097s ]
INFO: [ template_filter ] --END-- [ RunTime:0.000132s ]
INFO: Run Behavior\ParseTemplateBehavior [ RunTime:0.005973s ]
INFO: [ view_parse ] --END-- [ RunTime:0.006002s ]
INFO: [ view_filter ] --START--
INFO: Run Behavior\WriteHtmlCacheBehavior [ RunTime:0.000369s ]
INFO: [ view_filter ] --END-- [ RunTime:0.000389s ]
INFO: [ app_end ] --START--
INFO: Run Behavior\ShowPageTraceBehavior [ RunTime:0.000885s ]
INFO: [ app_end ] --END-- [ RunTime:0.000935s ]

[ 2018-10-16T10:25:47+08:00 ] ::1 /gt/
INFO: [ app_init ] --START--
INFO: Run Behavior\BuildLiteBehavior [ RunTime:0.000008s ]
INFO: [ app_init ] --END-- [ RunTime:0.000259s ]
INFO: [ app_begin ] --START--
INFO: Run Behavior\ReadHtmlCacheBehavior [ RunTime:0.000418s ]
INFO: [ app_begin ] --END-- [ RunTime:0.000441s ]
SQL: SHOW COLUMNS FROM `studystatus` [ RunTime:0.0133s ]
SQL: SHOW COLUMNS FROM `exam` [ RunTime:0.0340s ]
SQL: SHOW COLUMNS FROM `user` [ RunTime:0.0253s ]
SQL: SELECT `mission` FROM `user` WHERE `user_id` = 13 LIMIT 1   [ RunTime:0.0004s ]
SQL: SELECT `mission2` FROM `user` WHERE `user_id` = 13 LIMIT 1   [ RunTime:0.0003s ]
SQL: SELECT `schedule` FROM `user` WHERE `user_id` = 13 LIMIT 1   [ RunTime:0.0002s ]
SQL: SELECT `xxting` FROM `user` WHERE `user_id` = 13 LIMIT 1   [ RunTime:0.0001s ]
SQL: SELECT `m_n1` FROM `studystatus` WHERE `user_id` = 13 LIMIT 1   [ RunTime:0.0002s ]
SQL: SELECT `m_n2` FROM `studystatus` WHERE `user_id` = 13 LIMIT 1   [ RunTime:0.0002s ]
SQL: SELECT `schedule2` FROM `user` WHERE `user_id` = 13 LIMIT 1   [ RunTime:0.0001s ]
SQL: SELECT `ksting` FROM `user` WHERE `user_id` = 13 LIMIT 1   [ RunTime:0.0001s ]
SQL: SELECT `examstatus` FROM `user` WHERE `user_id` = 13 LIMIT 1   [ RunTime:0.0001s ]
INFO: [ view_parse ] --START--
INFO: [ template_filter ] --START--
INFO: Run Behavior\ContentReplaceBehavior [ RunTime:0.000084s ]
INFO: [ template_filter ] --END-- [ RunTime:0.000113s ]
INFO: Run Behavior\ParseTemplateBehavior [ RunTime:0.005232s ]
INFO: [ view_parse ] --END-- [ RunTime:0.005260s ]
INFO: [ view_filter ] --START--
INFO: Run Behavior\WriteHtmlCacheBehavior [ RunTime:0.000278s ]
INFO: [ view_filter ] --END-- [ RunTime:0.000297s ]
INFO: [ app_end ] --START--
INFO: Run Behavior\ShowPageTraceBehavior [ RunTime:0.000530s ]
INFO: [ app_end ] --END-- [ RunTime:0.000555s ]

[ 2018-10-16T10:25:52+08:00 ] ::1 /gt/home/index/login
INFO: [ app_init ] --START--
INFO: Run Behavior\BuildLiteBehavior [ RunTime:0.000009s ]
INFO: [ app_init ] --END-- [ RunTime:0.003280s ]
INFO: [ app_begin ] --START--
INFO: Run Behavior\ReadHtmlCacheBehavior [ RunTime:0.000414s ]
INFO: [ app_begin ] --END-- [ RunTime:0.000436s ]
SQL: SHOW COLUMNS FROM `user` [ RunTime:0.0029s ]
SQL: SHOW COLUMNS FROM `studystatus` [ RunTime:0.0024s ]
SQL: SELECT * FROM `user` WHERE `user_username` = 'admin' LIMIT 1   [ RunTime:0.0003s ]
SQL: SELECT `mission` FROM `user` WHERE `user_id` = 13 LIMIT 1   [ RunTime:0.0002s ]
SQL: SELECT `mission2` FROM `user` WHERE `user_id` = 13 LIMIT 1   [ RunTime:0.0001s ]
SQL: SELECT `schedule2` FROM `user` WHERE `user_id` = 13 LIMIT 1   [ RunTime:0.0001s ]
SQL: SELECT `ksting` FROM `user` WHERE `user_id` = 13 LIMIT 1   [ RunTime:0.0002s ]
SQL: SELECT `examstatus` FROM `user` WHERE `user_id` = 13 LIMIT 1   [ RunTime:0.0001s ]
SQL: SELECT `schedule` FROM `user` WHERE `user_id` = 13 LIMIT 1   [ RunTime:0.0001s ]
SQL: SELECT `xxting` FROM `user` WHERE `user_id` = 13 LIMIT 1   [ RunTime:0.0001s ]
SQL: SELECT `m_n1` FROM `studystatus` WHERE `user_id` = 13 LIMIT 1   [ RunTime:0.0001s ]
SQL: SELECT `m_n2` FROM `studystatus` WHERE `user_id` = 13 LIMIT 1   [ RunTime:0.0001s ]

