[ 2018-10-11T09:11:05+08:00 ] 119.129.113.117 /gt/
INFO: [ app_init ] --START--
INFO: Run Behavior\BuildLiteBehavior [ RunTime:0.000022s ]
INFO: [ app_init ] --END-- [ RunTime:0.000358s ]
INFO: [ app_begin ] --START--
INFO: Run Behavior\ReadHtmlCacheBehavior [ RunTime:0.000659s ]
INFO: [ app_begin ] --END-- [ RunTime:0.000721s ]
SQL: SHOW COLUMNS FROM `studystatus` [ RunTime:0.0076s ]
SQL: SHOW COLUMNS FROM `exam` [ RunTime:0.0051s ]
INFO: [ view_parse ] --START--
INFO: [ template_filter ] --START--
INFO: Run Behavior\ContentReplaceBehavior [ RunTime:0.000121s ]
INFO: [ template_filter ] --END-- [ RunTime:0.000178s ]
INFO: Run Behavior\ParseTemplateBehavior [ RunTime:0.007534s ]
INFO: [ view_parse ] --END-- [ RunTime:0.007603s ]
INFO: [ view_filter ] --START--
INFO: Run Behavior\WriteHtmlCacheBehavior [ RunTime:0.000406s ]
INFO: [ view_filter ] --END-- [ RunTime:0.000458s ]
INFO: [ app_end ] --START--
INFO: Run Behavior\ShowPageTraceBehavior [ RunTime:0.000636s ]
INFO: [ app_end ] --END-- [ RunTime:0.000688s ]

[ 2018-10-11T09:11:33+08:00 ] 119.129.113.117 /gt/read
INFO: [ app_init ] --START--
INFO: Run Behavior\BuildLiteBehavior [ RunTime:0.000020s ]
INFO: [ app_init ] --END-- [ RunTime:0.000350s ]
INFO: [ app_begin ] --START--
INFO: Run Behavior\ReadHtmlCacheBehavior [ RunTime:0.000633s ]
INFO: [ app_begin ] --END-- [ RunTime:0.000692s ]
SQL: SHOW COLUMNS FROM `hall1` [ RunTime:0.0160s ]
SQL: SELECT * FROM `hall1`  [ RunTime:0.0002s ]
NOTIC: [8] Undefined variable: hallimg1 C:\phpStudy\PHPTutorial\WWW\gt\Application\Home\Controller\ExamController.class.php 第 184 行.
NOTIC: [8] Undefined variable: hall1mp3 C:\phpStudy\PHPTutorial\WWW\gt\Application\Home\Controller\ExamController.class.php 第 188 行.
SQL: SHOW COLUMNS FROM `hall2` [ RunTime:0.0058s ]
SQL: SELECT * FROM `hall2`  [ RunTime:0.0002s ]
NOTIC: [8] Undefined variable: hallimg2 C:\phpStudy\PHPTutorial\WWW\gt\Application\Home\Controller\ExamController.class.php 第 206 行.
NOTIC: [8] Undefined variable: hall2mp3 C:\phpStudy\PHPTutorial\WWW\gt\Application\Home\Controller\ExamController.class.php 第 210 行.
SQL: SHOW COLUMNS FROM `hallimg` [ RunTime:0.0047s ]
SQL: SELECT * FROM `hallimg`  [ RunTime:0.0002s ]
INFO: [ view_parse ] --START--
INFO: [ template_filter ] --START--
INFO: Run Behavior\ContentReplaceBehavior [ RunTime:0.000081s ]
INFO: [ template_filter ] --END-- [ RunTime:0.000142s ]
INFO: Run Behavior\ParseTemplateBehavior [ RunTime:0.006470s ]
INFO: [ view_parse ] --END-- [ RunTime:0.006553s ]
INFO: [ view_filter ] --START--
INFO: Run Behavior\WriteHtmlCacheBehavior [ RunTime:0.000325s ]
INFO: [ view_filter ] --END-- [ RunTime:0.000376s ]
INFO: [ app_end ] --START--
INFO: Run Behavior\ShowPageTraceBehavior [ RunTime:0.000574s ]
INFO: [ app_end ] --END-- [ RunTime:0.000624s ]

[ 2018-10-11T09:11:35+08:00 ] 119.129.113.117 /gt/read
INFO: [ app_init ] --START--
INFO: Run Behavior\BuildLiteBehavior [ RunTime:0.000021s ]
INFO: [ app_init ] --END-- [ RunTime:0.000351s ]
INFO: [ app_begin ] --START--
INFO: Run Behavior\ReadHtmlCacheBehavior [ RunTime:0.000592s ]
INFO: [ app_begin ] --END-- [ RunTime:0.000657s ]
SQL: SHOW COLUMNS FROM `hall1` [ RunTime:0.0163s ]
SQL: SELECT * FROM `hall1`  [ RunTime:0.0002s ]
NOTIC: [8] Undefined variable: hallimg1 C:\phpStudy\PHPTutorial\WWW\gt\Application\Home\Controller\ExamController.class.php 第 184 行.
NOTIC: [8] Undefined variable: hall1mp3 C:\phpStudy\PHPTutorial\WWW\gt\Application\Home\Controller\ExamController.class.php 第 188 行.
SQL: SHOW COLUMNS FROM `hall2` [ RunTime:0.0067s ]
SQL: SELECT * FROM `hall2`  [ RunTime:0.0002s ]
NOTIC: [8] Undefined variable: hallimg2 C:\phpStudy\PHPTutorial\WWW\gt\Application\Home\Controller\ExamController.class.php 第 206 行.
NOTIC: [8] Undefined variable: hall2mp3 C:\phpStudy\PHPTutorial\WWW\gt\Application\Home\Controller\ExamController.class.php 第 210 行.
SQL: SHOW COLUMNS FROM `hallimg` [ RunTime:0.0034s ]
SQL: SELECT * FROM `hallimg`  [ RunTime:0.0002s ]
INFO: [ view_parse ] --START--
INFO: [ template_filter ] --START--
INFO: Run Behavior\ContentReplaceBehavior [ RunTime:0.000087s ]
INFO: [ template_filter ] --END-- [ RunTime:0.000168s ]
INFO: Run Behavior\ParseTemplateBehavior [ RunTime:0.006521s ]
INFO: [ view_parse ] --END-- [ RunTime:0.006595s ]
INFO: [ view_filter ] --START--
INFO: Run Behavior\WriteHtmlCacheBehavior [ RunTime:0.000333s ]
INFO: [ view_filter ] --END-- [ RunTime:0.000377s ]
INFO: [ app_end ] --START--
INFO: Run Behavior\ShowPageTraceBehavior [ RunTime:0.000581s ]
INFO: [ app_end ] --END-- [ RunTime:0.000630s ]

[ 2018-10-11T09:12:39+08:00 ] 119.129.113.117 /gt/index.html?v=back
INFO: [ app_init ] --START--
INFO: Run Behavior\BuildLiteBehavior [ RunTime:0.000021s ]
INFO: [ app_init ] --END-- [ RunTime:0.000370s ]
INFO: [ app_begin ] --START--
INFO: Run Behavior\ReadHtmlCacheBehavior [ RunTime:0.000720s ]
INFO: [ app_begin ] --END-- [ RunTime:0.000780s ]
SQL: SHOW COLUMNS FROM `studystatus` [ RunTime:0.0088s ]
SQL: SHOW COLUMNS FROM `exam` [ RunTime:0.0048s ]
INFO: [ view_parse ] --START--
INFO: [ template_filter ] --START--
INFO: Run Behavior\ContentReplaceBehavior [ RunTime:0.000141s ]
INFO: [ template_filter ] --END-- [ RunTime:0.000194s ]
INFO: Run Behavior\ParseTemplateBehavior [ RunTime:0.007305s ]
INFO: [ view_parse ] --END-- [ RunTime:0.007392s ]
INFO: [ view_filter ] --START--
INFO: Run Behavior\WriteHtmlCacheBehavior [ RunTime:0.000372s ]
INFO: [ view_filter ] --END-- [ RunTime:0.000416s ]
INFO: [ app_end ] --START--
INFO: Run Behavior\ShowPageTraceBehavior [ RunTime:0.000659s ]
INFO: [ app_end ] --END-- [ RunTime:0.000707s ]

[ 2018-10-11T09:12:57+08:00 ] 119.129.113.117 /gt/home/index/login
INFO: [ app_init ] --START--
INFO: Run Behavior\BuildLiteBehavior [ RunTime:0.000021s ]
INFO: [ app_init ] --END-- [ RunTime:0.000350s ]
INFO: [ app_begin ] --START--
INFO: Run Behavior\ReadHtmlCacheBehavior [ RunTime:0.000703s ]
INFO: [ app_begin ] --END-- [ RunTime:0.000762s ]
SQL: SHOW COLUMNS FROM `user` [ RunTime:0.0055s ]
SQL: SELECT * FROM `user` WHERE `user_username` = '888' LIMIT 1   [ RunTime:0.0003s ]

[ 2018-10-11T09:12:58+08:00 ] 119.129.113.117 /gt/home/index/login
INFO: [ app_init ] --START--
INFO: Run Behavior\BuildLiteBehavior [ RunTime:0.000019s ]
INFO: [ app_init ] --END-- [ RunTime:0.000339s ]
INFO: [ app_begin ] --START--
INFO: Run Behavior\ReadHtmlCacheBehavior [ RunTime:0.000587s ]
INFO: [ app_begin ] --END-- [ RunTime:0.000642s ]
SQL: SHOW COLUMNS FROM `user` [ RunTime:0.0161s ]
SQL: SELECT * FROM `user` WHERE `user_username` = '888' LIMIT 1   [ RunTime:0.0003s ]

[ 2018-10-11T09:12:59+08:00 ] 119.129.113.117 /gt/study
INFO: [ app_init ] --START--
INFO: Run Behavior\BuildLiteBehavior [ RunTime:0.000020s ]
INFO: [ app_init ] --END-- [ RunTime:0.000395s ]
INFO: [ app_begin ] --START--
INFO: Run Behavior\ReadHtmlCacheBehavior [ RunTime:0.000672s ]
INFO: [ app_begin ] --END-- [ RunTime:0.000731s ]
SQL: SHOW COLUMNS FROM `studystatus` [ RunTime:0.0061s ]
SQL: SELECT `m_n1` FROM `studystatus` WHERE ( user_id=39 ) LIMIT 1   [ RunTime:0.0002s ]
SQL: SELECT `m_n2` FROM `studystatus` WHERE ( user_id=39 ) LIMIT 1   [ RunTime:0.0002s ]
SQL: SHOW COLUMNS FROM `hall1` [ RunTime:0.0041s ]
SQL: SELECT * FROM `hall1`  [ RunTime:0.0002s ]
NOTIC: [8] Undefined variable: hallimg1 C:\phpStudy\PHPTutorial\WWW\gt\Application\Home\Controller\ExamController.class.php 第 184 行.
NOTIC: [8] Undefined variable: hall1mp3 C:\phpStudy\PHPTutorial\WWW\gt\Application\Home\Controller\ExamController.class.php 第 188 行.
SQL: SHOW COLUMNS FROM `hall2` [ RunTime:0.0073s ]
SQL: SELECT * FROM `hall2`  [ RunTime:0.0002s ]
NOTIC: [8] Undefined variable: hallimg2 C:\phpStudy\PHPTutorial\WWW\gt\Application\Home\Controller\ExamController.class.php 第 206 行.
NOTIC: [8] Undefined variable: hall2mp3 C:\phpStudy\PHPTutorial\WWW\gt\Application\Home\Controller\ExamController.class.php 第 210 行.
SQL: SHOW COLUMNS FROM `hallimg` [ RunTime:0.0026s ]
SQL: SELECT * FROM `hallimg`  [ RunTime:0.0001s ]
INFO: [ view_parse ] --START--
INFO: [ template_filter ] --START--
INFO: Run Behavior\ContentReplaceBehavior [ RunTime:0.000124s ]
INFO: [ template_filter ] --END-- [ RunTime:0.000175s ]
INFO: Run Behavior\ParseTemplateBehavior [ RunTime:0.007850s ]
INFO: [ view_parse ] --END-- [ RunTime:0.007908s ]
INFO: [ view_filter ] --START--
INFO: Run Behavior\WriteHtmlCacheBehavior [ RunTime:0.000394s ]
INFO: [ view_filter ] --END-- [ RunTime:0.000438s ]
INFO: [ app_end ] --START--
INFO: Run Behavior\ShowPageTraceBehavior [ RunTime:0.000584s ]
INFO: [ app_end ] --END-- [ RunTime:0.000634s ]

[ 2018-10-11T09:13:00+08:00 ] 119.129.113.117 /gt/study
INFO: [ app_init ] --START--
INFO: Run Behavior\BuildLiteBehavior [ RunTime:0.000023s ]
INFO: [ app_init ] --END-- [ RunTime:0.000391s ]
INFO: [ app_begin ] --START--
INFO: Run Behavior\ReadHtmlCacheBehavior [ RunTime:0.000618s ]
INFO: [ app_begin ] --END-- [ RunTime:0.000678s ]
SQL: SHOW COLUMNS FROM `studystatus` [ RunTime:0.0061s ]
SQL: SELECT `m_n1` FROM `studystatus` WHERE ( user_id=39 ) LIMIT 1   [ RunTime:0.0002s ]
SQL: SELECT `m_n2` FROM `studystatus` WHERE ( user_id=39 ) LIMIT 1   [ RunTime:0.0002s ]
SQL: SHOW COLUMNS FROM `hall1` [ RunTime:0.0073s ]
SQL: SELECT * FROM `hall1`  [ RunTime:0.0002s ]
NOTIC: [8] Undefined variable: hallimg1 C:\phpStudy\PHPTutorial\WWW\gt\Application\Home\Controller\ExamController.class.php 第 184 行.
NOTIC: [8] Undefined variable: hall1mp3 C:\phpStudy\PHPTutorial\WWW\gt\Application\Home\Controller\ExamController.class.php 第 188 行.
SQL: SHOW COLUMNS FROM `hall2` [ RunTime:0.0044s ]
SQL: SELECT * FROM `hall2`  [ RunTime:0.0002s ]
NOTIC: [8] Undefined variable: hallimg2 C:\phpStudy\PHPTutorial\WWW\gt\Application\Home\Controller\ExamController.class.php 第 206 行.
NOTIC: [8] Undefined variable: hall2mp3 C:\phpStudy\PHPTutorial\WWW\gt\Application\Home\Controller\ExamController.class.php 第 210 行.
SQL: SHOW COLUMNS FROM `hallimg` [ RunTime:0.0030s ]
SQL: SELECT * FROM `hallimg`  [ RunTime:0.0002s ]
INFO: [ view_parse ] --START--
INFO: [ template_filter ] --START--
INFO: Run Behavior\ContentReplaceBehavior [ RunTime:0.000124s ]
INFO: [ template_filter ] --END-- [ RunTime:0.000177s ]
INFO: Run Behavior\ParseTemplateBehavior [ RunTime:0.007269s ]
INFO: [ view_parse ] --END-- [ RunTime:0.007328s ]
INFO: [ view_filter ] --START--
INFO: Run Behavior\WriteHtmlCacheBehavior [ RunTime:0.000324s ]
INFO: [ view_filter ] --END-- [ RunTime:0.000368s ]
INFO: [ app_end ] --START--
INFO: Run Behavior\ShowPageTraceBehavior [ RunTime:0.000564s ]
INFO: [ app_end ] --END-- [ RunTime:0.000615s ]

[ 2018-10-11T09:13:02+08:00 ] 119.129.113.117 /gt/study
INFO: [ app_init ] --START--
INFO: Run Behavior\BuildLiteBehavior [ RunTime:0.000026s ]
INFO: [ app_init ] --END-- [ RunTime:0.000371s ]
INFO: [ app_begin ] --START--
INFO: Run Behavior\ReadHtmlCacheBehavior [ RunTime:0.000618s ]
INFO: [ app_begin ] --END-- [ RunTime:0.000676s ]
SQL: SHOW COLUMNS FROM `studystatus` [ RunTime:0.0050s ]
SQL: SELECT `m_n1` FROM `studystatus` WHERE ( user_id=39 ) LIMIT 1   [ RunTime:0.0003s ]
SQL: SELECT `m_n2` FROM `studystatus` WHERE ( user_id=39 ) LIMIT 1   [ RunTime:0.0001s ]
SQL: SHOW COLUMNS FROM `hall1` [ RunTime:0.0077s ]
SQL: SELECT * FROM `hall1`  [ RunTime:0.0002s ]
NOTIC: [8] Undefined variable: hallimg1 C:\phpStudy\PHPTutorial\WWW\gt\Application\Home\Controller\ExamController.class.php 第 184 行.
NOTIC: [8] Undefined variable: hall1mp3 C:\phpStudy\PHPTutorial\WWW\gt\Application\Home\Controller\ExamController.class.php 第 188 行.
SQL: SHOW COLUMNS FROM `hall2` [ RunTime:0.0057s ]
SQL: SELECT * FROM `hall2`  [ RunTime:0.0002s ]
NOTIC: [8] Undefined variable: hallimg2 C:\phpStudy\PHPTutorial\WWW\gt\Application\Home\Controller\ExamController.class.php 第 206 行.
NOTIC: [8] Undefined variable: hall2mp3 C:\phpStudy\PHPTutorial\WWW\gt\Application\Home\Controller\ExamController.class.php 第 210 行.
SQL: SHOW COLUMNS FROM `hallimg` [ RunTime:0.0032s ]
SQL: SELECT * FROM `hallimg`  [ RunTime:0.0002s ]
INFO: [ view_parse ] --START--
INFO: [ template_filter ] --START--
INFO: Run Behavior\ContentReplaceBehavior [ RunTime:0.000125s ]
INFO: [ template_filter ] --END-- [ RunTime:0.000183s ]
INFO: Run Behavior\ParseTemplateBehavior [ RunTime:0.007668s ]
INFO: [ view_parse ] --END-- [ RunTime:0.007729s ]
INFO: [ view_filter ] --START--
INFO: Run Behavior\WriteHtmlCacheBehavior [ RunTime:0.000419s ]
INFO: [ view_filter ] --END-- [ RunTime:0.000464s ]
INFO: [ app_end ] --START--
INFO: Run Behavior\ShowPageTraceBehavior [ RunTime:0.000617s ]
INFO: [ app_end ] --END-- [ RunTime:0.000669s ]

[ 2018-10-11T10:10:31+08:00 ] 119.129.113.117 /gt/study
INFO: [ app_init ] --START--
INFO: Run Behavior\BuildLiteBehavior [ RunTime:0.000056s ]
INFO: [ app_init ] --END-- [ RunTime:0.000410s ]
INFO: [ app_begin ] --START--
INFO: Run Behavior\ReadHtmlCacheBehavior [ RunTime:0.000733s ]
INFO: [ app_begin ] --END-- [ RunTime:0.000796s ]
SQL: SHOW COLUMNS FROM `studystatus` [ RunTime:0.0074s ]
SQL: SELECT `m_n1` FROM `studystatus` WHERE ( user_id=39 ) LIMIT 1   [ RunTime:0.0002s ]
SQL: SELECT `m_n2` FROM `studystatus` WHERE ( user_id=39 ) LIMIT 1   [ RunTime:0.0002s ]
SQL: SHOW COLUMNS FROM `hall1` [ RunTime:0.0047s ]
SQL: SELECT * FROM `hall1`  [ RunTime:0.0002s ]
NOTIC: [8] Undefined variable: hallimg1 C:\phpStudy\PHPTutorial\WWW\gt\Application\Home\Controller\ExamController.class.php 第 184 行.
NOTIC: [8] Undefined variable: hall1mp3 C:\phpStudy\PHPTutorial\WWW\gt\Application\Home\Controller\ExamController.class.php 第 188 行.
SQL: SHOW COLUMNS FROM `hall2` [ RunTime:0.0044s ]
SQL: SELECT * FROM `hall2`  [ RunTime:0.0002s ]
NOTIC: [8] Undefined variable: hallimg2 C:\phpStudy\PHPTutorial\WWW\gt\Application\Home\Controller\ExamController.class.php 第 206 行.
NOTIC: [8] Undefined variable: hall2mp3 C:\phpStudy\PHPTutorial\WWW\gt\Application\Home\Controller\ExamController.class.php 第 210 行.
SQL: SHOW COLUMNS FROM `hallimg` [ RunTime:0.0042s ]
SQL: SELECT * FROM `hallimg`  [ RunTime:0.0002s ]
INFO: [ view_parse ] --START--
INFO: [ template_filter ] --START--
INFO: Run Behavior\ContentReplaceBehavior [ RunTime:0.000124s ]
INFO: [ template_filter ] --END-- [ RunTime:0.000176s ]
INFO: Run Behavior\ParseTemplateBehavior [ RunTime:0.007799s ]
INFO: [ view_parse ] --END-- [ RunTime:0.007855s ]
INFO: [ view_filter ] --START--
INFO: Run Behavior\WriteHtmlCacheBehavior [ RunTime:0.000380s ]
INFO: [ view_filter ] --END-- [ RunTime:0.000425s ]
INFO: [ app_end ] --START--
INFO: Run Behavior\ShowPageTraceBehavior [ RunTime:0.000639s ]
INFO: [ app_end ] --END-- [ RunTime:0.000688s ]

[ 2018-10-11T10:10:33+08:00 ] 119.129.113.117 /gt/study
INFO: [ app_init ] --START--
INFO: Run Behavior\BuildLiteBehavior [ RunTime:0.000021s ]
INFO: [ app_init ] --END-- [ RunTime:0.000376s ]
INFO: [ app_begin ] --START--
INFO: Run Behavior\ReadHtmlCacheBehavior [ RunTime:0.000769s ]
INFO: [ app_begin ] --END-- [ RunTime:0.000842s ]
SQL: SHOW COLUMNS FROM `studystatus` [ RunTime:0.0124s ]
SQL: SELECT `m_n1` FROM `studystatus` WHERE ( user_id=39 ) LIMIT 1   [ RunTime:0.0002s ]
SQL: SELECT `m_n2` FROM `studystatus` WHERE ( user_id=39 ) LIMIT 1   [ RunTime:0.0001s ]
SQL: SHOW COLUMNS FROM `hall1` [ RunTime:0.0047s ]
SQL: SELECT * FROM `hall1`  [ RunTime:0.0002s ]
NOTIC: [8] Undefined variable: hallimg1 C:\phpStudy\PHPTutorial\WWW\gt\Application\Home\Controller\ExamController.class.php 第 184 行.
NOTIC: [8] Undefined variable: hall1mp3 C:\phpStudy\PHPTutorial\WWW\gt\Application\Home\Controller\ExamController.class.php 第 188 行.
SQL: SHOW COLUMNS FROM `hall2` [ RunTime:0.0124s ]
SQL: SELECT * FROM `hall2`  [ RunTime:0.0002s ]
NOTIC: [8] Undefined variable: hallimg2 C:\phpStudy\PHPTutorial\WWW\gt\Application\Home\Controller\ExamController.class.php 第 206 行.
NOTIC: [8] Undefined variable: hall2mp3 C:\phpStudy\PHPTutorial\WWW\gt\Application\Home\Controller\ExamController.class.php 第 210 行.
SQL: SHOW COLUMNS FROM `hallimg` [ RunTime:0.0065s ]
SQL: SELECT * FROM `hallimg`  [ RunTime:0.0002s ]
INFO: [ view_parse ] --START--
INFO: [ template_filter ] --START--
INFO: Run Behavior\ContentReplaceBehavior [ RunTime:0.000128s ]
INFO: [ template_filter ] --END-- [ RunTime:0.000185s ]
INFO: Run Behavior\ParseTemplateBehavior [ RunTime:0.007900s ]
INFO: [ view_parse ] --END-- [ RunTime:0.007961s ]
INFO: [ view_filter ] --START--
INFO: Run Behavior\WriteHtmlCacheBehavior [ RunTime:0.000388s ]
INFO: [ view_filter ] --END-- [ RunTime:0.000433s ]
INFO: [ app_end ] --START--
INFO: Run Behavior\ShowPageTraceBehavior [ RunTime:0.000642s ]
INFO: [ app_end ] --END-- [ RunTime:0.000693s ]

[ 2018-10-11T10:12:46+08:00 ] 119.129.113.117 /gt/Study/index.html
INFO: [ app_init ] --START--
INFO: Run Behavior\BuildLiteBehavior [ RunTime:0.000021s ]
INFO: [ app_init ] --END-- [ RunTime:0.000370s ]
INFO: [ app_begin ] --START--
INFO: Run Behavior\ReadHtmlCacheBehavior [ RunTime:0.000637s ]
INFO: [ app_begin ] --END-- [ RunTime:0.000699s ]
SQL: SHOW COLUMNS FROM `studystatus` [ RunTime:0.0053s ]
SQL: SELECT * FROM `studystatus` WHERE `user_id` = 39 LIMIT 1   [ RunTime:0.0002s ]

[ 2018-10-11T10:13:18+08:00 ] 119.129.113.117 /gt/study
INFO: [ app_init ] --START--
INFO: Run Behavior\BuildLiteBehavior [ RunTime:0.000020s ]
INFO: [ app_init ] --END-- [ RunTime:0.000364s ]
INFO: [ app_begin ] --START--
INFO: Run Behavior\ReadHtmlCacheBehavior [ RunTime:0.000667s ]
INFO: [ app_begin ] --END-- [ RunTime:0.000725s ]
SQL: SHOW COLUMNS FROM `studystatus` [ RunTime:0.0126s ]
SQL: SELECT `m_n1` FROM `studystatus` WHERE ( user_id=39 ) LIMIT 1   [ RunTime:0.0002s ]
SQL: SELECT `m_n2` FROM `studystatus` WHERE ( user_id=39 ) LIMIT 1   [ RunTime:0.0001s ]
SQL: SHOW COLUMNS FROM `hall1` [ RunTime:0.0139s ]
SQL: SELECT * FROM `hall1`  [ RunTime:0.0002s ]
NOTIC: [8] Undefined variable: hallimg1 C:\phpStudy\PHPTutorial\WWW\gt\Application\Home\Controller\ExamController.class.php 第 184 行.
NOTIC: [8] Undefined variable: hall1mp3 C:\phpStudy\PHPTutorial\WWW\gt\Application\Home\Controller\ExamController.class.php 第 188 行.
SQL: SHOW COLUMNS FROM `hall2` [ RunTime:0.0068s ]
SQL: SELECT * FROM `hall2`  [ RunTime:0.0002s ]
NOTIC: [8] Undefined variable: hallimg2 C:\phpStudy\PHPTutorial\WWW\gt\Application\Home\Controller\ExamController.class.php 第 206 行.
NOTIC: [8] Undefined variable: hall2mp3 C:\phpStudy\PHPTutorial\WWW\gt\Application\Home\Controller\ExamController.class.php 第 210 行.
SQL: SHOW COLUMNS FROM `hallimg` [ RunTime:0.0029s ]
SQL: SELECT * FROM `hallimg`  [ RunTime:0.0002s ]
INFO: [ view_parse ] --START--
INFO: [ template_filter ] --START--
INFO: Run Behavior\ContentReplaceBehavior [ RunTime:0.000125s ]
INFO: [ template_filter ] --END-- [ RunTime:0.000174s ]
INFO: Run Behavior\ParseTemplateBehavior [ RunTime:0.008024s ]
INFO: [ view_parse ] --END-- [ RunTime:0.008083s ]
INFO: [ view_filter ] --START--
INFO: Run Behavior\WriteHtmlCacheBehavior [ RunTime:0.000414s ]
INFO: [ view_filter ] --END-- [ RunTime:0.000456s ]
INFO: [ app_end ] --START--
INFO: Run Behavior\ShowPageTraceBehavior [ RunTime:0.000655s ]
INFO: [ app_end ] --END-- [ RunTime:0.000705s ]

[ 2018-10-11T10:13:22+08:00 ] 119.129.113.117 /gt/study
INFO: [ app_init ] --START--
INFO: Run Behavior\BuildLiteBehavior [ RunTime:0.000019s ]
INFO: [ app_init ] --END-- [ RunTime:0.000413s ]
INFO: [ app_begin ] --START--
INFO: Run Behavior\ReadHtmlCacheBehavior [ RunTime:0.000605s ]
INFO: [ app_begin ] --END-- [ RunTime:0.000683s ]
SQL: SHOW COLUMNS FROM `studystatus` [ RunTime:0.0348s ]
SQL: SELECT `m_n1` FROM `studystatus` WHERE ( user_id=39 ) LIMIT 1   [ RunTime:0.0002s ]
SQL: SELECT `m_n2` FROM `studystatus` WHERE ( user_id=39 ) LIMIT 1   [ RunTime:0.0001s ]
SQL: SHOW COLUMNS FROM `hall1` [ RunTime:0.0049s ]
SQL: SELECT * FROM `hall1`  [ RunTime:0.0002s ]
NOTIC: [8] Undefined variable: hallimg1 C:\phpStudy\PHPTutorial\WWW\gt\Application\Home\Controller\ExamController.class.php 第 184 行.
NOTIC: [8] Undefined variable: hall1mp3 C:\phpStudy\PHPTutorial\WWW\gt\Application\Home\Controller\ExamController.class.php 第 188 行.
SQL: SHOW COLUMNS FROM `hall2` [ RunTime:0.0126s ]
SQL: SELECT * FROM `hall2`  [ RunTime:0.0002s ]
NOTIC: [8] Undefined variable: hallimg2 C:\phpStudy\PHPTutorial\WWW\gt\Application\Home\Controller\ExamController.class.php 第 206 行.
NOTIC: [8] Undefined variable: hall2mp3 C:\phpStudy\PHPTutorial\WWW\gt\Application\Home\Controller\ExamController.class.php 第 210 行.
SQL: SHOW COLUMNS FROM `hallimg` [ RunTime:0.0027s ]
SQL: SELECT * FROM `hallimg`  [ RunTime:0.0001s ]
INFO: [ view_parse ] --START--
INFO: [ template_filter ] --START--
INFO: Run Behavior\ContentReplaceBehavior [ RunTime:0.000125s ]
INFO: [ template_filter ] --END-- [ RunTime:0.000176s ]
INFO: Run Behavior\ParseTemplateBehavior [ RunTime:0.007795s ]
INFO: [ view_parse ] --END-- [ RunTime:0.007852s ]
INFO: [ view_filter ] --START--
INFO: Run Behavior\WriteHtmlCacheBehavior [ RunTime:0.000381s ]
INFO: [ view_filter ] --END-- [ RunTime:0.000424s ]
INFO: [ app_end ] --START--
INFO: Run Behavior\ShowPageTraceBehavior [ RunTime:0.000672s ]
INFO: [ app_end ] --END-- [ RunTime:0.000732s ]

[ 2018-10-11T10:26:33+08:00 ] 119.129.113.117 /gt/study
INFO: [ app_init ] --START--
INFO: Run Behavior\BuildLiteBehavior [ RunTime:0.000020s ]
INFO: [ app_init ] --END-- [ RunTime:0.000353s ]
INFO: [ app_begin ] --START--
INFO: Run Behavior\ReadHtmlCacheBehavior [ RunTime:0.000584s ]
INFO: [ app_begin ] --END-- [ RunTime:0.000645s ]
SQL: SHOW COLUMNS FROM `studystatus` [ RunTime:0.0216s ]
SQL: SELECT `m_n1` FROM `studystatus` WHERE ( user_id=39 ) LIMIT 1   [ RunTime:0.0002s ]
SQL: SELECT `m_n2` FROM `studystatus` WHERE ( user_id=39 ) LIMIT 1   [ RunTime:0.0001s ]
SQL: SHOW COLUMNS FROM `hall1` [ RunTime:0.0108s ]
SQL: SELECT * FROM `hall1`  [ RunTime:0.0002s ]
NOTIC: [8] Undefined variable: hallimg1 C:\phpStudy\PHPTutorial\WWW\gt\Application\Home\Controller\ExamController.class.php 第 184 行.
NOTIC: [8] Undefined variable: hall1mp3 C:\phpStudy\PHPTutorial\WWW\gt\Application\Home\Controller\ExamController.class.php 第 188 行.
SQL: SHOW COLUMNS FROM `hall2` [ RunTime:0.0079s ]
SQL: SELECT * FROM `hall2`  [ RunTime:0.0002s ]
NOTIC: [8] Undefined variable: hallimg2 C:\phpStudy\PHPTutorial\WWW\gt\Application\Home\Controller\ExamController.class.php 第 206 行.
NOTIC: [8] Undefined variable: hall2mp3 C:\phpStudy\PHPTutorial\WWW\gt\Application\Home\Controller\ExamController.class.php 第 210 行.
SQL: SHOW COLUMNS FROM `hallimg` [ RunTime:0.0061s ]
SQL: SELECT * FROM `hallimg`  [ RunTime:0.0002s ]
INFO: [ view_parse ] --START--
INFO: [ template_filter ] --START--
INFO: Run Behavior\ContentReplaceBehavior [ RunTime:0.000127s ]
INFO: [ template_filter ] --END-- [ RunTime:0.000186s ]
INFO: Run Behavior\ParseTemplateBehavior [ RunTime:0.007856s ]
INFO: [ view_parse ] --END-- [ RunTime:0.007915s ]
INFO: [ view_filter ] --START--
INFO: Run Behavior\WriteHtmlCacheBehavior [ RunTime:0.000319s ]
INFO: [ view_filter ] --END-- [ RunTime:0.000362s ]
INFO: [ app_end ] --START--
INFO: Run Behavior\ShowPageTraceBehavior [ RunTime:0.000573s ]
INFO: [ app_end ] --END-- [ RunTime:0.000624s ]

[ 2018-10-11T10:26:36+08:00 ] 119.129.113.117 /gt/study
INFO: [ app_init ] --START--
INFO: Run Behavior\BuildLiteBehavior [ RunTime:0.000019s ]
INFO: [ app_init ] --END-- [ RunTime:0.000341s ]
INFO: [ app_begin ] --START--
INFO: Run Behavior\ReadHtmlCacheBehavior [ RunTime:0.000613s ]
INFO: [ app_begin ] --END-- [ RunTime:0.000674s ]
SQL: SHOW COLUMNS FROM `studystatus` [ RunTime:0.0118s ]
SQL: SELECT `m_n1` FROM `studystatus` WHERE ( user_id=39 ) LIMIT 1   [ RunTime:0.0003s ]
SQL: SELECT `m_n2` FROM `studystatus` WHERE ( user_id=39 ) LIMIT 1   [ RunTime:0.0002s ]
SQL: SHOW COLUMNS FROM `hall1` [ RunTime:0.0246s ]
SQL: SELECT * FROM `hall1`  [ RunTime:0.0002s ]
NOTIC: [8] Undefined variable: hallimg1 C:\phpStudy\PHPTutorial\WWW\gt\Application\Home\Controller\ExamController.class.php 第 184 行.
NOTIC: [8] Undefined variable: hall1mp3 C:\phpStudy\PHPTutorial\WWW\gt\Application\Home\Controller\ExamController.class.php 第 188 行.
SQL: SHOW COLUMNS FROM `hall2` [ RunTime:0.0059s ]
SQL: SELECT * FROM `hall2`  [ RunTime:0.0002s ]
NOTIC: [8] Undefined variable: hallimg2 C:\phpStudy\PHPTutorial\WWW\gt\Application\Home\Controller\ExamController.class.php 第 206 行.
NOTIC: [8] Undefined variable: hall2mp3 C:\phpStudy\PHPTutorial\WWW\gt\Application\Home\Controller\ExamController.class.php 第 210 行.
SQL: SHOW COLUMNS FROM `hallimg` [ RunTime:0.0036s ]
SQL: SELECT * FROM `hallimg`  [ RunTime:0.0003s ]
INFO: [ view_parse ] --START--
INFO: [ template_filter ] --START--
INFO: Run Behavior\ContentReplaceBehavior [ RunTime:0.000131s ]
INFO: [ template_filter ] --END-- [ RunTime:0.000186s ]
INFO: Run Behavior\ParseTemplateBehavior [ RunTime:0.007822s ]
INFO: [ view_parse ] --END-- [ RunTime:0.007881s ]
INFO: [ view_filter ] --START--
INFO: Run Behavior\WriteHtmlCacheBehavior [ RunTime:0.000321s ]
INFO: [ view_filter ] --END-- [ RunTime:0.000364s ]
INFO: [ app_end ] --START--
INFO: Run Behavior\ShowPageTraceBehavior [ RunTime:0.000575s ]
INFO: [ app_end ] --END-- [ RunTime:0.000627s ]

