[ 2018-10-30T10:29:26+08:00 ] ::1 /gt/
INFO: [ app_init ] --START--
INFO: Run Behavior\BuildLiteBehavior [ RunTime:0.000015s ]
INFO: [ app_init ] --END-- [ RunTime:0.000530s ]
INFO: [ app_begin ] --START--
INFO: Run Behavior\ReadHtmlCacheBehavior [ RunTime:0.000785s ]
INFO: [ app_begin ] --END-- [ RunTime:0.000812s ]
SQL: SHOW COLUMNS FROM `studystatus` [ RunTime:0.0206s ]
SQL: SHOW COLUMNS FROM `exam` [ RunTime:0.0084s ]
SQL: SHOW COLUMNS FROM `user` [ RunTime:0.0494s ]
SQL: SELECT `mission` FROM `user` WHERE `user_id` = null LIMIT 1   [ RunTime:0.0006s ]
SQL: SELECT `mission2` FROM `user` WHERE `user_id` = null LIMIT 1   [ RunTime:0.0001s ]
INFO: [ view_parse ] --START--
INFO: [ template_filter ] --START--
INFO: Run Behavior\ContentReplaceBehavior [ RunTime:0.000108s ]
INFO: [ template_filter ] --END-- [ RunTime:0.000138s ]
NOTIC: [8] Undefined variable: timedifferent D:\xmapp\htdocs\gt\Application\Runtime\Cache\Home\2a94b8bda04ff446dcedd42276fc99ee.php 第 117 行.
NOTIC: [8] Undefined variable: timedifferent2 D:\xmapp\htdocs\gt\Application\Runtime\Cache\Home\2a94b8bda04ff446dcedd42276fc99ee.php 第 124 行.
INFO: Run Behavior\ParseTemplateBehavior [ RunTime:0.067814s ]
INFO: [ view_parse ] --END-- [ RunTime:0.067844s ]
INFO: [ view_filter ] --START--
INFO: Run Behavior\WriteHtmlCacheBehavior [ RunTime:0.000677s ]
INFO: [ view_filter ] --END-- [ RunTime:0.000700s ]
INFO: [ app_end ] --START--
INFO: Run Behavior\ShowPageTraceBehavior [ RunTime:0.000842s ]
INFO: [ app_end ] --END-- [ RunTime:0.000880s ]

[ 2018-10-30T16:17:46+08:00 ] ::1 /gt/
INFO: [ app_init ] --START--
INFO: Run Behavior\BuildLiteBehavior [ RunTime:0.000018s ]
INFO: [ app_init ] --END-- [ RunTime:0.001083s ]
INFO: [ app_begin ] --START--
INFO: Run Behavior\ReadHtmlCacheBehavior [ RunTime:0.139481s ]
INFO: [ app_begin ] --END-- [ RunTime:0.139518s ]
SQL: SHOW COLUMNS FROM `studystatus` [ RunTime:0.0028s ]
SQL: SHOW COLUMNS FROM `exam` [ RunTime:0.0025s ]
SQL: SHOW COLUMNS FROM `user` [ RunTime:0.0621s ]
SQL: SELECT `mission` FROM `user` WHERE `user_id` = null LIMIT 1   [ RunTime:0.0002s ]
SQL: SELECT `mission2` FROM `user` WHERE `user_id` = null LIMIT 1   [ RunTime:0.0001s ]
INFO: [ view_parse ] --START--
INFO: [ template_filter ] --START--
INFO: Run Behavior\ContentReplaceBehavior [ RunTime:0.000094s ]
INFO: [ template_filter ] --END-- [ RunTime:0.000126s ]
NOTIC: [8] Undefined variable: timedifferent D:\xmapp\htdocs\gt\Application\Runtime\Cache\Home\2a94b8bda04ff446dcedd42276fc99ee.php 第 117 行.
NOTIC: [8] Undefined variable: timedifferent2 D:\xmapp\htdocs\gt\Application\Runtime\Cache\Home\2a94b8bda04ff446dcedd42276fc99ee.php 第 124 行.
INFO: Run Behavior\ParseTemplateBehavior [ RunTime:0.258055s ]
INFO: [ view_parse ] --END-- [ RunTime:0.258078s ]
INFO: [ view_filter ] --START--
INFO: Run Behavior\WriteHtmlCacheBehavior [ RunTime:0.000584s ]
INFO: [ view_filter ] --END-- [ RunTime:0.000604s ]
INFO: [ app_end ] --START--
INFO: Run Behavior\ShowPageTraceBehavior [ RunTime:0.001691s ]
INFO: [ app_end ] --END-- [ RunTime:0.001721s ]

