[ 2018-11-30T13:59:57+08:00 ] 119.129.119.66 /gt/
INFO: [ app_init ] --START--
INFO: Run Behavior\BuildLiteBehavior [ RunTime:0.000022s ]
INFO: [ app_init ] --END-- [ RunTime:0.000321s ]
INFO: [ app_begin ] --START--
INFO: Run Behavior\ReadHtmlCacheBehavior [ RunTime:0.000348s ]
INFO: [ app_begin ] --END-- [ RunTime:0.000389s ]
SQL: SHOW COLUMNS FROM `studystatus` [ RunTime:0.0162s ]
SQL: SHOW COLUMNS FROM `exam` [ RunTime:0.0055s ]
INFO: [ view_parse ] --START--
INFO: [ template_filter ] --START--
INFO: Run Behavior\ContentReplaceBehavior [ RunTime:0.000133s ]
INFO: [ template_filter ] --END-- [ RunTime:0.000177s ]
INFO: Run Behavior\ParseTemplateBehavior [ RunTime:0.006953s ]
INFO: [ view_parse ] --END-- [ RunTime:0.006997s ]
INFO: [ view_filter ] --START--
INFO: Run Behavior\WriteHtmlCacheBehavior [ RunTime:0.000250s ]
INFO: [ view_filter ] --END-- [ RunTime:0.000283s ]
INFO: [ app_end ] --START--
INFO: Run Behavior\ShowPageTraceBehavior [ RunTime:0.000462s ]
INFO: [ app_end ] --END-- [ RunTime:0.000498s ]

[ 2018-11-30T14:00:10+08:00 ] 119.129.119.66 /gt/
INFO: [ app_init ] --START--
INFO: Run Behavior\BuildLiteBehavior [ RunTime:0.000013s ]
INFO: [ app_init ] --END-- [ RunTime:0.000245s ]
INFO: [ app_begin ] --START--
INFO: Run Behavior\ReadHtmlCacheBehavior [ RunTime:0.000370s ]
INFO: [ app_begin ] --END-- [ RunTime:0.000407s ]
SQL: SHOW COLUMNS FROM `studystatus` [ RunTime:0.0069s ]
SQL: SHOW COLUMNS FROM `exam` [ RunTime:0.0031s ]
INFO: [ view_parse ] --START--
INFO: [ template_filter ] --START--
INFO: Run Behavior\ContentReplaceBehavior [ RunTime:0.000099s ]
INFO: [ template_filter ] --END-- [ RunTime:0.000147s ]
INFO: Run Behavior\ParseTemplateBehavior [ RunTime:0.005666s ]
INFO: [ view_parse ] --END-- [ RunTime:0.005719s ]
INFO: [ view_filter ] --START--
INFO: Run Behavior\WriteHtmlCacheBehavior [ RunTime:0.000202s ]
INFO: [ view_filter ] --END-- [ RunTime:0.000239s ]
INFO: [ app_end ] --START--
INFO: Run Behavior\ShowPageTraceBehavior [ RunTime:0.000561s ]
INFO: [ app_end ] --END-- [ RunTime:0.000608s ]

[ 2018-11-30T14:00:11+08:00 ] 119.129.119.66 /gt/
INFO: [ app_init ] --START--
INFO: Run Behavior\BuildLiteBehavior [ RunTime:0.000015s ]
INFO: [ app_init ] --END-- [ RunTime:0.000317s ]
INFO: [ app_begin ] --START--
INFO: Run Behavior\ReadHtmlCacheBehavior [ RunTime:0.000351s ]
INFO: [ app_begin ] --END-- [ RunTime:0.000399s ]
SQL: SHOW COLUMNS FROM `studystatus` [ RunTime:0.0143s ]
SQL: SHOW COLUMNS FROM `exam` [ RunTime:0.0035s ]
INFO: [ view_parse ] --START--
INFO: [ template_filter ] --START--
INFO: Run Behavior\ContentReplaceBehavior [ RunTime:0.000100s ]
INFO: [ template_filter ] --END-- [ RunTime:0.000140s ]
INFO: Run Behavior\ParseTemplateBehavior [ RunTime:0.005116s ]
INFO: [ view_parse ] --END-- [ RunTime:0.005159s ]
INFO: [ view_filter ] --START--
INFO: Run Behavior\WriteHtmlCacheBehavior [ RunTime:0.000177s ]
INFO: [ view_filter ] --END-- [ RunTime:0.000206s ]
INFO: [ app_end ] --START--
INFO: Run Behavior\ShowPageTraceBehavior [ RunTime:0.000372s ]
INFO: [ app_end ] --END-- [ RunTime:0.000410s ]

[ 2018-11-30T14:00:12+08:00 ] 119.129.119.66 /gt/
INFO: [ app_init ] --START--
INFO: Run Behavior\BuildLiteBehavior [ RunTime:0.000015s ]
INFO: [ app_init ] --END-- [ RunTime:0.000296s ]
INFO: [ app_begin ] --START--
INFO: Run Behavior\ReadHtmlCacheBehavior [ RunTime:0.000537s ]
INFO: [ app_begin ] --END-- [ RunTime:0.000578s ]
SQL: SHOW COLUMNS FROM `studystatus` [ RunTime:0.0082s ]
SQL: SHOW COLUMNS FROM `exam` [ RunTime:0.0033s ]
INFO: [ view_parse ] --START--
INFO: [ template_filter ] --START--
INFO: Run Behavior\ContentReplaceBehavior [ RunTime:0.000105s ]
INFO: [ template_filter ] --END-- [ RunTime:0.000149s ]
INFO: Run Behavior\ParseTemplateBehavior [ RunTime:0.006335s ]
INFO: [ view_parse ] --END-- [ RunTime:0.006387s ]
INFO: [ view_filter ] --START--
INFO: Run Behavior\WriteHtmlCacheBehavior [ RunTime:0.000220s ]
INFO: [ view_filter ] --END-- [ RunTime:0.000251s ]
INFO: [ app_end ] --START--
INFO: Run Behavior\ShowPageTraceBehavior [ RunTime:0.000403s ]
INFO: [ app_end ] --END-- [ RunTime:0.000448s ]

[ 2018-11-30T14:00:13+08:00 ] 119.129.119.66 /gt/
INFO: [ app_init ] --START--
INFO: Run Behavior\BuildLiteBehavior [ RunTime:0.000015s ]
INFO: [ app_init ] --END-- [ RunTime:0.000304s ]
INFO: [ app_begin ] --START--
INFO: Run Behavior\ReadHtmlCacheBehavior [ RunTime:0.000330s ]
INFO: [ app_begin ] --END-- [ RunTime:0.000368s ]
SQL: SHOW COLUMNS FROM `studystatus` [ RunTime:0.0078s ]
SQL: SHOW COLUMNS FROM `exam` [ RunTime:0.0037s ]
INFO: [ view_parse ] --START--
INFO: [ template_filter ] --START--
INFO: Run Behavior\ContentReplaceBehavior [ RunTime:0.000105s ]
INFO: [ template_filter ] --END-- [ RunTime:0.000148s ]
INFO: Run Behavior\ParseTemplateBehavior [ RunTime:0.007506s ]
INFO: [ view_parse ] --END-- [ RunTime:0.007549s ]
INFO: [ view_filter ] --START--
INFO: Run Behavior\WriteHtmlCacheBehavior [ RunTime:0.000219s ]
INFO: [ view_filter ] --END-- [ RunTime:0.000250s ]
INFO: [ app_end ] --START--
INFO: Run Behavior\ShowPageTraceBehavior [ RunTime:0.000416s ]
INFO: [ app_end ] --END-- [ RunTime:0.000490s ]

[ 2018-11-30T14:00:14+08:00 ] 119.129.119.66 /gt/
INFO: [ app_init ] --START--
INFO: Run Behavior\BuildLiteBehavior [ RunTime:0.000013s ]
INFO: [ app_init ] --END-- [ RunTime:0.000246s ]
INFO: [ app_begin ] --START--
INFO: Run Behavior\ReadHtmlCacheBehavior [ RunTime:0.000295s ]
INFO: [ app_begin ] --END-- [ RunTime:0.000332s ]
SQL: SHOW COLUMNS FROM `studystatus` [ RunTime:0.0085s ]
SQL: SHOW COLUMNS FROM `exam` [ RunTime:0.0054s ]
INFO: [ view_parse ] --START--
INFO: [ template_filter ] --START--
INFO: Run Behavior\ContentReplaceBehavior [ RunTime:0.000094s ]
INFO: [ template_filter ] --END-- [ RunTime:0.000141s ]
INFO: Run Behavior\ParseTemplateBehavior [ RunTime:0.005077s ]
INFO: [ view_parse ] --END-- [ RunTime:0.005120s ]
INFO: [ view_filter ] --START--
INFO: Run Behavior\WriteHtmlCacheBehavior [ RunTime:0.000178s ]
INFO: [ view_filter ] --END-- [ RunTime:0.000209s ]
INFO: [ app_end ] --START--
INFO: Run Behavior\ShowPageTraceBehavior [ RunTime:0.000373s ]
INFO: [ app_end ] --END-- [ RunTime:0.000415s ]

[ 2018-11-30T14:00:15+08:00 ] 119.129.119.66 /gt/
INFO: [ app_init ] --START--
INFO: Run Behavior\BuildLiteBehavior [ RunTime:0.000017s ]
INFO: [ app_init ] --END-- [ RunTime:0.000862s ]
INFO: [ app_begin ] --START--
INFO: Run Behavior\ReadHtmlCacheBehavior [ RunTime:0.000487s ]
INFO: [ app_begin ] --END-- [ RunTime:0.000531s ]
SQL: SHOW COLUMNS FROM `studystatus` [ RunTime:0.0067s ]
SQL: SHOW COLUMNS FROM `exam` [ RunTime:0.0030s ]
INFO: [ view_parse ] --START--
INFO: [ template_filter ] --START--
INFO: Run Behavior\ContentReplaceBehavior [ RunTime:0.000114s ]
INFO: [ template_filter ] --END-- [ RunTime:0.000157s ]
INFO: Run Behavior\ParseTemplateBehavior [ RunTime:0.007085s ]
INFO: [ view_parse ] --END-- [ RunTime:0.007127s ]
INFO: [ view_filter ] --START--
INFO: Run Behavior\WriteHtmlCacheBehavior [ RunTime:0.000220s ]
INFO: [ view_filter ] --END-- [ RunTime:0.000252s ]
INFO: [ app_end ] --START--
INFO: Run Behavior\ShowPageTraceBehavior [ RunTime:0.000435s ]
INFO: [ app_end ] --END-- [ RunTime:0.000472s ]

[ 2018-11-30T14:00:26+08:00 ] 119.129.119.66 /gt/read
INFO: [ app_init ] --START--
INFO: Run Behavior\BuildLiteBehavior [ RunTime:0.000013s ]
INFO: [ app_init ] --END-- [ RunTime:0.000253s ]
INFO: [ app_begin ] --START--
INFO: Run Behavior\ReadHtmlCacheBehavior [ RunTime:0.000331s ]
INFO: [ app_begin ] --END-- [ RunTime:0.000376s ]
SQL: SHOW COLUMNS FROM `hall1` [ RunTime:0.0052s ]
SQL: SELECT * FROM `hall1`  [ RunTime:0.0002s ]
NOTIC: [8] Undefined variable: hallimg1 C:\phpStudy\PHPTutorial\WWW\gt\Application\Home\Controller\ExamController.class.php 第 181 行.
NOTIC: [8] Undefined variable: hall1mp3 C:\phpStudy\PHPTutorial\WWW\gt\Application\Home\Controller\ExamController.class.php 第 185 行.
SQL: SHOW COLUMNS FROM `hall2` [ RunTime:0.0067s ]
SQL: SELECT * FROM `hall2`  [ RunTime:0.0002s ]
NOTIC: [8] Undefined variable: hallimg2 C:\phpStudy\PHPTutorial\WWW\gt\Application\Home\Controller\ExamController.class.php 第 203 行.
NOTIC: [8] Undefined variable: hall2mp3 C:\phpStudy\PHPTutorial\WWW\gt\Application\Home\Controller\ExamController.class.php 第 207 行.
SQL: SHOW COLUMNS FROM `hallimg` [ RunTime:0.0055s ]
SQL: SELECT * FROM `hallimg`  [ RunTime:0.0002s ]
INFO: [ view_parse ] --START--
INFO: [ template_filter ] --START--
INFO: Run Behavior\ContentReplaceBehavior [ RunTime:0.000064s ]
INFO: [ template_filter ] --END-- [ RunTime:0.000106s ]
INFO: Run Behavior\ParseTemplateBehavior [ RunTime:0.004580s ]
INFO: [ view_parse ] --END-- [ RunTime:0.004623s ]
INFO: [ view_filter ] --START--
INFO: Run Behavior\WriteHtmlCacheBehavior [ RunTime:0.000169s ]
INFO: [ view_filter ] --END-- [ RunTime:0.000209s ]
INFO: [ app_end ] --START--
INFO: Run Behavior\ShowPageTraceBehavior [ RunTime:0.000403s ]
INFO: [ app_end ] --END-- [ RunTime:0.000437s ]

[ 2018-11-30T14:00:28+08:00 ] 119.129.119.66 /gt/read
INFO: [ app_init ] --START--
INFO: Run Behavior\BuildLiteBehavior [ RunTime:0.000013s ]
INFO: [ app_init ] --END-- [ RunTime:0.000256s ]
INFO: [ app_begin ] --START--
INFO: Run Behavior\ReadHtmlCacheBehavior [ RunTime:0.000351s ]
INFO: [ app_begin ] --END-- [ RunTime:0.000398s ]
SQL: SHOW COLUMNS FROM `hall1` [ RunTime:0.0061s ]
SQL: SELECT * FROM `hall1`  [ RunTime:0.0002s ]
NOTIC: [8] Undefined variable: hallimg1 C:\phpStudy\PHPTutorial\WWW\gt\Application\Home\Controller\ExamController.class.php 第 181 行.
NOTIC: [8] Undefined variable: hall1mp3 C:\phpStudy\PHPTutorial\WWW\gt\Application\Home\Controller\ExamController.class.php 第 185 行.
SQL: SHOW COLUMNS FROM `hall2` [ RunTime:0.0042s ]
SQL: SELECT * FROM `hall2`  [ RunTime:0.0002s ]
NOTIC: [8] Undefined variable: hallimg2 C:\phpStudy\PHPTutorial\WWW\gt\Application\Home\Controller\ExamController.class.php 第 203 行.
NOTIC: [8] Undefined variable: hall2mp3 C:\phpStudy\PHPTutorial\WWW\gt\Application\Home\Controller\ExamController.class.php 第 207 行.
SQL: SHOW COLUMNS FROM `hallimg` [ RunTime:0.0046s ]
SQL: SELECT * FROM `hallimg`  [ RunTime:0.0002s ]
INFO: [ view_parse ] --START--
INFO: [ template_filter ] --START--
INFO: Run Behavior\ContentReplaceBehavior [ RunTime:0.000062s ]
INFO: [ template_filter ] --END-- [ RunTime:0.000100s ]
INFO: Run Behavior\ParseTemplateBehavior [ RunTime:0.003906s ]
INFO: [ view_parse ] --END-- [ RunTime:0.003953s ]
INFO: [ view_filter ] --START--
INFO: Run Behavior\WriteHtmlCacheBehavior [ RunTime:0.000166s ]
INFO: [ view_filter ] --END-- [ RunTime:0.000195s ]
INFO: [ app_end ] --START--
INFO: Run Behavior\ShowPageTraceBehavior [ RunTime:0.000376s ]
INFO: [ app_end ] --END-- [ RunTime:0.000411s ]

[ 2018-11-30T20:16:53+08:00 ] ::1 /gt/Public/Admin/img/20181130/285_5c00e5b2d643e.jpg
INFO: [ app_init ] --START--
INFO: Run Behavior\BuildLiteBehavior [ RunTime:0.000007s ]
INFO: [ app_init ] --END-- [ RunTime:0.000235s ]

[ 2018-11-30T20:16:54+08:00 ] ::1 /gt/Public/Admin/img/20181130/285_5c00e54ab7921.jpg
INFO: [ app_init ] --START--
INFO: Run Behavior\BuildLiteBehavior [ RunTime:0.000007s ]
INFO: [ app_init ] --END-- [ RunTime:0.000235s ]

[ 2018-11-30T20:16:54+08:00 ] ::1 /gt/Public/Admin/img/20181130/285_5c00e55607416.jpg
INFO: [ app_init ] --START--
INFO: Run Behavior\BuildLiteBehavior [ RunTime:0.000006s ]
INFO: [ app_init ] --END-- [ RunTime:0.000264s ]

[ 2018-11-30T20:17:10+08:00 ] ::1 /gt/
INFO: [ app_init ] --START--
INFO: Run Behavior\BuildLiteBehavior [ RunTime:0.000006s ]
INFO: [ app_init ] --END-- [ RunTime:0.000231s ]
INFO: [ app_begin ] --START--
INFO: Run Behavior\ReadHtmlCacheBehavior [ RunTime:0.000388s ]
INFO: [ app_begin ] --END-- [ RunTime:0.000409s ]
SQL: SHOW COLUMNS FROM `studystatus` [ RunTime:0.0009s ]
SQL: SHOW COLUMNS FROM `exam` [ RunTime:0.0010s ]
INFO: [ view_parse ] --START--
INFO: [ template_filter ] --START--
INFO: Run Behavior\ContentReplaceBehavior [ RunTime:0.000083s ]
INFO: [ template_filter ] --END-- [ RunTime:0.000110s ]
INFO: Run Behavior\ParseTemplateBehavior [ RunTime:0.006526s ]
INFO: [ view_parse ] --END-- [ RunTime:0.006557s ]
INFO: [ view_filter ] --START--
INFO: Run Behavior\WriteHtmlCacheBehavior [ RunTime:0.000295s ]
INFO: [ view_filter ] --END-- [ RunTime:0.000314s ]
INFO: [ app_end ] --START--
INFO: Run Behavior\ShowPageTraceBehavior [ RunTime:0.000494s ]
INFO: [ app_end ] --END-- [ RunTime:0.000515s ]

[ 2018-11-30T20:17:23+08:00 ] ::1 /gt/
INFO: [ app_init ] --START--
INFO: Run Behavior\BuildLiteBehavior [ RunTime:0.000005s ]
INFO: [ app_init ] --END-- [ RunTime:0.000223s ]
INFO: [ app_begin ] --START--
INFO: Run Behavior\ReadHtmlCacheBehavior [ RunTime:0.000333s ]
INFO: [ app_begin ] --END-- [ RunTime:0.000354s ]
SQL: SHOW COLUMNS FROM `studystatus` [ RunTime:0.0007s ]
SQL: SHOW COLUMNS FROM `exam` [ RunTime:0.0006s ]
INFO: [ view_parse ] --START--
INFO: [ template_filter ] --START--
INFO: Run Behavior\ContentReplaceBehavior [ RunTime:0.000072s ]
INFO: [ template_filter ] --END-- [ RunTime:0.000093s ]
INFO: Run Behavior\ParseTemplateBehavior [ RunTime:0.004555s ]
INFO: [ view_parse ] --END-- [ RunTime:0.004577s ]
INFO: [ view_filter ] --START--
INFO: Run Behavior\WriteHtmlCacheBehavior [ RunTime:0.000213s ]
INFO: [ view_filter ] --END-- [ RunTime:0.000231s ]
INFO: [ app_end ] --START--
INFO: Run Behavior\ShowPageTraceBehavior [ RunTime:0.000392s ]
INFO: [ app_end ] --END-- [ RunTime:0.000412s ]

[ 2018-11-30T20:17:42+08:00 ] ::1 /gt/read
INFO: [ app_init ] --START--
INFO: Run Behavior\BuildLiteBehavior [ RunTime:0.000008s ]
INFO: [ app_init ] --END-- [ RunTime:0.000261s ]
INFO: [ app_begin ] --START--
INFO: Run Behavior\ReadHtmlCacheBehavior [ RunTime:0.000361s ]
INFO: [ app_begin ] --END-- [ RunTime:0.000382s ]
SQL: SHOW COLUMNS FROM `hall1` [ RunTime:0.0005s ]
SQL: SELECT * FROM `hall1`  [ RunTime:0.0002s ]
NOTIC: [8] Undefined variable: hallimg1 D:\PHPTutorial\WWW\gt\Application\Home\Controller\ExamController.class.php 第 181 行.
NOTIC: [8] Undefined variable: hall1mp3 D:\PHPTutorial\WWW\gt\Application\Home\Controller\ExamController.class.php 第 185 行.
SQL: SHOW COLUMNS FROM `hall2` [ RunTime:0.0006s ]
SQL: SELECT * FROM `hall2`  [ RunTime:0.0001s ]
NOTIC: [8] Undefined variable: hallimg2 D:\PHPTutorial\WWW\gt\Application\Home\Controller\ExamController.class.php 第 203 行.
NOTIC: [8] Undefined variable: hall2mp3 D:\PHPTutorial\WWW\gt\Application\Home\Controller\ExamController.class.php 第 207 行.
SQL: SHOW COLUMNS FROM `hallimg` [ RunTime:0.0006s ]
SQL: SELECT * FROM `hallimg`  [ RunTime:0.0001s ]
INFO: [ view_parse ] --START--
INFO: [ template_filter ] --START--
INFO: Run Behavior\ContentReplaceBehavior [ RunTime:0.000054s ]
INFO: [ template_filter ] --END-- [ RunTime:0.000079s ]
INFO: Run Behavior\ParseTemplateBehavior [ RunTime:0.004140s ]
INFO: [ view_parse ] --END-- [ RunTime:0.004163s ]
INFO: [ view_filter ] --START--
INFO: Run Behavior\WriteHtmlCacheBehavior [ RunTime:0.000228s ]
INFO: [ view_filter ] --END-- [ RunTime:0.000245s ]
INFO: [ app_end ] --START--
INFO: Run Behavior\ShowPageTraceBehavior [ RunTime:0.000388s ]
INFO: [ app_end ] --END-- [ RunTime:0.000406s ]

[ 2018-11-30T20:17:43+08:00 ] ::1 /gt/read
INFO: [ app_init ] --START--
INFO: Run Behavior\BuildLiteBehavior [ RunTime:0.000011s ]
INFO: [ app_init ] --END-- [ RunTime:0.000447s ]
INFO: [ app_begin ] --START--
INFO: Run Behavior\ReadHtmlCacheBehavior [ RunTime:0.000571s ]
INFO: [ app_begin ] --END-- [ RunTime:0.000613s ]
SQL: SHOW COLUMNS FROM `hall1` [ RunTime:0.0007s ]
SQL: SELECT * FROM `hall1`  [ RunTime:0.0004s ]
NOTIC: [8] Undefined variable: hallimg1 D:\PHPTutorial\WWW\gt\Application\Home\Controller\ExamController.class.php 第 181 行.
NOTIC: [8] Undefined variable: hall1mp3 D:\PHPTutorial\WWW\gt\Application\Home\Controller\ExamController.class.php 第 185 行.
SQL: SHOW COLUMNS FROM `hall2` [ RunTime:0.0012s ]
SQL: SELECT * FROM `hall2`  [ RunTime:0.0005s ]
NOTIC: [8] Undefined variable: hallimg2 D:\PHPTutorial\WWW\gt\Application\Home\Controller\ExamController.class.php 第 203 行.
NOTIC: [8] Undefined variable: hall2mp3 D:\PHPTutorial\WWW\gt\Application\Home\Controller\ExamController.class.php 第 207 行.
SQL: SHOW COLUMNS FROM `hallimg` [ RunTime:0.0019s ]
SQL: SELECT * FROM `hallimg`  [ RunTime:0.0004s ]
INFO: [ view_parse ] --START--
INFO: [ template_filter ] --START--
INFO: Run Behavior\ContentReplaceBehavior [ RunTime:0.000070s ]
INFO: [ template_filter ] --END-- [ RunTime:0.000123s ]
INFO: Run Behavior\ParseTemplateBehavior [ RunTime:0.007300s ]
INFO: [ view_parse ] --END-- [ RunTime:0.007359s ]
INFO: [ view_filter ] --START--
INFO: Run Behavior\WriteHtmlCacheBehavior [ RunTime:0.000436s ]
INFO: [ view_filter ] --END-- [ RunTime:0.000468s ]
INFO: [ app_end ] --START--
INFO: Run Behavior\ShowPageTraceBehavior [ RunTime:0.000818s ]
INFO: [ app_end ] --END-- [ RunTime:0.000871s ]

[ 2018-11-30T20:17:56+08:00 ] ::1 /gt/Public/Admin/img/20181130/285_5c00e5b2d643e.jpg
INFO: [ app_init ] --START--
INFO: Run Behavior\BuildLiteBehavior [ RunTime:0.000008s ]
INFO: [ app_init ] --END-- [ RunTime:0.000254s ]

[ 2018-11-30T20:17:56+08:00 ] ::1 /gt/Public/Admin/img/20181130/285_5c00e54ab7921.jpg
INFO: [ app_init ] --START--
INFO: Run Behavior\BuildLiteBehavior [ RunTime:0.000008s ]
INFO: [ app_init ] --END-- [ RunTime:0.000256s ]

[ 2018-11-30T20:17:57+08:00 ] ::1 /gt/Public/Admin/img/20181130/285_5c00e55607416.jpg
INFO: [ app_init ] --START--
INFO: Run Behavior\BuildLiteBehavior [ RunTime:0.000008s ]
INFO: [ app_init ] --END-- [ RunTime:0.000259s ]

[ 2018-11-30T20:44:55+08:00 ] ::1 /gt/Public/Admin/img/20181130/285_5c00e5b2d643e.jpg
INFO: [ app_init ] --START--
INFO: Run Behavior\BuildLiteBehavior [ RunTime:0.000006s ]
INFO: [ app_init ] --END-- [ RunTime:0.000234s ]

[ 2018-11-30T20:44:56+08:00 ] ::1 /gt/Public/Admin/img/20181130/285_5c00e55607416.jpg
INFO: [ app_init ] --START--
INFO: Run Behavior\BuildLiteBehavior [ RunTime:0.000008s ]
INFO: [ app_init ] --END-- [ RunTime:0.000254s ]

[ 2018-11-30T20:44:56+08:00 ] ::1 /gt/Public/Admin/img/20181130/285_5c00e54ab7921.jpg
INFO: [ app_init ] --START--
INFO: Run Behavior\BuildLiteBehavior [ RunTime:0.000006s ]
INFO: [ app_init ] --END-- [ RunTime:0.000284s ]

[ 2018-11-30T20:45:53+08:00 ] ::1 /gt/Public/Admin/img/20181130/285_5c00e5b2d643e.jpg
INFO: [ app_init ] --START--
INFO: Run Behavior\BuildLiteBehavior [ RunTime:0.000008s ]
INFO: [ app_init ] --END-- [ RunTime:0.000255s ]

[ 2018-11-30T20:45:53+08:00 ] ::1 /gt/Public/Admin/img/20181130/285_5c00e54ab7921.jpg
INFO: [ app_init ] --START--
INFO: Run Behavior\BuildLiteBehavior [ RunTime:0.000013s ]
INFO: [ app_init ] --END-- [ RunTime:0.010301s ]

[ 2018-11-30T20:45:54+08:00 ] ::1 /gt/Public/Admin/img/20181130/285_5c00e55607416.jpg
INFO: [ app_init ] --START--
INFO: Run Behavior\BuildLiteBehavior [ RunTime:0.000006s ]
INFO: [ app_init ] --END-- [ RunTime:0.000246s ]

[ 2018-11-30T20:48:04+08:00 ] ::1 /gt/Public/Admin/img/20181130/285_5c00e5b2d643e.jpg
INFO: [ app_init ] --START--
INFO: Run Behavior\BuildLiteBehavior [ RunTime:0.000008s ]
INFO: [ app_init ] --END-- [ RunTime:0.000293s ]

[ 2018-11-30T20:48:04+08:00 ] ::1 /gt/Public/Admin/img/20181130/285_5c00e54ab7921.jpg
INFO: [ app_init ] --START--
INFO: Run Behavior\BuildLiteBehavior [ RunTime:0.000007s ]
INFO: [ app_init ] --END-- [ RunTime:0.000261s ]

[ 2018-11-30T20:48:05+08:00 ] ::1 /gt/Public/Admin/img/20181130/285_5c00e54ab7921.jpg
INFO: [ app_init ] --START--
INFO: Run Behavior\BuildLiteBehavior [ RunTime:0.000006s ]
INFO: [ app_init ] --END-- [ RunTime:0.000244s ]

[ 2018-11-30T20:48:05+08:00 ] ::1 /gt/Public/Admin/img/20181130/285_5c00e5b2d643e.jpg
INFO: [ app_init ] --START--
INFO: Run Behavior\BuildLiteBehavior [ RunTime:0.000008s ]
INFO: [ app_init ] --END-- [ RunTime:0.000264s ]

[ 2018-11-30T20:48:05+08:00 ] ::1 /gt/Public/Admin/img/20181130/285_5c00e55607416.jpg
INFO: [ app_init ] --START--
INFO: Run Behavior\BuildLiteBehavior [ RunTime:0.000006s ]
INFO: [ app_init ] --END-- [ RunTime:0.000225s ]

[ 2018-11-30T20:48:05+08:00 ] ::1 /gt/Public/Admin/img/20181130/285_5c00e55607416.jpg
INFO: [ app_init ] --START--
INFO: Run Behavior\BuildLiteBehavior [ RunTime:0.000007s ]
INFO: [ app_init ] --END-- [ RunTime:0.000240s ]

[ 2018-11-30T20:48:05+08:00 ] ::1 /gt/Public/Admin/img/20181130/285_5c00e54ab7921.jpg
INFO: [ app_init ] --START--
INFO: Run Behavior\BuildLiteBehavior [ RunTime:0.000006s ]
INFO: [ app_init ] --END-- [ RunTime:0.000243s ]

[ 2018-11-30T20:48:05+08:00 ] ::1 /gt/Public/Admin/img/20181130/285_5c00e5b2d643e.jpg
INFO: [ app_init ] --START--
INFO: Run Behavior\BuildLiteBehavior [ RunTime:0.000009s ]
INFO: [ app_init ] --END-- [ RunTime:0.000247s ]

[ 2018-11-30T20:48:06+08:00 ] ::1 /gt/Public/Admin/img/20181130/285_5c00e55607416.jpg
INFO: [ app_init ] --START--
INFO: Run Behavior\BuildLiteBehavior [ RunTime:0.000005s ]
INFO: [ app_init ] --END-- [ RunTime:0.000209s ]

[ 2018-11-30T20:48:24+08:00 ] ::1 /gt/Public/Admin/img/20181130/285_5c00e5b2d643e.jpg
INFO: [ app_init ] --START--
INFO: Run Behavior\BuildLiteBehavior [ RunTime:0.000008s ]
INFO: [ app_init ] --END-- [ RunTime:0.000235s ]

[ 2018-11-30T20:48:24+08:00 ] ::1 /gt/Public/Admin/img/20181130/285_5c00e54ab7921.jpg
INFO: [ app_init ] --START--
INFO: Run Behavior\BuildLiteBehavior [ RunTime:0.000007s ]
INFO: [ app_init ] --END-- [ RunTime:0.000263s ]

[ 2018-11-30T20:48:25+08:00 ] ::1 /gt/Public/Admin/img/20181130/285_5c00e55607416.jpg
INFO: [ app_init ] --START--
INFO: Run Behavior\BuildLiteBehavior [ RunTime:0.000006s ]
INFO: [ app_init ] --END-- [ RunTime:0.000231s ]

[ 2018-11-30T20:48:28+08:00 ] ::1 /gt/Public/Admin/img/20181130/285_5c00e5b2d643e.jpg
INFO: [ app_init ] --START--
INFO: Run Behavior\BuildLiteBehavior [ RunTime:0.000007s ]
INFO: [ app_init ] --END-- [ RunTime:0.000273s ]

[ 2018-11-30T20:48:28+08:00 ] ::1 /gt/Public/Admin/img/20181130/285_5c00e54ab7921.jpg
INFO: [ app_init ] --START--
INFO: Run Behavior\BuildLiteBehavior [ RunTime:0.000006s ]
INFO: [ app_init ] --END-- [ RunTime:0.000242s ]

[ 2018-11-30T20:48:29+08:00 ] ::1 /gt/Public/Admin/img/20181130/285_5c00e55607416.jpg
INFO: [ app_init ] --START--
INFO: Run Behavior\BuildLiteBehavior [ RunTime:0.000005s ]
INFO: [ app_init ] --END-- [ RunTime:0.000225s ]

[ 2018-11-30T20:48:32+08:00 ] ::1 /gt/Public/Admin/img/20181130/285_5c00e5b2d643e.jpg
INFO: [ app_init ] --START--
INFO: Run Behavior\BuildLiteBehavior [ RunTime:0.000006s ]
INFO: [ app_init ] --END-- [ RunTime:0.000244s ]

[ 2018-11-30T20:48:32+08:00 ] ::1 /gt/Public/Admin/img/20181130/285_5c00e54ab7921.jpg
INFO: [ app_init ] --START--
INFO: Run Behavior\BuildLiteBehavior [ RunTime:0.000007s ]
INFO: [ app_init ] --END-- [ RunTime:0.000255s ]

[ 2018-11-30T20:48:33+08:00 ] ::1 /gt/Public/Admin/img/20181130/285_5c00e55607416.jpg
INFO: [ app_init ] --START--
INFO: Run Behavior\BuildLiteBehavior [ RunTime:0.000006s ]
INFO: [ app_init ] --END-- [ RunTime:0.000229s ]

[ 2018-11-30T20:50:43+08:00 ] ::1 /gt/Public/Admin/img/20181130/285_5c00e5b2d643e.jpg
INFO: [ app_init ] --START--
INFO: Run Behavior\BuildLiteBehavior [ RunTime:0.000005s ]
INFO: [ app_init ] --END-- [ RunTime:0.000234s ]

[ 2018-11-30T20:50:43+08:00 ] ::1 /gt/Public/Admin/img/20181130/285_5c00e55607416.jpg
INFO: [ app_init ] --START--
INFO: Run Behavior\BuildLiteBehavior [ RunTime:0.000008s ]
INFO: [ app_init ] --END-- [ RunTime:0.000312s ]

[ 2018-11-30T20:50:44+08:00 ] ::1 /gt/Public/Admin/img/20181130/285_5c00e54ab7921.jpg
INFO: [ app_init ] --START--
INFO: Run Behavior\BuildLiteBehavior [ RunTime:0.000005s ]
INFO: [ app_init ] --END-- [ RunTime:0.000224s ]

[ 2018-11-30T20:51:17+08:00 ] ::1 /gt/Public/Admin/img/20181130/285_5c00e5b2d643e.jpg
INFO: [ app_init ] --START--
INFO: Run Behavior\BuildLiteBehavior [ RunTime:0.000007s ]
INFO: [ app_init ] --END-- [ RunTime:0.000278s ]

[ 2018-11-30T20:51:17+08:00 ] ::1 /gt/Public/Admin/img/20181130/285_5c00e5b2d643e.jpg
INFO: [ app_init ] --START--
INFO: Run Behavior\BuildLiteBehavior [ RunTime:0.000007s ]
INFO: [ app_init ] --END-- [ RunTime:0.000300s ]

[ 2018-11-30T21:11:27+08:00 ] ::1 /gt/read
INFO: [ app_init ] --START--
INFO: Run Behavior\BuildLiteBehavior [ RunTime:0.000006s ]
INFO: [ app_init ] --END-- [ RunTime:0.000297s ]
INFO: [ app_begin ] --START--
INFO: Run Behavior\ReadHtmlCacheBehavior [ RunTime:0.000399s ]
INFO: [ app_begin ] --END-- [ RunTime:0.000421s ]
SQL: SHOW COLUMNS FROM `hall1` [ RunTime:0.0009s ]
SQL: SELECT * FROM `hall1`  [ RunTime:0.0003s ]
NOTIC: [8] Undefined variable: hallimg1 D:\PHPTutorial\WWW\gt\Application\Home\Controller\ExamController.class.php 第 174 行.
NOTIC: [8] Undefined variable: hall1mp3 D:\PHPTutorial\WWW\gt\Application\Home\Controller\ExamController.class.php 第 178 行.
SQL: SHOW COLUMNS FROM `hall2` [ RunTime:0.0008s ]
SQL: SELECT * FROM `hall2`  [ RunTime:0.0002s ]
NOTIC: [8] Undefined variable: hallimg2 D:\PHPTutorial\WWW\gt\Application\Home\Controller\ExamController.class.php 第 196 行.
NOTIC: [8] Undefined variable: hall2mp3 D:\PHPTutorial\WWW\gt\Application\Home\Controller\ExamController.class.php 第 200 行.
SQL: SHOW COLUMNS FROM `hallimg` [ RunTime:0.0006s ]
SQL: SELECT * FROM `hallimg`  [ RunTime:0.0001s ]
INFO: [ view_parse ] --START--
INFO: [ template_filter ] --START--
INFO: Run Behavior\ContentReplaceBehavior [ RunTime:0.000061s ]
INFO: [ template_filter ] --END-- [ RunTime:0.000085s ]
INFO: Run Behavior\ParseTemplateBehavior [ RunTime:0.005433s ]
INFO: [ view_parse ] --END-- [ RunTime:0.005458s ]
INFO: [ view_filter ] --START--
INFO: Run Behavior\WriteHtmlCacheBehavior [ RunTime:0.000268s ]
INFO: [ view_filter ] --END-- [ RunTime:0.000285s ]
INFO: [ app_end ] --START--
INFO: Run Behavior\ShowPageTraceBehavior [ RunTime:0.000441s ]
INFO: [ app_end ] --END-- [ RunTime:0.000459s ]

[ 2018-11-30T21:11:32+08:00 ] ::1 /gt/read
INFO: [ app_init ] --START--
INFO: Run Behavior\BuildLiteBehavior [ RunTime:0.000006s ]
INFO: [ app_init ] --END-- [ RunTime:0.000243s ]
INFO: [ app_begin ] --START--
INFO: Run Behavior\ReadHtmlCacheBehavior [ RunTime:0.000359s ]
INFO: [ app_begin ] --END-- [ RunTime:0.000381s ]
SQL: SHOW COLUMNS FROM `hall1` [ RunTime:0.0005s ]
SQL: SELECT * FROM `hall1`  [ RunTime:0.0002s ]
NOTIC: [8] Undefined variable: hallimg1 D:\PHPTutorial\WWW\gt\Application\Home\Controller\ExamController.class.php 第 174 行.
NOTIC: [8] Undefined variable: hall1mp3 D:\PHPTutorial\WWW\gt\Application\Home\Controller\ExamController.class.php 第 178 行.
SQL: SHOW COLUMNS FROM `hall2` [ RunTime:0.0007s ]
SQL: SELECT * FROM `hall2`  [ RunTime:0.0002s ]
NOTIC: [8] Undefined variable: hallimg2 D:\PHPTutorial\WWW\gt\Application\Home\Controller\ExamController.class.php 第 196 行.
NOTIC: [8] Undefined variable: hall2mp3 D:\PHPTutorial\WWW\gt\Application\Home\Controller\ExamController.class.php 第 200 行.
SQL: SHOW COLUMNS FROM `hallimg` [ RunTime:0.0006s ]
SQL: SELECT * FROM `hallimg`  [ RunTime:0.0001s ]
INFO: [ view_parse ] --START--
INFO: [ template_filter ] --START--
INFO: Run Behavior\ContentReplaceBehavior [ RunTime:0.000047s ]
INFO: [ template_filter ] --END-- [ RunTime:0.000067s ]
INFO: Run Behavior\ParseTemplateBehavior [ RunTime:0.003761s ]
INFO: [ view_parse ] --END-- [ RunTime:0.003785s ]
INFO: [ view_filter ] --START--
INFO: Run Behavior\WriteHtmlCacheBehavior [ RunTime:0.000217s ]
INFO: [ view_filter ] --END-- [ RunTime:0.000235s ]
INFO: [ app_end ] --START--
INFO: Run Behavior\ShowPageTraceBehavior [ RunTime:0.000377s ]
INFO: [ app_end ] --END-- [ RunTime:0.000394s ]

[ 2018-11-30T21:11:41+08:00 ] ::1 /gt/exam
INFO: [ app_init ] --START--
INFO: Run Behavior\BuildLiteBehavior [ RunTime:0.000008s ]
INFO: [ app_init ] --END-- [ RunTime:0.000259s ]
INFO: [ app_begin ] --START--
INFO: Run Behavior\ReadHtmlCacheBehavior [ RunTime:0.000388s ]
INFO: [ app_begin ] --END-- [ RunTime:0.000415s ]
ERR: 模板不存在:./Application/Home/View/Exam/还没有登录，非法闯入！.html

[ 2018-11-30T21:11:47+08:00 ] ::1 /gt/
INFO: [ app_init ] --START--
INFO: Run Behavior\BuildLiteBehavior [ RunTime:0.000007s ]
INFO: [ app_init ] --END-- [ RunTime:0.000243s ]
INFO: [ app_begin ] --START--
INFO: Run Behavior\ReadHtmlCacheBehavior [ RunTime:0.000397s ]
INFO: [ app_begin ] --END-- [ RunTime:0.000426s ]
SQL: SHOW COLUMNS FROM `studystatus` [ RunTime:0.0005s ]
SQL: SHOW COLUMNS FROM `exam` [ RunTime:0.0004s ]
INFO: [ view_parse ] --START--
INFO: [ template_filter ] --START--
INFO: Run Behavior\ContentReplaceBehavior [ RunTime:0.000075s ]
INFO: [ template_filter ] --END-- [ RunTime:0.000101s ]
INFO: Run Behavior\ParseTemplateBehavior [ RunTime:0.004792s ]
INFO: [ view_parse ] --END-- [ RunTime:0.004818s ]
INFO: [ view_filter ] --START--
INFO: Run Behavior\WriteHtmlCacheBehavior [ RunTime:0.000246s ]
INFO: [ view_filter ] --END-- [ RunTime:0.000266s ]
INFO: [ app_end ] --START--
INFO: Run Behavior\ShowPageTraceBehavior [ RunTime:0.000514s ]
INFO: [ app_end ] --END-- [ RunTime:0.000540s ]

[ 2018-11-30T21:12:07+08:00 ] ::1 /gt/home/index/login
INFO: [ app_init ] --START--
INFO: Run Behavior\BuildLiteBehavior [ RunTime:0.000006s ]
INFO: [ app_init ] --END-- [ RunTime:0.000229s ]
INFO: [ app_begin ] --START--
INFO: Run Behavior\ReadHtmlCacheBehavior [ RunTime:0.000344s ]
INFO: [ app_begin ] --END-- [ RunTime:0.000363s ]
SQL: SHOW COLUMNS FROM `user` [ RunTime:0.0013s ]
SQL: SELECT * FROM `user` WHERE `user_username` = '111' LIMIT 1   [ RunTime:0.0003s ]

[ 2018-11-30T21:12:08+08:00 ] ::1 /gt/exam
INFO: [ app_init ] --START--
INFO: Run Behavior\BuildLiteBehavior [ RunTime:0.000006s ]
INFO: [ app_init ] --END-- [ RunTime:0.000226s ]
INFO: [ app_begin ] --START--
INFO: Run Behavior\ReadHtmlCacheBehavior [ RunTime:0.000338s ]
INFO: [ app_begin ] --END-- [ RunTime:0.000357s ]
SQL: SHOW COLUMNS FROM `user` [ RunTime:0.0013s ]
SQL: SELECT `user_img` FROM `user` WHERE `user_id` = 37 LIMIT 1   [ RunTime:0.0002s ]
SQL: SELECT `ting1img` FROM `user` WHERE `user_id` = 37 LIMIT 1   [ RunTime:0.0003s ]
SQL: SELECT `ting2img` FROM `user` WHERE `user_id` = 37 LIMIT 1   [ RunTime:0.0002s ]
SQL: SELECT `examstatus` FROM `user` WHERE `user_id` = 37 LIMIT 1   [ RunTime:0.0001s ]
SQL: SHOW COLUMNS FROM `hall1` [ RunTime:0.0006s ]
SQL: SELECT * FROM `hall1`  [ RunTime:0.0002s ]
NOTIC: [8] Undefined variable: hallimg1 D:\PHPTutorial\WWW\gt\Application\Home\Controller\ExamController.class.php 第 174 行.
NOTIC: [8] Undefined variable: hall1mp3 D:\PHPTutorial\WWW\gt\Application\Home\Controller\ExamController.class.php 第 178 行.
SQL: SHOW COLUMNS FROM `hall2` [ RunTime:0.0003s ]
SQL: SELECT * FROM `hall2`  [ RunTime:0.0001s ]
NOTIC: [8] Undefined variable: hallimg2 D:\PHPTutorial\WWW\gt\Application\Home\Controller\ExamController.class.php 第 196 行.
NOTIC: [8] Undefined variable: hall2mp3 D:\PHPTutorial\WWW\gt\Application\Home\Controller\ExamController.class.php 第 200 行.
SQL: SHOW COLUMNS FROM `hallimg` [ RunTime:0.0003s ]
SQL: SELECT * FROM `hallimg`  [ RunTime:0.0001s ]
SQL: SHOW COLUMNS FROM `exam` [ RunTime:0.0008s ]
SQL: SELECT `tm_n1` FROM `exam` WHERE ( user_id=37 ) LIMIT 1   [ RunTime:0.0002s ]
SQL: SELECT `tm_n2` FROM `exam` WHERE ( user_id=37 ) LIMIT 1   [ RunTime:0.0001s ]
SQL: SHOW COLUMNS FROM `judge` [ RunTime:0.0007s ]
SQL: SELECT * FROM `judge`  [ RunTime:0.0002s ]
SQL: SHOW COLUMNS FROM `choice` [ RunTime:0.0008s ]
SQL: SELECT * FROM `choice`  [ RunTime:0.0002s ]
INFO: [ view_parse ] --START--
INFO: [ template_filter ] --START--
INFO: Run Behavior\ContentReplaceBehavior [ RunTime:0.000128s ]
INFO: [ template_filter ] --END-- [ RunTime:0.000154s ]
NOTIC: [8] Undefined index: choice_true D:\PHPTutorial\WWW\gt\Application\Runtime\Cache\Home\d750603422ebf58b034b899f4ea0ac02.php 第 330 行.
NOTIC: [8] Undefined index: choice_content D:\PHPTutorial\WWW\gt\Application\Runtime\Cache\Home\d750603422ebf58b034b899f4ea0ac02.php 第 338 行.
NOTIC: [8] Undefined index: choice_a D:\PHPTutorial\WWW\gt\Application\Runtime\Cache\Home\d750603422ebf58b034b899f4ea0ac02.php 第 341 行.
NOTIC: [8] Undefined index: choice_b D:\PHPTutorial\WWW\gt\Application\Runtime\Cache\Home\d750603422ebf58b034b899f4ea0ac02.php 第 342 行.
NOTIC: [8] Undefined index: choice_c D:\PHPTutorial\WWW\gt\Application\Runtime\Cache\Home\d750603422ebf58b034b899f4ea0ac02.php 第 343 行.
NOTIC: [8] Undefined index: judge_true D:\PHPTutorial\WWW\gt\Application\Runtime\Cache\Home\d750603422ebf58b034b899f4ea0ac02.php 第 365 行.
NOTIC: [8] Undefined index: judge_content D:\PHPTutorial\WWW\gt\Application\Runtime\Cache\Home\d750603422ebf58b034b899f4ea0ac02.php 第 384 行.
INFO: Run Behavior\ParseTemplateBehavior [ RunTime:0.006842s ]
INFO: [ view_parse ] --END-- [ RunTime:0.006867s ]
INFO: [ view_filter ] --START--
INFO: Run Behavior\WriteHtmlCacheBehavior [ RunTime:0.000267s ]
INFO: [ view_filter ] --END-- [ RunTime:0.000285s ]
INFO: [ app_end ] --START--
INFO: Run Behavior\ShowPageTraceBehavior [ RunTime:0.000494s ]
INFO: [ app_end ] --END-- [ RunTime:0.000520s ]

[ 2018-11-30T21:12:08+08:00 ] ::1 /gt/exam
INFO: [ app_init ] --START--
INFO: Run Behavior\BuildLiteBehavior [ RunTime:0.000010s ]
INFO: [ app_init ] --END-- [ RunTime:0.000332s ]
INFO: [ app_begin ] --START--
INFO: Run Behavior\ReadHtmlCacheBehavior [ RunTime:0.000383s ]
INFO: [ app_begin ] --END-- [ RunTime:0.000405s ]
SQL: SHOW COLUMNS FROM `user` [ RunTime:0.0006s ]
SQL: SELECT `user_img` FROM `user` WHERE `user_id` = 37 LIMIT 1   [ RunTime:0.0003s ]
SQL: SELECT `ting1img` FROM `user` WHERE `user_id` = 37 LIMIT 1   [ RunTime:0.0004s ]
SQL: SELECT `ting2img` FROM `user` WHERE `user_id` = 37 LIMIT 1   [ RunTime:0.0003s ]
SQL: SELECT `examstatus` FROM `user` WHERE `user_id` = 37 LIMIT 1   [ RunTime:0.0001s ]
SQL: SHOW COLUMNS FROM `hall1` [ RunTime:0.0005s ]
SQL: SELECT * FROM `hall1`  [ RunTime:0.0002s ]
NOTIC: [8] Undefined variable: hallimg1 D:\PHPTutorial\WWW\gt\Application\Home\Controller\ExamController.class.php 第 174 行.
NOTIC: [8] Undefined variable: hall1mp3 D:\PHPTutorial\WWW\gt\Application\Home\Controller\ExamController.class.php 第 178 行.
SQL: SHOW COLUMNS FROM `hall2` [ RunTime:0.0005s ]
SQL: SELECT * FROM `hall2`  [ RunTime:0.0004s ]
NOTIC: [8] Undefined variable: hallimg2 D:\PHPTutorial\WWW\gt\Application\Home\Controller\ExamController.class.php 第 196 行.
NOTIC: [8] Undefined variable: hall2mp3 D:\PHPTutorial\WWW\gt\Application\Home\Controller\ExamController.class.php 第 200 行.
SQL: SHOW COLUMNS FROM `hallimg` [ RunTime:0.0006s ]
SQL: SELECT * FROM `hallimg`  [ RunTime:0.0004s ]
SQL: SHOW COLUMNS FROM `exam` [ RunTime:0.0010s ]
SQL: SELECT `tm_n1` FROM `exam` WHERE ( user_id=37 ) LIMIT 1   [ RunTime:0.0004s ]
SQL: SELECT `tm_n2` FROM `exam` WHERE ( user_id=37 ) LIMIT 1   [ RunTime:0.0005s ]
SQL: SHOW COLUMNS FROM `judge` [ RunTime:0.0009s ]
SQL: SELECT * FROM `judge`  [ RunTime:0.0004s ]
SQL: SHOW COLUMNS FROM `choice` [ RunTime:0.0012s ]
SQL: SELECT * FROM `choice`  [ RunTime:0.0004s ]
INFO: [ view_parse ] --START--
INFO: [ template_filter ] --START--
INFO: Run Behavior\ContentReplaceBehavior [ RunTime:0.000176s ]
INFO: [ template_filter ] --END-- [ RunTime:0.000217s ]
NOTIC: [8] Undefined index: choice_true D:\PHPTutorial\WWW\gt\Application\Runtime\Cache\Home\d750603422ebf58b034b899f4ea0ac02.php 第 330 行.
NOTIC: [8] Undefined index: choice_content D:\PHPTutorial\WWW\gt\Application\Runtime\Cache\Home\d750603422ebf58b034b899f4ea0ac02.php 第 338 行.
NOTIC: [8] Undefined index: choice_a D:\PHPTutorial\WWW\gt\Application\Runtime\Cache\Home\d750603422ebf58b034b899f4ea0ac02.php 第 341 行.
NOTIC: [8] Undefined index: choice_b D:\PHPTutorial\WWW\gt\Application\Runtime\Cache\Home\d750603422ebf58b034b899f4ea0ac02.php 第 342 行.
NOTIC: [8] Undefined index: choice_c D:\PHPTutorial\WWW\gt\Application\Runtime\Cache\Home\d750603422ebf58b034b899f4ea0ac02.php 第 343 行.
NOTIC: [8] Undefined index: judge_true D:\PHPTutorial\WWW\gt\Application\Runtime\Cache\Home\d750603422ebf58b034b899f4ea0ac02.php 第 365 行.
NOTIC: [8] Undefined index: judge_content D:\PHPTutorial\WWW\gt\Application\Runtime\Cache\Home\d750603422ebf58b034b899f4ea0ac02.php 第 384 行.
INFO: Run Behavior\ParseTemplateBehavior [ RunTime:0.008622s ]
INFO: [ view_parse ] --END-- [ RunTime:0.008650s ]
INFO: [ view_filter ] --START--
INFO: Run Behavior\WriteHtmlCacheBehavior [ RunTime:0.000260s ]
INFO: [ view_filter ] --END-- [ RunTime:0.000278s ]
INFO: [ app_end ] --START--
INFO: Run Behavior\ShowPageTraceBehavior [ RunTime:0.000440s ]
INFO: [ app_end ] --END-- [ RunTime:0.000460s ]

[ 2018-11-30T21:15:05+08:00 ] ::1 /gt/exam
INFO: [ app_init ] --START--
INFO: Run Behavior\BuildLiteBehavior [ RunTime:0.000009s ]
INFO: [ app_init ] --END-- [ RunTime:0.007962s ]
INFO: [ app_begin ] --START--
INFO: Run Behavior\ReadHtmlCacheBehavior [ RunTime:0.000384s ]
INFO: [ app_begin ] --END-- [ RunTime:0.000404s ]
SQL: SHOW COLUMNS FROM `user` [ RunTime:0.0013s ]
SQL: SELECT `user_img` FROM `user` WHERE `user_id` = 37 LIMIT 1   [ RunTime:0.0002s ]
SQL: SELECT `ting1img` FROM `user` WHERE `user_id` = 37 LIMIT 1   [ RunTime:0.0001s ]
SQL: SELECT `ting2img` FROM `user` WHERE `user_id` = 37 LIMIT 1   [ RunTime:0.0001s ]
SQL: SELECT `examstatus` FROM `user` WHERE `user_id` = 37 LIMIT 1   [ RunTime:0.0001s ]
SQL: SHOW COLUMNS FROM `hall1` [ RunTime:0.0007s ]
SQL: SELECT * FROM `hall1`  [ RunTime:0.0002s ]
NOTIC: [8] Undefined variable: hallimg1 D:\PHPTutorial\WWW\gt\Application\Home\Controller\ExamController.class.php 第 174 行.
NOTIC: [8] Undefined variable: hall1mp3 D:\PHPTutorial\WWW\gt\Application\Home\Controller\ExamController.class.php 第 178 行.
SQL: SHOW COLUMNS FROM `hall2` [ RunTime:0.0003s ]
SQL: SELECT * FROM `hall2`  [ RunTime:0.0001s ]
NOTIC: [8] Undefined variable: hallimg2 D:\PHPTutorial\WWW\gt\Application\Home\Controller\ExamController.class.php 第 196 行.
NOTIC: [8] Undefined variable: hall2mp3 D:\PHPTutorial\WWW\gt\Application\Home\Controller\ExamController.class.php 第 200 行.
SQL: SHOW COLUMNS FROM `hallimg` [ RunTime:0.0003s ]
SQL: SELECT * FROM `hallimg`  [ RunTime:0.0002s ]
SQL: SHOW COLUMNS FROM `exam` [ RunTime:0.0010s ]
SQL: SELECT `tm_n1` FROM `exam` WHERE ( user_id=37 ) LIMIT 1   [ RunTime:0.0004s ]
SQL: SELECT `tm_n2` FROM `exam` WHERE ( user_id=37 ) LIMIT 1   [ RunTime:0.0001s ]
SQL: SHOW COLUMNS FROM `judge` [ RunTime:0.0008s ]
SQL: SELECT * FROM `judge`  [ RunTime:0.0002s ]
SQL: SHOW COLUMNS FROM `choice` [ RunTime:0.0008s ]
SQL: SELECT * FROM `choice`  [ RunTime:0.0002s ]
INFO: [ view_parse ] --START--
INFO: [ template_filter ] --START--
INFO: Run Behavior\ContentReplaceBehavior [ RunTime:0.000144s ]
INFO: [ template_filter ] --END-- [ RunTime:0.000171s ]
NOTIC: [8] Undefined index: choice_true D:\PHPTutorial\WWW\gt\Application\Runtime\Cache\Home\d750603422ebf58b034b899f4ea0ac02.php 第 330 行.
NOTIC: [8] Undefined index: choice_content D:\PHPTutorial\WWW\gt\Application\Runtime\Cache\Home\d750603422ebf58b034b899f4ea0ac02.php 第 338 行.
NOTIC: [8] Undefined index: choice_a D:\PHPTutorial\WWW\gt\Application\Runtime\Cache\Home\d750603422ebf58b034b899f4ea0ac02.php 第 341 行.
NOTIC: [8] Undefined index: choice_b D:\PHPTutorial\WWW\gt\Application\Runtime\Cache\Home\d750603422ebf58b034b899f4ea0ac02.php 第 342 行.
NOTIC: [8] Undefined index: choice_c D:\PHPTutorial\WWW\gt\Application\Runtime\Cache\Home\d750603422ebf58b034b899f4ea0ac02.php 第 343 行.
NOTIC: [8] Undefined index: judge_true D:\PHPTutorial\WWW\gt\Application\Runtime\Cache\Home\d750603422ebf58b034b899f4ea0ac02.php 第 365 行.
NOTIC: [8] Undefined index: judge_content D:\PHPTutorial\WWW\gt\Application\Runtime\Cache\Home\d750603422ebf58b034b899f4ea0ac02.php 第 384 行.
INFO: Run Behavior\ParseTemplateBehavior [ RunTime:0.007378s ]
INFO: [ view_parse ] --END-- [ RunTime:0.007403s ]
INFO: [ view_filter ] --START--
INFO: Run Behavior\WriteHtmlCacheBehavior [ RunTime:0.000306s ]
INFO: [ view_filter ] --END-- [ RunTime:0.000324s ]
INFO: [ app_end ] --START--
INFO: Run Behavior\ShowPageTraceBehavior [ RunTime:0.000556s ]
INFO: [ app_end ] --END-- [ RunTime:0.000586s ]

[ 2018-11-30T21:15:06+08:00 ] ::1 /gt/exam
INFO: [ app_init ] --START--
INFO: Run Behavior\BuildLiteBehavior [ RunTime:0.000008s ]
INFO: [ app_init ] --END-- [ RunTime:0.000279s ]
INFO: [ app_begin ] --START--
INFO: Run Behavior\ReadHtmlCacheBehavior [ RunTime:0.000368s ]
INFO: [ app_begin ] --END-- [ RunTime:0.000389s ]
SQL: SHOW COLUMNS FROM `user` [ RunTime:0.0013s ]
SQL: SELECT `user_img` FROM `user` WHERE `user_id` = 37 LIMIT 1   [ RunTime:0.0002s ]
SQL: SELECT `ting1img` FROM `user` WHERE `user_id` = 37 LIMIT 1   [ RunTime:0.0001s ]
SQL: SELECT `ting2img` FROM `user` WHERE `user_id` = 37 LIMIT 1   [ RunTime:0.0001s ]
SQL: SELECT `examstatus` FROM `user` WHERE `user_id` = 37 LIMIT 1   [ RunTime:0.0001s ]
SQL: SHOW COLUMNS FROM `hall1` [ RunTime:0.0009s ]
SQL: SELECT * FROM `hall1`  [ RunTime:0.0002s ]
NOTIC: [8] Undefined variable: hallimg1 D:\PHPTutorial\WWW\gt\Application\Home\Controller\ExamController.class.php 第 174 行.
NOTIC: [8] Undefined variable: hall1mp3 D:\PHPTutorial\WWW\gt\Application\Home\Controller\ExamController.class.php 第 178 行.
SQL: SHOW COLUMNS FROM `hall2` [ RunTime:0.0004s ]
SQL: SELECT * FROM `hall2`  [ RunTime:0.0002s ]
NOTIC: [8] Undefined variable: hallimg2 D:\PHPTutorial\WWW\gt\Application\Home\Controller\ExamController.class.php 第 196 行.
NOTIC: [8] Undefined variable: hall2mp3 D:\PHPTutorial\WWW\gt\Application\Home\Controller\ExamController.class.php 第 200 行.
SQL: SHOW COLUMNS FROM `hallimg` [ RunTime:0.0004s ]
SQL: SELECT * FROM `hallimg`  [ RunTime:0.0002s ]
SQL: SHOW COLUMNS FROM `exam` [ RunTime:0.0011s ]
SQL: SELECT `tm_n1` FROM `exam` WHERE ( user_id=37 ) LIMIT 1   [ RunTime:0.0003s ]
SQL: SELECT `tm_n2` FROM `exam` WHERE ( user_id=37 ) LIMIT 1   [ RunTime:0.0002s ]
SQL: SHOW COLUMNS FROM `judge` [ RunTime:0.0011s ]
SQL: SELECT * FROM `judge`  [ RunTime:0.0003s ]
SQL: SHOW COLUMNS FROM `choice` [ RunTime:0.0011s ]
SQL: SELECT * FROM `choice`  [ RunTime:0.0004s ]
INFO: [ view_parse ] --START--
INFO: [ template_filter ] --START--
INFO: Run Behavior\ContentReplaceBehavior [ RunTime:0.000173s ]
INFO: [ template_filter ] --END-- [ RunTime:0.000219s ]
NOTIC: [8] Undefined index: judge_true D:\PHPTutorial\WWW\gt\Application\Runtime\Cache\Home\d750603422ebf58b034b899f4ea0ac02.php 第 331 行.
NOTIC: [8] Undefined index: judge_content D:\PHPTutorial\WWW\gt\Application\Runtime\Cache\Home\d750603422ebf58b034b899f4ea0ac02.php 第 352 行.
NOTIC: [8] Undefined index: judge_true D:\PHPTutorial\WWW\gt\Application\Runtime\Cache\Home\d750603422ebf58b034b899f4ea0ac02.php 第 365 行.
NOTIC: [8] Undefined index: judge_content D:\PHPTutorial\WWW\gt\Application\Runtime\Cache\Home\d750603422ebf58b034b899f4ea0ac02.php 第 384 行.
INFO: Run Behavior\ParseTemplateBehavior [ RunTime:0.007922s ]
INFO: [ view_parse ] --END-- [ RunTime:0.007963s ]
INFO: [ view_filter ] --START--
INFO: Run Behavior\WriteHtmlCacheBehavior [ RunTime:0.000584s ]
INFO: [ view_filter ] --END-- [ RunTime:0.000622s ]
INFO: [ app_end ] --START--
INFO: Run Behavior\ShowPageTraceBehavior [ RunTime:0.000955s ]
INFO: [ app_end ] --END-- [ RunTime:0.001011s ]

[ 2018-11-30T21:15:16+08:00 ] ::1 /gt/Home/exam/canvas.html
INFO: [ app_init ] --START--
INFO: Run Behavior\BuildLiteBehavior [ RunTime:0.000008s ]
INFO: [ app_init ] --END-- [ RunTime:0.000248s ]
INFO: [ app_begin ] --START--
INFO: Run Behavior\ReadHtmlCacheBehavior [ RunTime:0.000402s ]
INFO: [ app_begin ] --END-- [ RunTime:0.000425s ]
SQL: SHOW COLUMNS FROM `user` [ RunTime:0.0012s ]
SQL: UPDATE `user` SET `ting1img`='./Public/Admin/img/canvas/370.jpg' WHERE `user_id` = 37 [ RunTime:0.0294s ]
INFO: [ app_end ] --START--
INFO: Run Behavior\ShowPageTraceBehavior [ RunTime:0.000637s ]
INFO: [ app_end ] --END-- [ RunTime:0.000659s ]

[ 2018-11-30T21:15:19+08:00 ] ::1 /gt/home/exam/kaoshi?ting=0
INFO: [ app_init ] --START--
INFO: Run Behavior\BuildLiteBehavior [ RunTime:0.000006s ]
INFO: [ app_init ] --END-- [ RunTime:0.000273s ]
INFO: [ app_begin ] --START--
INFO: Run Behavior\ReadHtmlCacheBehavior [ RunTime:0.000407s ]
INFO: [ app_begin ] --END-- [ RunTime:0.000429s ]
SQL: SHOW COLUMNS FROM `user` [ RunTime:0.0013s ]
SQL: SELECT * FROM `user` WHERE `user_id` = 37 LIMIT 1   [ RunTime:0.0005s ]
SQL: UPDATE `user` SET `examstatus`=',0' WHERE `user_id` = 37 [ RunTime:0.0296s ]

[ 2018-11-30T21:29:25+08:00 ] ::1 /gt/exam
INFO: [ app_init ] --START--
INFO: Run Behavior\BuildLiteBehavior [ RunTime:0.000008s ]
INFO: [ app_init ] --END-- [ RunTime:0.000314s ]
INFO: [ app_begin ] --START--
INFO: Run Behavior\ReadHtmlCacheBehavior [ RunTime:0.000402s ]
INFO: [ app_begin ] --END-- [ RunTime:0.000423s ]
SQL: SHOW COLUMNS FROM `user` [ RunTime:0.0015s ]
SQL: SELECT `user_img` FROM `user` WHERE `user_id` = 37 LIMIT 1   [ RunTime:0.0003s ]
SQL: SELECT `ting1img` FROM `user` WHERE `user_id` = 37 LIMIT 1   [ RunTime:0.0002s ]
SQL: SELECT `ting2img` FROM `user` WHERE `user_id` = 37 LIMIT 1   [ RunTime:0.0001s ]
SQL: SELECT `examstatus` FROM `user` WHERE `user_id` = 37 LIMIT 1   [ RunTime:0.0001s ]
SQL: SHOW COLUMNS FROM `hall1` [ RunTime:0.0008s ]
SQL: SELECT * FROM `hall1`  [ RunTime:0.0002s ]
NOTIC: [8] Undefined variable: hallimg1 D:\PHPTutorial\WWW\gt\Application\Home\Controller\ExamController.class.php 第 174 行.
NOTIC: [8] Undefined variable: hall1mp3 D:\PHPTutorial\WWW\gt\Application\Home\Controller\ExamController.class.php 第 178 行.
SQL: SHOW COLUMNS FROM `hall2` [ RunTime:0.0004s ]
SQL: SELECT * FROM `hall2`  [ RunTime:0.0001s ]
NOTIC: [8] Undefined variable: hallimg2 D:\PHPTutorial\WWW\gt\Application\Home\Controller\ExamController.class.php 第 196 行.
NOTIC: [8] Undefined variable: hall2mp3 D:\PHPTutorial\WWW\gt\Application\Home\Controller\ExamController.class.php 第 200 行.
SQL: SHOW COLUMNS FROM `hallimg` [ RunTime:0.0006s ]
SQL: SELECT * FROM `hallimg`  [ RunTime:0.0001s ]
SQL: SHOW COLUMNS FROM `exam` [ RunTime:0.0006s ]
SQL: SELECT `tm_n1` FROM `exam` WHERE ( user_id=37 ) LIMIT 1   [ RunTime:0.0002s ]
SQL: SELECT `tm_n2` FROM `exam` WHERE ( user_id=37 ) LIMIT 1   [ RunTime:0.0001s ]
SQL: SHOW COLUMNS FROM `judge` [ RunTime:0.0006s ]
SQL: SELECT * FROM `judge`  [ RunTime:0.0001s ]
SQL: SHOW COLUMNS FROM `choice` [ RunTime:0.0006s ]
SQL: SELECT * FROM `choice`  [ RunTime:0.0002s ]
INFO: [ view_parse ] --START--
INFO: [ template_filter ] --START--
INFO: Run Behavior\ContentReplaceBehavior [ RunTime:0.000137s ]
INFO: [ template_filter ] --END-- [ RunTime:0.000167s ]
NOTIC: [8] Undefined index: choice_true D:\PHPTutorial\WWW\gt\Application\Runtime\Cache\Home\d750603422ebf58b034b899f4ea0ac02.php 第 330 行.
NOTIC: [8] Undefined index: choice_content D:\PHPTutorial\WWW\gt\Application\Runtime\Cache\Home\d750603422ebf58b034b899f4ea0ac02.php 第 338 行.
NOTIC: [8] Undefined index: choice_a D:\PHPTutorial\WWW\gt\Application\Runtime\Cache\Home\d750603422ebf58b034b899f4ea0ac02.php 第 341 行.
NOTIC: [8] Undefined index: choice_b D:\PHPTutorial\WWW\gt\Application\Runtime\Cache\Home\d750603422ebf58b034b899f4ea0ac02.php 第 342 行.
NOTIC: [8] Undefined index: choice_c D:\PHPTutorial\WWW\gt\Application\Runtime\Cache\Home\d750603422ebf58b034b899f4ea0ac02.php 第 343 行.
NOTIC: [8] Undefined index: judge_true D:\PHPTutorial\WWW\gt\Application\Runtime\Cache\Home\d750603422ebf58b034b899f4ea0ac02.php 第 365 行.
NOTIC: [8] Undefined index: judge_content D:\PHPTutorial\WWW\gt\Application\Runtime\Cache\Home\d750603422ebf58b034b899f4ea0ac02.php 第 384 行.
INFO: Run Behavior\ParseTemplateBehavior [ RunTime:0.008718s ]
INFO: [ view_parse ] --END-- [ RunTime:0.008745s ]
INFO: [ view_filter ] --START--
INFO: Run Behavior\WriteHtmlCacheBehavior [ RunTime:0.000302s ]
INFO: [ view_filter ] --END-- [ RunTime:0.000321s ]
INFO: [ app_end ] --START--
INFO: Run Behavior\ShowPageTraceBehavior [ RunTime:0.000478s ]
INFO: [ app_end ] --END-- [ RunTime:0.000501s ]

[ 2018-11-30T21:29:26+08:00 ] ::1 /gt/exam
INFO: [ app_init ] --START--
INFO: Run Behavior\BuildLiteBehavior [ RunTime:0.000007s ]
INFO: [ app_init ] --END-- [ RunTime:0.000240s ]
INFO: [ app_begin ] --START--
INFO: Run Behavior\ReadHtmlCacheBehavior [ RunTime:0.000356s ]
INFO: [ app_begin ] --END-- [ RunTime:0.000376s ]
SQL: SHOW COLUMNS FROM `user` [ RunTime:0.0020s ]
SQL: SELECT `user_img` FROM `user` WHERE `user_id` = 37 LIMIT 1   [ RunTime:0.0004s ]
SQL: SELECT `ting1img` FROM `user` WHERE `user_id` = 37 LIMIT 1   [ RunTime:0.0003s ]
SQL: SELECT `ting2img` FROM `user` WHERE `user_id` = 37 LIMIT 1   [ RunTime:0.0002s ]
SQL: SELECT `examstatus` FROM `user` WHERE `user_id` = 37 LIMIT 1   [ RunTime:0.0003s ]
SQL: SHOW COLUMNS FROM `hall1` [ RunTime:0.0014s ]
SQL: SELECT * FROM `hall1`  [ RunTime:0.0007s ]
NOTIC: [8] Undefined variable: hallimg1 D:\PHPTutorial\WWW\gt\Application\Home\Controller\ExamController.class.php 第 174 行.
NOTIC: [8] Undefined variable: hall1mp3 D:\PHPTutorial\WWW\gt\Application\Home\Controller\ExamController.class.php 第 178 行.
SQL: SHOW COLUMNS FROM `hall2` [ RunTime:0.0020s ]
SQL: SELECT * FROM `hall2`  [ RunTime:0.0007s ]
NOTIC: [8] Undefined variable: hallimg2 D:\PHPTutorial\WWW\gt\Application\Home\Controller\ExamController.class.php 第 196 行.
NOTIC: [8] Undefined variable: hall2mp3 D:\PHPTutorial\WWW\gt\Application\Home\Controller\ExamController.class.php 第 200 行.
SQL: SHOW COLUMNS FROM `hallimg` [ RunTime:0.0012s ]
SQL: SELECT * FROM `hallimg`  [ RunTime:0.0005s ]
SQL: SHOW COLUMNS FROM `exam` [ RunTime:0.0015s ]
SQL: SELECT `tm_n1` FROM `exam` WHERE ( user_id=37 ) LIMIT 1   [ RunTime:0.0004s ]
SQL: SELECT `tm_n2` FROM `exam` WHERE ( user_id=37 ) LIMIT 1   [ RunTime:0.0002s ]
SQL: SHOW COLUMNS FROM `judge` [ RunTime:0.0016s ]
SQL: SELECT * FROM `judge`  [ RunTime:0.0004s ]
SQL: SHOW COLUMNS FROM `choice` [ RunTime:0.0014s ]
SQL: SELECT * FROM `choice`  [ RunTime:0.0003s ]
INFO: [ view_parse ] --START--
INFO: [ template_filter ] --START--
INFO: Run Behavior\ContentReplaceBehavior [ RunTime:0.000186s ]
INFO: [ template_filter ] --END-- [ RunTime:0.000246s ]
NOTIC: [8] Undefined index: choice_true D:\PHPTutorial\WWW\gt\Application\Runtime\Cache\Home\d750603422ebf58b034b899f4ea0ac02.php 第 330 行.
NOTIC: [8] Undefined index: choice_content D:\PHPTutorial\WWW\gt\Application\Runtime\Cache\Home\d750603422ebf58b034b899f4ea0ac02.php 第 338 行.
NOTIC: [8] Undefined index: choice_a D:\PHPTutorial\WWW\gt\Application\Runtime\Cache\Home\d750603422ebf58b034b899f4ea0ac02.php 第 341 行.
NOTIC: [8] Undefined index: choice_b D:\PHPTutorial\WWW\gt\Application\Runtime\Cache\Home\d750603422ebf58b034b899f4ea0ac02.php 第 342 行.
NOTIC: [8] Undefined index: choice_c D:\PHPTutorial\WWW\gt\Application\Runtime\Cache\Home\d750603422ebf58b034b899f4ea0ac02.php 第 343 行.
NOTIC: [8] Undefined index: judge_true D:\PHPTutorial\WWW\gt\Application\Runtime\Cache\Home\d750603422ebf58b034b899f4ea0ac02.php 第 365 行.
NOTIC: [8] Undefined index: judge_content D:\PHPTutorial\WWW\gt\Application\Runtime\Cache\Home\d750603422ebf58b034b899f4ea0ac02.php 第 384 行.
INFO: Run Behavior\ParseTemplateBehavior [ RunTime:0.011105s ]
INFO: [ view_parse ] --END-- [ RunTime:0.011154s ]
INFO: [ view_filter ] --START--
INFO: Run Behavior\WriteHtmlCacheBehavior [ RunTime:0.000579s ]
INFO: [ view_filter ] --END-- [ RunTime:0.000613s ]
INFO: [ app_end ] --START--
INFO: Run Behavior\ShowPageTraceBehavior [ RunTime:0.000804s ]
INFO: [ app_end ] --END-- [ RunTime:0.000849s ]

[ 2018-11-30T21:36:25+08:00 ] ::1 /gt/Exam/text.html
INFO: [ app_init ] --START--
INFO: Run Behavior\BuildLiteBehavior [ RunTime:0.000007s ]
INFO: [ app_init ] --END-- [ RunTime:0.000307s ]
INFO: [ app_begin ] --START--
INFO: Run Behavior\ReadHtmlCacheBehavior [ RunTime:0.000385s ]
INFO: [ app_begin ] --END-- [ RunTime:0.000404s ]
SQL: SHOW COLUMNS FROM `exam` [ RunTime:0.0008s ]
SQL: SELECT * FROM `exam` WHERE `user_id` = 37 LIMIT 1   [ RunTime:0.0002s ]
SQL: UPDATE `exam` SET `user_id`='37',`tm_n2`=',4' WHERE `user_id` = 37 [ RunTime:0.0003s ]

[ 2018-11-30T21:36:31+08:00 ] ::1 /gt/Exam/text.html
INFO: [ app_init ] --START--
INFO: Run Behavior\BuildLiteBehavior [ RunTime:0.000005s ]
INFO: [ app_init ] --END-- [ RunTime:0.000230s ]
INFO: [ app_begin ] --START--
INFO: Run Behavior\ReadHtmlCacheBehavior [ RunTime:0.000362s ]
INFO: [ app_begin ] --END-- [ RunTime:0.000381s ]
SQL: SHOW COLUMNS FROM `exam` [ RunTime:0.0008s ]
SQL: SELECT * FROM `exam` WHERE `user_id` = 37 LIMIT 1   [ RunTime:0.0002s ]
SQL: UPDATE `exam` SET `user_id`='37',`tm_n2`=',4,1' WHERE `user_id` = 37 [ RunTime:0.0002s ]

[ 2018-11-30T21:36:33+08:00 ] ::1 /gt/Exam/text.html
INFO: [ app_init ] --START--
INFO: Run Behavior\BuildLiteBehavior [ RunTime:0.000010s ]
INFO: [ app_init ] --END-- [ RunTime:0.000472s ]
INFO: [ app_begin ] --START--
INFO: Run Behavior\ReadHtmlCacheBehavior [ RunTime:0.000357s ]
INFO: [ app_begin ] --END-- [ RunTime:0.000376s ]
SQL: SHOW COLUMNS FROM `exam` [ RunTime:0.0008s ]
SQL: SELECT * FROM `exam` WHERE `user_id` = 37 LIMIT 1   [ RunTime:0.0002s ]
SQL: UPDATE `exam` SET `user_id`='37',`tm_n2`=',4,1,2' WHERE `user_id` = 37 [ RunTime:0.0002s ]

[ 2018-11-30T21:36:36+08:00 ] ::1 /gt/Exam/text.html
INFO: [ app_init ] --START--
INFO: Run Behavior\BuildLiteBehavior [ RunTime:0.000006s ]
INFO: [ app_init ] --END-- [ RunTime:0.000228s ]
INFO: [ app_begin ] --START--
INFO: Run Behavior\ReadHtmlCacheBehavior [ RunTime:0.000346s ]
INFO: [ app_begin ] --END-- [ RunTime:0.000364s ]
SQL: SHOW COLUMNS FROM `exam` [ RunTime:0.0008s ]
SQL: SELECT * FROM `exam` WHERE `user_id` = 37 LIMIT 1   [ RunTime:0.0002s ]
SQL: UPDATE `exam` SET `user_id`='37',`tm_n2`=',4,1,2,3' WHERE `user_id` = 37 [ RunTime:0.0003s ]

[ 2018-11-30T21:36:43+08:00 ] ::1 /gt/Home/exam/canvas.html
INFO: [ app_init ] --START--
INFO: Run Behavior\BuildLiteBehavior [ RunTime:0.000006s ]
INFO: [ app_init ] --END-- [ RunTime:0.000230s ]
INFO: [ app_begin ] --START--
INFO: Run Behavior\ReadHtmlCacheBehavior [ RunTime:0.000343s ]
INFO: [ app_begin ] --END-- [ RunTime:0.000362s ]
NOTIC: [2] unlink(./Public/Admin/img/canvas/371.jpg): No such file or directory D:\PHPTutorial\WWW\gt\Application\Home\Controller\ExamController.class.php 第 19 行.
SQL: SHOW COLUMNS FROM `user` [ RunTime:0.0012s ]
SQL: UPDATE `user` SET `ting2img`='./Public/Admin/img/canvas/371.jpg' WHERE `user_id` = 37 [ RunTime:0.0312s ]
INFO: [ app_end ] --START--
INFO: Run Behavior\ShowPageTraceBehavior [ RunTime:0.000618s ]
INFO: [ app_end ] --END-- [ RunTime:0.000638s ]

[ 2018-11-30T21:36:56+08:00 ] ::1 /gt/home/exam/kaoshi?ting=1
INFO: [ app_init ] --START--
INFO: Run Behavior\BuildLiteBehavior [ RunTime:0.000008s ]
INFO: [ app_init ] --END-- [ RunTime:0.000254s ]
INFO: [ app_begin ] --START--
INFO: Run Behavior\ReadHtmlCacheBehavior [ RunTime:0.000368s ]
INFO: [ app_begin ] --END-- [ RunTime:0.000388s ]
SQL: SHOW COLUMNS FROM `user` [ RunTime:0.0012s ]
SQL: SELECT * FROM `user` WHERE `user_id` = 37 LIMIT 1   [ RunTime:0.0003s ]
SQL: UPDATE `user` SET `examstatus`=',0,1' WHERE `user_id` = 37 [ RunTime:0.0370s ]

[ 2018-11-30T21:37:02+08:00 ] ::1 /gt/exam
INFO: [ app_init ] --START--
INFO: Run Behavior\BuildLiteBehavior [ RunTime:0.000006s ]
INFO: [ app_init ] --END-- [ RunTime:0.000262s ]
INFO: [ app_begin ] --START--
INFO: Run Behavior\ReadHtmlCacheBehavior [ RunTime:0.000366s ]
INFO: [ app_begin ] --END-- [ RunTime:0.000388s ]
SQL: SHOW COLUMNS FROM `user` [ RunTime:0.0013s ]
SQL: SELECT `user_img` FROM `user` WHERE `user_id` = 37 LIMIT 1   [ RunTime:0.0002s ]
SQL: SELECT `ting1img` FROM `user` WHERE `user_id` = 37 LIMIT 1   [ RunTime:0.0002s ]
SQL: SELECT `ting2img` FROM `user` WHERE `user_id` = 37 LIMIT 1   [ RunTime:0.0002s ]
SQL: SELECT `examstatus` FROM `user` WHERE `user_id` = 37 LIMIT 1   [ RunTime:0.0001s ]
SQL: SHOW COLUMNS FROM `hall1` [ RunTime:0.0009s ]
SQL: SELECT * FROM `hall1`  [ RunTime:0.0002s ]
NOTIC: [8] Undefined variable: hallimg1 D:\PHPTutorial\WWW\gt\Application\Home\Controller\ExamController.class.php 第 174 行.
NOTIC: [8] Undefined variable: hall1mp3 D:\PHPTutorial\WWW\gt\Application\Home\Controller\ExamController.class.php 第 178 行.
SQL: SHOW COLUMNS FROM `hall2` [ RunTime:0.0006s ]
SQL: SELECT * FROM `hall2`  [ RunTime:0.0002s ]
NOTIC: [8] Undefined variable: hallimg2 D:\PHPTutorial\WWW\gt\Application\Home\Controller\ExamController.class.php 第 196 行.
NOTIC: [8] Undefined variable: hall2mp3 D:\PHPTutorial\WWW\gt\Application\Home\Controller\ExamController.class.php 第 200 行.
SQL: SHOW COLUMNS FROM `hallimg` [ RunTime:0.0006s ]
SQL: SELECT * FROM `hallimg`  [ RunTime:0.0002s ]
SQL: SHOW COLUMNS FROM `exam` [ RunTime:0.0005s ]
SQL: SELECT `tm_n1` FROM `exam` WHERE ( user_id=37 ) LIMIT 1   [ RunTime:0.0002s ]
SQL: SELECT `tm_n2` FROM `exam` WHERE ( user_id=37 ) LIMIT 1   [ RunTime:0.0001s ]
SQL: SHOW COLUMNS FROM `judge` [ RunTime:0.0006s ]
SQL: SELECT * FROM `judge`  [ RunTime:0.0002s ]
SQL: SHOW COLUMNS FROM `choice` [ RunTime:0.0007s ]
SQL: SELECT * FROM `choice`  [ RunTime:0.0004s ]
INFO: [ view_parse ] --START--
INFO: [ template_filter ] --START--
INFO: Run Behavior\ContentReplaceBehavior [ RunTime:0.000138s ]
INFO: [ template_filter ] --END-- [ RunTime:0.000164s ]
NOTIC: [8] Undefined index: choice_true D:\PHPTutorial\WWW\gt\Application\Runtime\Cache\Home\d750603422ebf58b034b899f4ea0ac02.php 第 330 行.
NOTIC: [8] Undefined index: choice_content D:\PHPTutorial\WWW\gt\Application\Runtime\Cache\Home\d750603422ebf58b034b899f4ea0ac02.php 第 338 行.
NOTIC: [8] Undefined index: choice_a D:\PHPTutorial\WWW\gt\Application\Runtime\Cache\Home\d750603422ebf58b034b899f4ea0ac02.php 第 341 行.
NOTIC: [8] Undefined index: choice_b D:\PHPTutorial\WWW\gt\Application\Runtime\Cache\Home\d750603422ebf58b034b899f4ea0ac02.php 第 342 行.
NOTIC: [8] Undefined index: choice_c D:\PHPTutorial\WWW\gt\Application\Runtime\Cache\Home\d750603422ebf58b034b899f4ea0ac02.php 第 343 行.
NOTIC: [8] Undefined index: judge_true D:\PHPTutorial\WWW\gt\Application\Runtime\Cache\Home\d750603422ebf58b034b899f4ea0ac02.php 第 365 行.
NOTIC: [8] Undefined index: judge_content D:\PHPTutorial\WWW\gt\Application\Runtime\Cache\Home\d750603422ebf58b034b899f4ea0ac02.php 第 384 行.
INFO: Run Behavior\ParseTemplateBehavior [ RunTime:0.008055s ]
INFO: [ view_parse ] --END-- [ RunTime:0.008079s ]
INFO: [ view_filter ] --START--
INFO: Run Behavior\WriteHtmlCacheBehavior [ RunTime:0.000285s ]
INFO: [ view_filter ] --END-- [ RunTime:0.000303s ]
INFO: [ app_end ] --START--
INFO: Run Behavior\ShowPageTraceBehavior [ RunTime:0.000423s ]
INFO: [ app_end ] --END-- [ RunTime:0.000442s ]

[ 2018-11-30T21:37:02+08:00 ] ::1 /gt/exam
INFO: [ app_init ] --START--
INFO: Run Behavior\BuildLiteBehavior [ RunTime:0.000009s ]
INFO: [ app_init ] --END-- [ RunTime:0.000414s ]
INFO: [ app_begin ] --START--
INFO: Run Behavior\ReadHtmlCacheBehavior [ RunTime:0.000635s ]
INFO: [ app_begin ] --END-- [ RunTime:0.000677s ]
SQL: SHOW COLUMNS FROM `user` [ RunTime:0.0011s ]
SQL: SELECT `user_img` FROM `user` WHERE `user_id` = 37 LIMIT 1   [ RunTime:0.0005s ]
SQL: SELECT `ting1img` FROM `user` WHERE `user_id` = 37 LIMIT 1   [ RunTime:0.0003s ]
SQL: SELECT `ting2img` FROM `user` WHERE `user_id` = 37 LIMIT 1   [ RunTime:0.0003s ]
SQL: SELECT `examstatus` FROM `user` WHERE `user_id` = 37 LIMIT 1   [ RunTime:0.0003s ]
SQL: SHOW COLUMNS FROM `hall1` [ RunTime:0.0010s ]
SQL: SELECT * FROM `hall1`  [ RunTime:0.0005s ]
NOTIC: [8] Undefined variable: hallimg1 D:\PHPTutorial\WWW\gt\Application\Home\Controller\ExamController.class.php 第 174 行.
NOTIC: [8] Undefined variable: hall1mp3 D:\PHPTutorial\WWW\gt\Application\Home\Controller\ExamController.class.php 第 178 行.
SQL: SHOW COLUMNS FROM `hall2` [ RunTime:0.0011s ]
SQL: SELECT * FROM `hall2`  [ RunTime:0.0004s ]
NOTIC: [8] Undefined variable: hallimg2 D:\PHPTutorial\WWW\gt\Application\Home\Controller\ExamController.class.php 第 196 行.
NOTIC: [8] Undefined variable: hall2mp3 D:\PHPTutorial\WWW\gt\Application\Home\Controller\ExamController.class.php 第 200 行.
SQL: SHOW COLUMNS FROM `hallimg` [ RunTime:0.0014s ]
SQL: SELECT * FROM `hallimg`  [ RunTime:0.0005s ]
SQL: SHOW COLUMNS FROM `exam` [ RunTime:0.0014s ]
SQL: SELECT `tm_n1` FROM `exam` WHERE ( user_id=37 ) LIMIT 1   [ RunTime:0.0004s ]
SQL: SELECT `tm_n2` FROM `exam` WHERE ( user_id=37 ) LIMIT 1   [ RunTime:0.0002s ]
SQL: SHOW COLUMNS FROM `judge` [ RunTime:0.0015s ]
SQL: SELECT * FROM `judge`  [ RunTime:0.0003s ]
SQL: SHOW COLUMNS FROM `choice` [ RunTime:0.0016s ]
SQL: SELECT * FROM `choice`  [ RunTime:0.0005s ]
INFO: [ view_parse ] --START--
INFO: [ template_filter ] --START--
INFO: Run Behavior\ContentReplaceBehavior [ RunTime:0.000184s ]
INFO: [ template_filter ] --END-- [ RunTime:0.000230s ]
NOTIC: [8] Undefined index: choice_true D:\PHPTutorial\WWW\gt\Application\Runtime\Cache\Home\d750603422ebf58b034b899f4ea0ac02.php 第 330 行.
NOTIC: [8] Undefined index: choice_content D:\PHPTutorial\WWW\gt\Application\Runtime\Cache\Home\d750603422ebf58b034b899f4ea0ac02.php 第 338 行.
NOTIC: [8] Undefined index: choice_a D:\PHPTutorial\WWW\gt\Application\Runtime\Cache\Home\d750603422ebf58b034b899f4ea0ac02.php 第 341 行.
NOTIC: [8] Undefined index: choice_b D:\PHPTutorial\WWW\gt\Application\Runtime\Cache\Home\d750603422ebf58b034b899f4ea0ac02.php 第 342 行.
NOTIC: [8] Undefined index: choice_c D:\PHPTutorial\WWW\gt\Application\Runtime\Cache\Home\d750603422ebf58b034b899f4ea0ac02.php 第 343 行.
NOTIC: [8] Undefined index: choice_true D:\PHPTutorial\WWW\gt\Application\Runtime\Cache\Home\d750603422ebf58b034b899f4ea0ac02.php 第 364 行.
NOTIC: [8] Undefined index: choice_content D:\PHPTutorial\WWW\gt\Application\Runtime\Cache\Home\d750603422ebf58b034b899f4ea0ac02.php 第 370 行.
NOTIC: [8] Undefined index: choice_a D:\PHPTutorial\WWW\gt\Application\Runtime\Cache\Home\d750603422ebf58b034b899f4ea0ac02.php 第 373 行.
NOTIC: [8] Undefined index: choice_b D:\PHPTutorial\WWW\gt\Application\Runtime\Cache\Home\d750603422ebf58b034b899f4ea0ac02.php 第 374 行.
NOTIC: [8] Undefined index: choice_c D:\PHPTutorial\WWW\gt\Application\Runtime\Cache\Home\d750603422ebf58b034b899f4ea0ac02.php 第 375 行.
INFO: Run Behavior\ParseTemplateBehavior [ RunTime:0.010296s ]
INFO: [ view_parse ] --END-- [ RunTime:0.010356s ]
INFO: [ view_filter ] --START--
INFO: Run Behavior\WriteHtmlCacheBehavior [ RunTime:0.000688s ]
INFO: [ view_filter ] --END-- [ RunTime:0.000714s ]
INFO: [ app_end ] --START--
INFO: Run Behavior\ShowPageTraceBehavior [ RunTime:0.000676s ]
INFO: [ app_end ] --END-- [ RunTime:0.000704s ]

[ 2018-11-30T23:06:33+08:00 ] ::1 /gt/exam
INFO: [ app_init ] --START--
INFO: Run Behavior\BuildLiteBehavior [ RunTime:0.000006s ]
INFO: [ app_init ] --END-- [ RunTime:0.000320s ]
INFO: [ app_begin ] --START--
INFO: Run Behavior\ReadHtmlCacheBehavior [ RunTime:0.000375s ]
INFO: [ app_begin ] --END-- [ RunTime:0.000395s ]
SQL: SHOW COLUMNS FROM `user` [ RunTime:0.0005s ]
SQL: SELECT `user_img` FROM `user` WHERE `user_id` = 37 LIMIT 1   [ RunTime:0.0002s ]
SQL: SELECT `ting1img` FROM `user` WHERE `user_id` = 37 LIMIT 1   [ RunTime:0.0001s ]
SQL: SELECT `ting2img` FROM `user` WHERE `user_id` = 37 LIMIT 1   [ RunTime:0.0001s ]
SQL: SELECT `examstatus` FROM `user` WHERE `user_id` = 37 LIMIT 1   [ RunTime:0.0001s ]
SQL: SHOW COLUMNS FROM `hall1` [ RunTime:0.0003s ]
SQL: SELECT * FROM `hall1`  [ RunTime:0.0002s ]
NOTIC: [8] Undefined variable: hallimg1 D:\PHPTutorial\WWW\gt\Application\Home\Controller\ExamController.class.php 第 173 行.
NOTIC: [8] Undefined variable: hall1mp3 D:\PHPTutorial\WWW\gt\Application\Home\Controller\ExamController.class.php 第 177 行.
SQL: SHOW COLUMNS FROM `hall2` [ RunTime:0.0003s ]
SQL: SELECT * FROM `hall2`  [ RunTime:0.0001s ]
NOTIC: [8] Undefined variable: hallimg2 D:\PHPTutorial\WWW\gt\Application\Home\Controller\ExamController.class.php 第 195 行.
NOTIC: [8] Undefined variable: hall2mp3 D:\PHPTutorial\WWW\gt\Application\Home\Controller\ExamController.class.php 第 199 行.
SQL: SHOW COLUMNS FROM `hallimg` [ RunTime:0.0003s ]
SQL: SELECT * FROM `hallimg`  [ RunTime:0.0001s ]
SQL: SHOW COLUMNS FROM `exam` [ RunTime:0.0005s ]
SQL: SELECT `tm_n1` FROM `exam` WHERE ( user_id=37 ) LIMIT 1   [ RunTime:0.0002s ]
SQL: SELECT `tm_n2` FROM `exam` WHERE ( user_id=37 ) LIMIT 1   [ RunTime:0.0001s ]
SQL: SHOW COLUMNS FROM `judge` [ RunTime:0.0003s ]
SQL: SELECT * FROM `judge`  [ RunTime:0.0001s ]
SQL: SHOW COLUMNS FROM `choice` [ RunTime:0.0003s ]
SQL: SELECT * FROM `choice`  [ RunTime:0.0001s ]
INFO: [ view_parse ] --START--
INFO: [ template_filter ] --START--
INFO: Run Behavior\ContentReplaceBehavior [ RunTime:0.000142s ]
INFO: [ template_filter ] --END-- [ RunTime:0.000171s ]
NOTIC: [8] Undefined index: judge_true D:\PHPTutorial\WWW\gt\Application\Runtime\Cache\Home\d750603422ebf58b034b899f4ea0ac02.php 第 331 行.
NOTIC: [8] Undefined index: judge_content D:\PHPTutorial\WWW\gt\Application\Runtime\Cache\Home\d750603422ebf58b034b899f4ea0ac02.php 第 352 行.
NOTIC: [8] Undefined index: judge_true D:\PHPTutorial\WWW\gt\Application\Runtime\Cache\Home\d750603422ebf58b034b899f4ea0ac02.php 第 365 行.
NOTIC: [8] Undefined index: judge_content D:\PHPTutorial\WWW\gt\Application\Runtime\Cache\Home\d750603422ebf58b034b899f4ea0ac02.php 第 384 行.
INFO: Run Behavior\ParseTemplateBehavior [ RunTime:0.008570s ]
INFO: [ view_parse ] --END-- [ RunTime:0.008595s ]
INFO: [ view_filter ] --START--
INFO: Run Behavior\WriteHtmlCacheBehavior [ RunTime:0.000293s ]
INFO: [ view_filter ] --END-- [ RunTime:0.000311s ]
INFO: [ app_end ] --START--
INFO: Run Behavior\ShowPageTraceBehavior [ RunTime:0.000511s ]
INFO: [ app_end ] --END-- [ RunTime:0.000530s ]

[ 2018-11-30T23:06:34+08:00 ] ::1 /gt/exam
INFO: [ app_init ] --START--
INFO: Run Behavior\BuildLiteBehavior [ RunTime:0.000007s ]
INFO: [ app_init ] --END-- [ RunTime:0.000253s ]
INFO: [ app_begin ] --START--
INFO: Run Behavior\ReadHtmlCacheBehavior [ RunTime:0.000397s ]
INFO: [ app_begin ] --END-- [ RunTime:0.000420s ]
SQL: SHOW COLUMNS FROM `user` [ RunTime:0.0005s ]
SQL: SELECT `user_img` FROM `user` WHERE `user_id` = 37 LIMIT 1   [ RunTime:0.0003s ]
SQL: SELECT `ting1img` FROM `user` WHERE `user_id` = 37 LIMIT 1   [ RunTime:0.0002s ]
SQL: SELECT `ting2img` FROM `user` WHERE `user_id` = 37 LIMIT 1   [ RunTime:0.0004s ]
SQL: SELECT `examstatus` FROM `user` WHERE `user_id` = 37 LIMIT 1   [ RunTime:0.0002s ]
SQL: SHOW COLUMNS FROM `hall1` [ RunTime:0.0007s ]
SQL: SELECT * FROM `hall1`  [ RunTime:0.0003s ]
NOTIC: [8] Undefined variable: hallimg1 D:\PHPTutorial\WWW\gt\Application\Home\Controller\ExamController.class.php 第 173 行.
NOTIC: [8] Undefined variable: hall1mp3 D:\PHPTutorial\WWW\gt\Application\Home\Controller\ExamController.class.php 第 177 行.
SQL: SHOW COLUMNS FROM `hall2` [ RunTime:0.0009s ]
SQL: SELECT * FROM `hall2`  [ RunTime:0.0003s ]
NOTIC: [8] Undefined variable: hallimg2 D:\PHPTutorial\WWW\gt\Application\Home\Controller\ExamController.class.php 第 195 行.
NOTIC: [8] Undefined variable: hall2mp3 D:\PHPTutorial\WWW\gt\Application\Home\Controller\ExamController.class.php 第 199 行.
SQL: SHOW COLUMNS FROM `hallimg` [ RunTime:0.0006s ]
SQL: SELECT * FROM `hallimg`  [ RunTime:0.0003s ]
SQL: SHOW COLUMNS FROM `exam` [ RunTime:0.0008s ]
SQL: SELECT `tm_n1` FROM `exam` WHERE ( user_id=37 ) LIMIT 1   [ RunTime:0.0003s ]
SQL: SELECT `tm_n2` FROM `exam` WHERE ( user_id=37 ) LIMIT 1   [ RunTime:0.0003s ]
SQL: SHOW COLUMNS FROM `judge` [ RunTime:0.0010s ]
SQL: SELECT * FROM `judge`  [ RunTime:0.0006s ]
SQL: SHOW COLUMNS FROM `choice` [ RunTime:0.0014s ]
SQL: SELECT * FROM `choice`  [ RunTime:0.0005s ]
INFO: [ view_parse ] --START--
INFO: [ template_filter ] --START--
INFO: Run Behavior\ContentReplaceBehavior [ RunTime:0.000181s ]
INFO: [ template_filter ] --END-- [ RunTime:0.000225s ]
NOTIC: [8] Undefined index: judge_true D:\PHPTutorial\WWW\gt\Application\Runtime\Cache\Home\d750603422ebf58b034b899f4ea0ac02.php 第 331 行.
NOTIC: [8] Undefined index: judge_content D:\PHPTutorial\WWW\gt\Application\Runtime\Cache\Home\d750603422ebf58b034b899f4ea0ac02.php 第 352 行.
NOTIC: [8] Undefined index: judge_true D:\PHPTutorial\WWW\gt\Application\Runtime\Cache\Home\d750603422ebf58b034b899f4ea0ac02.php 第 365 行.
NOTIC: [8] Undefined index: judge_content D:\PHPTutorial\WWW\gt\Application\Runtime\Cache\Home\d750603422ebf58b034b899f4ea0ac02.php 第 384 行.
INFO: Run Behavior\ParseTemplateBehavior [ RunTime:0.011438s ]
INFO: [ view_parse ] --END-- [ RunTime:0.011486s ]
INFO: [ view_filter ] --START--
INFO: Run Behavior\WriteHtmlCacheBehavior [ RunTime:0.000458s ]
INFO: [ view_filter ] --END-- [ RunTime:0.000488s ]
INFO: [ app_end ] --START--
INFO: Run Behavior\ShowPageTraceBehavior [ RunTime:0.000866s ]
INFO: [ app_end ] --END-- [ RunTime:0.000916s ]

[ 2018-11-30T23:07:08+08:00 ] ::1 /gt/exam
INFO: [ app_init ] --START--
INFO: Run Behavior\BuildLiteBehavior [ RunTime:0.000006s ]
INFO: [ app_init ] --END-- [ RunTime:0.000225s ]
INFO: [ app_begin ] --START--
INFO: Run Behavior\ReadHtmlCacheBehavior [ RunTime:0.000372s ]
INFO: [ app_begin ] --END-- [ RunTime:0.000399s ]
SQL: SHOW COLUMNS FROM `user` [ RunTime:0.0006s ]
SQL: SELECT `user_img` FROM `user` WHERE `user_id` = 37 LIMIT 1   [ RunTime:0.0002s ]
SQL: SELECT `ting1img` FROM `user` WHERE `user_id` = 37 LIMIT 1   [ RunTime:0.0001s ]
SQL: SELECT `ting2img` FROM `user` WHERE `user_id` = 37 LIMIT 1   [ RunTime:0.0001s ]
SQL: SELECT `examstatus` FROM `user` WHERE `user_id` = 37 LIMIT 1   [ RunTime:0.0001s ]
SQL: SHOW COLUMNS FROM `hall1` [ RunTime:0.0008s ]
SQL: SELECT * FROM `hall1`  [ RunTime:0.0002s ]
NOTIC: [8] Undefined variable: hallimg1 D:\PHPTutorial\WWW\gt\Application\Home\Controller\ExamController.class.php 第 173 行.
NOTIC: [8] Undefined variable: hall1mp3 D:\PHPTutorial\WWW\gt\Application\Home\Controller\ExamController.class.php 第 177 行.
SQL: SHOW COLUMNS FROM `hall2` [ RunTime:0.0008s ]
SQL: SELECT * FROM `hall2`  [ RunTime:0.0002s ]
NOTIC: [8] Undefined variable: hallimg2 D:\PHPTutorial\WWW\gt\Application\Home\Controller\ExamController.class.php 第 195 行.
NOTIC: [8] Undefined variable: hall2mp3 D:\PHPTutorial\WWW\gt\Application\Home\Controller\ExamController.class.php 第 199 行.
SQL: SHOW COLUMNS FROM `hallimg` [ RunTime:0.0007s ]
SQL: SELECT * FROM `hallimg`  [ RunTime:0.0002s ]
SQL: SHOW COLUMNS FROM `exam` [ RunTime:0.0010s ]
SQL: SELECT `tm_n1` FROM `exam` WHERE ( user_id=37 ) LIMIT 1   [ RunTime:0.0004s ]
SQL: SELECT `tm_n2` FROM `exam` WHERE ( user_id=37 ) LIMIT 1   [ RunTime:0.0002s ]
SQL: SHOW COLUMNS FROM `judge` [ RunTime:0.0011s ]
SQL: SELECT * FROM `judge`  [ RunTime:0.0004s ]
SQL: SHOW COLUMNS FROM `choice` [ RunTime:0.0009s ]
SQL: SELECT * FROM `choice`  [ RunTime:0.0002s ]
INFO: [ view_parse ] --START--
INFO: [ template_filter ] --START--
INFO: Run Behavior\ContentReplaceBehavior [ RunTime:0.000128s ]
INFO: [ template_filter ] --END-- [ RunTime:0.000154s ]
NOTIC: [8] Undefined index: choice_true D:\PHPTutorial\WWW\gt\Application\Runtime\Cache\Home\d750603422ebf58b034b899f4ea0ac02.php 第 330 行.
NOTIC: [8] Undefined index: choice_content D:\PHPTutorial\WWW\gt\Application\Runtime\Cache\Home\d750603422ebf58b034b899f4ea0ac02.php 第 338 行.
NOTIC: [8] Undefined index: choice_a D:\PHPTutorial\WWW\gt\Application\Runtime\Cache\Home\d750603422ebf58b034b899f4ea0ac02.php 第 341 行.
NOTIC: [8] Undefined index: choice_b D:\PHPTutorial\WWW\gt\Application\Runtime\Cache\Home\d750603422ebf58b034b899f4ea0ac02.php 第 342 行.
NOTIC: [8] Undefined index: choice_c D:\PHPTutorial\WWW\gt\Application\Runtime\Cache\Home\d750603422ebf58b034b899f4ea0ac02.php 第 343 行.
NOTIC: [8] Undefined index: judge_true D:\PHPTutorial\WWW\gt\Application\Runtime\Cache\Home\d750603422ebf58b034b899f4ea0ac02.php 第 365 行.
NOTIC: [8] Undefined index: judge_content D:\PHPTutorial\WWW\gt\Application\Runtime\Cache\Home\d750603422ebf58b034b899f4ea0ac02.php 第 384 行.
INFO: Run Behavior\ParseTemplateBehavior [ RunTime:0.006403s ]
INFO: [ view_parse ] --END-- [ RunTime:0.006426s ]
INFO: [ view_filter ] --START--
INFO: Run Behavior\WriteHtmlCacheBehavior [ RunTime:0.000229s ]
INFO: [ view_filter ] --END-- [ RunTime:0.000248s ]
INFO: [ app_end ] --START--
INFO: Run Behavior\ShowPageTraceBehavior [ RunTime:0.000472s ]
INFO: [ app_end ] --END-- [ RunTime:0.000497s ]

[ 2018-11-30T23:07:09+08:00 ] ::1 /gt/exam
INFO: [ app_init ] --START--
INFO: Run Behavior\BuildLiteBehavior [ RunTime:0.000006s ]
INFO: [ app_init ] --END-- [ RunTime:0.000232s ]
INFO: [ app_begin ] --START--
INFO: Run Behavior\ReadHtmlCacheBehavior [ RunTime:0.000357s ]
INFO: [ app_begin ] --END-- [ RunTime:0.000379s ]
SQL: SHOW COLUMNS FROM `user` [ RunTime:0.0006s ]
SQL: SELECT `user_img` FROM `user` WHERE `user_id` = 37 LIMIT 1   [ RunTime:0.0003s ]
SQL: SELECT `ting1img` FROM `user` WHERE `user_id` = 37 LIMIT 1   [ RunTime:0.0001s ]
SQL: SELECT `ting2img` FROM `user` WHERE `user_id` = 37 LIMIT 1   [ RunTime:0.0001s ]
SQL: SELECT `examstatus` FROM `user` WHERE `user_id` = 37 LIMIT 1   [ RunTime:0.0001s ]
SQL: SHOW COLUMNS FROM `hall1` [ RunTime:0.0007s ]
SQL: SELECT * FROM `hall1`  [ RunTime:0.0003s ]
NOTIC: [8] Undefined variable: hallimg1 D:\PHPTutorial\WWW\gt\Application\Home\Controller\ExamController.class.php 第 173 行.
NOTIC: [8] Undefined variable: hall1mp3 D:\PHPTutorial\WWW\gt\Application\Home\Controller\ExamController.class.php 第 177 行.
SQL: SHOW COLUMNS FROM `hall2` [ RunTime:0.0006s ]
SQL: SELECT * FROM `hall2`  [ RunTime:0.0002s ]
NOTIC: [8] Undefined variable: hallimg2 D:\PHPTutorial\WWW\gt\Application\Home\Controller\ExamController.class.php 第 195 行.
NOTIC: [8] Undefined variable: hall2mp3 D:\PHPTutorial\WWW\gt\Application\Home\Controller\ExamController.class.php 第 199 行.
SQL: SHOW COLUMNS FROM `hallimg` [ RunTime:0.0008s ]
SQL: SELECT * FROM `hallimg`  [ RunTime:0.0003s ]
SQL: SHOW COLUMNS FROM `exam` [ RunTime:0.0008s ]
SQL: SELECT `tm_n1` FROM `exam` WHERE ( user_id=37 ) LIMIT 1   [ RunTime:0.0003s ]
SQL: SELECT `tm_n2` FROM `exam` WHERE ( user_id=37 ) LIMIT 1   [ RunTime:0.0004s ]
SQL: SHOW COLUMNS FROM `judge` [ RunTime:0.0009s ]
SQL: SELECT * FROM `judge`  [ RunTime:0.0004s ]
SQL: SHOW COLUMNS FROM `choice` [ RunTime:0.0011s ]
SQL: SELECT * FROM `choice`  [ RunTime:0.0003s ]
INFO: [ view_parse ] --START--
INFO: [ template_filter ] --START--
INFO: Run Behavior\ContentReplaceBehavior [ RunTime:0.000150s ]
INFO: [ template_filter ] --END-- [ RunTime:0.000185s ]
NOTIC: [8] Undefined index: choice_true D:\PHPTutorial\WWW\gt\Application\Runtime\Cache\Home\d750603422ebf58b034b899f4ea0ac02.php 第 330 行.
NOTIC: [8] Undefined index: choice_content D:\PHPTutorial\WWW\gt\Application\Runtime\Cache\Home\d750603422ebf58b034b899f4ea0ac02.php 第 338 行.
NOTIC: [8] Undefined index: choice_a D:\PHPTutorial\WWW\gt\Application\Runtime\Cache\Home\d750603422ebf58b034b899f4ea0ac02.php 第 341 行.
NOTIC: [8] Undefined index: choice_b D:\PHPTutorial\WWW\gt\Application\Runtime\Cache\Home\d750603422ebf58b034b899f4ea0ac02.php 第 342 行.
NOTIC: [8] Undefined index: choice_c D:\PHPTutorial\WWW\gt\Application\Runtime\Cache\Home\d750603422ebf58b034b899f4ea0ac02.php 第 343 行.
NOTIC: [8] Undefined index: judge_true D:\PHPTutorial\WWW\gt\Application\Runtime\Cache\Home\d750603422ebf58b034b899f4ea0ac02.php 第 365 行.
NOTIC: [8] Undefined index: judge_content D:\PHPTutorial\WWW\gt\Application\Runtime\Cache\Home\d750603422ebf58b034b899f4ea0ac02.php 第 384 行.
INFO: Run Behavior\ParseTemplateBehavior [ RunTime:0.012420s ]
INFO: [ view_parse ] --END-- [ RunTime:0.012460s ]
INFO: [ view_filter ] --START--
INFO: Run Behavior\WriteHtmlCacheBehavior [ RunTime:0.002029s ]
INFO: [ view_filter ] --END-- [ RunTime:0.002078s ]
INFO: [ app_end ] --START--
INFO: Run Behavior\ShowPageTraceBehavior [ RunTime:0.000824s ]
INFO: [ app_end ] --END-- [ RunTime:0.000874s ]

[ 2018-11-30T23:07:17+08:00 ] ::1 /gt/Exam/text.html
INFO: [ app_init ] --START--
INFO: Run Behavior\BuildLiteBehavior [ RunTime:0.000005s ]
INFO: [ app_init ] --END-- [ RunTime:0.000207s ]
INFO: [ app_begin ] --START--
INFO: Run Behavior\ReadHtmlCacheBehavior [ RunTime:0.000330s ]
INFO: [ app_begin ] --END-- [ RunTime:0.000349s ]
SQL: SHOW COLUMNS FROM `exam` [ RunTime:0.0005s ]
SQL: SELECT * FROM `exam` WHERE `user_id` = 37 LIMIT 1   [ RunTime:0.0002s ]
SQL: UPDATE `exam` SET `user_id`='37',`tm_n2`=',4,1,2,3' WHERE `user_id` = 37 [ RunTime:0.0002s ]

[ 2018-11-30T23:08:39+08:00 ] ::1 /gt/exam
INFO: [ app_init ] --START--
INFO: Run Behavior\BuildLiteBehavior [ RunTime:0.000008s ]
INFO: [ app_init ] --END-- [ RunTime:0.000310s ]
INFO: [ app_begin ] --START--
INFO: Run Behavior\ReadHtmlCacheBehavior [ RunTime:0.000413s ]
INFO: [ app_begin ] --END-- [ RunTime:0.000440s ]
SQL: SHOW COLUMNS FROM `user` [ RunTime:0.0015s ]
SQL: SELECT `user_img` FROM `user` WHERE `user_id` = 37 LIMIT 1   [ RunTime:0.0004s ]
SQL: SELECT `ting1img` FROM `user` WHERE `user_id` = 37 LIMIT 1   [ RunTime:0.0003s ]
SQL: SELECT `ting2img` FROM `user` WHERE `user_id` = 37 LIMIT 1   [ RunTime:0.0001s ]
SQL: SELECT `examstatus` FROM `user` WHERE `user_id` = 37 LIMIT 1   [ RunTime:0.0001s ]
SQL: SHOW COLUMNS FROM `hall1` [ RunTime:0.0008s ]
SQL: SELECT * FROM `hall1`  [ RunTime:0.0002s ]
NOTIC: [8] Undefined variable: hallimg1 D:\PHPTutorial\WWW\gt\Application\Home\Controller\ExamController.class.php 第 173 行.
NOTIC: [8] Undefined variable: hall1mp3 D:\PHPTutorial\WWW\gt\Application\Home\Controller\ExamController.class.php 第 177 行.
SQL: SHOW COLUMNS FROM `hall2` [ RunTime:0.0003s ]
SQL: SELECT * FROM `hall2`  [ RunTime:0.0001s ]
NOTIC: [8] Undefined variable: hallimg2 D:\PHPTutorial\WWW\gt\Application\Home\Controller\ExamController.class.php 第 195 行.
NOTIC: [8] Undefined variable: hall2mp3 D:\PHPTutorial\WWW\gt\Application\Home\Controller\ExamController.class.php 第 199 行.
SQL: SHOW COLUMNS FROM `hallimg` [ RunTime:0.0006s ]
SQL: SELECT * FROM `hallimg`  [ RunTime:0.0002s ]
SQL: SHOW COLUMNS FROM `exam` [ RunTime:0.0004s ]
SQL: SELECT `tm_n1` FROM `exam` WHERE ( user_id=37 ) LIMIT 1   [ RunTime:0.0002s ]
SQL: SELECT `tm_n2` FROM `exam` WHERE ( user_id=37 ) LIMIT 1   [ RunTime:0.0001s ]
SQL: SHOW COLUMNS FROM `judge` [ RunTime:0.0010s ]
SQL: SELECT * FROM `judge`  [ RunTime:0.0003s ]
SQL: SHOW COLUMNS FROM `choice` [ RunTime:0.0009s ]
SQL: SELECT * FROM `choice`  [ RunTime:0.0002s ]
INFO: [ view_parse ] --START--
INFO: [ template_filter ] --START--
INFO: Run Behavior\ContentReplaceBehavior [ RunTime:0.000129s ]
INFO: [ template_filter ] --END-- [ RunTime:0.000155s ]
NOTIC: [8] Undefined index: judge_true D:\PHPTutorial\WWW\gt\Application\Runtime\Cache\Home\d750603422ebf58b034b899f4ea0ac02.php 第 331 行.
NOTIC: [8] Undefined index: judge_content D:\PHPTutorial\WWW\gt\Application\Runtime\Cache\Home\d750603422ebf58b034b899f4ea0ac02.php 第 352 行.
NOTIC: [8] Undefined index: judge_true D:\PHPTutorial\WWW\gt\Application\Runtime\Cache\Home\d750603422ebf58b034b899f4ea0ac02.php 第 365 行.
NOTIC: [8] Undefined index: judge_content D:\PHPTutorial\WWW\gt\Application\Runtime\Cache\Home\d750603422ebf58b034b899f4ea0ac02.php 第 384 行.
INFO: Run Behavior\ParseTemplateBehavior [ RunTime:0.007063s ]
INFO: [ view_parse ] --END-- [ RunTime:0.007085s ]
INFO: [ view_filter ] --START--
INFO: Run Behavior\WriteHtmlCacheBehavior [ RunTime:0.000286s ]
INFO: [ view_filter ] --END-- [ RunTime:0.000304s ]
INFO: [ app_end ] --START--
INFO: Run Behavior\ShowPageTraceBehavior [ RunTime:0.000450s ]
INFO: [ app_end ] --END-- [ RunTime:0.000468s ]

[ 2018-11-30T23:08:39+08:00 ] ::1 /gt/exam
INFO: [ app_init ] --START--
INFO: Run Behavior\BuildLiteBehavior [ RunTime:0.000013s ]
INFO: [ app_init ] --END-- [ RunTime:0.000505s ]
INFO: [ app_begin ] --START--
INFO: Run Behavior\ReadHtmlCacheBehavior [ RunTime:0.000606s ]
INFO: [ app_begin ] --END-- [ RunTime:0.000653s ]
SQL: SHOW COLUMNS FROM `user` [ RunTime:0.0009s ]
SQL: SELECT `user_img` FROM `user` WHERE `user_id` = 37 LIMIT 1   [ RunTime:0.0004s ]
SQL: SELECT `ting1img` FROM `user` WHERE `user_id` = 37 LIMIT 1   [ RunTime:0.0002s ]
SQL: SELECT `ting2img` FROM `user` WHERE `user_id` = 37 LIMIT 1   [ RunTime:0.0002s ]
SQL: SELECT `examstatus` FROM `user` WHERE `user_id` = 37 LIMIT 1   [ RunTime:0.0002s ]
SQL: SHOW COLUMNS FROM `hall1` [ RunTime:0.0008s ]
SQL: SELECT * FROM `hall1`  [ RunTime:0.0004s ]
NOTIC: [8] Undefined variable: hallimg1 D:\PHPTutorial\WWW\gt\Application\Home\Controller\ExamController.class.php 第 173 行.
NOTIC: [8] Undefined variable: hall1mp3 D:\PHPTutorial\WWW\gt\Application\Home\Controller\ExamController.class.php 第 177 行.
SQL: SHOW COLUMNS FROM `hall2` [ RunTime:0.0011s ]
SQL: SELECT * FROM `hall2`  [ RunTime:0.0004s ]
NOTIC: [8] Undefined variable: hallimg2 D:\PHPTutorial\WWW\gt\Application\Home\Controller\ExamController.class.php 第 195 行.
NOTIC: [8] Undefined variable: hall2mp3 D:\PHPTutorial\WWW\gt\Application\Home\Controller\ExamController.class.php 第 199 行.
SQL: SHOW COLUMNS FROM `hallimg` [ RunTime:0.0021s ]
SQL: SELECT * FROM `hallimg`  [ RunTime:0.0007s ]
SQL: SHOW COLUMNS FROM `exam` [ RunTime:0.0019s ]
SQL: SELECT `tm_n1` FROM `exam` WHERE ( user_id=37 ) LIMIT 1   [ RunTime:0.0006s ]
SQL: SELECT `tm_n2` FROM `exam` WHERE ( user_id=37 ) LIMIT 1   [ RunTime:0.0002s ]
SQL: SHOW COLUMNS FROM `judge` [ RunTime:0.0015s ]
SQL: SELECT * FROM `judge`  [ RunTime:0.0004s ]
SQL: SHOW COLUMNS FROM `choice` [ RunTime:0.0016s ]
SQL: SELECT * FROM `choice`  [ RunTime:0.0003s ]
INFO: [ view_parse ] --START--
INFO: [ template_filter ] --START--
INFO: Run Behavior\ContentReplaceBehavior [ RunTime:0.000181s ]
INFO: [ template_filter ] --END-- [ RunTime:0.000228s ]
NOTIC: [8] Undefined index: choice_true D:\PHPTutorial\WWW\gt\Application\Runtime\Cache\Home\d750603422ebf58b034b899f4ea0ac02.php 第 330 行.
NOTIC: [8] Undefined index: choice_content D:\PHPTutorial\WWW\gt\Application\Runtime\Cache\Home\d750603422ebf58b034b899f4ea0ac02.php 第 338 行.
NOTIC: [8] Undefined index: choice_a D:\PHPTutorial\WWW\gt\Application\Runtime\Cache\Home\d750603422ebf58b034b899f4ea0ac02.php 第 341 行.
NOTIC: [8] Undefined index: choice_b D:\PHPTutorial\WWW\gt\Application\Runtime\Cache\Home\d750603422ebf58b034b899f4ea0ac02.php 第 342 行.
NOTIC: [8] Undefined index: choice_c D:\PHPTutorial\WWW\gt\Application\Runtime\Cache\Home\d750603422ebf58b034b899f4ea0ac02.php 第 343 行.
NOTIC: [8] Undefined index: choice_true D:\PHPTutorial\WWW\gt\Application\Runtime\Cache\Home\d750603422ebf58b034b899f4ea0ac02.php 第 364 行.
NOTIC: [8] Undefined index: choice_content D:\PHPTutorial\WWW\gt\Application\Runtime\Cache\Home\d750603422ebf58b034b899f4ea0ac02.php 第 370 行.
NOTIC: [8] Undefined index: choice_a D:\PHPTutorial\WWW\gt\Application\Runtime\Cache\Home\d750603422ebf58b034b899f4ea0ac02.php 第 373 行.
NOTIC: [8] Undefined index: choice_b D:\PHPTutorial\WWW\gt\Application\Runtime\Cache\Home\d750603422ebf58b034b899f4ea0ac02.php 第 374 行.
NOTIC: [8] Undefined index: choice_c D:\PHPTutorial\WWW\gt\Application\Runtime\Cache\Home\d750603422ebf58b034b899f4ea0ac02.php 第 375 行.
INFO: Run Behavior\ParseTemplateBehavior [ RunTime:0.010711s ]
INFO: [ view_parse ] --END-- [ RunTime:0.010758s ]
INFO: [ view_filter ] --START--
INFO: Run Behavior\WriteHtmlCacheBehavior [ RunTime:0.000934s ]
INFO: [ view_filter ] --END-- [ RunTime:0.001010s ]
INFO: [ app_end ] --START--
INFO: Run Behavior\ShowPageTraceBehavior [ RunTime:0.001165s ]
INFO: [ app_end ] --END-- [ RunTime:0.001304s ]

[ 2018-11-30T23:58:46+08:00 ] ::1 /gt/
INFO: [ app_init ] --START--
INFO: Run Behavior\BuildLiteBehavior [ RunTime:0.000006s ]
INFO: [ app_init ] --END-- [ RunTime:0.000308s ]
INFO: [ app_begin ] --START--
INFO: Run Behavior\ReadHtmlCacheBehavior [ RunTime:0.000421s ]
INFO: [ app_begin ] --END-- [ RunTime:0.000443s ]
SQL: SHOW COLUMNS FROM `studystatus` [ RunTime:0.0006s ]
SQL: SHOW COLUMNS FROM `exam` [ RunTime:0.0003s ]
INFO: [ view_parse ] --START--
INFO: [ template_filter ] --START--
INFO: Run Behavior\ContentReplaceBehavior [ RunTime:0.000087s ]
INFO: [ template_filter ] --END-- [ RunTime:0.000115s ]
INFO: Run Behavior\ParseTemplateBehavior [ RunTime:0.006310s ]
INFO: [ view_parse ] --END-- [ RunTime:0.006337s ]
INFO: [ view_filter ] --START--
INFO: Run Behavior\WriteHtmlCacheBehavior [ RunTime:0.000301s ]
INFO: [ view_filter ] --END-- [ RunTime:0.000319s ]
INFO: [ app_end ] --START--
INFO: Run Behavior\ShowPageTraceBehavior [ RunTime:0.000480s ]
INFO: [ app_end ] --END-- [ RunTime:0.000500s ]

[ 2018-11-30T23:58:52+08:00 ] ::1 /gt/
INFO: [ app_init ] --START--
INFO: Run Behavior\BuildLiteBehavior [ RunTime:0.000005s ]
INFO: [ app_init ] --END-- [ RunTime:0.000239s ]
INFO: [ app_begin ] --START--
INFO: Run Behavior\ReadHtmlCacheBehavior [ RunTime:0.000347s ]
INFO: [ app_begin ] --END-- [ RunTime:0.000368s ]
SQL: SHOW COLUMNS FROM `studystatus` [ RunTime:0.0014s ]
SQL: SHOW COLUMNS FROM `exam` [ RunTime:0.0006s ]
INFO: [ view_parse ] --START--
INFO: [ template_filter ] --START--
INFO: Run Behavior\ContentReplaceBehavior [ RunTime:0.000076s ]
INFO: [ template_filter ] --END-- [ RunTime:0.000103s ]
INFO: Run Behavior\ParseTemplateBehavior [ RunTime:0.004993s ]
INFO: [ view_parse ] --END-- [ RunTime:0.005031s ]
INFO: [ view_filter ] --START--
INFO: Run Behavior\WriteHtmlCacheBehavior [ RunTime:0.000314s ]
INFO: [ view_filter ] --END-- [ RunTime:0.000336s ]
INFO: [ app_end ] --START--
INFO: Run Behavior\ShowPageTraceBehavior [ RunTime:0.000534s ]
INFO: [ app_end ] --END-- [ RunTime:0.000558s ]

[ 2018-11-30T23:58:57+08:00 ] ::1 /gt/read
INFO: [ app_init ] --START--
INFO: Run Behavior\BuildLiteBehavior [ RunTime:0.000006s ]
INFO: [ app_init ] --END-- [ RunTime:0.000232s ]
INFO: [ app_begin ] --START--
INFO: Run Behavior\ReadHtmlCacheBehavior [ RunTime:0.000362s ]
INFO: [ app_begin ] --END-- [ RunTime:0.000422s ]
SQL: SHOW COLUMNS FROM `hall1` [ RunTime:0.0006s ]
SQL: SELECT * FROM `hall1`  [ RunTime:0.0003s ]
NOTIC: [8] Undefined variable: hallimg1 D:\PHPTutorial\WWW\gt\Application\Home\Controller\ExamController.class.php 第 172 行.
NOTIC: [8] Undefined variable: hall1mp3 D:\PHPTutorial\WWW\gt\Application\Home\Controller\ExamController.class.php 第 176 行.
SQL: SHOW COLUMNS FROM `hall2` [ RunTime:0.0004s ]
SQL: SELECT * FROM `hall2`  [ RunTime:0.0002s ]
NOTIC: [8] Undefined variable: hallimg2 D:\PHPTutorial\WWW\gt\Application\Home\Controller\ExamController.class.php 第 194 行.
NOTIC: [8] Undefined variable: hall2mp3 D:\PHPTutorial\WWW\gt\Application\Home\Controller\ExamController.class.php 第 198 行.
SQL: SHOW COLUMNS FROM `hallimg` [ RunTime:0.0004s ]
SQL: SELECT * FROM `hallimg`  [ RunTime:0.0002s ]
INFO: [ view_parse ] --START--
INFO: [ template_filter ] --START--
INFO: Run Behavior\ContentReplaceBehavior [ RunTime:0.000053s ]
INFO: [ template_filter ] --END-- [ RunTime:0.000078s ]
INFO: Run Behavior\ParseTemplateBehavior [ RunTime:0.004521s ]
INFO: [ view_parse ] --END-- [ RunTime:0.004544s ]
INFO: [ view_filter ] --START--
INFO: Run Behavior\WriteHtmlCacheBehavior [ RunTime:0.000216s ]
INFO: [ view_filter ] --END-- [ RunTime:0.000234s ]
INFO: [ app_end ] --START--
INFO: Run Behavior\ShowPageTraceBehavior [ RunTime:0.000389s ]
INFO: [ app_end ] --END-- [ RunTime:0.000408s ]

[ 2018-11-30T23:58:57+08:00 ] ::1 /gt/read
INFO: [ app_init ] --START--
INFO: Run Behavior\BuildLiteBehavior [ RunTime:0.000013s ]
INFO: [ app_init ] --END-- [ RunTime:0.000441s ]
INFO: [ app_begin ] --START--
INFO: Run Behavior\ReadHtmlCacheBehavior [ RunTime:0.000681s ]
INFO: [ app_begin ] --END-- [ RunTime:0.000743s ]
SQL: SHOW COLUMNS FROM `hall1` [ RunTime:0.0013s ]
SQL: SELECT * FROM `hall1`  [ RunTime:0.0008s ]
NOTIC: [8] Undefined variable: hallimg1 D:\PHPTutorial\WWW\gt\Application\Home\Controller\ExamController.class.php 第 172 行.
NOTIC: [8] Undefined variable: hall1mp3 D:\PHPTutorial\WWW\gt\Application\Home\Controller\ExamController.class.php 第 176 行.
SQL: SHOW COLUMNS FROM `hall2` [ RunTime:0.0013s ]
SQL: SELECT * FROM `hall2`  [ RunTime:0.0005s ]
NOTIC: [8] Undefined variable: hallimg2 D:\PHPTutorial\WWW\gt\Application\Home\Controller\ExamController.class.php 第 194 行.
NOTIC: [8] Undefined variable: hall2mp3 D:\PHPTutorial\WWW\gt\Application\Home\Controller\ExamController.class.php 第 198 行.
SQL: SHOW COLUMNS FROM `hallimg` [ RunTime:0.0012s ]
SQL: SELECT * FROM `hallimg`  [ RunTime:0.0006s ]
INFO: [ view_parse ] --START--
INFO: [ template_filter ] --START--
INFO: Run Behavior\ContentReplaceBehavior [ RunTime:0.000074s ]
INFO: [ template_filter ] --END-- [ RunTime:0.000116s ]
INFO: Run Behavior\ParseTemplateBehavior [ RunTime:0.006426s ]
INFO: [ view_parse ] --END-- [ RunTime:0.006507s ]
INFO: [ view_filter ] --START--
INFO: Run Behavior\WriteHtmlCacheBehavior [ RunTime:0.000484s ]
INFO: [ view_filter ] --END-- [ RunTime:0.000516s ]
INFO: [ app_end ] --START--
INFO: Run Behavior\ShowPageTraceBehavior [ RunTime:0.000691s ]
INFO: [ app_end ] --END-- [ RunTime:0.000734s ]

[ 2018-11-30T23:59:03+08:00 ] ::1 /gt//Public/Admin/img/20181130/5c00e5b2d643e.jpg
INFO: [ app_init ] --START--
INFO: Run Behavior\BuildLiteBehavior [ RunTime:0.000006s ]
INFO: [ app_init ] --END-- [ RunTime:0.000235s ]

[ 2018-11-30T23:59:04+08:00 ] ::1 /gt//Public/Admin/img/20181130/5c00e55607416.jpg
INFO: [ app_init ] --START--
INFO: Run Behavior\BuildLiteBehavior [ RunTime:0.000007s ]
INFO: [ app_init ] --END-- [ RunTime:0.000239s ]

[ 2018-11-30T23:59:04+08:00 ] ::1 /gt//Public/Admin/img/20181130/5c00e54ab7921.jpg
INFO: [ app_init ] --START--
INFO: Run Behavior\BuildLiteBehavior [ RunTime:0.000006s ]
INFO: [ app_init ] --END-- [ RunTime:0.000282s ]

[ 2018-11-30T23:59:50+08:00 ] ::1 /gt/read
INFO: [ app_init ] --START--
INFO: Run Behavior\BuildLiteBehavior [ RunTime:0.000007s ]
INFO: [ app_init ] --END-- [ RunTime:0.000239s ]
INFO: [ app_begin ] --START--
INFO: Run Behavior\ReadHtmlCacheBehavior [ RunTime:0.000430s ]
INFO: [ app_begin ] --END-- [ RunTime:0.000457s ]
SQL: SHOW COLUMNS FROM `hall1` [ RunTime:0.0005s ]
SQL: SELECT * FROM `hall1`  [ RunTime:0.0002s ]
NOTIC: [8] Undefined variable: hallimg1 D:\PHPTutorial\WWW\gt\Application\Home\Controller\ExamController.class.php 第 172 行.
NOTIC: [8] Undefined variable: hall1mp3 D:\PHPTutorial\WWW\gt\Application\Home\Controller\ExamController.class.php 第 176 行.
SQL: SHOW COLUMNS FROM `hall2` [ RunTime:0.0003s ]
SQL: SELECT * FROM `hall2`  [ RunTime:0.0001s ]
NOTIC: [8] Undefined variable: hallimg2 D:\PHPTutorial\WWW\gt\Application\Home\Controller\ExamController.class.php 第 194 行.
NOTIC: [8] Undefined variable: hall2mp3 D:\PHPTutorial\WWW\gt\Application\Home\Controller\ExamController.class.php 第 198 行.
SQL: SHOW COLUMNS FROM `hallimg` [ RunTime:0.0003s ]
SQL: SELECT * FROM `hallimg`  [ RunTime:0.0001s ]
INFO: [ view_parse ] --START--
INFO: [ template_filter ] --START--
INFO: Run Behavior\ContentReplaceBehavior [ RunTime:0.000061s ]
INFO: [ template_filter ] --END-- [ RunTime:0.000085s ]
INFO: Run Behavior\ParseTemplateBehavior [ RunTime:0.008474s ]
INFO: [ view_parse ] --END-- [ RunTime:0.008499s ]
INFO: [ view_filter ] --START--
INFO: Run Behavior\WriteHtmlCacheBehavior [ RunTime:0.000272s ]
INFO: [ view_filter ] --END-- [ RunTime:0.000289s ]
INFO: [ app_end ] --START--
INFO: Run Behavior\ShowPageTraceBehavior [ RunTime:0.000509s ]
INFO: [ app_end ] --END-- [ RunTime:0.000531s ]

[ 2018-11-30T23:59:50+08:00 ] ::1 /gt/read
INFO: [ app_init ] --START--
INFO: Run Behavior\BuildLiteBehavior [ RunTime:0.000008s ]
INFO: [ app_init ] --END-- [ RunTime:0.000270s ]
INFO: [ app_begin ] --START--
INFO: Run Behavior\ReadHtmlCacheBehavior [ RunTime:0.000378s ]
INFO: [ app_begin ] --END-- [ RunTime:0.000402s ]
SQL: SHOW COLUMNS FROM `hall1` [ RunTime:0.0009s ]
SQL: SELECT * FROM `hall1`  [ RunTime:0.0006s ]
NOTIC: [8] Undefined variable: hallimg1 D:\PHPTutorial\WWW\gt\Application\Home\Controller\ExamController.class.php 第 172 行.
NOTIC: [8] Undefined variable: hall1mp3 D:\PHPTutorial\WWW\gt\Application\Home\Controller\ExamController.class.php 第 176 行.
SQL: SHOW COLUMNS FROM `hall2` [ RunTime:0.0008s ]
SQL: SELECT * FROM `hall2`  [ RunTime:0.0004s ]
NOTIC: [8] Undefined variable: hallimg2 D:\PHPTutorial\WWW\gt\Application\Home\Controller\ExamController.class.php 第 194 行.
NOTIC: [8] Undefined variable: hall2mp3 D:\PHPTutorial\WWW\gt\Application\Home\Controller\ExamController.class.php 第 198 行.
SQL: SHOW COLUMNS FROM `hallimg` [ RunTime:0.0012s ]
SQL: SELECT * FROM `hallimg`  [ RunTime:0.0004s ]
INFO: [ view_parse ] --START--
INFO: [ template_filter ] --START--
INFO: Run Behavior\ContentReplaceBehavior [ RunTime:0.000090s ]
INFO: [ template_filter ] --END-- [ RunTime:0.000139s ]
INFO: Run Behavior\ParseTemplateBehavior [ RunTime:0.008109s ]
INFO: [ view_parse ] --END-- [ RunTime:0.008173s ]
INFO: [ view_filter ] --START--
INFO: Run Behavior\WriteHtmlCacheBehavior [ RunTime:0.000471s ]
INFO: [ view_filter ] --END-- [ RunTime:0.000503s ]
INFO: [ app_end ] --START--
INFO: Run Behavior\ShowPageTraceBehavior [ RunTime:0.000888s ]
INFO: [ app_end ] --END-- [ RunTime:0.000948s ]

