[ 2018-10-22T10:40:14+08:00 ] ::1 /gt/
INFO: [ app_init ] --START--
INFO: Run Behavior\BuildLiteBehavior [ RunTime:0.000021s ]
INFO: [ app_init ] --END-- [ RunTime:0.001418s ]
INFO: [ app_begin ] --START--
INFO: Run Behavior\ReadHtmlCacheBehavior [ RunTime:0.000733s ]
INFO: [ app_begin ] --END-- [ RunTime:0.000758s ]
SQL: SHOW COLUMNS FROM `studystatus` [ RunTime:0.0574s ]
SQL: SHOW COLUMNS FROM `exam` [ RunTime:0.0141s ]
SQL: SHOW COLUMNS FROM `user` [ RunTime:0.0253s ]
SQL: SELECT `mission` FROM `user` WHERE `user_id` = null LIMIT 1   [ RunTime:0.0016s ]
SQL: SELECT `mission2` FROM `user` WHERE `user_id` = null LIMIT 1   [ RunTime:0.0001s ]
INFO: [ view_parse ] --START--
INFO: [ template_filter ] --START--
INFO: Run Behavior\ContentReplaceBehavior [ RunTime:0.001371s ]
INFO: [ template_filter ] --END-- [ RunTime:0.001402s ]
NOTIC: [8] Undefined variable: timedifferent D:\xmapp\htdocs\gt\Application\Runtime\Cache\Home\2a94b8bda04ff446dcedd42276fc99ee.php 第 117 行.
NOTIC: [8] Undefined variable: timedifferent2 D:\xmapp\htdocs\gt\Application\Runtime\Cache\Home\2a94b8bda04ff446dcedd42276fc99ee.php 第 124 行.
INFO: Run Behavior\ParseTemplateBehavior [ RunTime:0.038131s ]
INFO: [ view_parse ] --END-- [ RunTime:0.038156s ]
INFO: [ view_filter ] --START--
INFO: Run Behavior\WriteHtmlCacheBehavior [ RunTime:0.000530s ]
INFO: [ view_filter ] --END-- [ RunTime:0.000551s ]
INFO: [ app_end ] --START--
INFO: Run Behavior\ShowPageTraceBehavior [ RunTime:0.000838s ]
INFO: [ app_end ] --END-- [ RunTime:0.000866s ]

[ 2018-10-22T14:45:07+08:00 ] ::1 /gt/
INFO: [ app_init ] --START--
INFO: Run Behavior\BuildLiteBehavior [ RunTime:0.000049s ]
INFO: [ app_init ] --END-- [ RunTime:0.000364s ]
INFO: [ app_begin ] --START--
INFO: Run Behavior\ReadHtmlCacheBehavior [ RunTime:0.000590s ]
INFO: [ app_begin ] --END-- [ RunTime:0.000624s ]
SQL: SHOW COLUMNS FROM `studystatus` [ RunTime:0.0061s ]
SQL: SHOW COLUMNS FROM `exam` [ RunTime:0.0182s ]
SQL: SHOW COLUMNS FROM `user` [ RunTime:0.0125s ]
SQL: SELECT `mission` FROM `user` WHERE `user_id` = null LIMIT 1   [ RunTime:0.0002s ]
SQL: SELECT `mission2` FROM `user` WHERE `user_id` = null LIMIT 1   [ RunTime:0.0001s ]
INFO: [ view_parse ] --START--
INFO: [ template_filter ] --START--
INFO: Run Behavior\ContentReplaceBehavior [ RunTime:0.000084s ]
INFO: [ template_filter ] --END-- [ RunTime:0.000122s ]
NOTIC: [8] Undefined variable: timedifferent D:\xmapp\htdocs\gt\Application\Runtime\Cache\Home\2a94b8bda04ff446dcedd42276fc99ee.php 第 117 行.
NOTIC: [8] Undefined variable: timedifferent2 D:\xmapp\htdocs\gt\Application\Runtime\Cache\Home\2a94b8bda04ff446dcedd42276fc99ee.php 第 124 行.
INFO: Run Behavior\ParseTemplateBehavior [ RunTime:0.007566s ]
INFO: [ view_parse ] --END-- [ RunTime:0.007599s ]
INFO: [ view_filter ] --START--
INFO: Run Behavior\WriteHtmlCacheBehavior [ RunTime:0.000432s ]
INFO: [ view_filter ] --END-- [ RunTime:0.000467s ]
INFO: [ app_end ] --START--
INFO: Run Behavior\ShowPageTraceBehavior [ RunTime:0.000800s ]
INFO: [ app_end ] --END-- [ RunTime:0.000860s ]

[ 2018-10-22T17:31:18+08:00 ] ::1 /gt/
INFO: [ app_init ] --START--
INFO: Run Behavior\BuildLiteBehavior [ RunTime:0.000025s ]
INFO: [ app_init ] --END-- [ RunTime:0.000415s ]
INFO: [ app_begin ] --START--
INFO: Run Behavior\ReadHtmlCacheBehavior [ RunTime:0.000833s ]
INFO: [ app_begin ] --END-- [ RunTime:0.000881s ]
SQL: SHOW COLUMNS FROM `studystatus` [ RunTime:0.0034s ]
SQL: SHOW COLUMNS FROM `exam` [ RunTime:0.0026s ]
SQL: SHOW COLUMNS FROM `user` [ RunTime:0.0142s ]
SQL: SELECT `mission` FROM `user` WHERE `user_id` = null LIMIT 1   [ RunTime:0.0003s ]
SQL: SELECT `mission2` FROM `user` WHERE `user_id` = null LIMIT 1   [ RunTime:0.0001s ]
INFO: [ view_parse ] --START--
INFO: [ template_filter ] --START--
INFO: Run Behavior\ContentReplaceBehavior [ RunTime:0.000082s ]
INFO: [ template_filter ] --END-- [ RunTime:0.000112s ]
NOTIC: [8] Undefined variable: timedifferent D:\xmapp\htdocs\gt\Application\Runtime\Cache\Home\2a94b8bda04ff446dcedd42276fc99ee.php 第 117 行.
NOTIC: [8] Undefined variable: timedifferent2 D:\xmapp\htdocs\gt\Application\Runtime\Cache\Home\2a94b8bda04ff446dcedd42276fc99ee.php 第 124 行.
INFO: Run Behavior\ParseTemplateBehavior [ RunTime:0.006851s ]
INFO: [ view_parse ] --END-- [ RunTime:0.006874s ]
INFO: [ view_filter ] --START--
INFO: Run Behavior\WriteHtmlCacheBehavior [ RunTime:0.000351s ]
INFO: [ view_filter ] --END-- [ RunTime:0.000370s ]
INFO: [ app_end ] --START--
INFO: Run Behavior\ShowPageTraceBehavior [ RunTime:0.000563s ]
INFO: [ app_end ] --END-- [ RunTime:0.000588s ]

[ 2018-10-22T21:06:19+08:00 ] ::1 /gt/
INFO: [ app_init ] --START--
INFO: Run Behavior\BuildLiteBehavior [ RunTime:0.000014s ]
INFO: [ app_init ] --END-- [ RunTime:0.000529s ]
INFO: [ app_begin ] --START--
INFO: Run Behavior\ReadHtmlCacheBehavior [ RunTime:0.000901s ]
INFO: [ app_begin ] --END-- [ RunTime:0.000926s ]
SQL: SHOW COLUMNS FROM `studystatus` [ RunTime:0.0124s ]
SQL: SHOW COLUMNS FROM `exam` [ RunTime:0.0089s ]
SQL: SHOW COLUMNS FROM `user` [ RunTime:0.0661s ]
SQL: SELECT `mission` FROM `user` WHERE `user_id` = null LIMIT 1   [ RunTime:0.0002s ]
SQL: SELECT `mission2` FROM `user` WHERE `user_id` = null LIMIT 1   [ RunTime:0.0001s ]
INFO: [ view_parse ] --START--
INFO: [ template_filter ] --START--
INFO: Run Behavior\ContentReplaceBehavior [ RunTime:0.000090s ]
INFO: [ template_filter ] --END-- [ RunTime:0.000115s ]
NOTIC: [8] Undefined variable: timedifferent D:\xmapp\htdocs\gt\Application\Runtime\Cache\Home\2a94b8bda04ff446dcedd42276fc99ee.php 第 117 行.
NOTIC: [8] Undefined variable: timedifferent2 D:\xmapp\htdocs\gt\Application\Runtime\Cache\Home\2a94b8bda04ff446dcedd42276fc99ee.php 第 124 行.
INFO: Run Behavior\ParseTemplateBehavior [ RunTime:0.013073s ]
INFO: [ view_parse ] --END-- [ RunTime:0.013095s ]
INFO: [ view_filter ] --START--
INFO: Run Behavior\WriteHtmlCacheBehavior [ RunTime:0.000616s ]
INFO: [ view_filter ] --END-- [ RunTime:0.000637s ]
INFO: [ app_end ] --START--
INFO: Run Behavior\ShowPageTraceBehavior [ RunTime:0.000874s ]
INFO: [ app_end ] --END-- [ RunTime:0.000911s ]

[ 2018-10-22T22:42:00+08:00 ] ::1 /gt/jssocket
INFO: [ app_init ] --START--
INFO: Run Behavior\BuildLiteBehavior [ RunTime:0.000012s ]
INFO: [ app_init ] --END-- [ RunTime:0.000334s ]
INFO: [ app_begin ] --START--
INFO: Run Behavior\ReadHtmlCacheBehavior [ RunTime:0.000539s ]
INFO: [ app_begin ] --END-- [ RunTime:0.000564s ]
ERR: 无法加载控制器:Jssocket

