[ 2018-06-06T14:18:15+08:00 ] ::1 /shiji/Admin/Index/index
INFO: [ app_init ] --START--
INFO: Run Behavior\BuildLiteBehavior [ RunTime:0.000012s ]
INFO: [ app_init ] --END-- [ RunTime:0.000397s ]
INFO: [ app_begin ] --START--
INFO: Run Behavior\ReadHtmlCacheBehavior [ RunTime:0.000547s ]
INFO: [ app_begin ] --END-- [ RunTime:0.000613s ]
NOTIC: [8] Undefined variable: moduleurl D:\XAMPP\htdocs\shiji\Application\Admin\Controller\CommonController.class.php 第 23 行.
NOTIC: [8] Undefined variable: moduleurl D:\XAMPP\htdocs\shiji\Application\Admin\Controller\CommonController.class.php 第 23 行.

[ 2018-06-06T14:18:15+08:00 ] ::1 /shiji/Admin/Login/login
INFO: [ app_init ] --START--
INFO: Run Behavior\BuildLiteBehavior [ RunTime:0.000019s ]
INFO: [ app_init ] --END-- [ RunTime:0.000525s ]
INFO: [ app_begin ] --START--
INFO: Run Behavior\ReadHtmlCacheBehavior [ RunTime:0.000860s ]
INFO: [ app_begin ] --END-- [ RunTime:0.000991s ]
INFO: [ view_parse ] --START--
INFO: [ template_filter ] --START--
INFO: Run Behavior\ContentReplaceBehavior [ RunTime:0.000076s ]
INFO: [ template_filter ] --END-- [ RunTime:0.000151s ]
INFO: Run Behavior\ParseTemplateBehavior [ RunTime:0.008848s ]
INFO: [ view_parse ] --END-- [ RunTime:0.008922s ]
INFO: [ view_filter ] --START--
INFO: Run Behavior\WriteHtmlCacheBehavior [ RunTime:0.000454s ]
INFO: [ view_filter ] --END-- [ RunTime:0.000508s ]
INFO: [ app_end ] --START--
INFO: Run Behavior\ShowPageTraceBehavior [ RunTime:0.000697s ]
INFO: [ app_end ] --END-- [ RunTime:0.000763s ]

[ 2018-06-06T14:18:15+08:00 ] ::1 /shiji/Admin/Login/verify
INFO: [ app_init ] --START--
INFO: Run Behavior\BuildLiteBehavior [ RunTime:0.000018s ]
INFO: [ app_init ] --END-- [ RunTime:0.000562s ]
INFO: [ app_begin ] --START--
INFO: Run Behavior\ReadHtmlCacheBehavior [ RunTime:0.000649s ]
INFO: [ app_begin ] --END-- [ RunTime:0.000717s ]
INFO: [ app_end ] --START--
INFO: Run Behavior\ShowPageTraceBehavior [ RunTime:0.000660s ]
INFO: [ app_end ] --END-- [ RunTime:0.000729s ]

[ 2018-06-06T14:18:24+08:00 ] ::1 /shiji/Admin/Login/login
INFO: [ app_init ] --START--
INFO: Run Behavior\BuildLiteBehavior [ RunTime:0.000012s ]
INFO: [ app_init ] --END-- [ RunTime:0.000530s ]
INFO: [ app_begin ] --START--
INFO: Run Behavior\ReadHtmlCacheBehavior [ RunTime:0.000770s ]
INFO: [ app_begin ] --END-- [ RunTime:0.000810s ]
SQL: SHOW COLUMNS FROM `manager` [ RunTime:0.0738s ]
SQL: SELECT * FROM `manager` WHERE `username` = 'admin' LIMIT 1   [ RunTime:0.0004s ]
SQL: SELECT * FROM `manager` WHERE `username` = 'admin' AND `status` = 0 LIMIT 1   [ RunTime:0.0004s ]

[ 2018-06-06T14:18:25+08:00 ] ::1 /shiji/Admin/Index/index
INFO: [ app_init ] --START--
INFO: Run Behavior\BuildLiteBehavior [ RunTime:0.000032s ]
INFO: [ app_init ] --END-- [ RunTime:0.001082s ]
INFO: [ app_begin ] --START--
INFO: Run Behavior\ReadHtmlCacheBehavior [ RunTime:0.000446s ]
INFO: [ app_begin ] --END-- [ RunTime:0.000492s ]
SQL: SHOW COLUMNS FROM `manager_role` [ RunTime:0.1105s ]
SQL: SELECT `role_id` FROM `manager_role` WHERE `manager_id` = 1  [ RunTime:0.0004s ]
SQL: SHOW COLUMNS FROM `role_auth` [ RunTime:0.0387s ]
SQL: SELECT `auth_id` FROM `role_auth` WHERE `role_id` IN ('1')  [ RunTime:0.0004s ]
SQL: SHOW COLUMNS FROM `auth` [ RunTime:0.0301s ]
SQL: SELECT concat(auth_controller,'-',auth_action) as ids FROM `auth` WHERE `auth_id` IN ('1','2','3','4','5','6','7','8','9','10','11','12','13','14','15','16','17','18','19','20','21','22','23','24','25','26')  [ RunTime:0.0006s ]
SQL: SELECT `role_id` FROM `manager_role` WHERE `manager_id` = 1  [ RunTime:0.0003s ]
SQL: SELECT `auth_id` FROM `role_auth` WHERE `role_id` IN ('1')  [ RunTime:0.0003s ]
SQL: SELECT * FROM `auth` WHERE `auth_pid` = 0  [ RunTime:0.0004s ]
SQL: SELECT * FROM `auth` WHERE `auth_pid` = 1 AND `auth_type` = 1  [ RunTime:0.0003s ]
SQL: SELECT * FROM `auth` WHERE `auth_pid` = 14 AND `auth_type` = 1  [ RunTime:0.0004s ]
SQL: SELECT * FROM `auth` WHERE `auth_pid` = 42 AND `auth_type` = 1  [ RunTime:0.0003s ]
SQL: SELECT * FROM `auth` WHERE `auth_pid` = 45 AND `auth_type` = 1  [ RunTime:0.0003s ]
SQL: SELECT * FROM `auth` WHERE `auth_pid` = 48 AND `auth_type` = 1  [ RunTime:0.0004s ]
INFO: [ view_parse ] --START--
INFO: [ template_filter ] --START--
INFO: Run Behavior\ContentReplaceBehavior [ RunTime:0.000061s ]
INFO: [ template_filter ] --END-- [ RunTime:0.000103s ]
INFO: Run Behavior\ParseTemplateBehavior [ RunTime:0.012636s ]
INFO: [ view_parse ] --END-- [ RunTime:0.012705s ]
INFO: [ view_filter ] --START--
INFO: Run Behavior\WriteHtmlCacheBehavior [ RunTime:0.000732s ]
INFO: [ view_filter ] --END-- [ RunTime:0.000765s ]
INFO: [ app_end ] --START--
INFO: Run Behavior\ShowPageTraceBehavior [ RunTime:0.000752s ]
INFO: [ app_end ] --END-- [ RunTime:0.000791s ]

[ 2018-06-06T14:18:26+08:00 ] ::1 /shiji/Admin/Index/welcome.html
INFO: [ app_init ] --START--
INFO: Run Behavior\BuildLiteBehavior [ RunTime:0.000011s ]
INFO: [ app_init ] --END-- [ RunTime:0.000427s ]
INFO: [ app_begin ] --START--
INFO: Run Behavior\ReadHtmlCacheBehavior [ RunTime:0.000489s ]
INFO: [ app_begin ] --END-- [ RunTime:0.000554s ]
SQL: SHOW COLUMNS FROM `manager_role` [ RunTime:0.0065s ]
SQL: SELECT `role_id` FROM `manager_role` WHERE `manager_id` = 1  [ RunTime:0.0003s ]
SQL: SHOW COLUMNS FROM `role_auth` [ RunTime:0.0053s ]
SQL: SELECT `auth_id` FROM `role_auth` WHERE `role_id` IN ('1')  [ RunTime:0.0004s ]
SQL: SHOW COLUMNS FROM `auth` [ RunTime:0.0057s ]
SQL: SELECT concat(auth_controller,'-',auth_action) as ids FROM `auth` WHERE `auth_id` IN ('1','2','3','4','5','6','7','8','9','10','11','12','13','14','15','16','17','18','19','20','21','22','23','24','25','26')  [ RunTime:0.0005s ]
INFO: [ view_parse ] --START--
INFO: [ template_filter ] --START--
INFO: Run Behavior\ContentReplaceBehavior [ RunTime:0.000062s ]
INFO: [ template_filter ] --END-- [ RunTime:0.000117s ]
INFO: Run Behavior\ParseTemplateBehavior [ RunTime:0.013656s ]
INFO: [ view_parse ] --END-- [ RunTime:0.013748s ]
INFO: [ view_filter ] --START--
INFO: Run Behavior\WriteHtmlCacheBehavior [ RunTime:0.001593s ]
INFO: [ view_filter ] --END-- [ RunTime:0.001663s ]
INFO: [ app_end ] --START--
INFO: Run Behavior\ShowPageTraceBehavior [ RunTime:0.002190s ]
INFO: [ app_end ] --END-- [ RunTime:0.002278s ]

[ 2018-06-06T14:18:27+08:00 ] ::1 /shiji/Admin/Orders/showlist
INFO: [ app_init ] --START--
INFO: Run Behavior\BuildLiteBehavior [ RunTime:0.000013s ]
INFO: [ app_init ] --END-- [ RunTime:0.000467s ]
INFO: [ app_begin ] --START--
INFO: Run Behavior\ReadHtmlCacheBehavior [ RunTime:0.000557s ]
INFO: [ app_begin ] --END-- [ RunTime:0.000613s ]
SQL: SHOW COLUMNS FROM `manager_role` [ RunTime:0.0040s ]
SQL: SELECT `role_id` FROM `manager_role` WHERE `manager_id` = 1  [ RunTime:0.0003s ]
SQL: SHOW COLUMNS FROM `role_auth` [ RunTime:0.0049s ]
SQL: SELECT `auth_id` FROM `role_auth` WHERE `role_id` IN ('1')  [ RunTime:0.0004s ]
SQL: SHOW COLUMNS FROM `auth` [ RunTime:0.0051s ]
SQL: SELECT concat(auth_controller,'-',auth_action) as ids FROM `auth` WHERE `auth_id` IN ('1','2','3','4','5','6','7','8','9','10','11','12','13','14','15','16','17','18','19','20','21','22','23','24','25','26')  [ RunTime:0.0004s ]
SQL: SHOW COLUMNS FROM `orders` [ RunTime:0.0040s ]
SQL: SELECT * FROM orders as a INNER JOIN address as b on b.address_id=a.order_address  ORDER BY order_id desc LIMIT 0,5   [ RunTime:0.0432s ]
SQL: SHOW COLUMNS FROM `style` [ RunTime:0.0032s ]
SQL: SELECT * FROM style as a INNER JOIN product_style as b on b.style_id=a.style_id   [ RunTime:0.0004s ]
SQL: SHOW COLUMNS FROM `product` [ RunTime:0.0034s ]
SQL: SELECT * FROM `product`  [ RunTime:0.0006s ]
SQL: SELECT COUNT(*) AS tp_count FROM orders as a LIMIT 1   [ RunTime:0.0002s ]
INFO: [ view_parse ] --START--
INFO: [ template_filter ] --START--
INFO: Run Behavior\ContentReplaceBehavior [ RunTime:0.000067s ]
INFO: [ template_filter ] --END-- [ RunTime:0.000105s ]
INFO: Run Behavior\ParseTemplateBehavior [ RunTime:0.010960s ]
INFO: [ view_parse ] --END-- [ RunTime:0.011011s ]
INFO: [ view_filter ] --START--
INFO: Run Behavior\WriteHtmlCacheBehavior [ RunTime:0.000722s ]
INFO: [ view_filter ] --END-- [ RunTime:0.000753s ]
INFO: [ app_end ] --START--
INFO: Run Behavior\ShowPageTraceBehavior [ RunTime:0.000480s ]
INFO: [ app_end ] --END-- [ RunTime:0.000512s ]

[ 2018-06-06T14:18:29+08:00 ] ::1 /shiji/Admin/Orders/showlist/p/2
INFO: [ app_init ] --START--
INFO: Run Behavior\BuildLiteBehavior [ RunTime:0.000011s ]
INFO: [ app_init ] --END-- [ RunTime:0.000385s ]
INFO: [ app_begin ] --START--
INFO: Run Behavior\ReadHtmlCacheBehavior [ RunTime:0.000463s ]
INFO: [ app_begin ] --END-- [ RunTime:0.000519s ]
SQL: SHOW COLUMNS FROM `manager_role` [ RunTime:0.0042s ]
SQL: SELECT `role_id` FROM `manager_role` WHERE `manager_id` = 1  [ RunTime:0.0003s ]
SQL: SHOW COLUMNS FROM `role_auth` [ RunTime:0.0038s ]
SQL: SELECT `auth_id` FROM `role_auth` WHERE `role_id` IN ('1')  [ RunTime:0.0004s ]
SQL: SHOW COLUMNS FROM `auth` [ RunTime:0.0043s ]
SQL: SELECT concat(auth_controller,'-',auth_action) as ids FROM `auth` WHERE `auth_id` IN ('1','2','3','4','5','6','7','8','9','10','11','12','13','14','15','16','17','18','19','20','21','22','23','24','25','26')  [ RunTime:0.0005s ]
SQL: SHOW COLUMNS FROM `orders` [ RunTime:0.0044s ]
SQL: SELECT * FROM orders as a INNER JOIN address as b on b.address_id=a.order_address  ORDER BY order_id desc LIMIT 5,5   [ RunTime:0.0007s ]
SQL: SHOW COLUMNS FROM `style` [ RunTime:0.0039s ]
SQL: SELECT * FROM style as a INNER JOIN product_style as b on b.style_id=a.style_id   [ RunTime:0.0007s ]
SQL: SHOW COLUMNS FROM `product` [ RunTime:0.0042s ]
SQL: SELECT * FROM `product`  [ RunTime:0.0007s ]
SQL: SELECT COUNT(*) AS tp_count FROM orders as a LIMIT 1   [ RunTime:0.0003s ]
INFO: [ view_parse ] --START--
INFO: [ template_filter ] --START--
INFO: Run Behavior\ContentReplaceBehavior [ RunTime:0.000074s ]
INFO: [ template_filter ] --END-- [ RunTime:0.000119s ]
INFO: Run Behavior\ParseTemplateBehavior [ RunTime:0.011405s ]
INFO: [ view_parse ] --END-- [ RunTime:0.011454s ]
INFO: [ view_filter ] --START--
INFO: Run Behavior\WriteHtmlCacheBehavior [ RunTime:0.000632s ]
INFO: [ view_filter ] --END-- [ RunTime:0.000666s ]
INFO: [ app_end ] --START--
INFO: Run Behavior\ShowPageTraceBehavior [ RunTime:0.000461s ]
INFO: [ app_end ] --END-- [ RunTime:0.000495s ]

[ 2018-06-06T14:18:31+08:00 ] ::1 /shiji/Admin/Orders/showlist/p/1
INFO: [ app_init ] --START--
INFO: Run Behavior\BuildLiteBehavior [ RunTime:0.000011s ]
INFO: [ app_init ] --END-- [ RunTime:0.000389s ]
INFO: [ app_begin ] --START--
INFO: Run Behavior\ReadHtmlCacheBehavior [ RunTime:0.000458s ]
INFO: [ app_begin ] --END-- [ RunTime:0.000506s ]
SQL: SHOW COLUMNS FROM `manager_role` [ RunTime:0.0038s ]
SQL: SELECT `role_id` FROM `manager_role` WHERE `manager_id` = 1  [ RunTime:0.0004s ]
SQL: SHOW COLUMNS FROM `role_auth` [ RunTime:0.0040s ]
SQL: SELECT `auth_id` FROM `role_auth` WHERE `role_id` IN ('1')  [ RunTime:0.0003s ]
SQL: SHOW COLUMNS FROM `auth` [ RunTime:0.0040s ]
SQL: SELECT concat(auth_controller,'-',auth_action) as ids FROM `auth` WHERE `auth_id` IN ('1','2','3','4','5','6','7','8','9','10','11','12','13','14','15','16','17','18','19','20','21','22','23','24','25','26')  [ RunTime:0.0004s ]
SQL: SHOW COLUMNS FROM `orders` [ RunTime:0.0038s ]
SQL: SELECT * FROM orders as a INNER JOIN address as b on b.address_id=a.order_address  ORDER BY order_id desc LIMIT 0,5   [ RunTime:0.0007s ]
SQL: SHOW COLUMNS FROM `style` [ RunTime:0.0040s ]
SQL: SELECT * FROM style as a INNER JOIN product_style as b on b.style_id=a.style_id   [ RunTime:0.0005s ]
SQL: SHOW COLUMNS FROM `product` [ RunTime:0.0037s ]
SQL: SELECT * FROM `product`  [ RunTime:0.0006s ]
SQL: SELECT COUNT(*) AS tp_count FROM orders as a LIMIT 1   [ RunTime:0.0003s ]
INFO: [ view_parse ] --START--
INFO: [ template_filter ] --START--
INFO: Run Behavior\ContentReplaceBehavior [ RunTime:0.000061s ]
INFO: [ template_filter ] --END-- [ RunTime:0.000100s ]
INFO: Run Behavior\ParseTemplateBehavior [ RunTime:0.010705s ]
INFO: [ view_parse ] --END-- [ RunTime:0.010755s ]
INFO: [ view_filter ] --START--
INFO: Run Behavior\WriteHtmlCacheBehavior [ RunTime:0.000591s ]
INFO: [ view_filter ] --END-- [ RunTime:0.000625s ]
INFO: [ app_end ] --START--
INFO: Run Behavior\ShowPageTraceBehavior [ RunTime:0.000497s ]
INFO: [ app_end ] --END-- [ RunTime:0.000531s ]

[ 2018-06-06T14:18:34+08:00 ] ::1 /shiji/Admin/Orders/showlist/p/2
INFO: [ app_init ] --START--
INFO: Run Behavior\BuildLiteBehavior [ RunTime:0.000014s ]
INFO: [ app_init ] --END-- [ RunTime:0.000444s ]
INFO: [ app_begin ] --START--
INFO: Run Behavior\ReadHtmlCacheBehavior [ RunTime:0.000512s ]
INFO: [ app_begin ] --END-- [ RunTime:0.000561s ]
SQL: SHOW COLUMNS FROM `manager_role` [ RunTime:0.0039s ]
SQL: SELECT `role_id` FROM `manager_role` WHERE `manager_id` = 1  [ RunTime:0.0004s ]
SQL: SHOW COLUMNS FROM `role_auth` [ RunTime:0.0038s ]
SQL: SELECT `auth_id` FROM `role_auth` WHERE `role_id` IN ('1')  [ RunTime:0.0004s ]
SQL: SHOW COLUMNS FROM `auth` [ RunTime:0.0045s ]
SQL: SELECT concat(auth_controller,'-',auth_action) as ids FROM `auth` WHERE `auth_id` IN ('1','2','3','4','5','6','7','8','9','10','11','12','13','14','15','16','17','18','19','20','21','22','23','24','25','26')  [ RunTime:0.0004s ]
SQL: SHOW COLUMNS FROM `orders` [ RunTime:0.0041s ]
SQL: SELECT * FROM orders as a INNER JOIN address as b on b.address_id=a.order_address  ORDER BY order_id desc LIMIT 5,5   [ RunTime:0.0006s ]
SQL: SHOW COLUMNS FROM `style` [ RunTime:0.0040s ]
SQL: SELECT * FROM style as a INNER JOIN product_style as b on b.style_id=a.style_id   [ RunTime:0.0005s ]
SQL: SHOW COLUMNS FROM `product` [ RunTime:0.0040s ]
SQL: SELECT * FROM `product`  [ RunTime:0.0006s ]
SQL: SELECT COUNT(*) AS tp_count FROM orders as a LIMIT 1   [ RunTime:0.0003s ]
INFO: [ view_parse ] --START--
INFO: [ template_filter ] --START--
INFO: Run Behavior\ContentReplaceBehavior [ RunTime:0.000063s ]
INFO: [ template_filter ] --END-- [ RunTime:0.000105s ]
INFO: Run Behavior\ParseTemplateBehavior [ RunTime:0.010754s ]
INFO: [ view_parse ] --END-- [ RunTime:0.010818s ]
INFO: [ view_filter ] --START--
INFO: Run Behavior\WriteHtmlCacheBehavior [ RunTime:0.000564s ]
INFO: [ view_filter ] --END-- [ RunTime:0.000596s ]
INFO: [ app_end ] --START--
INFO: Run Behavior\ShowPageTraceBehavior [ RunTime:0.000490s ]
INFO: [ app_end ] --END-- [ RunTime:0.000523s ]

[ 2018-06-06T14:18:39+08:00 ] ::1 /shiji/Admin/Orders/showlist/p/1
INFO: [ app_init ] --START--
INFO: Run Behavior\BuildLiteBehavior [ RunTime:0.000013s ]
INFO: [ app_init ] --END-- [ RunTime:0.000375s ]
INFO: [ app_begin ] --START--
INFO: Run Behavior\ReadHtmlCacheBehavior [ RunTime:0.000555s ]
INFO: [ app_begin ] --END-- [ RunTime:0.000608s ]
SQL: SHOW COLUMNS FROM `manager_role` [ RunTime:0.0073s ]
SQL: SELECT `role_id` FROM `manager_role` WHERE `manager_id` = 1  [ RunTime:0.0003s ]
SQL: SHOW COLUMNS FROM `role_auth` [ RunTime:0.0036s ]
SQL: SELECT `auth_id` FROM `role_auth` WHERE `role_id` IN ('1')  [ RunTime:0.0003s ]
SQL: SHOW COLUMNS FROM `auth` [ RunTime:0.0038s ]
SQL: SELECT concat(auth_controller,'-',auth_action) as ids FROM `auth` WHERE `auth_id` IN ('1','2','3','4','5','6','7','8','9','10','11','12','13','14','15','16','17','18','19','20','21','22','23','24','25','26')  [ RunTime:0.0004s ]
SQL: SHOW COLUMNS FROM `orders` [ RunTime:0.0037s ]
SQL: SELECT * FROM orders as a INNER JOIN address as b on b.address_id=a.order_address  ORDER BY order_id desc LIMIT 0,5   [ RunTime:0.0007s ]
SQL: SHOW COLUMNS FROM `style` [ RunTime:0.0040s ]
SQL: SELECT * FROM style as a INNER JOIN product_style as b on b.style_id=a.style_id   [ RunTime:0.0004s ]
SQL: SHOW COLUMNS FROM `product` [ RunTime:0.0042s ]
SQL: SELECT * FROM `product`  [ RunTime:0.0006s ]
SQL: SELECT COUNT(*) AS tp_count FROM orders as a LIMIT 1   [ RunTime:0.0002s ]
INFO: [ view_parse ] --START--
INFO: [ template_filter ] --START--
INFO: Run Behavior\ContentReplaceBehavior [ RunTime:0.000064s ]
INFO: [ template_filter ] --END-- [ RunTime:0.000106s ]
INFO: Run Behavior\ParseTemplateBehavior [ RunTime:0.010539s ]
INFO: [ view_parse ] --END-- [ RunTime:0.010591s ]
INFO: [ view_filter ] --START--
INFO: Run Behavior\WriteHtmlCacheBehavior [ RunTime:0.000651s ]
INFO: [ view_filter ] --END-- [ RunTime:0.000683s ]
INFO: [ app_end ] --START--
INFO: Run Behavior\ShowPageTraceBehavior [ RunTime:0.000520s ]
INFO: [ app_end ] --END-- [ RunTime:0.000553s ]

[ 2018-06-06T14:20:42+08:00 ] ::1 /shiji/Admin/Index/index
INFO: [ app_init ] --START--
INFO: Run Behavior\BuildLiteBehavior [ RunTime:0.000012s ]
INFO: [ app_init ] --END-- [ RunTime:0.000920s ]
INFO: [ app_begin ] --START--
INFO: Run Behavior\ReadHtmlCacheBehavior [ RunTime:0.000709s ]
INFO: [ app_begin ] --END-- [ RunTime:0.000755s ]
SQL: SHOW COLUMNS FROM `manager_role` [ RunTime:0.0220s ]
SQL: SELECT `role_id` FROM `manager_role` WHERE `manager_id` = 1  [ RunTime:0.0004s ]
SQL: SHOW COLUMNS FROM `role_auth` [ RunTime:0.0042s ]
SQL: SELECT `auth_id` FROM `role_auth` WHERE `role_id` IN ('1')  [ RunTime:0.0005s ]
SQL: SHOW COLUMNS FROM `auth` [ RunTime:0.0051s ]
SQL: SELECT concat(auth_controller,'-',auth_action) as ids FROM `auth` WHERE `auth_id` IN ('1','2','3','4','5','6','7','8','9','10','11','12','13','14','15','16','17','18','19','20','21','22','23','24','25','26')  [ RunTime:0.0226s ]
SQL: SELECT `role_id` FROM `manager_role` WHERE `manager_id` = 1  [ RunTime:0.0004s ]
SQL: SELECT `auth_id` FROM `role_auth` WHERE `role_id` IN ('1')  [ RunTime:0.0003s ]
SQL: SELECT * FROM `auth` WHERE `auth_pid` = 0  [ RunTime:0.0003s ]
SQL: SELECT * FROM `auth` WHERE `auth_pid` = 1 AND `auth_type` = 1  [ RunTime:0.0005s ]
SQL: SELECT * FROM `auth` WHERE `auth_pid` = 14 AND `auth_type` = 1  [ RunTime:0.0005s ]
SQL: SELECT * FROM `auth` WHERE `auth_pid` = 42 AND `auth_type` = 1  [ RunTime:0.0004s ]
SQL: SELECT * FROM `auth` WHERE `auth_pid` = 45 AND `auth_type` = 1  [ RunTime:0.0004s ]
SQL: SELECT * FROM `auth` WHERE `auth_pid` = 48 AND `auth_type` = 1  [ RunTime:0.0003s ]
INFO: [ view_parse ] --START--
INFO: [ template_filter ] --START--
INFO: Run Behavior\ContentReplaceBehavior [ RunTime:0.000061s ]
INFO: [ template_filter ] --END-- [ RunTime:0.000100s ]
INFO: Run Behavior\ParseTemplateBehavior [ RunTime:0.013075s ]
INFO: [ view_parse ] --END-- [ RunTime:0.013227s ]
INFO: [ view_filter ] --START--
INFO: Run Behavior\WriteHtmlCacheBehavior [ RunTime:0.000728s ]
INFO: [ view_filter ] --END-- [ RunTime:0.000761s ]
INFO: [ app_end ] --START--
INFO: Run Behavior\ShowPageTraceBehavior [ RunTime:0.000745s ]
INFO: [ app_end ] --END-- [ RunTime:0.000790s ]

[ 2018-06-06T14:20:42+08:00 ] ::1 /shiji/Admin/Index/welcome.html
INFO: [ app_init ] --START--
INFO: Run Behavior\BuildLiteBehavior [ RunTime:0.000017s ]
INFO: [ app_init ] --END-- [ RunTime:0.000561s ]
INFO: [ app_begin ] --START--
INFO: Run Behavior\ReadHtmlCacheBehavior [ RunTime:0.001768s ]
INFO: [ app_begin ] --END-- [ RunTime:0.001977s ]
SQL: SHOW COLUMNS FROM `manager_role` [ RunTime:0.0045s ]
SQL: SELECT `role_id` FROM `manager_role` WHERE `manager_id` = 1  [ RunTime:0.0005s ]
SQL: SHOW COLUMNS FROM `role_auth` [ RunTime:0.0042s ]
SQL: SELECT `auth_id` FROM `role_auth` WHERE `role_id` IN ('1')  [ RunTime:0.0003s ]
SQL: SHOW COLUMNS FROM `auth` [ RunTime:0.0052s ]
SQL: SELECT concat(auth_controller,'-',auth_action) as ids FROM `auth` WHERE `auth_id` IN ('1','2','3','4','5','6','7','8','9','10','11','12','13','14','15','16','17','18','19','20','21','22','23','24','25','26')  [ RunTime:0.0005s ]
INFO: [ view_parse ] --START--
INFO: [ template_filter ] --START--
INFO: Run Behavior\ContentReplaceBehavior [ RunTime:0.000057s ]
INFO: [ template_filter ] --END-- [ RunTime:0.000103s ]
INFO: Run Behavior\ParseTemplateBehavior [ RunTime:0.010039s ]
INFO: [ view_parse ] --END-- [ RunTime:0.010104s ]
INFO: [ view_filter ] --START--
INFO: Run Behavior\WriteHtmlCacheBehavior [ RunTime:0.000694s ]
INFO: [ view_filter ] --END-- [ RunTime:0.000733s ]
INFO: [ app_end ] --START--
INFO: Run Behavior\ShowPageTraceBehavior [ RunTime:0.000492s ]
INFO: [ app_end ] --END-- [ RunTime:0.000530s ]

[ 2018-06-06T14:20:44+08:00 ] ::1 /shiji/Admin/Orders/showlist
INFO: [ app_init ] --START--
INFO: Run Behavior\BuildLiteBehavior [ RunTime:0.000011s ]
INFO: [ app_init ] --END-- [ RunTime:0.000427s ]
INFO: [ app_begin ] --START--
INFO: Run Behavior\ReadHtmlCacheBehavior [ RunTime:0.000474s ]
INFO: [ app_begin ] --END-- [ RunTime:0.000529s ]
SQL: SHOW COLUMNS FROM `manager_role` [ RunTime:0.0040s ]
SQL: SELECT `role_id` FROM `manager_role` WHERE `manager_id` = 1  [ RunTime:0.0003s ]
SQL: SHOW COLUMNS FROM `role_auth` [ RunTime:0.0040s ]
SQL: SELECT `auth_id` FROM `role_auth` WHERE `role_id` IN ('1')  [ RunTime:0.0004s ]
SQL: SHOW COLUMNS FROM `auth` [ RunTime:0.0042s ]
SQL: SELECT concat(auth_controller,'-',auth_action) as ids FROM `auth` WHERE `auth_id` IN ('1','2','3','4','5','6','7','8','9','10','11','12','13','14','15','16','17','18','19','20','21','22','23','24','25','26')  [ RunTime:0.0004s ]
SQL: SHOW COLUMNS FROM `orders` [ RunTime:0.0038s ]
SQL: SELECT * FROM orders as a INNER JOIN address as b on b.address_id=a.order_address  ORDER BY order_id desc LIMIT 0,5   [ RunTime:0.0020s ]
SQL: SHOW COLUMNS FROM `style` [ RunTime:0.0042s ]
SQL: SELECT * FROM style as a INNER JOIN product_style as b on b.style_id=a.style_id   [ RunTime:0.0005s ]
SQL: SHOW COLUMNS FROM `product` [ RunTime:0.0040s ]
SQL: SELECT * FROM `product`  [ RunTime:0.0008s ]
SQL: SELECT COUNT(*) AS tp_count FROM orders as a LIMIT 1   [ RunTime:0.0003s ]
INFO: [ view_parse ] --START--
INFO: [ template_filter ] --START--
INFO: Run Behavior\ContentReplaceBehavior [ RunTime:0.000063s ]
INFO: [ template_filter ] --END-- [ RunTime:0.000104s ]
INFO: Run Behavior\ParseTemplateBehavior [ RunTime:0.011719s ]
INFO: [ view_parse ] --END-- [ RunTime:0.011794s ]
INFO: [ view_filter ] --START--
INFO: Run Behavior\WriteHtmlCacheBehavior [ RunTime:0.000646s ]
INFO: [ view_filter ] --END-- [ RunTime:0.000696s ]
INFO: [ app_end ] --START--
INFO: Run Behavior\ShowPageTraceBehavior [ RunTime:0.000491s ]
INFO: [ app_end ] --END-- [ RunTime:0.000525s ]

[ 2018-06-06T14:20:47+08:00 ] ::1 /shiji/Admin/Index/index
INFO: [ app_init ] --START--
INFO: Run Behavior\BuildLiteBehavior [ RunTime:0.000012s ]
INFO: [ app_init ] --END-- [ RunTime:0.000419s ]
INFO: [ app_begin ] --START--
INFO: Run Behavior\ReadHtmlCacheBehavior [ RunTime:0.000461s ]
INFO: [ app_begin ] --END-- [ RunTime:0.000511s ]
SQL: SHOW COLUMNS FROM `manager_role` [ RunTime:0.0045s ]
SQL: SELECT `role_id` FROM `manager_role` WHERE `manager_id` = 1  [ RunTime:0.0003s ]
SQL: SHOW COLUMNS FROM `role_auth` [ RunTime:0.0044s ]
SQL: SELECT `auth_id` FROM `role_auth` WHERE `role_id` IN ('1')  [ RunTime:0.0003s ]
SQL: SHOW COLUMNS FROM `auth` [ RunTime:0.0046s ]
SQL: SELECT concat(auth_controller,'-',auth_action) as ids FROM `auth` WHERE `auth_id` IN ('1','2','3','4','5','6','7','8','9','10','11','12','13','14','15','16','17','18','19','20','21','22','23','24','25','26')  [ RunTime:0.0004s ]
SQL: SELECT `role_id` FROM `manager_role` WHERE `manager_id` = 1  [ RunTime:0.0003s ]
SQL: SELECT `auth_id` FROM `role_auth` WHERE `role_id` IN ('1')  [ RunTime:0.0005s ]
SQL: SELECT * FROM `auth` WHERE `auth_pid` = 0  [ RunTime:0.0004s ]
SQL: SELECT * FROM `auth` WHERE `auth_pid` = 1 AND `auth_type` = 1  [ RunTime:0.0003s ]
SQL: SELECT * FROM `auth` WHERE `auth_pid` = 14 AND `auth_type` = 1  [ RunTime:0.0003s ]
SQL: SELECT * FROM `auth` WHERE `auth_pid` = 42 AND `auth_type` = 1  [ RunTime:0.0003s ]
SQL: SELECT * FROM `auth` WHERE `auth_pid` = 45 AND `auth_type` = 1  [ RunTime:0.0003s ]
SQL: SELECT * FROM `auth` WHERE `auth_pid` = 48 AND `auth_type` = 1  [ RunTime:0.0004s ]
INFO: [ view_parse ] --START--
INFO: [ template_filter ] --START--
INFO: Run Behavior\ContentReplaceBehavior [ RunTime:0.000058s ]
INFO: [ template_filter ] --END-- [ RunTime:0.000099s ]
INFO: Run Behavior\ParseTemplateBehavior [ RunTime:0.012802s ]
INFO: [ view_parse ] --END-- [ RunTime:0.012921s ]
INFO: [ view_filter ] --START--
INFO: Run Behavior\WriteHtmlCacheBehavior [ RunTime:0.000710s ]
INFO: [ view_filter ] --END-- [ RunTime:0.000744s ]
INFO: [ app_end ] --START--
INFO: Run Behavior\ShowPageTraceBehavior [ RunTime:0.000500s ]
INFO: [ app_end ] --END-- [ RunTime:0.000535s ]

[ 2018-06-06T14:20:47+08:00 ] ::1 /shiji/Admin/Index/welcome.html
INFO: [ app_init ] --START--
INFO: Run Behavior\BuildLiteBehavior [ RunTime:0.000019s ]
INFO: [ app_init ] --END-- [ RunTime:0.000640s ]
INFO: [ app_begin ] --START--
INFO: Run Behavior\ReadHtmlCacheBehavior [ RunTime:0.000708s ]
INFO: [ app_begin ] --END-- [ RunTime:0.000785s ]
SQL: SHOW COLUMNS FROM `manager_role` [ RunTime:0.0062s ]
SQL: SELECT `role_id` FROM `manager_role` WHERE `manager_id` = 1  [ RunTime:0.0003s ]
SQL: SHOW COLUMNS FROM `role_auth` [ RunTime:0.0058s ]
SQL: SELECT `auth_id` FROM `role_auth` WHERE `role_id` IN ('1')  [ RunTime:0.0006s ]
SQL: SHOW COLUMNS FROM `auth` [ RunTime:0.0099s ]
SQL: SELECT concat(auth_controller,'-',auth_action) as ids FROM `auth` WHERE `auth_id` IN ('1','2','3','4','5','6','7','8','9','10','11','12','13','14','15','16','17','18','19','20','21','22','23','24','25','26')  [ RunTime:0.0005s ]
INFO: [ view_parse ] --START--
INFO: [ template_filter ] --START--
INFO: Run Behavior\ContentReplaceBehavior [ RunTime:0.000067s ]
INFO: [ template_filter ] --END-- [ RunTime:0.000135s ]
INFO: Run Behavior\ParseTemplateBehavior [ RunTime:0.013685s ]
INFO: [ view_parse ] --END-- [ RunTime:0.013796s ]
INFO: [ view_filter ] --START--
INFO: Run Behavior\WriteHtmlCacheBehavior [ RunTime:0.000922s ]
INFO: [ view_filter ] --END-- [ RunTime:0.000971s ]
INFO: [ app_end ] --START--
INFO: Run Behavior\ShowPageTraceBehavior [ RunTime:0.000686s ]
INFO: [ app_end ] --END-- [ RunTime:0.000735s ]

[ 2018-06-06T14:20:47+08:00 ] ::1 /shiji/Admin/Index/index
INFO: [ app_init ] --START--
INFO: Run Behavior\BuildLiteBehavior [ RunTime:0.000020s ]
INFO: [ app_init ] --END-- [ RunTime:0.001270s ]
INFO: [ app_begin ] --START--
INFO: Run Behavior\ReadHtmlCacheBehavior [ RunTime:0.000633s ]
INFO: [ app_begin ] --END-- [ RunTime:0.000702s ]
SQL: SHOW COLUMNS FROM `manager_role` [ RunTime:0.0050s ]
SQL: SELECT `role_id` FROM `manager_role` WHERE `manager_id` = 1  [ RunTime:0.0003s ]
SQL: SHOW COLUMNS FROM `role_auth` [ RunTime:0.0041s ]
SQL: SELECT `auth_id` FROM `role_auth` WHERE `role_id` IN ('1')  [ RunTime:0.0003s ]
SQL: SHOW COLUMNS FROM `auth` [ RunTime:0.0049s ]
SQL: SELECT concat(auth_controller,'-',auth_action) as ids FROM `auth` WHERE `auth_id` IN ('1','2','3','4','5','6','7','8','9','10','11','12','13','14','15','16','17','18','19','20','21','22','23','24','25','26')  [ RunTime:0.0006s ]
SQL: SELECT `role_id` FROM `manager_role` WHERE `manager_id` = 1  [ RunTime:0.0005s ]
SQL: SELECT `auth_id` FROM `role_auth` WHERE `role_id` IN ('1')  [ RunTime:0.0004s ]
SQL: SELECT * FROM `auth` WHERE `auth_pid` = 0  [ RunTime:0.0009s ]
SQL: SELECT * FROM `auth` WHERE `auth_pid` = 1 AND `auth_type` = 1  [ RunTime:0.0004s ]
SQL: SELECT * FROM `auth` WHERE `auth_pid` = 14 AND `auth_type` = 1  [ RunTime:0.0004s ]
SQL: SELECT * FROM `auth` WHERE `auth_pid` = 42 AND `auth_type` = 1  [ RunTime:0.0003s ]
SQL: SELECT * FROM `auth` WHERE `auth_pid` = 45 AND `auth_type` = 1  [ RunTime:0.0003s ]
SQL: SELECT * FROM `auth` WHERE `auth_pid` = 48 AND `auth_type` = 1  [ RunTime:0.0003s ]
INFO: [ view_parse ] --START--
INFO: [ template_filter ] --START--
INFO: Run Behavior\ContentReplaceBehavior [ RunTime:0.000067s ]
INFO: [ template_filter ] --END-- [ RunTime:0.000116s ]
INFO: Run Behavior\ParseTemplateBehavior [ RunTime:0.012959s ]
INFO: [ view_parse ] --END-- [ RunTime:0.013047s ]
INFO: [ view_filter ] --START--
INFO: Run Behavior\WriteHtmlCacheBehavior [ RunTime:0.000828s ]
INFO: [ view_filter ] --END-- [ RunTime:0.000882s ]
INFO: [ app_end ] --START--
INFO: Run Behavior\ShowPageTraceBehavior [ RunTime:0.000574s ]
INFO: [ app_end ] --END-- [ RunTime:0.000620s ]

[ 2018-06-06T14:20:47+08:00 ] ::1 /shiji/Admin/Index/welcome.html
INFO: [ app_init ] --START--
INFO: Run Behavior\BuildLiteBehavior [ RunTime:0.000022s ]
INFO: [ app_init ] --END-- [ RunTime:0.000661s ]
INFO: [ app_begin ] --START--
INFO: Run Behavior\ReadHtmlCacheBehavior [ RunTime:0.002015s ]
INFO: [ app_begin ] --END-- [ RunTime:0.002110s ]
SQL: SHOW COLUMNS FROM `manager_role` [ RunTime:0.0049s ]
SQL: SELECT `role_id` FROM `manager_role` WHERE `manager_id` = 1  [ RunTime:0.0004s ]
SQL: SHOW COLUMNS FROM `role_auth` [ RunTime:0.0051s ]
SQL: SELECT `auth_id` FROM `role_auth` WHERE `role_id` IN ('1')  [ RunTime:0.0004s ]
SQL: SHOW COLUMNS FROM `auth` [ RunTime:0.0049s ]
SQL: SELECT concat(auth_controller,'-',auth_action) as ids FROM `auth` WHERE `auth_id` IN ('1','2','3','4','5','6','7','8','9','10','11','12','13','14','15','16','17','18','19','20','21','22','23','24','25','26')  [ RunTime:0.0006s ]
INFO: [ view_parse ] --START--
INFO: [ template_filter ] --START--
INFO: Run Behavior\ContentReplaceBehavior [ RunTime:0.000093s ]
INFO: [ template_filter ] --END-- [ RunTime:0.000185s ]
INFO: Run Behavior\ParseTemplateBehavior [ RunTime:0.015278s ]
INFO: [ view_parse ] --END-- [ RunTime:0.015376s ]
INFO: [ view_filter ] --START--
INFO: Run Behavior\WriteHtmlCacheBehavior [ RunTime:0.000970s ]
INFO: [ view_filter ] --END-- [ RunTime:0.001035s ]
INFO: [ app_end ] --START--
INFO: Run Behavior\ShowPageTraceBehavior [ RunTime:0.000778s ]
INFO: [ app_end ] --END-- [ RunTime:0.000845s ]

[ 2018-06-06T14:20:48+08:00 ] ::1 /shiji/Admin/Orders/showlist
INFO: [ app_init ] --START--
INFO: Run Behavior\BuildLiteBehavior [ RunTime:0.000014s ]
INFO: [ app_init ] --END-- [ RunTime:0.000587s ]
INFO: [ app_begin ] --START--
INFO: Run Behavior\ReadHtmlCacheBehavior [ RunTime:0.000510s ]
INFO: [ app_begin ] --END-- [ RunTime:0.000561s ]
SQL: SHOW COLUMNS FROM `manager_role` [ RunTime:0.0051s ]
SQL: SELECT `role_id` FROM `manager_role` WHERE `manager_id` = 1  [ RunTime:0.0004s ]
SQL: SHOW COLUMNS FROM `role_auth` [ RunTime:0.0042s ]
SQL: SELECT `auth_id` FROM `role_auth` WHERE `role_id` IN ('1')  [ RunTime:0.0003s ]
SQL: SHOW COLUMNS FROM `auth` [ RunTime:0.0043s ]
SQL: SELECT concat(auth_controller,'-',auth_action) as ids FROM `auth` WHERE `auth_id` IN ('1','2','3','4','5','6','7','8','9','10','11','12','13','14','15','16','17','18','19','20','21','22','23','24','25','26')  [ RunTime:0.0005s ]
SQL: SHOW COLUMNS FROM `orders` [ RunTime:0.0043s ]
SQL: SELECT * FROM orders as a INNER JOIN address as b on b.address_id=a.order_address  ORDER BY order_id desc LIMIT 0,5   [ RunTime:0.0007s ]
SQL: SHOW COLUMNS FROM `style` [ RunTime:0.0040s ]
SQL: SELECT * FROM style as a INNER JOIN product_style as b on b.style_id=a.style_id   [ RunTime:0.0005s ]
SQL: SHOW COLUMNS FROM `product` [ RunTime:0.0042s ]
SQL: SELECT * FROM `product`  [ RunTime:0.0008s ]
SQL: SELECT COUNT(*) AS tp_count FROM orders as a LIMIT 1   [ RunTime:0.0003s ]
INFO: [ view_parse ] --START--
INFO: [ template_filter ] --START--
INFO: Run Behavior\ContentReplaceBehavior [ RunTime:0.000062s ]
INFO: [ template_filter ] --END-- [ RunTime:0.000102s ]
INFO: Run Behavior\ParseTemplateBehavior [ RunTime:0.010673s ]
INFO: [ view_parse ] --END-- [ RunTime:0.010723s ]
INFO: [ view_filter ] --START--
INFO: Run Behavior\WriteHtmlCacheBehavior [ RunTime:0.000652s ]
INFO: [ view_filter ] --END-- [ RunTime:0.000686s ]
INFO: [ app_end ] --START--
INFO: Run Behavior\ShowPageTraceBehavior [ RunTime:0.000468s ]
INFO: [ app_end ] --END-- [ RunTime:0.000514s ]

[ 2018-06-06T14:20:55+08:00 ] ::1 /shiji/Admin/Orders/edit.html?id=13
INFO: [ app_init ] --START--
INFO: Run Behavior\BuildLiteBehavior [ RunTime:0.000018s ]
INFO: [ app_init ] --END-- [ RunTime:0.000835s ]
INFO: [ app_begin ] --START--
INFO: Run Behavior\ReadHtmlCacheBehavior [ RunTime:0.001212s ]
INFO: [ app_begin ] --END-- [ RunTime:0.001366s ]
SQL: SHOW COLUMNS FROM `manager_role` [ RunTime:0.0054s ]
SQL: SELECT `role_id` FROM `manager_role` WHERE `manager_id` = 1  [ RunTime:0.0003s ]
SQL: SHOW COLUMNS FROM `role_auth` [ RunTime:0.0038s ]
SQL: SELECT `auth_id` FROM `role_auth` WHERE `role_id` IN ('1')  [ RunTime:0.0005s ]
SQL: SHOW COLUMNS FROM `auth` [ RunTime:0.0047s ]
SQL: SELECT concat(auth_controller,'-',auth_action) as ids FROM `auth` WHERE `auth_id` IN ('1','2','3','4','5','6','7','8','9','10','11','12','13','14','15','16','17','18','19','20','21','22','23','24','25','26')  [ RunTime:0.0004s ]
SQL: SHOW COLUMNS FROM `orders` [ RunTime:0.0048s ]
SQL: SELECT * FROM `orders` WHERE `order_id` = 13 LIMIT 1   [ RunTime:0.0003s ]
INFO: [ view_parse ] --START--
INFO: [ template_filter ] --START--
INFO: Run Behavior\ContentReplaceBehavior [ RunTime:0.000058s ]
INFO: [ template_filter ] --END-- [ RunTime:0.000114s ]
INFO: Run Behavior\ParseTemplateBehavior [ RunTime:0.029167s ]
INFO: [ view_parse ] --END-- [ RunTime:0.029248s ]
INFO: [ view_filter ] --START--
INFO: Run Behavior\WriteHtmlCacheBehavior [ RunTime:0.000969s ]
INFO: [ view_filter ] --END-- [ RunTime:0.001032s ]
INFO: [ app_end ] --START--
INFO: Run Behavior\ShowPageTraceBehavior [ RunTime:0.000660s ]
INFO: [ app_end ] --END-- [ RunTime:0.000698s ]

[ 2018-06-06T14:20:58+08:00 ] ::1 /shiji/Admin/Orders/edit
INFO: [ app_init ] --START--
INFO: Run Behavior\BuildLiteBehavior [ RunTime:0.000012s ]
INFO: [ app_init ] --END-- [ RunTime:0.000423s ]
INFO: [ app_begin ] --START--
INFO: Run Behavior\ReadHtmlCacheBehavior [ RunTime:0.000519s ]
INFO: [ app_begin ] --END-- [ RunTime:0.000564s ]
SQL: SHOW COLUMNS FROM `manager_role` [ RunTime:0.0043s ]
SQL: SELECT `role_id` FROM `manager_role` WHERE `manager_id` = 1  [ RunTime:0.0003s ]
SQL: SHOW COLUMNS FROM `role_auth` [ RunTime:0.0036s ]
SQL: SELECT `auth_id` FROM `role_auth` WHERE `role_id` IN ('1')  [ RunTime:0.0003s ]
SQL: SHOW COLUMNS FROM `auth` [ RunTime:0.0034s ]
SQL: SELECT concat(auth_controller,'-',auth_action) as ids FROM `auth` WHERE `auth_id` IN ('1','2','3','4','5','6','7','8','9','10','11','12','13','14','15','16','17','18','19','20','21','22','23','24','25','26')  [ RunTime:0.0005s ]
SQL: SHOW COLUMNS FROM `orders` [ RunTime:0.0040s ]
NOTIC: [8] Undefined index: validate D:\XAMPP\htdocs\shiji\ThinkPHP\Library\Think\Model.class.php 第 1185 行.
NOTIC: [8] Undefined index: auto D:\XAMPP\htdocs\shiji\ThinkPHP\Library\Think\Model.class.php 第 1128 行.
SQL: UPDATE `orders` SET `order_status`='3' WHERE `order_id` = 13 [ RunTime:0.1006s ]

[ 2018-06-06T14:21:00+08:00 ] ::1 /shiji/Admin/Orders/showlist
INFO: [ app_init ] --START--
INFO: Run Behavior\BuildLiteBehavior [ RunTime:0.000012s ]
INFO: [ app_init ] --END-- [ RunTime:0.000391s ]
INFO: [ app_begin ] --START--
INFO: Run Behavior\ReadHtmlCacheBehavior [ RunTime:0.000431s ]
INFO: [ app_begin ] --END-- [ RunTime:0.000475s ]
SQL: SHOW COLUMNS FROM `manager_role` [ RunTime:0.0077s ]
SQL: SELECT `role_id` FROM `manager_role` WHERE `manager_id` = 1  [ RunTime:0.0004s ]
SQL: SHOW COLUMNS FROM `role_auth` [ RunTime:0.0040s ]
SQL: SELECT `auth_id` FROM `role_auth` WHERE `role_id` IN ('1')  [ RunTime:0.0004s ]
SQL: SHOW COLUMNS FROM `auth` [ RunTime:0.0046s ]
SQL: SELECT concat(auth_controller,'-',auth_action) as ids FROM `auth` WHERE `auth_id` IN ('1','2','3','4','5','6','7','8','9','10','11','12','13','14','15','16','17','18','19','20','21','22','23','24','25','26')  [ RunTime:0.0005s ]
SQL: SHOW COLUMNS FROM `orders` [ RunTime:0.1202s ]
SQL: SELECT * FROM orders as a INNER JOIN address as b on b.address_id=a.order_address  ORDER BY order_id desc LIMIT 0,5   [ RunTime:0.0007s ]
SQL: SHOW COLUMNS FROM `style` [ RunTime:0.0048s ]
SQL: SELECT * FROM style as a INNER JOIN product_style as b on b.style_id=a.style_id   [ RunTime:0.0005s ]
SQL: SHOW COLUMNS FROM `product` [ RunTime:0.0052s ]
SQL: SELECT * FROM `product`  [ RunTime:0.0011s ]
SQL: SELECT COUNT(*) AS tp_count FROM orders as a LIMIT 1   [ RunTime:0.0003s ]
INFO: [ view_parse ] --START--
INFO: [ template_filter ] --START--
INFO: Run Behavior\ContentReplaceBehavior [ RunTime:0.000076s ]
INFO: [ template_filter ] --END-- [ RunTime:0.000135s ]
INFO: Run Behavior\ParseTemplateBehavior [ RunTime:0.014965s ]
INFO: [ view_parse ] --END-- [ RunTime:0.015042s ]
INFO: [ view_filter ] --START--
INFO: Run Behavior\WriteHtmlCacheBehavior [ RunTime:0.000681s ]
INFO: [ view_filter ] --END-- [ RunTime:0.000715s ]
INFO: [ app_end ] --START--
INFO: Run Behavior\ShowPageTraceBehavior [ RunTime:0.000430s ]
INFO: [ app_end ] --END-- [ RunTime:0.000462s ]

[ 2018-06-06T14:22:55+08:00 ] ::1 /shiji/Admin/Orders/edit.html?id=13
INFO: [ app_init ] --START--
INFO: Run Behavior\BuildLiteBehavior [ RunTime:0.000014s ]
INFO: [ app_init ] --END-- [ RunTime:0.000556s ]
INFO: [ app_begin ] --START--
INFO: Run Behavior\ReadHtmlCacheBehavior [ RunTime:0.000835s ]
INFO: [ app_begin ] --END-- [ RunTime:0.000949s ]
SQL: SHOW COLUMNS FROM `manager_role` [ RunTime:0.0051s ]
SQL: SELECT `role_id` FROM `manager_role` WHERE `manager_id` = 1  [ RunTime:0.0011s ]
SQL: SHOW COLUMNS FROM `role_auth` [ RunTime:0.0045s ]
SQL: SELECT `auth_id` FROM `role_auth` WHERE `role_id` IN ('1')  [ RunTime:0.0003s ]
SQL: SHOW COLUMNS FROM `auth` [ RunTime:0.0040s ]
SQL: SELECT concat(auth_controller,'-',auth_action) as ids FROM `auth` WHERE `auth_id` IN ('1','2','3','4','5','6','7','8','9','10','11','12','13','14','15','16','17','18','19','20','21','22','23','24','25','26')  [ RunTime:0.0005s ]
SQL: SHOW COLUMNS FROM `orders` [ RunTime:0.0068s ]
SQL: SELECT * FROM `orders` WHERE `order_id` = 13 LIMIT 1   [ RunTime:0.0010s ]
INFO: [ view_parse ] --START--
INFO: [ template_filter ] --START--
INFO: Run Behavior\ContentReplaceBehavior [ RunTime:0.000049s ]
INFO: [ template_filter ] --END-- [ RunTime:0.000090s ]
INFO: Run Behavior\ParseTemplateBehavior [ RunTime:0.009708s ]
INFO: [ view_parse ] --END-- [ RunTime:0.009763s ]
INFO: [ view_filter ] --START--
INFO: Run Behavior\WriteHtmlCacheBehavior [ RunTime:0.000770s ]
INFO: [ view_filter ] --END-- [ RunTime:0.000802s ]
INFO: [ app_end ] --START--
INFO: Run Behavior\ShowPageTraceBehavior [ RunTime:0.000696s ]
INFO: [ app_end ] --END-- [ RunTime:0.000732s ]

[ 2018-06-06T14:25:51+08:00 ] ::1 /shiji/Admin/Orders/showlist
INFO: [ app_init ] --START--
INFO: Run Behavior\BuildLiteBehavior [ RunTime:0.000011s ]
INFO: [ app_init ] --END-- [ RunTime:0.000362s ]
INFO: [ app_begin ] --START--
INFO: Run Behavior\ReadHtmlCacheBehavior [ RunTime:0.000457s ]
INFO: [ app_begin ] --END-- [ RunTime:0.000503s ]
SQL: SHOW COLUMNS FROM `manager_role` [ RunTime:0.0074s ]
SQL: SELECT `role_id` FROM `manager_role` WHERE `manager_id` = 1  [ RunTime:0.0004s ]
SQL: SHOW COLUMNS FROM `role_auth` [ RunTime:0.0034s ]
SQL: SELECT `auth_id` FROM `role_auth` WHERE `role_id` IN ('1')  [ RunTime:0.0004s ]
SQL: SHOW COLUMNS FROM `auth` [ RunTime:0.0034s ]
SQL: SELECT concat(auth_controller,'-',auth_action) as ids FROM `auth` WHERE `auth_id` IN ('1','2','3','4','5','6','7','8','9','10','11','12','13','14','15','16','17','18','19','20','21','22','23','24','25','26')  [ RunTime:0.0005s ]
SQL: SHOW COLUMNS FROM `orders` [ RunTime:0.0039s ]
SQL: SELECT * FROM orders as a INNER JOIN address as b on b.address_id=a.order_address  ORDER BY order_id desc LIMIT 0,5   [ RunTime:0.0005s ]
SQL: SHOW COLUMNS FROM `style` [ RunTime:0.0031s ]
SQL: SELECT * FROM style as a INNER JOIN product_style as b on b.style_id=a.style_id   [ RunTime:0.0004s ]
SQL: SHOW COLUMNS FROM `product` [ RunTime:0.0034s ]
SQL: SELECT * FROM `product`  [ RunTime:0.0007s ]
SQL: SELECT COUNT(*) AS tp_count FROM orders as a LIMIT 1   [ RunTime:0.0002s ]
INFO: [ view_parse ] --START--
INFO: [ template_filter ] --START--
INFO: Run Behavior\ContentReplaceBehavior [ RunTime:0.000063s ]
INFO: [ template_filter ] --END-- [ RunTime:0.000103s ]
INFO: Run Behavior\ParseTemplateBehavior [ RunTime:0.010800s ]
INFO: [ view_parse ] --END-- [ RunTime:0.010848s ]
INFO: [ view_filter ] --START--
INFO: Run Behavior\WriteHtmlCacheBehavior [ RunTime:0.000588s ]
INFO: [ view_filter ] --END-- [ RunTime:0.000620s ]
INFO: [ app_end ] --START--
INFO: Run Behavior\ShowPageTraceBehavior [ RunTime:0.000488s ]
INFO: [ app_end ] --END-- [ RunTime:0.000520s ]

[ 2018-06-06T14:25:53+08:00 ] ::1 /shiji/Admin/Orders/showlist
INFO: [ app_init ] --START--
INFO: Run Behavior\BuildLiteBehavior [ RunTime:0.000013s ]
INFO: [ app_init ] --END-- [ RunTime:0.000530s ]
INFO: [ app_begin ] --START--
INFO: Run Behavior\ReadHtmlCacheBehavior [ RunTime:0.000794s ]
INFO: [ app_begin ] --END-- [ RunTime:0.000869s ]
SQL: SHOW COLUMNS FROM `manager_role` [ RunTime:0.0039s ]
SQL: SELECT `role_id` FROM `manager_role` WHERE `manager_id` = 1  [ RunTime:0.0004s ]
SQL: SHOW COLUMNS FROM `role_auth` [ RunTime:0.0039s ]
SQL: SELECT `auth_id` FROM `role_auth` WHERE `role_id` IN ('1')  [ RunTime:0.0004s ]
SQL: SHOW COLUMNS FROM `auth` [ RunTime:0.0035s ]
SQL: SELECT concat(auth_controller,'-',auth_action) as ids FROM `auth` WHERE `auth_id` IN ('1','2','3','4','5','6','7','8','9','10','11','12','13','14','15','16','17','18','19','20','21','22','23','24','25','26')  [ RunTime:0.0005s ]
SQL: SHOW COLUMNS FROM `orders` [ RunTime:0.0037s ]
SQL: SELECT * FROM orders as a INNER JOIN address as b on b.address_id=a.order_address  ORDER BY order_id desc LIMIT 0,5   [ RunTime:0.0006s ]
SQL: SHOW COLUMNS FROM `style` [ RunTime:0.0032s ]
SQL: SELECT * FROM style as a INNER JOIN product_style as b on b.style_id=a.style_id   [ RunTime:0.0003s ]
SQL: SHOW COLUMNS FROM `product` [ RunTime:0.0035s ]
SQL: SELECT * FROM `product`  [ RunTime:0.0007s ]
SQL: SELECT COUNT(*) AS tp_count FROM orders as a LIMIT 1   [ RunTime:0.0002s ]
INFO: [ view_parse ] --START--
INFO: [ template_filter ] --START--
INFO: Run Behavior\ContentReplaceBehavior [ RunTime:0.000066s ]
INFO: [ template_filter ] --END-- [ RunTime:0.000106s ]
INFO: Run Behavior\ParseTemplateBehavior [ RunTime:0.010621s ]
INFO: [ view_parse ] --END-- [ RunTime:0.010692s ]
INFO: [ view_filter ] --START--
INFO: Run Behavior\WriteHtmlCacheBehavior [ RunTime:0.001051s ]
INFO: [ view_filter ] --END-- [ RunTime:0.001100s ]
INFO: [ app_end ] --START--
INFO: Run Behavior\ShowPageTraceBehavior [ RunTime:0.000599s ]
INFO: [ app_end ] --END-- [ RunTime:0.000640s ]

[ 2018-06-06T14:25:53+08:00 ] ::1 /shiji/Admin/Orders/showlist
INFO: [ app_init ] --START--
INFO: Run Behavior\BuildLiteBehavior [ RunTime:0.000011s ]
INFO: [ app_init ] --END-- [ RunTime:0.000366s ]
INFO: [ app_begin ] --START--
INFO: Run Behavior\ReadHtmlCacheBehavior [ RunTime:0.000661s ]
INFO: [ app_begin ] --END-- [ RunTime:0.000729s ]
SQL: SHOW COLUMNS FROM `manager_role` [ RunTime:0.0044s ]
SQL: SELECT `role_id` FROM `manager_role` WHERE `manager_id` = 1  [ RunTime:0.0003s ]
SQL: SHOW COLUMNS FROM `role_auth` [ RunTime:0.0034s ]
SQL: SELECT `auth_id` FROM `role_auth` WHERE `role_id` IN ('1')  [ RunTime:0.0004s ]
SQL: SHOW COLUMNS FROM `auth` [ RunTime:0.0036s ]
SQL: SELECT concat(auth_controller,'-',auth_action) as ids FROM `auth` WHERE `auth_id` IN ('1','2','3','4','5','6','7','8','9','10','11','12','13','14','15','16','17','18','19','20','21','22','23','24','25','26')  [ RunTime:0.0004s ]
SQL: SHOW COLUMNS FROM `orders` [ RunTime:0.0038s ]
SQL: SELECT * FROM orders as a INNER JOIN address as b on b.address_id=a.order_address  ORDER BY order_id desc LIMIT 0,5   [ RunTime:0.0005s ]
SQL: SHOW COLUMNS FROM `style` [ RunTime:0.0031s ]
SQL: SELECT * FROM style as a INNER JOIN product_style as b on b.style_id=a.style_id   [ RunTime:0.0005s ]
SQL: SHOW COLUMNS FROM `product` [ RunTime:0.0036s ]
SQL: SELECT * FROM `product`  [ RunTime:0.0007s ]
SQL: SELECT COUNT(*) AS tp_count FROM orders as a LIMIT 1   [ RunTime:0.0003s ]
INFO: [ view_parse ] --START--
INFO: [ template_filter ] --START--
INFO: Run Behavior\ContentReplaceBehavior [ RunTime:0.000063s ]
INFO: [ template_filter ] --END-- [ RunTime:0.000104s ]
INFO: Run Behavior\ParseTemplateBehavior [ RunTime:0.010713s ]
INFO: [ view_parse ] --END-- [ RunTime:0.010762s ]
INFO: [ view_filter ] --START--
INFO: Run Behavior\WriteHtmlCacheBehavior [ RunTime:0.000601s ]
INFO: [ view_filter ] --END-- [ RunTime:0.000633s ]
INFO: [ app_end ] --START--
INFO: Run Behavior\ShowPageTraceBehavior [ RunTime:0.000429s ]
INFO: [ app_end ] --END-- [ RunTime:0.000463s ]

[ 2018-06-06T14:25:53+08:00 ] ::1 /shiji/Admin/Orders/showlist
INFO: [ app_init ] --START--
INFO: Run Behavior\BuildLiteBehavior [ RunTime:0.000014s ]
INFO: [ app_init ] --END-- [ RunTime:0.000518s ]
INFO: [ app_begin ] --START--
INFO: Run Behavior\ReadHtmlCacheBehavior [ RunTime:0.000495s ]
INFO: [ app_begin ] --END-- [ RunTime:0.000544s ]
SQL: SHOW COLUMNS FROM `manager_role` [ RunTime:0.0047s ]
SQL: SELECT `role_id` FROM `manager_role` WHERE `manager_id` = 1  [ RunTime:0.0003s ]
SQL: SHOW COLUMNS FROM `role_auth` [ RunTime:0.0040s ]
SQL: SELECT `auth_id` FROM `role_auth` WHERE `role_id` IN ('1')  [ RunTime:0.0003s ]
SQL: SHOW COLUMNS FROM `auth` [ RunTime:0.0042s ]
SQL: SELECT concat(auth_controller,'-',auth_action) as ids FROM `auth` WHERE `auth_id` IN ('1','2','3','4','5','6','7','8','9','10','11','12','13','14','15','16','17','18','19','20','21','22','23','24','25','26')  [ RunTime:0.0006s ]
SQL: SHOW COLUMNS FROM `orders` [ RunTime:0.0038s ]
SQL: SELECT * FROM orders as a INNER JOIN address as b on b.address_id=a.order_address  ORDER BY order_id desc LIMIT 0,5   [ RunTime:0.0007s ]
SQL: SHOW COLUMNS FROM `style` [ RunTime:0.0039s ]
SQL: SELECT * FROM style as a INNER JOIN product_style as b on b.style_id=a.style_id   [ RunTime:0.0004s ]
SQL: SHOW COLUMNS FROM `product` [ RunTime:0.0047s ]
SQL: SELECT * FROM `product`  [ RunTime:0.0008s ]
SQL: SELECT COUNT(*) AS tp_count FROM orders as a LIMIT 1   [ RunTime:0.0003s ]
INFO: [ view_parse ] --START--
INFO: [ template_filter ] --START--
INFO: Run Behavior\ContentReplaceBehavior [ RunTime:0.000102s ]
INFO: [ template_filter ] --END-- [ RunTime:0.000142s ]
INFO: Run Behavior\ParseTemplateBehavior [ RunTime:0.011206s ]
INFO: [ view_parse ] --END-- [ RunTime:0.011266s ]
INFO: [ view_filter ] --START--
INFO: Run Behavior\WriteHtmlCacheBehavior [ RunTime:0.000632s ]
INFO: [ view_filter ] --END-- [ RunTime:0.000666s ]
INFO: [ app_end ] --START--
INFO: Run Behavior\ShowPageTraceBehavior [ RunTime:0.000428s ]
INFO: [ app_end ] --END-- [ RunTime:0.000461s ]

[ 2018-06-06T14:25:54+08:00 ] ::1 /shiji/Admin/Orders/showlist
INFO: [ app_init ] --START--
INFO: Run Behavior\BuildLiteBehavior [ RunTime:0.000010s ]
INFO: [ app_init ] --END-- [ RunTime:0.000413s ]
INFO: [ app_begin ] --START--
INFO: Run Behavior\ReadHtmlCacheBehavior [ RunTime:0.000459s ]
INFO: [ app_begin ] --END-- [ RunTime:0.000521s ]
SQL: SHOW COLUMNS FROM `manager_role` [ RunTime:0.0155s ]
SQL: SELECT `role_id` FROM `manager_role` WHERE `manager_id` = 1  [ RunTime:0.0003s ]
SQL: SHOW COLUMNS FROM `role_auth` [ RunTime:0.0056s ]
SQL: SELECT `auth_id` FROM `role_auth` WHERE `role_id` IN ('1')  [ RunTime:0.0003s ]
SQL: SHOW COLUMNS FROM `auth` [ RunTime:0.0042s ]
SQL: SELECT concat(auth_controller,'-',auth_action) as ids FROM `auth` WHERE `auth_id` IN ('1','2','3','4','5','6','7','8','9','10','11','12','13','14','15','16','17','18','19','20','21','22','23','24','25','26')  [ RunTime:0.0004s ]
SQL: SHOW COLUMNS FROM `orders` [ RunTime:0.0038s ]
SQL: SELECT * FROM orders as a INNER JOIN address as b on b.address_id=a.order_address  ORDER BY order_id desc LIMIT 0,5   [ RunTime:0.0005s ]
SQL: SHOW COLUMNS FROM `style` [ RunTime:0.0036s ]
SQL: SELECT * FROM style as a INNER JOIN product_style as b on b.style_id=a.style_id   [ RunTime:0.0005s ]
SQL: SHOW COLUMNS FROM `product` [ RunTime:0.0034s ]
SQL: SELECT * FROM `product`  [ RunTime:0.0008s ]
SQL: SELECT COUNT(*) AS tp_count FROM orders as a LIMIT 1   [ RunTime:0.0002s ]
INFO: [ view_parse ] --START--
INFO: [ template_filter ] --START--
INFO: Run Behavior\ContentReplaceBehavior [ RunTime:0.000062s ]
INFO: [ template_filter ] --END-- [ RunTime:0.000103s ]
INFO: Run Behavior\ParseTemplateBehavior [ RunTime:0.011115s ]
INFO: [ view_parse ] --END-- [ RunTime:0.011166s ]
INFO: [ view_filter ] --START--
INFO: Run Behavior\WriteHtmlCacheBehavior [ RunTime:0.000658s ]
INFO: [ view_filter ] --END-- [ RunTime:0.000693s ]
INFO: [ app_end ] --START--
INFO: Run Behavior\ShowPageTraceBehavior [ RunTime:0.000463s ]
INFO: [ app_end ] --END-- [ RunTime:0.000521s ]

[ 2018-06-06T14:25:54+08:00 ] ::1 /shiji/Admin/Orders/showlist
INFO: [ app_init ] --START--
INFO: Run Behavior\BuildLiteBehavior [ RunTime:0.000011s ]
INFO: [ app_init ] --END-- [ RunTime:0.000361s ]
INFO: [ app_begin ] --START--
INFO: Run Behavior\ReadHtmlCacheBehavior [ RunTime:0.000452s ]
INFO: [ app_begin ] --END-- [ RunTime:0.000497s ]
SQL: SHOW COLUMNS FROM `manager_role` [ RunTime:0.0038s ]
SQL: SELECT `role_id` FROM `manager_role` WHERE `manager_id` = 1  [ RunTime:0.0004s ]
SQL: SHOW COLUMNS FROM `role_auth` [ RunTime:0.0041s ]
SQL: SELECT `auth_id` FROM `role_auth` WHERE `role_id` IN ('1')  [ RunTime:0.0003s ]
SQL: SHOW COLUMNS FROM `auth` [ RunTime:0.0033s ]
SQL: SELECT concat(auth_controller,'-',auth_action) as ids FROM `auth` WHERE `auth_id` IN ('1','2','3','4','5','6','7','8','9','10','11','12','13','14','15','16','17','18','19','20','21','22','23','24','25','26')  [ RunTime:0.0005s ]
SQL: SHOW COLUMNS FROM `orders` [ RunTime:0.0038s ]
SQL: SELECT * FROM orders as a INNER JOIN address as b on b.address_id=a.order_address  ORDER BY order_id desc LIMIT 0,5   [ RunTime:0.0005s ]
SQL: SHOW COLUMNS FROM `style` [ RunTime:0.0031s ]
SQL: SELECT * FROM style as a INNER JOIN product_style as b on b.style_id=a.style_id   [ RunTime:0.0004s ]
SQL: SHOW COLUMNS FROM `product` [ RunTime:0.0035s ]
SQL: SELECT * FROM `product`  [ RunTime:0.0007s ]
SQL: SELECT COUNT(*) AS tp_count FROM orders as a LIMIT 1   [ RunTime:0.0003s ]
INFO: [ view_parse ] --START--
INFO: [ template_filter ] --START--
INFO: Run Behavior\ContentReplaceBehavior [ RunTime:0.000084s ]
INFO: [ template_filter ] --END-- [ RunTime:0.000171s ]
INFO: Run Behavior\ParseTemplateBehavior [ RunTime:0.011410s ]
INFO: [ view_parse ] --END-- [ RunTime:0.011459s ]
INFO: [ view_filter ] --START--
INFO: Run Behavior\WriteHtmlCacheBehavior [ RunTime:0.000646s ]
INFO: [ view_filter ] --END-- [ RunTime:0.000679s ]
INFO: [ app_end ] --START--
INFO: Run Behavior\ShowPageTraceBehavior [ RunTime:0.000432s ]
INFO: [ app_end ] --END-- [ RunTime:0.000485s ]

[ 2018-06-06T14:29:51+08:00 ] ::1 /shiji/Admin/Style/showlist
INFO: [ app_init ] --START--
INFO: Run Behavior\BuildLiteBehavior [ RunTime:0.000011s ]
INFO: [ app_init ] --END-- [ RunTime:0.000482s ]
INFO: [ app_begin ] --START--
INFO: Run Behavior\ReadHtmlCacheBehavior [ RunTime:0.000952s ]
INFO: [ app_begin ] --END-- [ RunTime:0.001001s ]
SQL: SHOW COLUMNS FROM `style` [ RunTime:0.0084s ]
SQL: SELECT * FROM `style`  [ RunTime:0.0003s ]
INFO: [ view_parse ] --START--
INFO: [ template_filter ] --START--
INFO: Run Behavior\ContentReplaceBehavior [ RunTime:0.000098s ]
INFO: [ template_filter ] --END-- [ RunTime:0.000186s ]
INFO: Run Behavior\ParseTemplateBehavior [ RunTime:0.009900s ]
INFO: [ view_parse ] --END-- [ RunTime:0.009952s ]
INFO: [ view_filter ] --START--
INFO: Run Behavior\WriteHtmlCacheBehavior [ RunTime:0.000677s ]
INFO: [ view_filter ] --END-- [ RunTime:0.000708s ]
INFO: [ app_end ] --START--
INFO: Run Behavior\ShowPageTraceBehavior [ RunTime:0.000656s ]
INFO: [ app_end ] --END-- [ RunTime:0.000710s ]

[ 2018-06-06T14:29:52+08:00 ] ::1 /shiji/Admin/Category/showlist
INFO: [ app_init ] --START--
INFO: Run Behavior\BuildLiteBehavior [ RunTime:0.000011s ]
INFO: [ app_init ] --END-- [ RunTime:0.000381s ]
INFO: [ app_begin ] --START--
INFO: Run Behavior\ReadHtmlCacheBehavior [ RunTime:0.000450s ]
INFO: [ app_begin ] --END-- [ RunTime:0.000495s ]
SQL: SHOW COLUMNS FROM `manager_role` [ RunTime:0.0081s ]
SQL: SELECT `role_id` FROM `manager_role` WHERE `manager_id` = 1  [ RunTime:0.0007s ]
SQL: SHOW COLUMNS FROM `role_auth` [ RunTime:0.0046s ]
SQL: SELECT `auth_id` FROM `role_auth` WHERE `role_id` IN ('1')  [ RunTime:0.0004s ]
SQL: SHOW COLUMNS FROM `auth` [ RunTime:0.0041s ]
SQL: SELECT concat(auth_controller,'-',auth_action) as ids FROM `auth` WHERE `auth_id` IN ('1','2','3','4','5','6','7','8','9','10','11','12','13','14','15','16','17','18','19','20','21','22','23','24','25','26')  [ RunTime:0.0005s ]
SQL: SHOW COLUMNS FROM `category` [ RunTime:0.0041s ]
SQL: SELECT `category_id`,`category_name` FROM `category` WHERE `pid` = 0  [ RunTime:0.0005s ]
SQL: SELECT `category_id`,`category_name` FROM `category` WHERE `pid` = 1  [ RunTime:0.0003s ]
SQL: SELECT `category_id`,`category_name` FROM `category` WHERE `pid` = 2  [ RunTime:0.0003s ]
SQL: SELECT `category_id`,`category_name` FROM `category` WHERE `pid` = 4  [ RunTime:0.0003s ]
SQL: SELECT `category_id`,`category_name` FROM `category` WHERE `pid` = 5  [ RunTime:0.0002s ]
SQL: SELECT `category_id`,`category_name` FROM `category` WHERE `pid` = 6  [ RunTime:0.0003s ]
SQL: SELECT `category_id`,`category_name` FROM `category` WHERE `pid` = 7  [ RunTime:0.0002s ]
INFO: [ view_parse ] --START--
INFO: [ template_filter ] --START--
INFO: Run Behavior\ContentReplaceBehavior [ RunTime:0.000054s ]
INFO: [ template_filter ] --END-- [ RunTime:0.000096s ]
INFO: Run Behavior\ParseTemplateBehavior [ RunTime:0.063363s ]
INFO: [ view_parse ] --END-- [ RunTime:0.063445s ]
INFO: [ view_filter ] --START--
INFO: Run Behavior\WriteHtmlCacheBehavior [ RunTime:0.001014s ]
INFO: [ view_filter ] --END-- [ RunTime:0.001063s ]
INFO: [ app_end ] --START--
INFO: Run Behavior\ShowPageTraceBehavior [ RunTime:0.000484s ]
INFO: [ app_end ] --END-- [ RunTime:0.000519s ]

[ 2018-06-06T14:29:53+08:00 ] ::1 /shiji/Admin/Product/showlist
INFO: [ app_init ] --START--
INFO: Run Behavior\BuildLiteBehavior [ RunTime:0.000013s ]
INFO: [ app_init ] --END-- [ RunTime:0.000433s ]
INFO: [ app_begin ] --START--
INFO: Run Behavior\ReadHtmlCacheBehavior [ RunTime:0.000522s ]
INFO: [ app_begin ] --END-- [ RunTime:0.000571s ]
SQL: SHOW COLUMNS FROM `manager_role` [ RunTime:0.0036s ]
SQL: SELECT `role_id` FROM `manager_role` WHERE `manager_id` = 1  [ RunTime:0.0003s ]
SQL: SHOW COLUMNS FROM `role_auth` [ RunTime:0.0040s ]
SQL: SELECT `auth_id` FROM `role_auth` WHERE `role_id` IN ('1')  [ RunTime:0.0003s ]
SQL: SHOW COLUMNS FROM `auth` [ RunTime:0.0041s ]
SQL: SELECT concat(auth_controller,'-',auth_action) as ids FROM `auth` WHERE `auth_id` IN ('1','2','3','4','5','6','7','8','9','10','11','12','13','14','15','16','17','18','19','20','21','22','23','24','25','26')  [ RunTime:0.0005s ]
SQL: SHOW COLUMNS FROM `product` [ RunTime:0.0037s ]
SQL: SELECT `product_id`,`product_name`,`product_ctime`,`category_name` FROM product as a INNER JOIN category as b on b.category_id=a.product_category  ORDER BY product_id desc LIMIT 0,8   [ RunTime:0.0008s ]
SQL: SHOW COLUMNS FROM `style` [ RunTime:0.0036s ]
SQL: SELECT * FROM style as a INNER JOIN product_style as b on b.style_id=a.style_id   [ RunTime:0.0005s ]
SQL: SELECT COUNT(*) AS tp_count FROM product as a LIMIT 1   [ RunTime:0.0002s ]
INFO: [ view_parse ] --START--
INFO: [ template_filter ] --START--
INFO: Run Behavior\ContentReplaceBehavior [ RunTime:0.000118s ]
INFO: [ template_filter ] --END-- [ RunTime:0.000181s ]
INFO: Run Behavior\ParseTemplateBehavior [ RunTime:0.035443s ]
INFO: [ view_parse ] --END-- [ RunTime:0.035493s ]
INFO: [ view_filter ] --START--
INFO: Run Behavior\WriteHtmlCacheBehavior [ RunTime:0.000691s ]
INFO: [ view_filter ] --END-- [ RunTime:0.000727s ]
INFO: [ app_end ] --START--
INFO: Run Behavior\ShowPageTraceBehavior [ RunTime:0.000662s ]
INFO: [ app_end ] --END-- [ RunTime:0.000722s ]

[ 2018-06-06T14:29:54+08:00 ] ::1 /shiji/Admin/Category/showlist
INFO: [ app_init ] --START--
INFO: Run Behavior\BuildLiteBehavior [ RunTime:0.000012s ]
INFO: [ app_init ] --END-- [ RunTime:0.000576s ]
INFO: [ app_begin ] --START--
INFO: Run Behavior\ReadHtmlCacheBehavior [ RunTime:0.000481s ]
INFO: [ app_begin ] --END-- [ RunTime:0.000530s ]
SQL: SHOW COLUMNS FROM `manager_role` [ RunTime:0.0074s ]
SQL: SELECT `role_id` FROM `manager_role` WHERE `manager_id` = 1  [ RunTime:0.0003s ]
SQL: SHOW COLUMNS FROM `role_auth` [ RunTime:0.0041s ]
SQL: SELECT `auth_id` FROM `role_auth` WHERE `role_id` IN ('1')  [ RunTime:0.0003s ]
SQL: SHOW COLUMNS FROM `auth` [ RunTime:0.0042s ]
SQL: SELECT concat(auth_controller,'-',auth_action) as ids FROM `auth` WHERE `auth_id` IN ('1','2','3','4','5','6','7','8','9','10','11','12','13','14','15','16','17','18','19','20','21','22','23','24','25','26')  [ RunTime:0.0004s ]
SQL: SHOW COLUMNS FROM `category` [ RunTime:0.0038s ]
SQL: SELECT `category_id`,`category_name` FROM `category` WHERE `pid` = 0  [ RunTime:0.0003s ]
SQL: SELECT `category_id`,`category_name` FROM `category` WHERE `pid` = 1  [ RunTime:0.0002s ]
SQL: SELECT `category_id`,`category_name` FROM `category` WHERE `pid` = 2  [ RunTime:0.0002s ]
SQL: SELECT `category_id`,`category_name` FROM `category` WHERE `pid` = 4  [ RunTime:0.0002s ]
SQL: SELECT `category_id`,`category_name` FROM `category` WHERE `pid` = 5  [ RunTime:0.0002s ]
SQL: SELECT `category_id`,`category_name` FROM `category` WHERE `pid` = 6  [ RunTime:0.0002s ]
SQL: SELECT `category_id`,`category_name` FROM `category` WHERE `pid` = 7  [ RunTime:0.0002s ]
INFO: [ view_parse ] --START--
INFO: [ template_filter ] --START--
INFO: Run Behavior\ContentReplaceBehavior [ RunTime:0.000055s ]
INFO: [ template_filter ] --END-- [ RunTime:0.000096s ]
INFO: Run Behavior\ParseTemplateBehavior [ RunTime:0.008768s ]
INFO: [ view_parse ] --END-- [ RunTime:0.008843s ]
INFO: [ view_filter ] --START--
INFO: Run Behavior\WriteHtmlCacheBehavior [ RunTime:0.000619s ]
INFO: [ view_filter ] --END-- [ RunTime:0.000653s ]
INFO: [ app_end ] --START--
INFO: Run Behavior\ShowPageTraceBehavior [ RunTime:0.000427s ]
INFO: [ app_end ] --END-- [ RunTime:0.000461s ]

[ 2018-06-06T14:29:55+08:00 ] ::1 /shiji/Admin/Place/showlist
INFO: [ app_init ] --START--
INFO: Run Behavior\BuildLiteBehavior [ RunTime:0.000010s ]
INFO: [ app_init ] --END-- [ RunTime:0.000373s ]
INFO: [ app_begin ] --START--
INFO: Run Behavior\ReadHtmlCacheBehavior [ RunTime:0.000846s ]
INFO: [ app_begin ] --END-- [ RunTime:0.001029s ]
SQL: SHOW COLUMNS FROM `manager_role` [ RunTime:0.0041s ]
SQL: SELECT `role_id` FROM `manager_role` WHERE `manager_id` = 1  [ RunTime:0.0003s ]
SQL: SHOW COLUMNS FROM `role_auth` [ RunTime:0.0042s ]
SQL: SELECT `auth_id` FROM `role_auth` WHERE `role_id` IN ('1')  [ RunTime:0.0003s ]
SQL: SHOW COLUMNS FROM `auth` [ RunTime:0.0043s ]
SQL: SELECT concat(auth_controller,'-',auth_action) as ids FROM `auth` WHERE `auth_id` IN ('1','2','3','4','5','6','7','8','9','10','11','12','13','14','15','16','17','18','19','20','21','22','23','24','25','26')  [ RunTime:0.0004s ]
SQL: SHOW COLUMNS FROM `place` [ RunTime:0.0042s ]
SQL: SELECT * FROM `place`  [ RunTime:0.0003s ]
INFO: [ view_parse ] --START--
INFO: [ template_filter ] --START--
INFO: Run Behavior\ContentReplaceBehavior [ RunTime:0.000050s ]
INFO: [ template_filter ] --END-- [ RunTime:0.000091s ]
INFO: Run Behavior\ParseTemplateBehavior [ RunTime:0.009330s ]
INFO: [ view_parse ] --END-- [ RunTime:0.009395s ]
INFO: [ view_filter ] --START--
INFO: Run Behavior\WriteHtmlCacheBehavior [ RunTime:0.000645s ]
INFO: [ view_filter ] --END-- [ RunTime:0.000678s ]
INFO: [ app_end ] --START--
INFO: Run Behavior\ShowPageTraceBehavior [ RunTime:0.000667s ]
INFO: [ app_end ] --END-- [ RunTime:0.000725s ]

[ 2018-06-06T14:29:56+08:00 ] ::1 /shiji/Admin/Speci/showlist
INFO: [ app_init ] --START--
INFO: Run Behavior\BuildLiteBehavior [ RunTime:0.000011s ]
INFO: [ app_init ] --END-- [ RunTime:0.000354s ]
INFO: [ app_begin ] --START--
INFO: Run Behavior\ReadHtmlCacheBehavior [ RunTime:0.000429s ]
INFO: [ app_begin ] --END-- [ RunTime:0.000471s ]
SQL: SHOW COLUMNS FROM `manager_role` [ RunTime:0.0074s ]
SQL: SELECT `role_id` FROM `manager_role` WHERE `manager_id` = 1  [ RunTime:0.0003s ]
SQL: SHOW COLUMNS FROM `role_auth` [ RunTime:0.0037s ]
SQL: SELECT `auth_id` FROM `role_auth` WHERE `role_id` IN ('1')  [ RunTime:0.0004s ]
SQL: SHOW COLUMNS FROM `auth` [ RunTime:0.0039s ]
SQL: SELECT concat(auth_controller,'-',auth_action) as ids FROM `auth` WHERE `auth_id` IN ('1','2','3','4','5','6','7','8','9','10','11','12','13','14','15','16','17','18','19','20','21','22','23','24','25','26')  [ RunTime:0.0004s ]
SQL: SHOW COLUMNS FROM `speci` [ RunTime:0.0033s ]
SQL: SELECT * FROM `speci`  [ RunTime:0.0003s ]
INFO: [ view_parse ] --START--
INFO: [ template_filter ] --START--
INFO: Run Behavior\ContentReplaceBehavior [ RunTime:0.000053s ]
INFO: [ template_filter ] --END-- [ RunTime:0.000099s ]
INFO: Run Behavior\ParseTemplateBehavior [ RunTime:0.060471s ]
INFO: [ view_parse ] --END-- [ RunTime:0.060540s ]
INFO: [ view_filter ] --START--
INFO: Run Behavior\WriteHtmlCacheBehavior [ RunTime:0.000635s ]
INFO: [ view_filter ] --END-- [ RunTime:0.000669s ]
INFO: [ app_end ] --START--
INFO: Run Behavior\ShowPageTraceBehavior [ RunTime:0.000449s ]
INFO: [ app_end ] --END-- [ RunTime:0.000483s ]

[ 2018-06-06T14:29:57+08:00 ] ::1 /shiji/Admin/Region/showlist
INFO: [ app_init ] --START--
INFO: Run Behavior\BuildLiteBehavior [ RunTime:0.000025s ]
INFO: [ app_init ] --END-- [ RunTime:0.000776s ]
INFO: [ app_begin ] --START--
INFO: Run Behavior\ReadHtmlCacheBehavior [ RunTime:0.000514s ]
INFO: [ app_begin ] --END-- [ RunTime:0.000564s ]
SQL: SHOW COLUMNS FROM `manager_role` [ RunTime:0.0073s ]
SQL: SELECT `role_id` FROM `manager_role` WHERE `manager_id` = 1  [ RunTime:0.0003s ]
SQL: SHOW COLUMNS FROM `role_auth` [ RunTime:0.0035s ]
SQL: SELECT `auth_id` FROM `role_auth` WHERE `role_id` IN ('1')  [ RunTime:0.0003s ]
SQL: SHOW COLUMNS FROM `auth` [ RunTime:0.0038s ]
SQL: SELECT concat(auth_controller,'-',auth_action) as ids FROM `auth` WHERE `auth_id` IN ('1','2','3','4','5','6','7','8','9','10','11','12','13','14','15','16','17','18','19','20','21','22','23','24','25','26')  [ RunTime:0.0004s ]
SQL: SHOW COLUMNS FROM `region` [ RunTime:0.0036s ]
SQL: SELECT * FROM `region`  [ RunTime:0.0003s ]
INFO: [ view_parse ] --START--
INFO: [ template_filter ] --START--
INFO: Run Behavior\ContentReplaceBehavior [ RunTime:0.000049s ]
INFO: [ template_filter ] --END-- [ RunTime:0.000092s ]
INFO: Run Behavior\ParseTemplateBehavior [ RunTime:0.008295s ]
INFO: [ view_parse ] --END-- [ RunTime:0.008358s ]
INFO: [ view_filter ] --START--
INFO: Run Behavior\WriteHtmlCacheBehavior [ RunTime:0.000621s ]
INFO: [ view_filter ] --END-- [ RunTime:0.000654s ]
INFO: [ app_end ] --START--
INFO: Run Behavior\ShowPageTraceBehavior [ RunTime:0.000426s ]
INFO: [ app_end ] --END-- [ RunTime:0.000457s ]

[ 2018-06-06T14:29:59+08:00 ] ::1 /shiji/Admin/Product/showlist
INFO: [ app_init ] --START--
INFO: Run Behavior\BuildLiteBehavior [ RunTime:0.000015s ]
INFO: [ app_init ] --END-- [ RunTime:0.000556s ]
INFO: [ app_begin ] --START--
INFO: Run Behavior\ReadHtmlCacheBehavior [ RunTime:0.000488s ]
INFO: [ app_begin ] --END-- [ RunTime:0.000566s ]
SQL: SHOW COLUMNS FROM `manager_role` [ RunTime:0.0046s ]
SQL: SELECT `role_id` FROM `manager_role` WHERE `manager_id` = 1  [ RunTime:0.0003s ]
SQL: SHOW COLUMNS FROM `role_auth` [ RunTime:0.0036s ]
SQL: SELECT `auth_id` FROM `role_auth` WHERE `role_id` IN ('1')  [ RunTime:0.0003s ]
SQL: SHOW COLUMNS FROM `auth` [ RunTime:0.0041s ]
SQL: SELECT concat(auth_controller,'-',auth_action) as ids FROM `auth` WHERE `auth_id` IN ('1','2','3','4','5','6','7','8','9','10','11','12','13','14','15','16','17','18','19','20','21','22','23','24','25','26')  [ RunTime:0.0004s ]
SQL: SHOW COLUMNS FROM `product` [ RunTime:0.0043s ]
SQL: SELECT `product_id`,`product_name`,`product_ctime`,`category_name` FROM product as a INNER JOIN category as b on b.category_id=a.product_category  ORDER BY product_id desc LIMIT 0,8   [ RunTime:0.0007s ]
SQL: SHOW COLUMNS FROM `style` [ RunTime:0.0043s ]
SQL: SELECT * FROM style as a INNER JOIN product_style as b on b.style_id=a.style_id   [ RunTime:0.0004s ]
SQL: SELECT COUNT(*) AS tp_count FROM product as a LIMIT 1   [ RunTime:0.0002s ]
INFO: [ view_parse ] --START--
INFO: [ template_filter ] --START--
INFO: Run Behavior\ContentReplaceBehavior [ RunTime:0.000079s ]
INFO: [ template_filter ] --END-- [ RunTime:0.000136s ]
INFO: Run Behavior\ParseTemplateBehavior [ RunTime:0.012826s ]
INFO: [ view_parse ] --END-- [ RunTime:0.012874s ]
INFO: [ view_filter ] --START--
INFO: Run Behavior\WriteHtmlCacheBehavior [ RunTime:0.000648s ]
INFO: [ view_filter ] --END-- [ RunTime:0.000681s ]
INFO: [ app_end ] --START--
INFO: Run Behavior\ShowPageTraceBehavior [ RunTime:0.000519s ]
INFO: [ app_end ] --END-- [ RunTime:0.000567s ]

[ 2018-06-06T15:52:15+08:00 ] ::1 /shiji/Admin/Index/index
INFO: [ app_init ] --START--
INFO: Run Behavior\BuildLiteBehavior [ RunTime:0.000086s ]
INFO: [ app_init ] --END-- [ RunTime:0.001321s ]
INFO: [ app_begin ] --START--
INFO: Run Behavior\ReadHtmlCacheBehavior [ RunTime:0.001398s ]
INFO: [ app_begin ] --END-- [ RunTime:0.001533s ]
SQL: SHOW COLUMNS FROM `manager_role` [ RunTime:0.0090s ]
SQL: SELECT `role_id` FROM `manager_role` WHERE `manager_id` = 1  [ RunTime:0.0007s ]
SQL: SHOW COLUMNS FROM `role_auth` [ RunTime:0.0090s ]
SQL: SELECT `auth_id` FROM `role_auth` WHERE `role_id` IN ('1')  [ RunTime:0.0010s ]
SQL: SHOW COLUMNS FROM `auth` [ RunTime:0.0091s ]
SQL: SELECT concat(auth_controller,'-',auth_action) as ids FROM `auth` WHERE `auth_id` IN ('1','2','3','4','5','6','7','8','9','10','11','12','13','14','15','16','17','18','19','20','21','22','23','24','25','26')  [ RunTime:0.0016s ]
SQL: SELECT `role_id` FROM `manager_role` WHERE `manager_id` = 1  [ RunTime:0.0006s ]
SQL: SELECT `auth_id` FROM `role_auth` WHERE `role_id` IN ('1')  [ RunTime:0.0009s ]
SQL: SELECT * FROM `auth` WHERE `auth_pid` = 0  [ RunTime:0.0008s ]
SQL: SELECT * FROM `auth` WHERE `auth_pid` = 1 AND `auth_type` = 1  [ RunTime:0.0008s ]
SQL: SELECT * FROM `auth` WHERE `auth_pid` = 14 AND `auth_type` = 1  [ RunTime:0.0008s ]
SQL: SELECT * FROM `auth` WHERE `auth_pid` = 42 AND `auth_type` = 1  [ RunTime:0.0007s ]
SQL: SELECT * FROM `auth` WHERE `auth_pid` = 45 AND `auth_type` = 1  [ RunTime:0.0007s ]
SQL: SELECT * FROM `auth` WHERE `auth_pid` = 48 AND `auth_type` = 1  [ RunTime:0.0008s ]
INFO: [ view_parse ] --START--
INFO: [ template_filter ] --START--
INFO: Run Behavior\ContentReplaceBehavior [ RunTime:0.000136s ]
INFO: [ template_filter ] --END-- [ RunTime:0.000220s ]
INFO: Run Behavior\ParseTemplateBehavior [ RunTime:0.035129s ]
INFO: [ view_parse ] --END-- [ RunTime:0.035283s ]
INFO: [ view_filter ] --START--
INFO: Run Behavior\WriteHtmlCacheBehavior [ RunTime:0.001524s ]
INFO: [ view_filter ] --END-- [ RunTime:0.001603s ]
INFO: [ app_end ] --START--
INFO: Run Behavior\ShowPageTraceBehavior [ RunTime:0.000907s ]
INFO: [ app_end ] --END-- [ RunTime:0.000975s ]

[ 2018-06-06T15:52:15+08:00 ] ::1 /shiji/Admin/Index/welcome.html
INFO: [ app_init ] --START--
INFO: Run Behavior\BuildLiteBehavior [ RunTime:0.000011s ]
INFO: [ app_init ] --END-- [ RunTime:0.000379s ]
INFO: [ app_begin ] --START--
INFO: Run Behavior\ReadHtmlCacheBehavior [ RunTime:0.000453s ]
INFO: [ app_begin ] --END-- [ RunTime:0.000499s ]
SQL: SHOW COLUMNS FROM `manager_role` [ RunTime:0.0058s ]
SQL: SELECT `role_id` FROM `manager_role` WHERE `manager_id` = 1  [ RunTime:0.0003s ]
SQL: SHOW COLUMNS FROM `role_auth` [ RunTime:0.0041s ]
SQL: SELECT `auth_id` FROM `role_auth` WHERE `role_id` IN ('1')  [ RunTime:0.0003s ]
SQL: SHOW COLUMNS FROM `auth` [ RunTime:0.0043s ]
SQL: SELECT concat(auth_controller,'-',auth_action) as ids FROM `auth` WHERE `auth_id` IN ('1','2','3','4','5','6','7','8','9','10','11','12','13','14','15','16','17','18','19','20','21','22','23','24','25','26')  [ RunTime:0.0006s ]
INFO: [ view_parse ] --START--
INFO: [ template_filter ] --START--
INFO: Run Behavior\ContentReplaceBehavior [ RunTime:0.000080s ]
INFO: [ template_filter ] --END-- [ RunTime:0.000153s ]
INFO: Run Behavior\ParseTemplateBehavior [ RunTime:0.011066s ]
INFO: [ view_parse ] --END-- [ RunTime:0.011179s ]
INFO: [ view_filter ] --START--
INFO: Run Behavior\WriteHtmlCacheBehavior [ RunTime:0.001087s ]
INFO: [ view_filter ] --END-- [ RunTime:0.001155s ]
INFO: [ app_end ] --START--
INFO: Run Behavior\ShowPageTraceBehavior [ RunTime:0.000702s ]
INFO: [ app_end ] --END-- [ RunTime:0.000754s ]

[ 2018-06-06T15:52:17+08:00 ] ::1 /shiji/Admin/Orders/showlist
INFO: [ app_init ] --START--
INFO: Run Behavior\BuildLiteBehavior [ RunTime:0.000013s ]
INFO: [ app_init ] --END-- [ RunTime:0.000427s ]
INFO: [ app_begin ] --START--
INFO: Run Behavior\ReadHtmlCacheBehavior [ RunTime:0.000564s ]
INFO: [ app_begin ] --END-- [ RunTime:0.000621s ]
SQL: SHOW COLUMNS FROM `manager_role` [ RunTime:0.0075s ]
SQL: SELECT `role_id` FROM `manager_role` WHERE `manager_id` = 1  [ RunTime:0.0004s ]
SQL: SHOW COLUMNS FROM `role_auth` [ RunTime:0.0040s ]
SQL: SELECT `auth_id` FROM `role_auth` WHERE `role_id` IN ('1')  [ RunTime:0.0004s ]
SQL: SHOW COLUMNS FROM `auth` [ RunTime:0.0035s ]
SQL: SELECT concat(auth_controller,'-',auth_action) as ids FROM `auth` WHERE `auth_id` IN ('1','2','3','4','5','6','7','8','9','10','11','12','13','14','15','16','17','18','19','20','21','22','23','24','25','26')  [ RunTime:0.0005s ]
SQL: SHOW COLUMNS FROM `orders` [ RunTime:0.0057s ]
SQL: SELECT * FROM orders as a INNER JOIN address as b on b.address_id=a.order_address  ORDER BY order_id desc LIMIT 0,5   [ RunTime:0.0010s ]
SQL: SHOW COLUMNS FROM `style` [ RunTime:0.0059s ]
SQL: SELECT * FROM style as a INNER JOIN product_style as b on b.style_id=a.style_id   [ RunTime:0.0009s ]
SQL: SHOW COLUMNS FROM `product` [ RunTime:0.0061s ]
SQL: SELECT * FROM `product`  [ RunTime:0.0011s ]
SQL: SELECT COUNT(*) AS tp_count FROM orders as a LIMIT 1   [ RunTime:0.0003s ]
INFO: [ view_parse ] --START--
INFO: [ template_filter ] --START--
INFO: Run Behavior\ContentReplaceBehavior [ RunTime:0.000111s ]
INFO: [ template_filter ] --END-- [ RunTime:0.000179s ]
INFO: Run Behavior\ParseTemplateBehavior [ RunTime:0.018687s ]
INFO: [ view_parse ] --END-- [ RunTime:0.018761s ]
INFO: [ view_filter ] --START--
INFO: Run Behavior\WriteHtmlCacheBehavior [ RunTime:0.001084s ]
INFO: [ view_filter ] --END-- [ RunTime:0.001152s ]
INFO: [ app_end ] --START--
INFO: Run Behavior\ShowPageTraceBehavior [ RunTime:0.000730s ]
INFO: [ app_end ] --END-- [ RunTime:0.000788s ]

[ 2018-06-06T15:52:20+08:00 ] ::1 /shiji/Admin/Index/index
INFO: [ app_init ] --START--
INFO: Run Behavior\BuildLiteBehavior [ RunTime:0.000030s ]
INFO: [ app_init ] --END-- [ RunTime:0.001101s ]
INFO: [ app_begin ] --START--
INFO: Run Behavior\ReadHtmlCacheBehavior [ RunTime:0.001085s ]
INFO: [ app_begin ] --END-- [ RunTime:0.001231s ]
SQL: SHOW COLUMNS FROM `manager_role` [ RunTime:0.0063s ]
SQL: SELECT `role_id` FROM `manager_role` WHERE `manager_id` = 1  [ RunTime:0.0004s ]
SQL: SHOW COLUMNS FROM `role_auth` [ RunTime:0.0063s ]
SQL: SELECT `auth_id` FROM `role_auth` WHERE `role_id` IN ('1')  [ RunTime:0.0005s ]
SQL: SHOW COLUMNS FROM `auth` [ RunTime:0.0062s ]
SQL: SELECT concat(auth_controller,'-',auth_action) as ids FROM `auth` WHERE `auth_id` IN ('1','2','3','4','5','6','7','8','9','10','11','12','13','14','15','16','17','18','19','20','21','22','23','24','25','26')  [ RunTime:0.0007s ]
SQL: SELECT `role_id` FROM `manager_role` WHERE `manager_id` = 1  [ RunTime:0.0004s ]
SQL: SELECT `auth_id` FROM `role_auth` WHERE `role_id` IN ('1')  [ RunTime:0.0005s ]
SQL: SELECT * FROM `auth` WHERE `auth_pid` = 0  [ RunTime:0.0005s ]
SQL: SELECT * FROM `auth` WHERE `auth_pid` = 1 AND `auth_type` = 1  [ RunTime:0.0005s ]
SQL: SELECT * FROM `auth` WHERE `auth_pid` = 14 AND `auth_type` = 1  [ RunTime:0.0005s ]
SQL: SELECT * FROM `auth` WHERE `auth_pid` = 42 AND `auth_type` = 1  [ RunTime:0.0005s ]
SQL: SELECT * FROM `auth` WHERE `auth_pid` = 45 AND `auth_type` = 1  [ RunTime:0.0005s ]
SQL: SELECT * FROM `auth` WHERE `auth_pid` = 48 AND `auth_type` = 1  [ RunTime:0.0005s ]
INFO: [ view_parse ] --START--
INFO: [ template_filter ] --START--
INFO: Run Behavior\ContentReplaceBehavior [ RunTime:0.000125s ]
INFO: [ template_filter ] --END-- [ RunTime:0.000210s ]
INFO: Run Behavior\ParseTemplateBehavior [ RunTime:0.023178s ]
INFO: [ view_parse ] --END-- [ RunTime:0.023315s ]
INFO: [ view_filter ] --START--
INFO: Run Behavior\WriteHtmlCacheBehavior [ RunTime:0.001334s ]
INFO: [ view_filter ] --END-- [ RunTime:0.001410s ]
INFO: [ app_end ] --START--
INFO: Run Behavior\ShowPageTraceBehavior [ RunTime:0.001342s ]
INFO: [ app_end ] --END-- [ RunTime:0.001507s ]

[ 2018-06-06T15:52:20+08:00 ] ::1 /shiji/Admin/Index/welcome.html
INFO: [ app_init ] --START--
INFO: Run Behavior\BuildLiteBehavior [ RunTime:0.000020s ]
INFO: [ app_init ] --END-- [ RunTime:0.000702s ]
INFO: [ app_begin ] --START--
INFO: Run Behavior\ReadHtmlCacheBehavior [ RunTime:0.000852s ]
INFO: [ app_begin ] --END-- [ RunTime:0.000941s ]
SQL: SHOW COLUMNS FROM `manager_role` [ RunTime:0.0077s ]
SQL: SELECT `role_id` FROM `manager_role` WHERE `manager_id` = 1  [ RunTime:0.0004s ]
SQL: SHOW COLUMNS FROM `role_auth` [ RunTime:0.0043s ]
SQL: SELECT `auth_id` FROM `role_auth` WHERE `role_id` IN ('1')  [ RunTime:0.0004s ]
SQL: SHOW COLUMNS FROM `auth` [ RunTime:0.0041s ]
SQL: SELECT concat(auth_controller,'-',auth_action) as ids FROM `auth` WHERE `auth_id` IN ('1','2','3','4','5','6','7','8','9','10','11','12','13','14','15','16','17','18','19','20','21','22','23','24','25','26')  [ RunTime:0.0004s ]
INFO: [ view_parse ] --START--
INFO: [ template_filter ] --START--
INFO: Run Behavior\ContentReplaceBehavior [ RunTime:0.000094s ]
INFO: [ template_filter ] --END-- [ RunTime:0.000170s ]
INFO: Run Behavior\ParseTemplateBehavior [ RunTime:0.011977s ]
INFO: [ view_parse ] --END-- [ RunTime:0.012060s ]
INFO: [ view_filter ] --START--
INFO: Run Behavior\WriteHtmlCacheBehavior [ RunTime:0.001037s ]
INFO: [ view_filter ] --END-- [ RunTime:0.001096s ]
INFO: [ app_end ] --START--
INFO: Run Behavior\ShowPageTraceBehavior [ RunTime:0.000921s ]
INFO: [ app_end ] --END-- [ RunTime:0.000989s ]

[ 2018-06-06T15:52:21+08:00 ] ::1 /shiji/Admin/Index/index
INFO: [ app_init ] --START--
INFO: Run Behavior\BuildLiteBehavior [ RunTime:0.000028s ]
INFO: [ app_init ] --END-- [ RunTime:0.001028s ]
INFO: [ app_begin ] --START--
INFO: Run Behavior\ReadHtmlCacheBehavior [ RunTime:0.001179s ]
INFO: [ app_begin ] --END-- [ RunTime:0.001296s ]
SQL: SHOW COLUMNS FROM `manager_role` [ RunTime:0.0109s ]
SQL: SELECT `role_id` FROM `manager_role` WHERE `manager_id` = 1  [ RunTime:0.0006s ]
SQL: SHOW COLUMNS FROM `role_auth` [ RunTime:0.0078s ]
SQL: SELECT `auth_id` FROM `role_auth` WHERE `role_id` IN ('1')  [ RunTime:0.0006s ]
SQL: SHOW COLUMNS FROM `auth` [ RunTime:0.0088s ]
SQL: SELECT concat(auth_controller,'-',auth_action) as ids FROM `auth` WHERE `auth_id` IN ('1','2','3','4','5','6','7','8','9','10','11','12','13','14','15','16','17','18','19','20','21','22','23','24','25','26')  [ RunTime:0.0008s ]
SQL: SELECT `role_id` FROM `manager_role` WHERE `manager_id` = 1  [ RunTime:0.0005s ]
SQL: SELECT `auth_id` FROM `role_auth` WHERE `role_id` IN ('1')  [ RunTime:0.0006s ]
SQL: SELECT * FROM `auth` WHERE `auth_pid` = 0  [ RunTime:0.0006s ]
SQL: SELECT * FROM `auth` WHERE `auth_pid` = 1 AND `auth_type` = 1  [ RunTime:0.0006s ]
SQL: SELECT * FROM `auth` WHERE `auth_pid` = 14 AND `auth_type` = 1  [ RunTime:0.0007s ]
SQL: SELECT * FROM `auth` WHERE `auth_pid` = 42 AND `auth_type` = 1  [ RunTime:0.0006s ]
SQL: SELECT * FROM `auth` WHERE `auth_pid` = 45 AND `auth_type` = 1  [ RunTime:0.0007s ]
SQL: SELECT * FROM `auth` WHERE `auth_pid` = 48 AND `auth_type` = 1  [ RunTime:0.0008s ]
INFO: [ view_parse ] --START--
INFO: [ template_filter ] --START--
INFO: Run Behavior\ContentReplaceBehavior [ RunTime:0.000110s ]
INFO: [ template_filter ] --END-- [ RunTime:0.000200s ]
INFO: Run Behavior\ParseTemplateBehavior [ RunTime:0.025061s ]
INFO: [ view_parse ] --END-- [ RunTime:0.025194s ]
INFO: [ view_filter ] --START--
INFO: Run Behavior\WriteHtmlCacheBehavior [ RunTime:0.000884s ]
INFO: [ view_filter ] --END-- [ RunTime:0.000934s ]
INFO: [ app_end ] --START--
INFO: Run Behavior\ShowPageTraceBehavior [ RunTime:0.000731s ]
INFO: [ app_end ] --END-- [ RunTime:0.000785s ]

[ 2018-06-06T15:52:21+08:00 ] ::1 /shiji/Admin/Index/welcome.html
INFO: [ app_init ] --START--
INFO: Run Behavior\BuildLiteBehavior [ RunTime:0.000019s ]
INFO: [ app_init ] --END-- [ RunTime:0.000495s ]
INFO: [ app_begin ] --START--
INFO: Run Behavior\ReadHtmlCacheBehavior [ RunTime:0.000766s ]
INFO: [ app_begin ] --END-- [ RunTime:0.000850s ]
SQL: SHOW COLUMNS FROM `manager_role` [ RunTime:0.0065s ]
SQL: SELECT `role_id` FROM `manager_role` WHERE `manager_id` = 1  [ RunTime:0.0004s ]
SQL: SHOW COLUMNS FROM `role_auth` [ RunTime:0.0085s ]
SQL: SELECT `auth_id` FROM `role_auth` WHERE `role_id` IN ('1')  [ RunTime:0.0004s ]
SQL: SHOW COLUMNS FROM `auth` [ RunTime:0.0039s ]
SQL: SELECT concat(auth_controller,'-',auth_action) as ids FROM `auth` WHERE `auth_id` IN ('1','2','3','4','5','6','7','8','9','10','11','12','13','14','15','16','17','18','19','20','21','22','23','24','25','26')  [ RunTime:0.0005s ]
INFO: [ view_parse ] --START--
INFO: [ template_filter ] --START--
INFO: Run Behavior\ContentReplaceBehavior [ RunTime:0.000061s ]
INFO: [ template_filter ] --END-- [ RunTime:0.000112s ]
INFO: Run Behavior\ParseTemplateBehavior [ RunTime:0.009785s ]
INFO: [ view_parse ] --END-- [ RunTime:0.009864s ]
INFO: [ view_filter ] --START--
INFO: Run Behavior\WriteHtmlCacheBehavior [ RunTime:0.000674s ]
INFO: [ view_filter ] --END-- [ RunTime:0.000713s ]
INFO: [ app_end ] --START--
INFO: Run Behavior\ShowPageTraceBehavior [ RunTime:0.000457s ]
INFO: [ app_end ] --END-- [ RunTime:0.000496s ]

[ 2018-06-06T15:52:22+08:00 ] ::1 /shiji/Admin/Orders/showlist
INFO: [ app_init ] --START--
INFO: Run Behavior\BuildLiteBehavior [ RunTime:0.000019s ]
INFO: [ app_init ] --END-- [ RunTime:0.000605s ]
INFO: [ app_begin ] --START--
INFO: Run Behavior\ReadHtmlCacheBehavior [ RunTime:0.000535s ]
INFO: [ app_begin ] --END-- [ RunTime:0.000586s ]
SQL: SHOW COLUMNS FROM `manager_role` [ RunTime:0.0087s ]
SQL: SELECT `role_id` FROM `manager_role` WHERE `manager_id` = 1  [ RunTime:0.0004s ]
SQL: SHOW COLUMNS FROM `role_auth` [ RunTime:0.0058s ]
SQL: SELECT `auth_id` FROM `role_auth` WHERE `role_id` IN ('1')  [ RunTime:0.0005s ]
SQL: SHOW COLUMNS FROM `auth` [ RunTime:0.0054s ]
SQL: SELECT concat(auth_controller,'-',auth_action) as ids FROM `auth` WHERE `auth_id` IN ('1','2','3','4','5','6','7','8','9','10','11','12','13','14','15','16','17','18','19','20','21','22','23','24','25','26')  [ RunTime:0.0006s ]
SQL: SHOW COLUMNS FROM `orders` [ RunTime:0.0057s ]
SQL: SELECT * FROM orders as a INNER JOIN address as b on b.address_id=a.order_address  ORDER BY order_id desc LIMIT 0,5   [ RunTime:0.0010s ]
SQL: SHOW COLUMNS FROM `style` [ RunTime:0.0060s ]
SQL: SELECT * FROM style as a INNER JOIN product_style as b on b.style_id=a.style_id   [ RunTime:0.0006s ]
SQL: SHOW COLUMNS FROM `product` [ RunTime:0.0055s ]
SQL: SELECT * FROM `product`  [ RunTime:0.0018s ]
SQL: SELECT COUNT(*) AS tp_count FROM orders as a LIMIT 1   [ RunTime:0.0004s ]
INFO: [ view_parse ] --START--
INFO: [ template_filter ] --START--
INFO: Run Behavior\ContentReplaceBehavior [ RunTime:0.000112s ]
INFO: [ template_filter ] --END-- [ RunTime:0.000183s ]
INFO: Run Behavior\ParseTemplateBehavior [ RunTime:0.018038s ]
INFO: [ view_parse ] --END-- [ RunTime:0.018121s ]
INFO: [ view_filter ] --START--
INFO: Run Behavior\WriteHtmlCacheBehavior [ RunTime:0.001066s ]
INFO: [ view_filter ] --END-- [ RunTime:0.001126s ]
INFO: [ app_end ] --START--
INFO: Run Behavior\ShowPageTraceBehavior [ RunTime:0.000800s ]
INFO: [ app_end ] --END-- [ RunTime:0.000860s ]

[ 2018-06-06T15:53:34+08:00 ] ::1 /shiji/Admin/Orders/showlist
INFO: [ app_init ] --START--
INFO: Run Behavior\BuildLiteBehavior [ RunTime:0.000013s ]
INFO: [ app_init ] --END-- [ RunTime:0.000546s ]
INFO: [ app_begin ] --START--
INFO: Run Behavior\ReadHtmlCacheBehavior [ RunTime:0.000904s ]
INFO: [ app_begin ] --END-- [ RunTime:0.000963s ]
SQL: SHOW COLUMNS FROM `manager_role` [ RunTime:0.0077s ]
SQL: SELECT `role_id` FROM `manager_role` WHERE `manager_id` = 1  [ RunTime:0.0004s ]
SQL: SHOW COLUMNS FROM `role_auth` [ RunTime:0.0041s ]
SQL: SELECT `auth_id` FROM `role_auth` WHERE `role_id` IN ('1')  [ RunTime:0.0004s ]
SQL: SHOW COLUMNS FROM `auth` [ RunTime:0.0043s ]
SQL: SELECT concat(auth_controller,'-',auth_action) as ids FROM `auth` WHERE `auth_id` IN ('1','2','3','4','5','6','7','8','9','10','11','12','13','14','15','16','17','18','19','20','21','22','23','24','25','26')  [ RunTime:0.0004s ]
SQL: SHOW COLUMNS FROM `orders` [ RunTime:0.0042s ]
SQL: SELECT * FROM orders as a INNER JOIN address as b on b.address_id=a.order_address  ORDER BY order_id desc LIMIT 0,5   [ RunTime:0.0006s ]
SQL: SHOW COLUMNS FROM `style` [ RunTime:0.0041s ]
SQL: SELECT * FROM style as a INNER JOIN product_style as b on b.style_id=a.style_id   [ RunTime:0.0005s ]
SQL: SHOW COLUMNS FROM `product` [ RunTime:0.0041s ]
SQL: SELECT * FROM `product`  [ RunTime:0.0008s ]
SQL: SELECT COUNT(*) AS tp_count FROM orders as a LIMIT 1   [ RunTime:0.0003s ]
INFO: [ view_parse ] --START--
INFO: [ template_filter ] --START--
INFO: Run Behavior\ContentReplaceBehavior [ RunTime:0.000076s ]
INFO: [ template_filter ] --END-- [ RunTime:0.000127s ]
INFO: Run Behavior\ParseTemplateBehavior [ RunTime:0.012894s ]
INFO: [ view_parse ] --END-- [ RunTime:0.012951s ]
INFO: [ view_filter ] --START--
INFO: Run Behavior\WriteHtmlCacheBehavior [ RunTime:0.000830s ]
INFO: [ view_filter ] --END-- [ RunTime:0.000870s ]
INFO: [ app_end ] --START--
INFO: Run Behavior\ShowPageTraceBehavior [ RunTime:0.000905s ]
INFO: [ app_end ] --END-- [ RunTime:0.000959s ]

[ 2018-06-06T15:53:56+08:00 ] ::1 /shiji/Admin/Orders/showlist
INFO: [ app_init ] --START--
INFO: Run Behavior\BuildLiteBehavior [ RunTime:0.000018s ]
INFO: [ app_init ] --END-- [ RunTime:0.000644s ]
INFO: [ app_begin ] --START--
INFO: Run Behavior\ReadHtmlCacheBehavior [ RunTime:0.000538s ]
INFO: [ app_begin ] --END-- [ RunTime:0.000606s ]
SQL: SHOW COLUMNS FROM `manager_role` [ RunTime:0.0091s ]
SQL: SELECT `role_id` FROM `manager_role` WHERE `manager_id` = 1  [ RunTime:0.0004s ]
SQL: SHOW COLUMNS FROM `role_auth` [ RunTime:0.0061s ]
SQL: SELECT `auth_id` FROM `role_auth` WHERE `role_id` IN ('1')  [ RunTime:0.0005s ]
SQL: SHOW COLUMNS FROM `auth` [ RunTime:0.0054s ]
SQL: SELECT concat(auth_controller,'-',auth_action) as ids FROM `auth` WHERE `auth_id` IN ('1','2','3','4','5','6','7','8','9','10','11','12','13','14','15','16','17','18','19','20','21','22','23','24','25','26')  [ RunTime:0.0008s ]
SQL: SHOW COLUMNS FROM `orders` [ RunTime:0.0058s ]
SQL: SELECT * FROM orders as a INNER JOIN address as b on b.address_id=a.order_address  ORDER BY order_id desc LIMIT 0,5   [ RunTime:0.0008s ]
SQL: SHOW COLUMNS FROM `style` [ RunTime:0.0063s ]
SQL: SELECT * FROM style as a INNER JOIN product_style as b on b.style_id=a.style_id   [ RunTime:0.0008s ]
SQL: SHOW COLUMNS FROM `product` [ RunTime:0.0056s ]
SQL: SELECT * FROM `product`  [ RunTime:0.0014s ]
SQL: SELECT COUNT(*) AS tp_count FROM orders as a LIMIT 1   [ RunTime:0.0004s ]
INFO: [ view_parse ] --START--
INFO: [ template_filter ] --START--
INFO: Run Behavior\ContentReplaceBehavior [ RunTime:0.000116s ]
INFO: [ template_filter ] --END-- [ RunTime:0.000208s ]
INFO: Run Behavior\ParseTemplateBehavior [ RunTime:0.017744s ]
INFO: [ view_parse ] --END-- [ RunTime:0.017822s ]
INFO: [ view_filter ] --START--
INFO: Run Behavior\WriteHtmlCacheBehavior [ RunTime:0.001006s ]
INFO: [ view_filter ] --END-- [ RunTime:0.001061s ]
INFO: [ app_end ] --START--
INFO: Run Behavior\ShowPageTraceBehavior [ RunTime:0.000667s ]
INFO: [ app_end ] --END-- [ RunTime:0.000719s ]

