[ 2018-06-04T08:38:26+08:00 ] ::1 /shiji/Admin/Index/index
INFO: [ app_init ] --START--
INFO: Run Behavior\BuildLiteBehavior [ RunTime:0.000000s ]
INFO: [ app_init ] --END-- [ RunTime:0.002000s ]
INFO: [ app_begin ] --START--
INFO: Run Behavior\ReadHtmlCacheBehavior [ RunTime:0.000000s ]
INFO: [ app_begin ] --END-- [ RunTime:0.000000s ]
NOTIC: [8] Undefined variable: moduleurl C:\wamp\www\shiji\Application\Admin\Controller\CommonController.class.php 第 23 行.
NOTIC: [8] Undefined variable: moduleurl C:\wamp\www\shiji\Application\Admin\Controller\CommonController.class.php 第 23 行.

[ 2018-06-04T08:38:26+08:00 ] ::1 /shiji/Admin/Login/login
INFO: [ app_init ] --START--
INFO: Run Behavior\BuildLiteBehavior [ RunTime:0.000000s ]
INFO: [ app_init ] --END-- [ RunTime:0.000000s ]
INFO: [ app_begin ] --START--
INFO: Run Behavior\ReadHtmlCacheBehavior [ RunTime:0.001000s ]
INFO: [ app_begin ] --END-- [ RunTime:0.001000s ]
INFO: [ view_parse ] --START--
INFO: [ template_filter ] --START--
INFO: Run Behavior\ContentReplaceBehavior [ RunTime:0.000000s ]
INFO: [ template_filter ] --END-- [ RunTime:0.000000s ]
INFO: Run Behavior\ParseTemplateBehavior [ RunTime:0.008000s ]
INFO: [ view_parse ] --END-- [ RunTime:0.008000s ]
INFO: [ view_filter ] --START--
INFO: Run Behavior\WriteHtmlCacheBehavior [ RunTime:0.000000s ]
INFO: [ view_filter ] --END-- [ RunTime:0.000000s ]
INFO: [ app_end ] --START--
INFO: Run Behavior\ShowPageTraceBehavior [ RunTime:0.000000s ]
INFO: [ app_end ] --END-- [ RunTime:0.000000s ]

[ 2018-06-04T08:38:26+08:00 ] ::1 /shiji/Admin/Login/verify
INFO: [ app_init ] --START--
INFO: Run Behavior\BuildLiteBehavior [ RunTime:0.000000s ]
INFO: [ app_init ] --END-- [ RunTime:0.000000s ]
INFO: [ app_begin ] --START--
INFO: Run Behavior\ReadHtmlCacheBehavior [ RunTime:0.000000s ]
INFO: [ app_begin ] --END-- [ RunTime:0.001000s ]
INFO: [ app_end ] --START--
INFO: Run Behavior\ShowPageTraceBehavior [ RunTime:0.000000s ]
INFO: [ app_end ] --END-- [ RunTime:0.000000s ]

[ 2018-06-04T08:38:30+08:00 ] ::1 /shiji/Admin/Login/login
INFO: [ app_init ] --START--
INFO: Run Behavior\BuildLiteBehavior [ RunTime:0.000000s ]
INFO: [ app_init ] --END-- [ RunTime:0.000000s ]
INFO: [ app_begin ] --START--
INFO: Run Behavior\ReadHtmlCacheBehavior [ RunTime:0.001000s ]
INFO: [ app_begin ] --END-- [ RunTime:0.001000s ]
SQL: SHOW COLUMNS FROM `manager` [ RunTime:0.0050s ]
SQL: SELECT * FROM `manager` WHERE `username` = 'admin' LIMIT 1   [ RunTime:0.0000s ]
SQL: SELECT * FROM `manager` WHERE `username` = 'admin' AND `status` = 0 LIMIT 1   [ RunTime:0.0000s ]

[ 2018-06-04T08:38:31+08:00 ] ::1 /shiji/Admin/Index/index
INFO: [ app_init ] --START--
INFO: Run Behavior\BuildLiteBehavior [ RunTime:0.000000s ]
INFO: [ app_init ] --END-- [ RunTime:0.001000s ]
INFO: [ app_begin ] --START--
INFO: Run Behavior\ReadHtmlCacheBehavior [ RunTime:0.000000s ]
INFO: [ app_begin ] --END-- [ RunTime:0.000000s ]
SQL: SHOW COLUMNS FROM `manager_role` [ RunTime:0.0040s ]
SQL: SELECT `role_id` FROM `manager_role` WHERE `manager_id` = 1  [ RunTime:0.0010s ]
SQL: SHOW COLUMNS FROM `role_auth` [ RunTime:0.0040s ]
SQL: SELECT `auth_id` FROM `role_auth` WHERE `role_id` IN ('1')  [ RunTime:0.0000s ]
SQL: SHOW COLUMNS FROM `auth` [ RunTime:0.0020s ]
SQL: SELECT concat(auth_controller,'-',auth_action) as ids FROM `auth` WHERE `auth_id` IN ('1','2','3','4','5','6','7','8','9','10','11','12','13','14','15','16','17','18','19','20','21','22','23','24','25','26')  [ RunTime:0.0000s ]
SQL: SELECT `role_id` FROM `manager_role` WHERE `manager_id` = 1  [ RunTime:0.0000s ]
SQL: SELECT `auth_id` FROM `role_auth` WHERE `role_id` IN ('1')  [ RunTime:0.0000s ]
SQL: SELECT * FROM `auth` WHERE `auth_pid` = 0  [ RunTime:0.0000s ]
SQL: SELECT * FROM `auth` WHERE `auth_pid` = 1 AND `auth_type` = 1  [ RunTime:0.0000s ]
SQL: SELECT * FROM `auth` WHERE `auth_pid` = 14 AND `auth_type` = 1  [ RunTime:0.0000s ]
SQL: SELECT * FROM `auth` WHERE `auth_pid` = 42 AND `auth_type` = 1  [ RunTime:0.0000s ]
SQL: SELECT * FROM `auth` WHERE `auth_pid` = 45 AND `auth_type` = 1  [ RunTime:0.0010s ]
SQL: SELECT * FROM `auth` WHERE `auth_pid` = 48 AND `auth_type` = 1  [ RunTime:0.0000s ]
INFO: [ view_parse ] --START--
INFO: [ template_filter ] --START--
INFO: Run Behavior\ContentReplaceBehavior [ RunTime:0.000000s ]
INFO: [ template_filter ] --END-- [ RunTime:0.000000s ]
INFO: Run Behavior\ParseTemplateBehavior [ RunTime:0.015000s ]
INFO: [ view_parse ] --END-- [ RunTime:0.015000s ]
INFO: [ view_filter ] --START--
INFO: Run Behavior\WriteHtmlCacheBehavior [ RunTime:0.001000s ]
INFO: [ view_filter ] --END-- [ RunTime:0.001000s ]
INFO: [ app_end ] --START--
INFO: Run Behavior\ShowPageTraceBehavior [ RunTime:0.000000s ]
INFO: [ app_end ] --END-- [ RunTime:0.000000s ]

[ 2018-06-04T08:38:31+08:00 ] ::1 /shiji/Admin/Index/welcome.html
INFO: [ app_init ] --START--
INFO: Run Behavior\BuildLiteBehavior [ RunTime:0.000000s ]
INFO: [ app_init ] --END-- [ RunTime:0.001000s ]
INFO: [ app_begin ] --START--
INFO: Run Behavior\ReadHtmlCacheBehavior [ RunTime:0.001000s ]
INFO: [ app_begin ] --END-- [ RunTime:0.001000s ]
SQL: SHOW COLUMNS FROM `manager_role` [ RunTime:0.0030s ]
SQL: SELECT `role_id` FROM `manager_role` WHERE `manager_id` = 1  [ RunTime:0.0020s ]
SQL: SHOW COLUMNS FROM `role_auth` [ RunTime:0.0040s ]
SQL: SELECT `auth_id` FROM `role_auth` WHERE `role_id` IN ('1')  [ RunTime:0.0010s ]
SQL: SHOW COLUMNS FROM `auth` [ RunTime:0.0010s ]
SQL: SELECT concat(auth_controller,'-',auth_action) as ids FROM `auth` WHERE `auth_id` IN ('1','2','3','4','5','6','7','8','9','10','11','12','13','14','15','16','17','18','19','20','21','22','23','24','25','26')  [ RunTime:0.0010s ]
INFO: [ view_parse ] --START--
INFO: [ template_filter ] --START--
INFO: Run Behavior\ContentReplaceBehavior [ RunTime:0.001000s ]
INFO: [ template_filter ] --END-- [ RunTime:0.001000s ]
INFO: Run Behavior\ParseTemplateBehavior [ RunTime:0.010001s ]
INFO: [ view_parse ] --END-- [ RunTime:0.010001s ]
INFO: [ view_filter ] --START--
INFO: Run Behavior\WriteHtmlCacheBehavior [ RunTime:0.000000s ]
INFO: [ view_filter ] --END-- [ RunTime:0.001000s ]
INFO: [ app_end ] --START--
INFO: Run Behavior\ShowPageTraceBehavior [ RunTime:0.001000s ]
INFO: [ app_end ] --END-- [ RunTime:0.001000s ]

[ 2018-06-04T08:38:34+08:00 ] ::1 /shiji/Admin/Manager/showlist
INFO: [ app_init ] --START--
INFO: Run Behavior\BuildLiteBehavior [ RunTime:0.000000s ]
INFO: [ app_init ] --END-- [ RunTime:0.001001s ]
INFO: [ app_begin ] --START--
INFO: Run Behavior\ReadHtmlCacheBehavior [ RunTime:0.001000s ]
INFO: [ app_begin ] --END-- [ RunTime:0.002000s ]
SQL: SHOW COLUMNS FROM `manager_role` [ RunTime:0.0020s ]
SQL: SELECT `role_id` FROM `manager_role` WHERE `manager_id` = 1  [ RunTime:0.0000s ]
SQL: SHOW COLUMNS FROM `role_auth` [ RunTime:0.0010s ]
SQL: SELECT `auth_id` FROM `role_auth` WHERE `role_id` IN ('1')  [ RunTime:0.0000s ]
SQL: SHOW COLUMNS FROM `auth` [ RunTime:0.0010s ]
SQL: SELECT concat(auth_controller,'-',auth_action) as ids FROM `auth` WHERE `auth_id` IN ('1','2','3','4','5','6','7','8','9','10','11','12','13','14','15','16','17','18','19','20','21','22','23','24','25','26')  [ RunTime:0.0000s ]
SQL: SHOW COLUMNS FROM `manager` [ RunTime:0.0010s ]
SQL: SELECT * FROM `manager`  [ RunTime:0.0000s ]
SQL: SELECT `role_id` FROM `manager_role` WHERE `manager_id` = 1  [ RunTime:0.0000s ]
SQL: SHOW COLUMNS FROM `role` [ RunTime:0.0010s ]
SQL: SELECT `role_name` FROM `role` WHERE `role_id` IN ('1')  [ RunTime:0.0010s ]
SQL: SELECT `role_id` FROM `manager_role` WHERE `manager_id` = 2  [ RunTime:0.0000s ]
SQL: SELECT `role_name` FROM `role` WHERE `role_id` IN ('1')  [ RunTime:0.0000s ]
SQL: SELECT `role_id` FROM `manager_role` WHERE `manager_id` = 3  [ RunTime:0.0000s ]
SQL: SELECT `role_name` FROM `role` WHERE `role_id` IN ('2')  [ RunTime:0.0000s ]
SQL: SELECT `role_id` FROM `manager_role` WHERE `manager_id` = 4  [ RunTime:0.0010s ]
SQL: SELECT `role_name` FROM `role` WHERE `role_id` IN ('2')  [ RunTime:0.0000s ]
INFO: [ view_parse ] --START--
INFO: [ template_filter ] --START--
INFO: Run Behavior\ContentReplaceBehavior [ RunTime:0.000000s ]
INFO: [ template_filter ] --END-- [ RunTime:0.001000s ]
INFO: Run Behavior\ParseTemplateBehavior [ RunTime:0.011001s ]
INFO: [ view_parse ] --END-- [ RunTime:0.011001s ]
INFO: [ view_filter ] --START--
INFO: Run Behavior\WriteHtmlCacheBehavior [ RunTime:0.000000s ]
INFO: [ view_filter ] --END-- [ RunTime:0.000000s ]
INFO: [ app_end ] --START--
INFO: Run Behavior\ShowPageTraceBehavior [ RunTime:0.000000s ]
INFO: [ app_end ] --END-- [ RunTime:0.001000s ]

[ 2018-06-04T08:38:35+08:00 ] ::1 /shiji/Admin/Manager/edit.html?id=3
INFO: [ app_init ] --START--
INFO: Run Behavior\BuildLiteBehavior [ RunTime:0.000000s ]
INFO: [ app_init ] --END-- [ RunTime:0.001000s ]
INFO: [ app_begin ] --START--
INFO: Run Behavior\ReadHtmlCacheBehavior [ RunTime:0.001000s ]
INFO: [ app_begin ] --END-- [ RunTime:0.002000s ]
SQL: SHOW COLUMNS FROM `manager_role` [ RunTime:0.0010s ]
SQL: SELECT `role_id` FROM `manager_role` WHERE `manager_id` = 1  [ RunTime:0.0000s ]
SQL: SHOW COLUMNS FROM `role_auth` [ RunTime:0.0020s ]
SQL: SELECT `auth_id` FROM `role_auth` WHERE `role_id` IN ('1')  [ RunTime:0.0010s ]
SQL: SHOW COLUMNS FROM `auth` [ RunTime:0.0020s ]
SQL: SELECT concat(auth_controller,'-',auth_action) as ids FROM `auth` WHERE `auth_id` IN ('1','2','3','4','5','6','7','8','9','10','11','12','13','14','15','16','17','18','19','20','21','22','23','24','25','26')  [ RunTime:0.0000s ]
SQL: SHOW COLUMNS FROM `manager` [ RunTime:0.0010s ]
SQL: SELECT * FROM manager as a INNER JOIN manager_role as b on b.manager_id=a.id  WHERE `id` = '3' LIMIT 1   [ RunTime:0.0010s ]
SQL: SHOW COLUMNS FROM `role` [ RunTime:0.0020s ]
SQL: SELECT * FROM `role`  [ RunTime:0.0000s ]
INFO: [ view_parse ] --START--
INFO: [ template_filter ] --START--
INFO: Run Behavior\ContentReplaceBehavior [ RunTime:0.000000s ]
INFO: [ template_filter ] --END-- [ RunTime:0.000000s ]
NOTIC: [8] Undefined variable: mrid C:\wamp\www\shiji\Application\Runtime\Cache\Admin\c7900c21ac5b310070ab34f9a34e9784.php 第 103 行.
NOTIC: [8] Undefined variable: mrid C:\wamp\www\shiji\Application\Runtime\Cache\Admin\c7900c21ac5b310070ab34f9a34e9784.php 第 103 行.
NOTIC: [8] Undefined variable: mrid C:\wamp\www\shiji\Application\Runtime\Cache\Admin\c7900c21ac5b310070ab34f9a34e9784.php 第 103 行.
INFO: Run Behavior\ParseTemplateBehavior [ RunTime:0.016001s ]
INFO: [ view_parse ] --END-- [ RunTime:0.016001s ]
INFO: [ view_filter ] --START--
INFO: Run Behavior\WriteHtmlCacheBehavior [ RunTime:0.001000s ]
INFO: [ view_filter ] --END-- [ RunTime:0.001000s ]
INFO: [ app_end ] --START--
INFO: Run Behavior\ShowPageTraceBehavior [ RunTime:0.000000s ]
INFO: [ app_end ] --END-- [ RunTime:0.000000s ]

[ 2018-06-04T08:38:37+08:00 ] ::1 /shiji/Admin/Manager/edit
INFO: [ app_init ] --START--
INFO: Run Behavior\BuildLiteBehavior [ RunTime:0.000000s ]
INFO: [ app_init ] --END-- [ RunTime:0.000000s ]
INFO: [ app_begin ] --START--
INFO: Run Behavior\ReadHtmlCacheBehavior [ RunTime:0.000000s ]
INFO: [ app_begin ] --END-- [ RunTime:0.001001s ]
SQL: SHOW COLUMNS FROM `manager_role` [ RunTime:0.0020s ]
SQL: SELECT `role_id` FROM `manager_role` WHERE `manager_id` = 1  [ RunTime:0.0000s ]
SQL: SHOW COLUMNS FROM `role_auth` [ RunTime:0.0020s ]
SQL: SELECT `auth_id` FROM `role_auth` WHERE `role_id` IN ('1')  [ RunTime:0.0000s ]
SQL: SHOW COLUMNS FROM `auth` [ RunTime:0.0010s ]
SQL: SELECT concat(auth_controller,'-',auth_action) as ids FROM `auth` WHERE `auth_id` IN ('1','2','3','4','5','6','7','8','9','10','11','12','13','14','15','16','17','18','19','20','21','22','23','24','25','26')  [ RunTime:0.0000s ]
SQL: SHOW COLUMNS FROM `manager` [ RunTime:0.0010s ]
NOTIC: [8] Undefined index: validate C:\wamp\www\shiji\ThinkPHP\Library\Think\Model.class.php 第 1185 行.
NOTIC: [8] Undefined index: auto C:\wamp\www\shiji\ThinkPHP\Library\Think\Model.class.php 第 1128 行.
NOTIC: [8] crypt(): No salt parameter was specified. You must use a randomly generated salt and a strong hash function to produce a secure hash. C:\wamp\www\shiji\ThinkPHP\Library\Think\Model.class.php 第 1154 行.
SQL: UPDATE `manager` SET `username`='admin11',`nicheng`='测试',`email`='111@qq.com',`phone`='13112345678',`gender`='1',`status`='1',`password`='$1$eE3.P63.$kyRuGdliUbZ4gjKc8k1ah.' WHERE `id` = 3 [ RunTime:0.0040s ]
SQL: DELETE FROM `manager_role` WHERE (  manager_id=3 ) [ RunTime:0.0000s ]
SQL: SHOW COLUMNS FROM `manager_role` [ RunTime:0.0000s ]
SQL: INSERT INTO `manager_role` (`manager_id`,`role_id`) VALUES ('3','2') [ RunTime:0.0000s ]

[ 2018-06-04T08:38:38+08:00 ] ::1 /shiji/Admin/Manager/showlist
INFO: [ app_init ] --START--
INFO: Run Behavior\BuildLiteBehavior [ RunTime:0.000000s ]
INFO: [ app_init ] --END-- [ RunTime:0.001000s ]
INFO: [ app_begin ] --START--
INFO: Run Behavior\ReadHtmlCacheBehavior [ RunTime:0.000000s ]
INFO: [ app_begin ] --END-- [ RunTime:0.001000s ]
SQL: SHOW COLUMNS FROM `manager_role` [ RunTime:0.0010s ]
SQL: SELECT `role_id` FROM `manager_role` WHERE `manager_id` = 1  [ RunTime:0.0000s ]
SQL: SHOW COLUMNS FROM `role_auth` [ RunTime:0.0010s ]
SQL: SELECT `auth_id` FROM `role_auth` WHERE `role_id` IN ('1')  [ RunTime:0.0000s ]
SQL: SHOW COLUMNS FROM `auth` [ RunTime:0.0010s ]
SQL: SELECT concat(auth_controller,'-',auth_action) as ids FROM `auth` WHERE `auth_id` IN ('1','2','3','4','5','6','7','8','9','10','11','12','13','14','15','16','17','18','19','20','21','22','23','24','25','26')  [ RunTime:0.0000s ]
SQL: SHOW COLUMNS FROM `manager` [ RunTime:0.0010s ]
SQL: SELECT * FROM `manager`  [ RunTime:0.0000s ]
SQL: SELECT `role_id` FROM `manager_role` WHERE `manager_id` = 1  [ RunTime:0.0000s ]
SQL: SHOW COLUMNS FROM `role` [ RunTime:0.0010s ]
SQL: SELECT `role_name` FROM `role` WHERE `role_id` IN ('1')  [ RunTime:0.0010s ]
SQL: SELECT `role_id` FROM `manager_role` WHERE `manager_id` = 2  [ RunTime:0.0000s ]
SQL: SELECT `role_name` FROM `role` WHERE `role_id` IN ('1')  [ RunTime:0.0000s ]
SQL: SELECT `role_id` FROM `manager_role` WHERE `manager_id` = 3  [ RunTime:0.0000s ]
SQL: SELECT `role_name` FROM `role` WHERE `role_id` IN ('2')  [ RunTime:0.0000s ]
SQL: SELECT `role_id` FROM `manager_role` WHERE `manager_id` = 4  [ RunTime:0.0010s ]
SQL: SELECT `role_name` FROM `role` WHERE `role_id` IN ('2')  [ RunTime:0.0000s ]
INFO: [ view_parse ] --START--
INFO: [ template_filter ] --START--
INFO: Run Behavior\ContentReplaceBehavior [ RunTime:0.000000s ]
INFO: [ template_filter ] --END-- [ RunTime:0.001000s ]
INFO: Run Behavior\ParseTemplateBehavior [ RunTime:0.010000s ]
INFO: [ view_parse ] --END-- [ RunTime:0.010000s ]
INFO: [ view_filter ] --START--
INFO: Run Behavior\WriteHtmlCacheBehavior [ RunTime:0.001000s ]
INFO: [ view_filter ] --END-- [ RunTime:0.001000s ]
INFO: [ app_end ] --START--
INFO: Run Behavior\ShowPageTraceBehavior [ RunTime:0.000000s ]
INFO: [ app_end ] --END-- [ RunTime:0.001000s ]

[ 2018-06-04T08:53:05+08:00 ] ::1 /shiji/Admin/Index/index
INFO: [ app_init ] --START--
INFO: Run Behavior\BuildLiteBehavior [ RunTime:0.000000s ]
INFO: [ app_init ] --END-- [ RunTime:0.001000s ]
INFO: [ app_begin ] --START--
INFO: Run Behavior\ReadHtmlCacheBehavior [ RunTime:0.001000s ]
INFO: [ app_begin ] --END-- [ RunTime:0.001000s ]
SQL: SHOW COLUMNS FROM `manager_role` [ RunTime:0.0010s ]
SQL: SELECT `role_id` FROM `manager_role` WHERE `manager_id` = 1  [ RunTime:0.0010s ]
SQL: SHOW COLUMNS FROM `role_auth` [ RunTime:0.0030s ]
SQL: SELECT `auth_id` FROM `role_auth` WHERE `role_id` IN ('1')  [ RunTime:0.0010s ]
SQL: SHOW COLUMNS FROM `auth` [ RunTime:0.0010s ]
SQL: SELECT concat(auth_controller,'-',auth_action) as ids FROM `auth` WHERE `auth_id` IN ('1','2','3','4','5','6','7','8','9','10','11','12','13','14','15','16','17','18','19','20','21','22','23','24','25','26')  [ RunTime:0.0010s ]
SQL: SELECT `role_id` FROM `manager_role` WHERE `manager_id` = 1  [ RunTime:0.0000s ]
SQL: SELECT `auth_id` FROM `role_auth` WHERE `role_id` IN ('1')  [ RunTime:0.0000s ]
SQL: SELECT * FROM `auth` WHERE `auth_pid` = 0  [ RunTime:0.0010s ]
SQL: SELECT * FROM `auth` WHERE `auth_pid` = 1 AND `auth_type` = 1  [ RunTime:0.0000s ]
SQL: SELECT * FROM `auth` WHERE `auth_pid` = 14 AND `auth_type` = 1  [ RunTime:0.0000s ]
SQL: SELECT * FROM `auth` WHERE `auth_pid` = 42 AND `auth_type` = 1  [ RunTime:0.0000s ]
SQL: SELECT * FROM `auth` WHERE `auth_pid` = 45 AND `auth_type` = 1  [ RunTime:0.0000s ]
SQL: SELECT * FROM `auth` WHERE `auth_pid` = 48 AND `auth_type` = 1  [ RunTime:0.0010s ]
INFO: [ view_parse ] --START--
INFO: [ template_filter ] --START--
INFO: Run Behavior\ContentReplaceBehavior [ RunTime:0.000000s ]
INFO: [ template_filter ] --END-- [ RunTime:0.000000s ]
INFO: Run Behavior\ParseTemplateBehavior [ RunTime:0.016001s ]
INFO: [ view_parse ] --END-- [ RunTime:0.017001s ]
INFO: [ view_filter ] --START--
INFO: Run Behavior\WriteHtmlCacheBehavior [ RunTime:0.001000s ]
INFO: [ view_filter ] --END-- [ RunTime:0.001000s ]
INFO: [ app_end ] --START--
INFO: Run Behavior\ShowPageTraceBehavior [ RunTime:0.002000s ]
INFO: [ app_end ] --END-- [ RunTime:0.002000s ]

[ 2018-06-04T08:53:05+08:00 ] ::1 /shiji/Admin/Index/welcome.html
INFO: [ app_init ] --START--
INFO: Run Behavior\BuildLiteBehavior [ RunTime:0.000000s ]
INFO: [ app_init ] --END-- [ RunTime:0.000000s ]
INFO: [ app_begin ] --START--
INFO: Run Behavior\ReadHtmlCacheBehavior [ RunTime:0.000000s ]
INFO: [ app_begin ] --END-- [ RunTime:0.002000s ]
SQL: SHOW COLUMNS FROM `manager_role` [ RunTime:0.0010s ]
SQL: SELECT `role_id` FROM `manager_role` WHERE `manager_id` = 1  [ RunTime:0.0010s ]
SQL: SHOW COLUMNS FROM `role_auth` [ RunTime:0.0020s ]
SQL: SELECT `auth_id` FROM `role_auth` WHERE `role_id` IN ('1')  [ RunTime:0.0000s ]
SQL: SHOW COLUMNS FROM `auth` [ RunTime:0.0020s ]
SQL: SELECT concat(auth_controller,'-',auth_action) as ids FROM `auth` WHERE `auth_id` IN ('1','2','3','4','5','6','7','8','9','10','11','12','13','14','15','16','17','18','19','20','21','22','23','24','25','26')  [ RunTime:0.0000s ]
INFO: [ view_parse ] --START--
INFO: [ template_filter ] --START--
INFO: Run Behavior\ContentReplaceBehavior [ RunTime:0.000000s ]
INFO: [ template_filter ] --END-- [ RunTime:0.000000s ]
INFO: Run Behavior\ParseTemplateBehavior [ RunTime:0.007001s ]
INFO: [ view_parse ] --END-- [ RunTime:0.007001s ]
INFO: [ view_filter ] --START--
INFO: Run Behavior\WriteHtmlCacheBehavior [ RunTime:0.001000s ]
INFO: [ view_filter ] --END-- [ RunTime:0.001000s ]
INFO: [ app_end ] --START--
INFO: Run Behavior\ShowPageTraceBehavior [ RunTime:0.000000s ]
INFO: [ app_end ] --END-- [ RunTime:0.000000s ]

[ 2018-06-04T08:53:11+08:00 ] ::1 /shiji/Admin/Product/showlist
INFO: [ app_init ] --START--
INFO: Run Behavior\BuildLiteBehavior [ RunTime:0.000000s ]
INFO: [ app_init ] --END-- [ RunTime:0.001000s ]
INFO: [ app_begin ] --START--
INFO: Run Behavior\ReadHtmlCacheBehavior [ RunTime:0.001000s ]
INFO: [ app_begin ] --END-- [ RunTime:0.001000s ]
SQL: SHOW COLUMNS FROM `manager_role` [ RunTime:0.0010s ]
SQL: SELECT `role_id` FROM `manager_role` WHERE `manager_id` = 1  [ RunTime:0.0020s ]
SQL: SHOW COLUMNS FROM `role_auth` [ RunTime:0.0020s ]
SQL: SELECT `auth_id` FROM `role_auth` WHERE `role_id` IN ('1')  [ RunTime:0.0000s ]
SQL: SHOW COLUMNS FROM `auth` [ RunTime:0.0020s ]
SQL: SELECT concat(auth_controller,'-',auth_action) as ids FROM `auth` WHERE `auth_id` IN ('1','2','3','4','5','6','7','8','9','10','11','12','13','14','15','16','17','18','19','20','21','22','23','24','25','26')  [ RunTime:0.0000s ]
SQL: SHOW COLUMNS FROM `product` [ RunTime:0.0030s ]
SQL: SELECT `product_id`,`product_name`,`product_ctime`,`category_name` FROM product as a INNER JOIN category as b on b.category_id=a.product_category  ORDER BY product_id desc LIMIT 0,8   [ RunTime:0.0010s ]
SQL: SHOW COLUMNS FROM `style` [ RunTime:0.0010s ]
SQL: SELECT * FROM style as a INNER JOIN product_style as b on b.style_id=a.style_id   [ RunTime:0.0030s ]
SQL: SELECT COUNT(*) AS tp_count FROM product as a LIMIT 1   [ RunTime:0.0000s ]
INFO: [ view_parse ] --START--
INFO: [ template_filter ] --START--
INFO: Run Behavior\ContentReplaceBehavior [ RunTime:0.000000s ]
INFO: [ template_filter ] --END-- [ RunTime:0.000000s ]
INFO: Run Behavior\ParseTemplateBehavior [ RunTime:0.020001s ]
INFO: [ view_parse ] --END-- [ RunTime:0.020001s ]
INFO: [ view_filter ] --START--
INFO: Run Behavior\WriteHtmlCacheBehavior [ RunTime:0.001000s ]
INFO: [ view_filter ] --END-- [ RunTime:0.001000s ]
INFO: [ app_end ] --START--
INFO: Run Behavior\ShowPageTraceBehavior [ RunTime:0.001000s ]
INFO: [ app_end ] --END-- [ RunTime:0.001000s ]

[ 2018-06-04T08:53:12+08:00 ] ::1 /shiji/Admin/Product/showlist/p/4
INFO: [ app_init ] --START--
INFO: Run Behavior\BuildLiteBehavior [ RunTime:0.000000s ]
INFO: [ app_init ] --END-- [ RunTime:0.001000s ]
INFO: [ app_begin ] --START--
INFO: Run Behavior\ReadHtmlCacheBehavior [ RunTime:0.000000s ]
INFO: [ app_begin ] --END-- [ RunTime:0.000000s ]
SQL: SHOW COLUMNS FROM `manager_role` [ RunTime:0.0010s ]
SQL: SELECT `role_id` FROM `manager_role` WHERE `manager_id` = 1  [ RunTime:0.0000s ]
SQL: SHOW COLUMNS FROM `role_auth` [ RunTime:0.0010s ]
SQL: SELECT `auth_id` FROM `role_auth` WHERE `role_id` IN ('1')  [ RunTime:0.0000s ]
SQL: SHOW COLUMNS FROM `auth` [ RunTime:0.0010s ]
SQL: SELECT concat(auth_controller,'-',auth_action) as ids FROM `auth` WHERE `auth_id` IN ('1','2','3','4','5','6','7','8','9','10','11','12','13','14','15','16','17','18','19','20','21','22','23','24','25','26')  [ RunTime:0.0010s ]
SQL: SHOW COLUMNS FROM `product` [ RunTime:0.0010s ]
SQL: SELECT `product_id`,`product_name`,`product_ctime`,`category_name` FROM product as a INNER JOIN category as b on b.category_id=a.product_category  ORDER BY product_id desc LIMIT 24,8   [ RunTime:0.0010s ]
SQL: SHOW COLUMNS FROM `style` [ RunTime:0.0000s ]
SQL: SELECT * FROM style as a INNER JOIN product_style as b on b.style_id=a.style_id   [ RunTime:0.0010s ]
SQL: SELECT COUNT(*) AS tp_count FROM product as a LIMIT 1   [ RunTime:0.0000s ]
INFO: [ view_parse ] --START--
INFO: [ template_filter ] --START--
INFO: Run Behavior\ContentReplaceBehavior [ RunTime:0.000000s ]
INFO: [ template_filter ] --END-- [ RunTime:0.000000s ]
INFO: Run Behavior\ParseTemplateBehavior [ RunTime:0.019001s ]
INFO: [ view_parse ] --END-- [ RunTime:0.020001s ]
INFO: [ view_filter ] --START--
INFO: Run Behavior\WriteHtmlCacheBehavior [ RunTime:0.000000s ]
INFO: [ view_filter ] --END-- [ RunTime:0.001000s ]
INFO: [ app_end ] --START--
INFO: Run Behavior\ShowPageTraceBehavior [ RunTime:0.001000s ]
INFO: [ app_end ] --END-- [ RunTime:0.001000s ]

[ 2018-06-04T08:54:58+08:00 ] ::1 /shiji/Admin/Index/index
INFO: [ app_init ] --START--
INFO: Run Behavior\BuildLiteBehavior [ RunTime:0.000000s ]
INFO: [ app_init ] --END-- [ RunTime:0.001000s ]
INFO: [ app_begin ] --START--
INFO: Run Behavior\ReadHtmlCacheBehavior [ RunTime:0.002000s ]
INFO: [ app_begin ] --END-- [ RunTime:0.003000s ]
SQL: SHOW COLUMNS FROM `manager_role` [ RunTime:0.0010s ]
SQL: SELECT `role_id` FROM `manager_role` WHERE `manager_id` = 1  [ RunTime:0.0000s ]
SQL: SHOW COLUMNS FROM `role_auth` [ RunTime:0.0010s ]
SQL: SELECT `auth_id` FROM `role_auth` WHERE `role_id` IN ('1')  [ RunTime:0.0000s ]
SQL: SHOW COLUMNS FROM `auth` [ RunTime:0.0030s ]
SQL: SELECT concat(auth_controller,'-',auth_action) as ids FROM `auth` WHERE `auth_id` IN ('1','2','3','4','5','6','7','8','9','10','11','12','13','14','15','16','17','18','19','20','21','22','23','24','25','26')  [ RunTime:0.0000s ]
SQL: SELECT `role_id` FROM `manager_role` WHERE `manager_id` = 1  [ RunTime:0.0000s ]
SQL: SELECT `auth_id` FROM `role_auth` WHERE `role_id` IN ('1')  [ RunTime:0.0000s ]
SQL: SELECT * FROM `auth` WHERE `auth_pid` = 0  [ RunTime:0.0010s ]
SQL: SELECT * FROM `auth` WHERE `auth_pid` = 1 AND `auth_type` = 1  [ RunTime:0.0000s ]
SQL: SELECT * FROM `auth` WHERE `auth_pid` = 14 AND `auth_type` = 1  [ RunTime:0.0000s ]
SQL: SELECT * FROM `auth` WHERE `auth_pid` = 42 AND `auth_type` = 1  [ RunTime:0.0000s ]
SQL: SELECT * FROM `auth` WHERE `auth_pid` = 45 AND `auth_type` = 1  [ RunTime:0.0010s ]
SQL: SELECT * FROM `auth` WHERE `auth_pid` = 48 AND `auth_type` = 1  [ RunTime:0.0000s ]
INFO: [ view_parse ] --START--
INFO: [ template_filter ] --START--
INFO: Run Behavior\ContentReplaceBehavior [ RunTime:0.000000s ]
INFO: [ template_filter ] --END-- [ RunTime:0.000000s ]
INFO: Run Behavior\ParseTemplateBehavior [ RunTime:0.016001s ]
INFO: [ view_parse ] --END-- [ RunTime:0.016001s ]
INFO: [ view_filter ] --START--
INFO: Run Behavior\WriteHtmlCacheBehavior [ RunTime:0.001000s ]
INFO: [ view_filter ] --END-- [ RunTime:0.001000s ]
INFO: [ app_end ] --START--
INFO: Run Behavior\ShowPageTraceBehavior [ RunTime:0.001000s ]
INFO: [ app_end ] --END-- [ RunTime:0.001000s ]

[ 2018-06-04T08:54:58+08:00 ] ::1 /shiji/Admin/Index/welcome.html
INFO: [ app_init ] --START--
INFO: Run Behavior\BuildLiteBehavior [ RunTime:0.000000s ]
INFO: [ app_init ] --END-- [ RunTime:0.001000s ]
INFO: [ app_begin ] --START--
INFO: Run Behavior\ReadHtmlCacheBehavior [ RunTime:0.001000s ]
INFO: [ app_begin ] --END-- [ RunTime:0.001000s ]
SQL: SHOW COLUMNS FROM `manager_role` [ RunTime:0.0010s ]
SQL: SELECT `role_id` FROM `manager_role` WHERE `manager_id` = 1  [ RunTime:0.0010s ]
SQL: SHOW COLUMNS FROM `role_auth` [ RunTime:0.0030s ]
SQL: SELECT `auth_id` FROM `role_auth` WHERE `role_id` IN ('1')  [ RunTime:0.0010s ]
SQL: SHOW COLUMNS FROM `auth` [ RunTime:0.0010s ]
SQL: SELECT concat(auth_controller,'-',auth_action) as ids FROM `auth` WHERE `auth_id` IN ('1','2','3','4','5','6','7','8','9','10','11','12','13','14','15','16','17','18','19','20','21','22','23','24','25','26')  [ RunTime:0.0010s ]
INFO: [ view_parse ] --START--
INFO: [ template_filter ] --START--
INFO: Run Behavior\ContentReplaceBehavior [ RunTime:0.001000s ]
INFO: [ template_filter ] --END-- [ RunTime:0.001000s ]
INFO: Run Behavior\ParseTemplateBehavior [ RunTime:0.007001s ]
INFO: [ view_parse ] --END-- [ RunTime:0.007001s ]
INFO: [ view_filter ] --START--
INFO: Run Behavior\WriteHtmlCacheBehavior [ RunTime:0.000000s ]
INFO: [ view_filter ] --END-- [ RunTime:0.001000s ]
INFO: [ app_end ] --START--
INFO: Run Behavior\ShowPageTraceBehavior [ RunTime:0.000000s ]
INFO: [ app_end ] --END-- [ RunTime:0.000000s ]

[ 2018-06-04T08:55:01+08:00 ] ::1 /shiji/Admin/Product/showlist
INFO: [ app_init ] --START--
INFO: Run Behavior\BuildLiteBehavior [ RunTime:0.000000s ]
INFO: [ app_init ] --END-- [ RunTime:0.000000s ]
INFO: [ app_begin ] --START--
INFO: Run Behavior\ReadHtmlCacheBehavior [ RunTime:0.001000s ]
INFO: [ app_begin ] --END-- [ RunTime:0.001000s ]
SQL: SHOW COLUMNS FROM `manager_role` [ RunTime:0.0010s ]
SQL: SELECT `role_id` FROM `manager_role` WHERE `manager_id` = 1  [ RunTime:0.0000s ]
SQL: SHOW COLUMNS FROM `role_auth` [ RunTime:0.0010s ]
SQL: SELECT `auth_id` FROM `role_auth` WHERE `role_id` IN ('1')  [ RunTime:0.0010s ]
SQL: SHOW COLUMNS FROM `auth` [ RunTime:0.0030s ]
SQL: SELECT concat(auth_controller,'-',auth_action) as ids FROM `auth` WHERE `auth_id` IN ('1','2','3','4','5','6','7','8','9','10','11','12','13','14','15','16','17','18','19','20','21','22','23','24','25','26')  [ RunTime:0.0000s ]
SQL: SHOW COLUMNS FROM `product` [ RunTime:0.0010s ]
SQL: SELECT `product_id`,`product_name`,`product_ctime`,`category_name` FROM product as a INNER JOIN category as b on b.category_id=a.product_category  ORDER BY product_id desc LIMIT 0,8   [ RunTime:0.0000s ]
SQL: SHOW COLUMNS FROM `style` [ RunTime:0.0000s ]
SQL: SELECT * FROM style as a INNER JOIN product_style as b on b.style_id=a.style_id   [ RunTime:0.0000s ]
SQL: SELECT COUNT(*) AS tp_count FROM product as a LIMIT 1   [ RunTime:0.0000s ]
INFO: [ view_parse ] --START--
INFO: [ template_filter ] --START--
INFO: Run Behavior\ContentReplaceBehavior [ RunTime:0.001000s ]
INFO: [ template_filter ] --END-- [ RunTime:0.001000s ]
INFO: Run Behavior\ParseTemplateBehavior [ RunTime:0.023001s ]
INFO: [ view_parse ] --END-- [ RunTime:0.023001s ]
INFO: [ view_filter ] --START--
INFO: Run Behavior\WriteHtmlCacheBehavior [ RunTime:0.000000s ]
INFO: [ view_filter ] --END-- [ RunTime:0.000000s ]
INFO: [ app_end ] --START--
INFO: Run Behavior\ShowPageTraceBehavior [ RunTime:0.001000s ]
INFO: [ app_end ] --END-- [ RunTime:0.001000s ]

[ 2018-06-04T08:55:12+08:00 ] ::1 /shiji/Admin/Product/showlist
INFO: [ app_init ] --START--
INFO: Run Behavior\BuildLiteBehavior [ RunTime:0.000000s ]
INFO: [ app_init ] --END-- [ RunTime:0.001000s ]
INFO: [ app_begin ] --START--
INFO: Run Behavior\ReadHtmlCacheBehavior [ RunTime:0.001000s ]
INFO: [ app_begin ] --END-- [ RunTime:0.001000s ]
SQL: SHOW COLUMNS FROM `manager_role` [ RunTime:0.0010s ]
SQL: SELECT `role_id` FROM `manager_role` WHERE `manager_id` = 1  [ RunTime:0.0000s ]
SQL: SHOW COLUMNS FROM `role_auth` [ RunTime:0.0020s ]
SQL: SELECT `auth_id` FROM `role_auth` WHERE `role_id` IN ('1')  [ RunTime:0.0000s ]
SQL: SHOW COLUMNS FROM `auth` [ RunTime:0.0020s ]
SQL: SELECT concat(auth_controller,'-',auth_action) as ids FROM `auth` WHERE `auth_id` IN ('1','2','3','4','5','6','7','8','9','10','11','12','13','14','15','16','17','18','19','20','21','22','23','24','25','26')  [ RunTime:0.0010s ]
SQL: SHOW COLUMNS FROM `product` [ RunTime:0.0010s ]
SQL: SELECT `product_id`,`product_name`,`product_ctime`,`category_name` FROM product as a INNER JOIN category as b on b.category_id=a.product_category  ORDER BY product_id desc LIMIT 0,8   [ RunTime:0.0020s ]
SQL: SHOW COLUMNS FROM `style` [ RunTime:0.0010s ]
SQL: SELECT * FROM style as a INNER JOIN product_style as b on b.style_id=a.style_id   [ RunTime:0.0010s ]
SQL: SELECT COUNT(*) AS tp_count FROM product as a LIMIT 1   [ RunTime:0.0000s ]
INFO: [ view_parse ] --START--
INFO: [ template_filter ] --START--
INFO: Run Behavior\ContentReplaceBehavior [ RunTime:0.000000s ]
INFO: [ template_filter ] --END-- [ RunTime:0.000000s ]
INFO: Run Behavior\ParseTemplateBehavior [ RunTime:0.036002s ]
INFO: [ view_parse ] --END-- [ RunTime:0.036002s ]
INFO: [ view_filter ] --START--
INFO: Run Behavior\WriteHtmlCacheBehavior [ RunTime:0.000000s ]
INFO: [ view_filter ] --END-- [ RunTime:0.000000s ]
INFO: [ app_end ] --START--
INFO: Run Behavior\ShowPageTraceBehavior [ RunTime:0.000000s ]
INFO: [ app_end ] --END-- [ RunTime:0.001000s ]

[ 2018-06-04T08:55:20+08:00 ] ::1 /shiji/Admin/Product/showlist
INFO: [ app_init ] --START--
INFO: Run Behavior\BuildLiteBehavior [ RunTime:0.000000s ]
INFO: [ app_init ] --END-- [ RunTime:0.001000s ]
INFO: [ app_begin ] --START--
INFO: Run Behavior\ReadHtmlCacheBehavior [ RunTime:0.001000s ]
INFO: [ app_begin ] --END-- [ RunTime:0.001000s ]
SQL: SHOW COLUMNS FROM `manager_role` [ RunTime:0.0010s ]
SQL: SELECT `role_id` FROM `manager_role` WHERE `manager_id` = 1  [ RunTime:0.0000s ]
SQL: SHOW COLUMNS FROM `role_auth` [ RunTime:0.0010s ]
SQL: SELECT `auth_id` FROM `role_auth` WHERE `role_id` IN ('1')  [ RunTime:0.0000s ]
SQL: SHOW COLUMNS FROM `auth` [ RunTime:0.0010s ]
SQL: SELECT concat(auth_controller,'-',auth_action) as ids FROM `auth` WHERE `auth_id` IN ('1','2','3','4','5','6','7','8','9','10','11','12','13','14','15','16','17','18','19','20','21','22','23','24','25','26')  [ RunTime:0.0000s ]
SQL: SHOW COLUMNS FROM `product` [ RunTime:0.0010s ]
SQL: SELECT `product_id`,`product_name`,`product_ctime`,`category_name` FROM product as a INNER JOIN category as b on b.category_id=a.product_category  ORDER BY product_id desc LIMIT 0,8   [ RunTime:0.0010s ]
SQL: SHOW COLUMNS FROM `style` [ RunTime:0.0000s ]
SQL: SELECT * FROM style as a INNER JOIN product_style as b on b.style_id=a.style_id   [ RunTime:0.0000s ]
SQL: SELECT COUNT(*) AS tp_count FROM product as a LIMIT 1   [ RunTime:0.0000s ]
INFO: [ view_parse ] --START--
INFO: [ template_filter ] --START--
INFO: Run Behavior\ContentReplaceBehavior [ RunTime:0.000000s ]
INFO: [ template_filter ] --END-- [ RunTime:0.001000s ]
INFO: Run Behavior\ParseTemplateBehavior [ RunTime:0.020001s ]
INFO: [ view_parse ] --END-- [ RunTime:0.020001s ]
INFO: [ view_filter ] --START--
INFO: Run Behavior\WriteHtmlCacheBehavior [ RunTime:0.001000s ]
INFO: [ view_filter ] --END-- [ RunTime:0.001000s ]
INFO: [ app_end ] --START--
INFO: Run Behavior\ShowPageTraceBehavior [ RunTime:0.001000s ]
INFO: [ app_end ] --END-- [ RunTime:0.001000s ]

[ 2018-06-04T08:55:24+08:00 ] ::1 /shiji/Admin/Product/showlist/p/4
INFO: [ app_init ] --START--
INFO: Run Behavior\BuildLiteBehavior [ RunTime:0.000000s ]
INFO: [ app_init ] --END-- [ RunTime:0.001000s ]
INFO: [ app_begin ] --START--
INFO: Run Behavior\ReadHtmlCacheBehavior [ RunTime:0.000000s ]
INFO: [ app_begin ] --END-- [ RunTime:0.001000s ]
SQL: SHOW COLUMNS FROM `manager_role` [ RunTime:0.0010s ]
SQL: SELECT `role_id` FROM `manager_role` WHERE `manager_id` = 1  [ RunTime:0.0000s ]
SQL: SHOW COLUMNS FROM `role_auth` [ RunTime:0.0020s ]
SQL: SELECT `auth_id` FROM `role_auth` WHERE `role_id` IN ('1')  [ RunTime:0.0000s ]
SQL: SHOW COLUMNS FROM `auth` [ RunTime:0.0010s ]
SQL: SELECT concat(auth_controller,'-',auth_action) as ids FROM `auth` WHERE `auth_id` IN ('1','2','3','4','5','6','7','8','9','10','11','12','13','14','15','16','17','18','19','20','21','22','23','24','25','26')  [ RunTime:0.0000s ]
SQL: SHOW COLUMNS FROM `product` [ RunTime:0.0010s ]
SQL: SELECT `product_id`,`product_name`,`product_ctime`,`category_name` FROM product as a INNER JOIN category as b on b.category_id=a.product_category  ORDER BY product_id desc LIMIT 24,8   [ RunTime:0.0010s ]
SQL: SHOW COLUMNS FROM `style` [ RunTime:0.0010s ]
SQL: SELECT * FROM style as a INNER JOIN product_style as b on b.style_id=a.style_id   [ RunTime:0.0010s ]
SQL: SELECT COUNT(*) AS tp_count FROM product as a LIMIT 1   [ RunTime:0.0000s ]
INFO: [ view_parse ] --START--
INFO: [ template_filter ] --START--
INFO: Run Behavior\ContentReplaceBehavior [ RunTime:0.000000s ]
INFO: [ template_filter ] --END-- [ RunTime:0.001000s ]
INFO: Run Behavior\ParseTemplateBehavior [ RunTime:0.020001s ]
INFO: [ view_parse ] --END-- [ RunTime:0.021001s ]
INFO: [ view_filter ] --START--
INFO: Run Behavior\WriteHtmlCacheBehavior [ RunTime:0.000000s ]
INFO: [ view_filter ] --END-- [ RunTime:0.000000s ]
INFO: [ app_end ] --START--
INFO: Run Behavior\ShowPageTraceBehavior [ RunTime:0.000000s ]
INFO: [ app_end ] --END-- [ RunTime:0.000000s ]

[ 2018-06-04T08:55:48+08:00 ] ::1 /shiji/Admin/Orders/showlist
INFO: [ app_init ] --START--
INFO: Run Behavior\BuildLiteBehavior [ RunTime:0.000000s ]
INFO: [ app_init ] --END-- [ RunTime:0.000000s ]
INFO: [ app_begin ] --START--
INFO: Run Behavior\ReadHtmlCacheBehavior [ RunTime:0.002000s ]
INFO: [ app_begin ] --END-- [ RunTime:0.002000s ]
SQL: SHOW COLUMNS FROM `manager_role` [ RunTime:0.0000s ]
SQL: SELECT `role_id` FROM `manager_role` WHERE `manager_id` = 1  [ RunTime:0.0000s ]
SQL: SHOW COLUMNS FROM `role_auth` [ RunTime:0.0010s ]
SQL: SELECT `auth_id` FROM `role_auth` WHERE `role_id` IN ('1')  [ RunTime:0.0010s ]
SQL: SHOW COLUMNS FROM `auth` [ RunTime:0.0000s ]
SQL: SELECT concat(auth_controller,'-',auth_action) as ids FROM `auth` WHERE `auth_id` IN ('1','2','3','4','5','6','7','8','9','10','11','12','13','14','15','16','17','18','19','20','21','22','23','24','25','26')  [ RunTime:0.0000s ]
SQL: SHOW COLUMNS FROM `orders` [ RunTime:0.0010s ]
SQL: SELECT * FROM orders as a INNER JOIN address as b on b.address_id=a.order_address  ORDER BY order_id desc LIMIT 0,5   [ RunTime:0.0020s ]
SQL: SHOW COLUMNS FROM `style` [ RunTime:0.0010s ]
SQL: SELECT * FROM style as a INNER JOIN product_style as b on b.style_id=a.style_id   [ RunTime:0.0010s ]
SQL: SHOW COLUMNS FROM `product` [ RunTime:0.0010s ]
SQL: SELECT * FROM `product`  [ RunTime:0.0010s ]
SQL: SELECT COUNT(*) AS tp_count FROM orders as a LIMIT 1   [ RunTime:0.0000s ]
INFO: [ view_parse ] --START--
INFO: [ template_filter ] --START--
INFO: Run Behavior\ContentReplaceBehavior [ RunTime:0.000000s ]
INFO: [ template_filter ] --END-- [ RunTime:0.000000s ]
INFO: Run Behavior\ParseTemplateBehavior [ RunTime:0.015001s ]
INFO: [ view_parse ] --END-- [ RunTime:0.015001s ]
INFO: [ view_filter ] --START--
INFO: Run Behavior\WriteHtmlCacheBehavior [ RunTime:0.000000s ]
INFO: [ view_filter ] --END-- [ RunTime:0.000000s ]
INFO: [ app_end ] --START--
INFO: Run Behavior\ShowPageTraceBehavior [ RunTime:0.000000s ]
INFO: [ app_end ] --END-- [ RunTime:0.000000s ]

[ 2018-06-04T10:32:50+08:00 ] ::1 /shiji/Admin/Index/index
INFO: [ app_init ] --START--
INFO: Run Behavior\BuildLiteBehavior [ RunTime:0.000000s ]
INFO: [ app_init ] --END-- [ RunTime:0.000000s ]
INFO: [ app_begin ] --START--
INFO: Run Behavior\ReadHtmlCacheBehavior [ RunTime:0.001000s ]
INFO: [ app_begin ] --END-- [ RunTime:0.002000s ]
NOTIC: [8] Undefined variable: moduleurl C:\wamp\www\shiji\Application\Admin\Controller\CommonController.class.php 第 23 行.
NOTIC: [8] Undefined variable: moduleurl C:\wamp\www\shiji\Application\Admin\Controller\CommonController.class.php 第 23 行.

[ 2018-06-04T10:32:50+08:00 ] ::1 /shiji/Admin/Login/login
INFO: [ app_init ] --START--
INFO: Run Behavior\BuildLiteBehavior [ RunTime:0.000000s ]
INFO: [ app_init ] --END-- [ RunTime:0.001000s ]
INFO: [ app_begin ] --START--
INFO: Run Behavior\ReadHtmlCacheBehavior [ RunTime:0.001000s ]
INFO: [ app_begin ] --END-- [ RunTime:0.001000s ]
INFO: [ view_parse ] --START--
INFO: [ template_filter ] --START--
INFO: Run Behavior\ContentReplaceBehavior [ RunTime:0.000000s ]
INFO: [ template_filter ] --END-- [ RunTime:0.000000s ]
INFO: Run Behavior\ParseTemplateBehavior [ RunTime:0.008001s ]
INFO: [ view_parse ] --END-- [ RunTime:0.008001s ]
INFO: [ view_filter ] --START--
INFO: Run Behavior\WriteHtmlCacheBehavior [ RunTime:0.000000s ]
INFO: [ view_filter ] --END-- [ RunTime:0.001000s ]
INFO: [ app_end ] --START--
INFO: Run Behavior\ShowPageTraceBehavior [ RunTime:0.001000s ]
INFO: [ app_end ] --END-- [ RunTime:0.001000s ]

[ 2018-06-04T10:32:50+08:00 ] ::1 /shiji/Admin/Login/verify
INFO: [ app_init ] --START--
INFO: Run Behavior\BuildLiteBehavior [ RunTime:0.000000s ]
INFO: [ app_init ] --END-- [ RunTime:0.000000s ]
INFO: [ app_begin ] --START--
INFO: Run Behavior\ReadHtmlCacheBehavior [ RunTime:0.001000s ]
INFO: [ app_begin ] --END-- [ RunTime:0.001000s ]
INFO: [ app_end ] --START--
INFO: Run Behavior\ShowPageTraceBehavior [ RunTime:0.000000s ]
INFO: [ app_end ] --END-- [ RunTime:0.000000s ]

