[ 2018-09-10T14:22:52+08:00 ] 119.129.114.87 /sifaju/gt/admin
INFO: [ app_init ] --START--
INFO: Run Behavior\BuildLiteBehavior [ RunTime:0.000020s ]
INFO: [ app_init ] --END-- [ RunTime:0.000368s ]
INFO: [ app_begin ] --START--
INFO: Run Behavior\ReadHtmlCacheBehavior [ RunTime:0.000808s ]
INFO: [ app_begin ] --END-- [ RunTime:0.000875s ]
NOTIC: [8] Undefined variable: moduleurl C:\phpStudy\PHPTutorial\WWW\sifaju\gt\Application\Admin\Controller\CommonController.class.php 第 23 行.
NOTIC: [8] Undefined variable: moduleurl C:\phpStudy\PHPTutorial\WWW\sifaju\gt\Application\Admin\Controller\CommonController.class.php 第 23 行.

[ 2018-09-10T14:22:52+08:00 ] 119.129.114.87 /sifaju/gt/Admin/Login/login
INFO: [ app_init ] --START--
INFO: Run Behavior\BuildLiteBehavior [ RunTime:0.000020s ]
INFO: [ app_init ] --END-- [ RunTime:0.000357s ]
INFO: [ app_begin ] --START--
INFO: Run Behavior\ReadHtmlCacheBehavior [ RunTime:0.000672s ]
INFO: [ app_begin ] --END-- [ RunTime:0.000730s ]
INFO: [ view_parse ] --START--
INFO: [ template_filter ] --START--
INFO: Run Behavior\ContentReplaceBehavior [ RunTime:0.000052s ]
INFO: [ template_filter ] --END-- [ RunTime:0.000103s ]
INFO: Run Behavior\ParseTemplateBehavior [ RunTime:0.006489s ]
INFO: [ view_parse ] --END-- [ RunTime:0.006544s ]
INFO: [ view_filter ] --START--
INFO: Run Behavior\WriteHtmlCacheBehavior [ RunTime:0.000416s ]
INFO: [ view_filter ] --END-- [ RunTime:0.000460s ]
INFO: [ app_end ] --START--
INFO: Run Behavior\ShowPageTraceBehavior [ RunTime:0.000629s ]
INFO: [ app_end ] --END-- [ RunTime:0.000676s ]

[ 2018-09-10T14:22:53+08:00 ] 119.129.114.87 /sifaju/gt/Admin/Login/verify
INFO: [ app_init ] --START--
INFO: Run Behavior\BuildLiteBehavior [ RunTime:0.000021s ]
INFO: [ app_init ] --END-- [ RunTime:0.000377s ]
INFO: [ app_begin ] --START--
INFO: Run Behavior\ReadHtmlCacheBehavior [ RunTime:0.000613s ]
INFO: [ app_begin ] --END-- [ RunTime:0.000673s ]
INFO: [ app_end ] --START--
INFO: Run Behavior\ShowPageTraceBehavior [ RunTime:0.000584s ]
INFO: [ app_end ] --END-- [ RunTime:0.000650s ]

[ 2018-09-10T14:23:03+08:00 ] 119.129.114.87 /sifaju/gt/Admin/Login/login
INFO: [ app_init ] --START--
INFO: Run Behavior\BuildLiteBehavior [ RunTime:0.000020s ]
INFO: [ app_init ] --END-- [ RunTime:0.000378s ]
INFO: [ app_begin ] --START--
INFO: Run Behavior\ReadHtmlCacheBehavior [ RunTime:0.000656s ]
INFO: [ app_begin ] --END-- [ RunTime:0.000715s ]
SQL: SHOW COLUMNS FROM `manager` [ RunTime:0.0068s ]
SQL: SELECT * FROM `manager` WHERE `username` = 'admin' LIMIT 1   [ RunTime:0.0003s ]
SQL: SELECT * FROM `manager` WHERE `username` = 'admin' AND `status` = 0 LIMIT 1   [ RunTime:0.0002s ]

[ 2018-09-10T14:23:05+08:00 ] 119.129.114.87 /sifaju/gt/Admin/Index/index
INFO: [ app_init ] --START--
INFO: Run Behavior\BuildLiteBehavior [ RunTime:0.000018s ]
INFO: [ app_init ] --END-- [ RunTime:0.000376s ]
INFO: [ app_begin ] --START--
INFO: Run Behavior\ReadHtmlCacheBehavior [ RunTime:0.000543s ]
INFO: [ app_begin ] --END-- [ RunTime:0.000602s ]
SQL: SHOW COLUMNS FROM `manager_role` [ RunTime:0.0042s ]
SQL: SELECT `role_id` FROM `manager_role` WHERE `manager_id` = 1  [ RunTime:0.0003s ]
SQL: SHOW COLUMNS FROM `role_auth` [ RunTime:0.0039s ]
SQL: SELECT `auth_id` FROM `role_auth` WHERE `role_id` IN ('1')  [ RunTime:0.0003s ]
SQL: SHOW COLUMNS FROM `auth` [ RunTime:0.0065s ]
SQL: SELECT concat(auth_controller,'-',auth_action) as ids FROM `auth` WHERE `auth_id` IN ('1','2','3','4','5','6','7','8','9','10','11','12','13','14','15','16','17','18','19','20','21','22','23','24','25','26')  [ RunTime:0.0003s ]
SQL: SELECT `role_id` FROM `manager_role` WHERE `manager_id` = 1  [ RunTime:0.0002s ]
SQL: SELECT `auth_id` FROM `role_auth` WHERE `role_id` IN ('1')  [ RunTime:0.0002s ]
SQL: SELECT * FROM `auth` WHERE `auth_pid` = 0  [ RunTime:0.0002s ]
SQL: SELECT * FROM `auth` WHERE `auth_pid` = 1 AND `auth_type` = 1  [ RunTime:0.0002s ]
SQL: SELECT * FROM `auth` WHERE `auth_pid` = 42 AND `auth_type` = 1  [ RunTime:0.0002s ]
SQL: SELECT * FROM `auth` WHERE `auth_pid` = 52 AND `auth_type` = 1  [ RunTime:0.0002s ]
SQL: SELECT * FROM `auth` WHERE `auth_pid` = 57 AND `auth_type` = 1  [ RunTime:0.0002s ]
SQL: SELECT * FROM `auth` WHERE `auth_pid` = 60 AND `auth_type` = 1  [ RunTime:0.0002s ]
INFO: [ view_parse ] --START--
INFO: [ template_filter ] --START--
INFO: Run Behavior\ContentReplaceBehavior [ RunTime:0.000069s ]
INFO: [ template_filter ] --END-- [ RunTime:0.000120s ]
INFO: Run Behavior\ParseTemplateBehavior [ RunTime:0.009496s ]
INFO: [ view_parse ] --END-- [ RunTime:0.009565s ]
INFO: [ view_filter ] --START--
INFO: Run Behavior\WriteHtmlCacheBehavior [ RunTime:0.000366s ]
INFO: [ view_filter ] --END-- [ RunTime:0.000412s ]
INFO: [ app_end ] --START--
INFO: Run Behavior\ShowPageTraceBehavior [ RunTime:0.000650s ]
INFO: [ app_end ] --END-- [ RunTime:0.000702s ]

[ 2018-09-10T14:23:06+08:00 ] 119.129.114.87 /sifaju/gt/Admin/Index/welcome.html
INFO: [ app_init ] --START--
INFO: Run Behavior\BuildLiteBehavior [ RunTime:0.000020s ]
INFO: [ app_init ] --END-- [ RunTime:0.000337s ]
INFO: [ app_begin ] --START--
INFO: Run Behavior\ReadHtmlCacheBehavior [ RunTime:0.000574s ]
INFO: [ app_begin ] --END-- [ RunTime:0.000633s ]
SQL: SHOW COLUMNS FROM `manager_role` [ RunTime:0.0037s ]
SQL: SELECT `role_id` FROM `manager_role` WHERE `manager_id` = 1  [ RunTime:0.0002s ]
SQL: SHOW COLUMNS FROM `role_auth` [ RunTime:0.0039s ]
SQL: SELECT `auth_id` FROM `role_auth` WHERE `role_id` IN ('1')  [ RunTime:0.0003s ]
SQL: SHOW COLUMNS FROM `auth` [ RunTime:0.0070s ]
SQL: SELECT concat(auth_controller,'-',auth_action) as ids FROM `auth` WHERE `auth_id` IN ('1','2','3','4','5','6','7','8','9','10','11','12','13','14','15','16','17','18','19','20','21','22','23','24','25','26')  [ RunTime:0.0003s ]
INFO: [ view_parse ] --START--
INFO: [ template_filter ] --START--
INFO: Run Behavior\ContentReplaceBehavior [ RunTime:0.000065s ]
INFO: [ template_filter ] --END-- [ RunTime:0.000133s ]
INFO: Run Behavior\ParseTemplateBehavior [ RunTime:0.007224s ]
INFO: [ view_parse ] --END-- [ RunTime:0.007289s ]
INFO: [ view_filter ] --START--
INFO: Run Behavior\WriteHtmlCacheBehavior [ RunTime:0.000354s ]
INFO: [ view_filter ] --END-- [ RunTime:0.000399s ]
INFO: [ app_end ] --START--
INFO: Run Behavior\ShowPageTraceBehavior [ RunTime:0.000623s ]
INFO: [ app_end ] --END-- [ RunTime:0.000672s ]

[ 2018-09-10T14:24:11+08:00 ] 119.129.114.87 /sifaju/gt/Admin/User/showlist
INFO: [ app_init ] --START--
INFO: Run Behavior\BuildLiteBehavior [ RunTime:0.000024s ]
INFO: [ app_init ] --END-- [ RunTime:0.000425s ]
INFO: [ app_begin ] --START--
INFO: Run Behavior\ReadHtmlCacheBehavior [ RunTime:0.000724s ]
INFO: [ app_begin ] --END-- [ RunTime:0.000787s ]
SQL: SHOW COLUMNS FROM `manager_role` [ RunTime:0.0038s ]
SQL: SELECT `role_id` FROM `manager_role` WHERE `manager_id` = 1  [ RunTime:0.0002s ]
SQL: SHOW COLUMNS FROM `role_auth` [ RunTime:0.0036s ]
SQL: SELECT `auth_id` FROM `role_auth` WHERE `role_id` IN ('1')  [ RunTime:0.0003s ]
SQL: SHOW COLUMNS FROM `auth` [ RunTime:0.0055s ]
SQL: SELECT concat(auth_controller,'-',auth_action) as ids FROM `auth` WHERE `auth_id` IN ('1','2','3','4','5','6','7','8','9','10','11','12','13','14','15','16','17','18','19','20','21','22','23','24','25','26')  [ RunTime:0.0003s ]
SQL: SHOW COLUMNS FROM `user` [ RunTime:0.0050s ]
SQL: SELECT * FROM user as a INNER JOIN studystatus as b on b.user_id = a.user_id  ORDER BY a.user_id desc LIMIT 0,6   [ RunTime:0.0005s ]
SQL: SHOW COLUMNS FROM `user` [ RunTime:0.0047s ]
SQL: SELECT COUNT(*) AS tp_count FROM `user` LIMIT 1   [ RunTime:0.0002s ]
INFO: [ view_parse ] --START--
INFO: [ template_filter ] --START--
INFO: Run Behavior\ContentReplaceBehavior [ RunTime:0.000067s ]
INFO: [ template_filter ] --END-- [ RunTime:0.000119s ]
INFO: Run Behavior\ParseTemplateBehavior [ RunTime:0.008886s ]
INFO: [ view_parse ] --END-- [ RunTime:0.008945s ]
INFO: [ view_filter ] --START--
INFO: Run Behavior\WriteHtmlCacheBehavior [ RunTime:0.000461s ]
INFO: [ view_filter ] --END-- [ RunTime:0.000514s ]
INFO: [ app_end ] --START--
INFO: Run Behavior\ShowPageTraceBehavior [ RunTime:0.000701s ]
INFO: [ app_end ] --END-- [ RunTime:0.000753s ]

[ 2018-09-10T14:29:39+08:00 ] 119.129.114.87 /sifaju/gt/Admin/Index/index
INFO: [ app_init ] --START--
INFO: Run Behavior\BuildLiteBehavior [ RunTime:0.000020s ]
INFO: [ app_init ] --END-- [ RunTime:0.000407s ]
INFO: [ app_begin ] --START--
INFO: Run Behavior\ReadHtmlCacheBehavior [ RunTime:0.000602s ]
INFO: [ app_begin ] --END-- [ RunTime:0.000661s ]
SQL: SHOW COLUMNS FROM `manager_role` [ RunTime:0.0038s ]
SQL: SELECT `role_id` FROM `manager_role` WHERE `manager_id` = 1  [ RunTime:0.0002s ]
SQL: SHOW COLUMNS FROM `role_auth` [ RunTime:0.0031s ]
SQL: SELECT `auth_id` FROM `role_auth` WHERE `role_id` IN ('1')  [ RunTime:0.0003s ]
SQL: SHOW COLUMNS FROM `auth` [ RunTime:0.0047s ]
SQL: SELECT concat(auth_controller,'-',auth_action) as ids FROM `auth` WHERE `auth_id` IN ('1','2','3','4','5','6','7','8','9','10','11','12','13','14','15','16','17','18','19','20','21','22','23','24','25','26')  [ RunTime:0.0003s ]
SQL: SELECT `role_id` FROM `manager_role` WHERE `manager_id` = 1  [ RunTime:0.0002s ]
SQL: SELECT `auth_id` FROM `role_auth` WHERE `role_id` IN ('1')  [ RunTime:0.0002s ]
SQL: SELECT * FROM `auth` WHERE `auth_pid` = 0  [ RunTime:0.0002s ]
SQL: SELECT * FROM `auth` WHERE `auth_pid` = 1 AND `auth_type` = 1  [ RunTime:0.0002s ]
SQL: SELECT * FROM `auth` WHERE `auth_pid` = 42 AND `auth_type` = 1  [ RunTime:0.0002s ]
SQL: SELECT * FROM `auth` WHERE `auth_pid` = 52 AND `auth_type` = 1  [ RunTime:0.0002s ]
SQL: SELECT * FROM `auth` WHERE `auth_pid` = 57 AND `auth_type` = 1  [ RunTime:0.0002s ]
SQL: SELECT * FROM `auth` WHERE `auth_pid` = 60 AND `auth_type` = 1  [ RunTime:0.0002s ]
INFO: [ view_parse ] --START--
INFO: [ template_filter ] --START--
INFO: Run Behavior\ContentReplaceBehavior [ RunTime:0.000078s ]
INFO: [ template_filter ] --END-- [ RunTime:0.000136s ]
INFO: Run Behavior\ParseTemplateBehavior [ RunTime:0.009887s ]
INFO: [ view_parse ] --END-- [ RunTime:0.009963s ]
INFO: [ view_filter ] --START--
INFO: Run Behavior\WriteHtmlCacheBehavior [ RunTime:0.000365s ]
INFO: [ view_filter ] --END-- [ RunTime:0.000411s ]
INFO: [ app_end ] --START--
INFO: Run Behavior\ShowPageTraceBehavior [ RunTime:0.000686s ]
INFO: [ app_end ] --END-- [ RunTime:0.000745s ]

[ 2018-09-10T14:29:40+08:00 ] 119.129.114.87 /sifaju/gt/Admin/Index/welcome.html
INFO: [ app_init ] --START--
INFO: Run Behavior\BuildLiteBehavior [ RunTime:0.000022s ]
INFO: [ app_init ] --END-- [ RunTime:0.000386s ]
INFO: [ app_begin ] --START--
INFO: Run Behavior\ReadHtmlCacheBehavior [ RunTime:0.000719s ]
INFO: [ app_begin ] --END-- [ RunTime:0.000780s ]
SQL: SHOW COLUMNS FROM `manager_role` [ RunTime:0.0042s ]
SQL: SELECT `role_id` FROM `manager_role` WHERE `manager_id` = 1  [ RunTime:0.0002s ]
SQL: SHOW COLUMNS FROM `role_auth` [ RunTime:0.0049s ]
SQL: SELECT `auth_id` FROM `role_auth` WHERE `role_id` IN ('1')  [ RunTime:0.0003s ]
SQL: SHOW COLUMNS FROM `auth` [ RunTime:0.0065s ]
SQL: SELECT concat(auth_controller,'-',auth_action) as ids FROM `auth` WHERE `auth_id` IN ('1','2','3','4','5','6','7','8','9','10','11','12','13','14','15','16','17','18','19','20','21','22','23','24','25','26')  [ RunTime:0.0003s ]
INFO: [ view_parse ] --START--
INFO: [ template_filter ] --START--
INFO: Run Behavior\ContentReplaceBehavior [ RunTime:0.000058s ]
INFO: [ template_filter ] --END-- [ RunTime:0.000120s ]
INFO: Run Behavior\ParseTemplateBehavior [ RunTime:0.007567s ]
INFO: [ view_parse ] --END-- [ RunTime:0.007629s ]
INFO: [ view_filter ] --START--
INFO: Run Behavior\WriteHtmlCacheBehavior [ RunTime:0.000336s ]
INFO: [ view_filter ] --END-- [ RunTime:0.000412s ]
INFO: [ app_end ] --START--
INFO: Run Behavior\ShowPageTraceBehavior [ RunTime:0.000605s ]
INFO: [ app_end ] --END-- [ RunTime:0.000653s ]

[ 2018-09-10T14:29:43+08:00 ] 119.129.114.87 /sifaju/gt/Admin/User/showlist
INFO: [ app_init ] --START--
INFO: Run Behavior\BuildLiteBehavior [ RunTime:0.000021s ]
INFO: [ app_init ] --END-- [ RunTime:0.000388s ]
INFO: [ app_begin ] --START--
INFO: Run Behavior\ReadHtmlCacheBehavior [ RunTime:0.000587s ]
INFO: [ app_begin ] --END-- [ RunTime:0.000646s ]
SQL: SHOW COLUMNS FROM `manager_role` [ RunTime:0.0044s ]
SQL: SELECT `role_id` FROM `manager_role` WHERE `manager_id` = 1  [ RunTime:0.0002s ]
SQL: SHOW COLUMNS FROM `role_auth` [ RunTime:0.0031s ]
SQL: SELECT `auth_id` FROM `role_auth` WHERE `role_id` IN ('1')  [ RunTime:0.0003s ]
SQL: SHOW COLUMNS FROM `auth` [ RunTime:0.0048s ]
SQL: SELECT concat(auth_controller,'-',auth_action) as ids FROM `auth` WHERE `auth_id` IN ('1','2','3','4','5','6','7','8','9','10','11','12','13','14','15','16','17','18','19','20','21','22','23','24','25','26')  [ RunTime:0.0003s ]
SQL: SHOW COLUMNS FROM `user` [ RunTime:0.0045s ]
SQL: SELECT * FROM user as a INNER JOIN studystatus as b on b.user_id = a.user_id  ORDER BY a.user_id desc LIMIT 0,6   [ RunTime:0.0005s ]
SQL: SHOW COLUMNS FROM `user` [ RunTime:0.0073s ]
SQL: SELECT COUNT(*) AS tp_count FROM `user` LIMIT 1   [ RunTime:0.0002s ]
INFO: [ view_parse ] --START--
INFO: [ template_filter ] --START--
INFO: Run Behavior\ContentReplaceBehavior [ RunTime:0.000064s ]
INFO: [ template_filter ] --END-- [ RunTime:0.000118s ]
INFO: Run Behavior\ParseTemplateBehavior [ RunTime:0.008263s ]
INFO: [ view_parse ] --END-- [ RunTime:0.008324s ]
INFO: [ view_filter ] --START--
INFO: Run Behavior\WriteHtmlCacheBehavior [ RunTime:0.000341s ]
INFO: [ view_filter ] --END-- [ RunTime:0.000384s ]
INFO: [ app_end ] --START--
INFO: Run Behavior\ShowPageTraceBehavior [ RunTime:0.000613s ]
INFO: [ app_end ] --END-- [ RunTime:0.000664s ]

[ 2018-09-10T14:29:56+08:00 ] 119.129.114.87 /sifaju/gt/Admin/Index/index
INFO: [ app_init ] --START--
INFO: Run Behavior\BuildLiteBehavior [ RunTime:0.000021s ]
INFO: [ app_init ] --END-- [ RunTime:0.000385s ]
INFO: [ app_begin ] --START--
INFO: Run Behavior\ReadHtmlCacheBehavior [ RunTime:0.000686s ]
INFO: [ app_begin ] --END-- [ RunTime:0.000749s ]
SQL: SHOW COLUMNS FROM `manager_role` [ RunTime:0.0052s ]
SQL: SELECT `role_id` FROM `manager_role` WHERE `manager_id` = 1  [ RunTime:0.0002s ]
SQL: SHOW COLUMNS FROM `role_auth` [ RunTime:0.0046s ]
SQL: SELECT `auth_id` FROM `role_auth` WHERE `role_id` IN ('1')  [ RunTime:0.0003s ]
SQL: SHOW COLUMNS FROM `auth` [ RunTime:0.0053s ]
SQL: SELECT concat(auth_controller,'-',auth_action) as ids FROM `auth` WHERE `auth_id` IN ('1','2','3','4','5','6','7','8','9','10','11','12','13','14','15','16','17','18','19','20','21','22','23','24','25','26')  [ RunTime:0.0003s ]
SQL: SELECT `role_id` FROM `manager_role` WHERE `manager_id` = 1  [ RunTime:0.0002s ]
SQL: SELECT `auth_id` FROM `role_auth` WHERE `role_id` IN ('1')  [ RunTime:0.0002s ]
SQL: SELECT * FROM `auth` WHERE `auth_pid` = 0  [ RunTime:0.0002s ]
SQL: SELECT * FROM `auth` WHERE `auth_pid` = 1 AND `auth_type` = 1  [ RunTime:0.0002s ]
SQL: SELECT * FROM `auth` WHERE `auth_pid` = 42 AND `auth_type` = 1  [ RunTime:0.0003s ]
SQL: SELECT * FROM `auth` WHERE `auth_pid` = 52 AND `auth_type` = 1  [ RunTime:0.0002s ]
SQL: SELECT * FROM `auth` WHERE `auth_pid` = 57 AND `auth_type` = 1  [ RunTime:0.0002s ]
SQL: SELECT * FROM `auth` WHERE `auth_pid` = 60 AND `auth_type` = 1  [ RunTime:0.0002s ]
INFO: [ view_parse ] --START--
INFO: [ template_filter ] --START--
INFO: Run Behavior\ContentReplaceBehavior [ RunTime:0.000076s ]
INFO: [ template_filter ] --END-- [ RunTime:0.000133s ]
INFO: Run Behavior\ParseTemplateBehavior [ RunTime:0.010283s ]
INFO: [ view_parse ] --END-- [ RunTime:0.010370s ]
INFO: [ view_filter ] --START--
INFO: Run Behavior\WriteHtmlCacheBehavior [ RunTime:0.000421s ]
INFO: [ view_filter ] --END-- [ RunTime:0.000466s ]
INFO: [ app_end ] --START--
INFO: Run Behavior\ShowPageTraceBehavior [ RunTime:0.000625s ]
INFO: [ app_end ] --END-- [ RunTime:0.000683s ]

[ 2018-09-10T14:29:57+08:00 ] 119.129.114.87 /sifaju/gt/Admin/Index/welcome.html
INFO: [ app_init ] --START--
INFO: Run Behavior\BuildLiteBehavior [ RunTime:0.000019s ]
INFO: [ app_init ] --END-- [ RunTime:0.000370s ]
INFO: [ app_begin ] --START--
INFO: Run Behavior\ReadHtmlCacheBehavior [ RunTime:0.000636s ]
INFO: [ app_begin ] --END-- [ RunTime:0.000695s ]
SQL: SHOW COLUMNS FROM `manager_role` [ RunTime:0.0054s ]
SQL: SELECT `role_id` FROM `manager_role` WHERE `manager_id` = 1  [ RunTime:0.0003s ]
SQL: SHOW COLUMNS FROM `role_auth` [ RunTime:0.0033s ]
SQL: SELECT `auth_id` FROM `role_auth` WHERE `role_id` IN ('1')  [ RunTime:0.0003s ]
SQL: SHOW COLUMNS FROM `auth` [ RunTime:0.0054s ]
SQL: SELECT concat(auth_controller,'-',auth_action) as ids FROM `auth` WHERE `auth_id` IN ('1','2','3','4','5','6','7','8','9','10','11','12','13','14','15','16','17','18','19','20','21','22','23','24','25','26')  [ RunTime:0.0003s ]
INFO: [ view_parse ] --START--
INFO: [ template_filter ] --START--
INFO: Run Behavior\ContentReplaceBehavior [ RunTime:0.000060s ]
INFO: [ template_filter ] --END-- [ RunTime:0.000145s ]
INFO: Run Behavior\ParseTemplateBehavior [ RunTime:0.007495s ]
INFO: [ view_parse ] --END-- [ RunTime:0.007574s ]
INFO: [ view_filter ] --START--
INFO: Run Behavior\WriteHtmlCacheBehavior [ RunTime:0.000405s ]
INFO: [ view_filter ] --END-- [ RunTime:0.000458s ]
INFO: [ app_end ] --START--
INFO: Run Behavior\ShowPageTraceBehavior [ RunTime:0.000675s ]
INFO: [ app_end ] --END-- [ RunTime:0.000725s ]

[ 2018-09-10T14:29:59+08:00 ] 119.129.114.87 /sifaju/gt/Admin/User/showlist
INFO: [ app_init ] --START--
INFO: Run Behavior\BuildLiteBehavior [ RunTime:0.000021s ]
INFO: [ app_init ] --END-- [ RunTime:0.000373s ]
INFO: [ app_begin ] --START--
INFO: Run Behavior\ReadHtmlCacheBehavior [ RunTime:0.000699s ]
INFO: [ app_begin ] --END-- [ RunTime:0.000773s ]
SQL: SHOW COLUMNS FROM `manager_role` [ RunTime:0.0107s ]
SQL: SELECT `role_id` FROM `manager_role` WHERE `manager_id` = 1  [ RunTime:0.0002s ]
SQL: SHOW COLUMNS FROM `role_auth` [ RunTime:0.0054s ]
SQL: SELECT `auth_id` FROM `role_auth` WHERE `role_id` IN ('1')  [ RunTime:0.0003s ]
SQL: SHOW COLUMNS FROM `auth` [ RunTime:0.0049s ]
SQL: SELECT concat(auth_controller,'-',auth_action) as ids FROM `auth` WHERE `auth_id` IN ('1','2','3','4','5','6','7','8','9','10','11','12','13','14','15','16','17','18','19','20','21','22','23','24','25','26')  [ RunTime:0.0003s ]
SQL: SHOW COLUMNS FROM `user` [ RunTime:0.0092s ]
SQL: SELECT * FROM user as a INNER JOIN studystatus as b on b.user_id = a.user_id  ORDER BY a.user_id desc LIMIT 0,6   [ RunTime:0.0005s ]
SQL: SHOW COLUMNS FROM `user` [ RunTime:0.0049s ]
SQL: SELECT COUNT(*) AS tp_count FROM `user` LIMIT 1   [ RunTime:0.0002s ]
INFO: [ view_parse ] --START--
INFO: [ template_filter ] --START--
INFO: Run Behavior\ContentReplaceBehavior [ RunTime:0.000068s ]
INFO: [ template_filter ] --END-- [ RunTime:0.000128s ]
INFO: Run Behavior\ParseTemplateBehavior [ RunTime:0.008231s ]
INFO: [ view_parse ] --END-- [ RunTime:0.008292s ]
INFO: [ view_filter ] --START--
INFO: Run Behavior\WriteHtmlCacheBehavior [ RunTime:0.000369s ]
INFO: [ view_filter ] --END-- [ RunTime:0.000413s ]
INFO: [ app_end ] --START--
INFO: Run Behavior\ShowPageTraceBehavior [ RunTime:0.000632s ]
INFO: [ app_end ] --END-- [ RunTime:0.000683s ]

[ 2018-09-10T14:31:57+08:00 ] 119.129.114.87 /sifaju/gt/Admin/Index/index
INFO: [ app_init ] --START--
INFO: Run Behavior\BuildLiteBehavior [ RunTime:0.000022s ]
INFO: [ app_init ] --END-- [ RunTime:0.000392s ]
INFO: [ app_begin ] --START--
INFO: Run Behavior\ReadHtmlCacheBehavior [ RunTime:0.000725s ]
INFO: [ app_begin ] --END-- [ RunTime:0.000785s ]
SQL: SHOW COLUMNS FROM `manager_role` [ RunTime:0.0055s ]
SQL: SELECT `role_id` FROM `manager_role` WHERE `manager_id` = 1  [ RunTime:0.0002s ]
SQL: SHOW COLUMNS FROM `role_auth` [ RunTime:0.0047s ]
SQL: SELECT `auth_id` FROM `role_auth` WHERE `role_id` IN ('1')  [ RunTime:0.0004s ]
SQL: SHOW COLUMNS FROM `auth` [ RunTime:0.0084s ]
SQL: SELECT concat(auth_controller,'-',auth_action) as ids FROM `auth` WHERE `auth_id` IN ('1','2','3','4','5','6','7','8','9','10','11','12','13','14','15','16','17','18','19','20','21','22','23','24','25','26')  [ RunTime:0.0004s ]
SQL: SELECT `role_id` FROM `manager_role` WHERE `manager_id` = 1  [ RunTime:0.0002s ]
SQL: SELECT `auth_id` FROM `role_auth` WHERE `role_id` IN ('1')  [ RunTime:0.0002s ]
SQL: SELECT * FROM `auth` WHERE `auth_pid` = 0  [ RunTime:0.0002s ]
SQL: SELECT * FROM `auth` WHERE `auth_pid` = 1 AND `auth_type` = 1  [ RunTime:0.0003s ]
SQL: SELECT * FROM `auth` WHERE `auth_pid` = 42 AND `auth_type` = 1  [ RunTime:0.0003s ]
SQL: SELECT * FROM `auth` WHERE `auth_pid` = 52 AND `auth_type` = 1  [ RunTime:0.0003s ]
SQL: SELECT * FROM `auth` WHERE `auth_pid` = 57 AND `auth_type` = 1  [ RunTime:0.0002s ]
SQL: SELECT * FROM `auth` WHERE `auth_pid` = 60 AND `auth_type` = 1  [ RunTime:0.0002s ]
INFO: [ view_parse ] --START--
INFO: [ template_filter ] --START--
INFO: Run Behavior\ContentReplaceBehavior [ RunTime:0.000070s ]
INFO: [ template_filter ] --END-- [ RunTime:0.000122s ]
INFO: Run Behavior\ParseTemplateBehavior [ RunTime:0.009658s ]
INFO: [ view_parse ] --END-- [ RunTime:0.009749s ]
INFO: [ view_filter ] --START--
INFO: Run Behavior\WriteHtmlCacheBehavior [ RunTime:0.000439s ]
INFO: [ view_filter ] --END-- [ RunTime:0.000496s ]
INFO: [ app_end ] --START--
INFO: Run Behavior\ShowPageTraceBehavior [ RunTime:0.000677s ]
INFO: [ app_end ] --END-- [ RunTime:0.000727s ]

[ 2018-09-10T14:31:58+08:00 ] 119.129.114.87 /sifaju/gt/Admin/Index/welcome.html
INFO: [ app_init ] --START--
INFO: Run Behavior\BuildLiteBehavior [ RunTime:0.000021s ]
INFO: [ app_init ] --END-- [ RunTime:0.000387s ]
INFO: [ app_begin ] --START--
INFO: Run Behavior\ReadHtmlCacheBehavior [ RunTime:0.000661s ]
INFO: [ app_begin ] --END-- [ RunTime:0.000722s ]
SQL: SHOW COLUMNS FROM `manager_role` [ RunTime:0.0039s ]
SQL: SELECT `role_id` FROM `manager_role` WHERE `manager_id` = 1  [ RunTime:0.0003s ]
SQL: SHOW COLUMNS FROM `role_auth` [ RunTime:0.0032s ]
SQL: SELECT `auth_id` FROM `role_auth` WHERE `role_id` IN ('1')  [ RunTime:0.0003s ]
SQL: SHOW COLUMNS FROM `auth` [ RunTime:0.0158s ]
SQL: SELECT concat(auth_controller,'-',auth_action) as ids FROM `auth` WHERE `auth_id` IN ('1','2','3','4','5','6','7','8','9','10','11','12','13','14','15','16','17','18','19','20','21','22','23','24','25','26')  [ RunTime:0.0003s ]
INFO: [ view_parse ] --START--
INFO: [ template_filter ] --START--
INFO: Run Behavior\ContentReplaceBehavior [ RunTime:0.000059s ]
INFO: [ template_filter ] --END-- [ RunTime:0.000124s ]
INFO: Run Behavior\ParseTemplateBehavior [ RunTime:0.007324s ]
INFO: [ view_parse ] --END-- [ RunTime:0.007389s ]
INFO: [ view_filter ] --START--
INFO: Run Behavior\WriteHtmlCacheBehavior [ RunTime:0.000429s ]
INFO: [ view_filter ] --END-- [ RunTime:0.000506s ]
INFO: [ app_end ] --START--
INFO: Run Behavior\ShowPageTraceBehavior [ RunTime:0.000714s ]
INFO: [ app_end ] --END-- [ RunTime:0.000837s ]

[ 2018-09-10T14:32:01+08:00 ] 119.129.114.87 /sifaju/gt/Admin/User/showlist
INFO: [ app_init ] --START--
INFO: Run Behavior\BuildLiteBehavior [ RunTime:0.000022s ]
INFO: [ app_init ] --END-- [ RunTime:0.000380s ]
INFO: [ app_begin ] --START--
INFO: Run Behavior\ReadHtmlCacheBehavior [ RunTime:0.000676s ]
INFO: [ app_begin ] --END-- [ RunTime:0.000740s ]
SQL: SHOW COLUMNS FROM `manager_role` [ RunTime:0.0057s ]
SQL: SELECT `role_id` FROM `manager_role` WHERE `manager_id` = 1  [ RunTime:0.0003s ]
SQL: SHOW COLUMNS FROM `role_auth` [ RunTime:0.0033s ]
SQL: SELECT `auth_id` FROM `role_auth` WHERE `role_id` IN ('1')  [ RunTime:0.0003s ]
SQL: SHOW COLUMNS FROM `auth` [ RunTime:0.0097s ]
SQL: SELECT concat(auth_controller,'-',auth_action) as ids FROM `auth` WHERE `auth_id` IN ('1','2','3','4','5','6','7','8','9','10','11','12','13','14','15','16','17','18','19','20','21','22','23','24','25','26')  [ RunTime:0.0004s ]
SQL: SHOW COLUMNS FROM `user` [ RunTime:0.0083s ]
SQL: SELECT * FROM user as a INNER JOIN studystatus as b on b.user_id = a.user_id  ORDER BY a.user_id desc LIMIT 0,6   [ RunTime:0.0007s ]
SQL: SHOW COLUMNS FROM `user` [ RunTime:0.0061s ]
SQL: SELECT COUNT(*) AS tp_count FROM `user` LIMIT 1   [ RunTime:0.0003s ]
INFO: [ view_parse ] --START--
INFO: [ template_filter ] --START--
INFO: Run Behavior\ContentReplaceBehavior [ RunTime:0.000068s ]
INFO: [ template_filter ] --END-- [ RunTime:0.000138s ]
INFO: Run Behavior\ParseTemplateBehavior [ RunTime:0.008776s ]
INFO: [ view_parse ] --END-- [ RunTime:0.008851s ]
INFO: [ view_filter ] --START--
INFO: Run Behavior\WriteHtmlCacheBehavior [ RunTime:0.000433s ]
INFO: [ view_filter ] --END-- [ RunTime:0.000480s ]
INFO: [ app_end ] --START--
INFO: Run Behavior\ShowPageTraceBehavior [ RunTime:0.000732s ]
INFO: [ app_end ] --END-- [ RunTime:0.000785s ]

