[ 2018-04-13T11:03:03+08:00 ] ::1 /shiji/Admin/Index/index
INFO: [ app_init ] --START--
INFO: Run Behavior\BuildLiteBehavior [ RunTime:0.000000s ]
INFO: [ app_init ] --END-- [ RunTime:0.000000s ]
INFO: [ app_begin ] --START--
INFO: Run Behavior\ReadHtmlCacheBehavior [ RunTime:0.001000s ]
INFO: [ app_begin ] --END-- [ RunTime:0.001000s ]
INFO: [ view_parse ] --START--
INFO: [ template_filter ] --START--
INFO: Run Behavior\ContentReplaceBehavior [ RunTime:0.000000s ]
INFO: [ template_filter ] --END-- [ RunTime:0.000000s ]
INFO: Run Behavior\ParseTemplateBehavior [ RunTime:0.021001s ]
INFO: [ view_parse ] --END-- [ RunTime:0.021001s ]
INFO: [ view_filter ] --START--
INFO: Run Behavior\WriteHtmlCacheBehavior [ RunTime:0.000000s ]
INFO: [ view_filter ] --END-- [ RunTime:0.000000s ]
INFO: [ app_end ] --START--
INFO: Run Behavior\ShowPageTraceBehavior [ RunTime:0.001000s ]
INFO: [ app_end ] --END-- [ RunTime:0.001000s ]

[ 2018-04-13T11:03:03+08:00 ] ::1 /shiji/Admin/Index/welcome.html
INFO: [ app_init ] --START--
INFO: Run Behavior\BuildLiteBehavior [ RunTime:0.000000s ]
INFO: [ app_init ] --END-- [ RunTime:0.000000s ]
INFO: [ app_begin ] --START--
INFO: Run Behavior\ReadHtmlCacheBehavior [ RunTime:0.001001s ]
INFO: [ app_begin ] --END-- [ RunTime:0.001001s ]
INFO: [ view_parse ] --START--
INFO: [ template_filter ] --START--
INFO: Run Behavior\ContentReplaceBehavior [ RunTime:0.000000s ]
INFO: [ template_filter ] --END-- [ RunTime:0.001000s ]
INFO: Run Behavior\ParseTemplateBehavior [ RunTime:0.009000s ]
INFO: [ view_parse ] --END-- [ RunTime:0.009000s ]
INFO: [ view_filter ] --START--
INFO: Run Behavior\WriteHtmlCacheBehavior [ RunTime:0.000000s ]
INFO: [ view_filter ] --END-- [ RunTime:0.000000s ]
INFO: [ app_end ] --START--
INFO: Run Behavior\ShowPageTraceBehavior [ RunTime:0.001000s ]
INFO: [ app_end ] --END-- [ RunTime:0.001000s ]

[ 2018-04-13T11:03:11+08:00 ] ::1 /shiji/Admin/Auth/showlist
INFO: [ app_init ] --START--
INFO: Run Behavior\BuildLiteBehavior [ RunTime:0.000000s ]
INFO: [ app_init ] --END-- [ RunTime:0.001000s ]
INFO: [ app_begin ] --START--
INFO: Run Behavior\ReadHtmlCacheBehavior [ RunTime:0.001000s ]
INFO: [ app_begin ] --END-- [ RunTime:0.001000s ]
SQL: SHOW COLUMNS FROM `auth` [ RunTime:0.0040s ]
SQL: SELECT `auth_id`,`auth_name`,`auth_module`,`auth_controller`,`auth_action` FROM `auth` WHERE `auth_pid` = 0  [ RunTime:0.0000s ]
SQL: SELECT `auth_id`,`auth_name`,`auth_module`,`auth_controller`,`auth_action` FROM `auth` WHERE `auth_pid` = 1  [ RunTime:0.0000s ]
SQL: SELECT `auth_id`,`auth_name`,`auth_module`,`auth_controller`,`auth_action` FROM `auth` WHERE `auth_pid` = 2  [ RunTime:0.0010s ]
SQL: SELECT `auth_id`,`auth_name`,`auth_module`,`auth_controller`,`auth_action` FROM `auth` WHERE `auth_pid` = 3  [ RunTime:0.0000s ]
SQL: SELECT `auth_id`,`auth_name`,`auth_module`,`auth_controller`,`auth_action` FROM `auth` WHERE `auth_pid` = 4  [ RunTime:0.0000s ]
SQL: SELECT `auth_id`,`auth_name`,`auth_module`,`auth_controller`,`auth_action` FROM `auth` WHERE `auth_pid` = 5  [ RunTime:0.0010s ]
SQL: SELECT `auth_id`,`auth_name`,`auth_module`,`auth_controller`,`auth_action` FROM `auth` WHERE `auth_pid` = 6  [ RunTime:0.0000s ]
SQL: SELECT `auth_id`,`auth_name`,`auth_module`,`auth_controller`,`auth_action` FROM `auth` WHERE `auth_pid` = 7  [ RunTime:0.0000s ]
SQL: SELECT `auth_id`,`auth_name`,`auth_module`,`auth_controller`,`auth_action` FROM `auth` WHERE `auth_pid` = 8  [ RunTime:0.0000s ]
SQL: SELECT `auth_id`,`auth_name`,`auth_module`,`auth_controller`,`auth_action` FROM `auth` WHERE `auth_pid` = 9  [ RunTime:0.0010s ]
SQL: SELECT `auth_id`,`auth_name`,`auth_module`,`auth_controller`,`auth_action` FROM `auth` WHERE `auth_pid` = 10  [ RunTime:0.0000s ]
SQL: SELECT `auth_id`,`auth_name`,`auth_module`,`auth_controller`,`auth_action` FROM `auth` WHERE `auth_pid` = 11  [ RunTime:0.0000s ]
SQL: SELECT `auth_id`,`auth_name`,`auth_module`,`auth_controller`,`auth_action` FROM `auth` WHERE `auth_pid` = 12  [ RunTime:0.0010s ]
SQL: SELECT `auth_id`,`auth_name`,`auth_module`,`auth_controller`,`auth_action` FROM `auth` WHERE `auth_pid` = 13  [ RunTime:0.0010s ]
SQL: SELECT `auth_id`,`auth_name`,`auth_module`,`auth_controller`,`auth_action` FROM `auth` WHERE `auth_pid` = 14  [ RunTime:0.0000s ]
SQL: SELECT `auth_id`,`auth_name`,`auth_module`,`auth_controller`,`auth_action` FROM `auth` WHERE `auth_pid` = 15  [ RunTime:0.0000s ]
SQL: SELECT `auth_id`,`auth_name`,`auth_module`,`auth_controller`,`auth_action` FROM `auth` WHERE `auth_pid` = 16  [ RunTime:0.0000s ]
SQL: SELECT `auth_id`,`auth_name`,`auth_module`,`auth_controller`,`auth_action` FROM `auth` WHERE `auth_pid` = 17  [ RunTime:0.0000s ]
SQL: SELECT `auth_id`,`auth_name`,`auth_module`,`auth_controller`,`auth_action` FROM `auth` WHERE `auth_pid` = 18  [ RunTime:0.0000s ]
SQL: SELECT `auth_id`,`auth_name`,`auth_module`,`auth_controller`,`auth_action` FROM `auth` WHERE `auth_pid` = 19  [ RunTime:0.0000s ]
SQL: SELECT `auth_id`,`auth_name`,`auth_module`,`auth_controller`,`auth_action` FROM `auth` WHERE `auth_pid` = 20  [ RunTime:0.0010s ]
SQL: SELECT `auth_id`,`auth_name`,`auth_module`,`auth_controller`,`auth_action` FROM `auth` WHERE `auth_pid` = 21  [ RunTime:0.0000s ]
SQL: SELECT `auth_id`,`auth_name`,`auth_module`,`auth_controller`,`auth_action` FROM `auth` WHERE `auth_pid` = 22  [ RunTime:0.0000s ]
SQL: SELECT `auth_id`,`auth_name`,`auth_module`,`auth_controller`,`auth_action` FROM `auth` WHERE `auth_pid` = 23  [ RunTime:0.0000s ]
SQL: SELECT `auth_id`,`auth_name`,`auth_module`,`auth_controller`,`auth_action` FROM `auth` WHERE `auth_pid` = 24  [ RunTime:0.0000s ]
SQL: SELECT `auth_id`,`auth_name`,`auth_module`,`auth_controller`,`auth_action` FROM `auth` WHERE `auth_pid` = 25  [ RunTime:0.0000s ]
SQL: SELECT `auth_id`,`auth_name`,`auth_module`,`auth_controller`,`auth_action` FROM `auth` WHERE `auth_pid` = 26  [ RunTime:0.0000s ]
SQL: SELECT `auth_id`,`auth_name`,`auth_module`,`auth_controller`,`auth_action` FROM `auth` WHERE `auth_pid` = 27  [ RunTime:0.0010s ]
SQL: SELECT `auth_id`,`auth_name`,`auth_module`,`auth_controller`,`auth_action` FROM `auth` WHERE `auth_pid` = 28  [ RunTime:0.0000s ]
SQL: SELECT `auth_id`,`auth_name`,`auth_module`,`auth_controller`,`auth_action` FROM `auth` WHERE `auth_pid` = 29  [ RunTime:0.0000s ]
INFO: [ view_parse ] --START--
INFO: [ template_filter ] --START--
INFO: Run Behavior\ContentReplaceBehavior [ RunTime:0.000000s ]
INFO: [ template_filter ] --END-- [ RunTime:0.000000s ]
INFO: Run Behavior\ParseTemplateBehavior [ RunTime:0.015001s ]
INFO: [ view_parse ] --END-- [ RunTime:0.015001s ]
INFO: [ view_filter ] --START--
INFO: Run Behavior\WriteHtmlCacheBehavior [ RunTime:0.000000s ]
INFO: [ view_filter ] --END-- [ RunTime:0.000000s ]
INFO: [ app_end ] --START--
INFO: Run Behavior\ShowPageTraceBehavior [ RunTime:0.001000s ]
INFO: [ app_end ] --END-- [ RunTime:0.001000s ]

[ 2018-04-13T11:03:11+08:00 ] ::1 /shiji/Admin/Role/showlist
INFO: [ app_init ] --START--
INFO: Run Behavior\BuildLiteBehavior [ RunTime:0.000000s ]
INFO: [ app_init ] --END-- [ RunTime:0.001000s ]
INFO: [ app_begin ] --START--
INFO: Run Behavior\ReadHtmlCacheBehavior [ RunTime:0.000000s ]
INFO: [ app_begin ] --END-- [ RunTime:0.002000s ]
SQL: SHOW COLUMNS FROM `role` [ RunTime:0.0020s ]
SQL: SELECT * FROM `role`  [ RunTime:0.0000s ]
INFO: [ view_parse ] --START--
INFO: [ template_filter ] --START--
INFO: Run Behavior\ContentReplaceBehavior [ RunTime:0.000000s ]
INFO: [ template_filter ] --END-- [ RunTime:0.000000s ]
INFO: Run Behavior\ParseTemplateBehavior [ RunTime:0.011000s ]
INFO: [ view_parse ] --END-- [ RunTime:0.011000s ]
INFO: [ view_filter ] --START--
INFO: Run Behavior\WriteHtmlCacheBehavior [ RunTime:0.000000s ]
INFO: [ view_filter ] --END-- [ RunTime:0.000000s ]
INFO: [ app_end ] --START--
INFO: Run Behavior\ShowPageTraceBehavior [ RunTime:0.001000s ]
INFO: [ app_end ] --END-- [ RunTime:0.001000s ]

[ 2018-04-13T11:03:14+08:00 ] ::1 /shiji/Admin/Role/append
INFO: [ app_init ] --START--
INFO: Run Behavior\BuildLiteBehavior [ RunTime:0.000000s ]
INFO: [ app_init ] --END-- [ RunTime:0.000000s ]
INFO: [ app_begin ] --START--
INFO: Run Behavior\ReadHtmlCacheBehavior [ RunTime:0.001000s ]
INFO: [ app_begin ] --END-- [ RunTime:0.001000s ]
SQL: SHOW COLUMNS FROM `auth` [ RunTime:0.0010s ]
SQL: SELECT `auth_id`,`auth_name` FROM `auth` WHERE `auth_pid` = 0  [ RunTime:0.0000s ]
SQL: SELECT `auth_id`,`auth_name` FROM `auth` WHERE `auth_pid` = 1  [ RunTime:0.0000s ]
SQL: SELECT `auth_id`,`auth_name` FROM `auth` WHERE `auth_pid` = 2  [ RunTime:0.0000s ]
SQL: SELECT `auth_id`,`auth_name` FROM `auth` WHERE `auth_pid` = 3  [ RunTime:0.0000s ]
SQL: SELECT `auth_id`,`auth_name` FROM `auth` WHERE `auth_pid` = 4  [ RunTime:0.0010s ]
SQL: SELECT `auth_id`,`auth_name` FROM `auth` WHERE `auth_pid` = 5  [ RunTime:0.0010s ]
SQL: SELECT `auth_id`,`auth_name` FROM `auth` WHERE `auth_pid` = 6  [ RunTime:0.0000s ]
SQL: SELECT `auth_id`,`auth_name` FROM `auth` WHERE `auth_pid` = 7  [ RunTime:0.0000s ]
SQL: SELECT `auth_id`,`auth_name` FROM `auth` WHERE `auth_pid` = 8  [ RunTime:0.0000s ]
SQL: SELECT `auth_id`,`auth_name` FROM `auth` WHERE `auth_pid` = 9  [ RunTime:0.0010s ]
SQL: SELECT `auth_id`,`auth_name` FROM `auth` WHERE `auth_pid` = 10  [ RunTime:0.0010s ]
SQL: SELECT `auth_id`,`auth_name` FROM `auth` WHERE `auth_pid` = 11  [ RunTime:0.0010s ]
SQL: SELECT `auth_id`,`auth_name` FROM `auth` WHERE `auth_pid` = 12  [ RunTime:0.0000s ]
SQL: SELECT `auth_id`,`auth_name` FROM `auth` WHERE `auth_pid` = 13  [ RunTime:0.0000s ]
SQL: SELECT `auth_id`,`auth_name` FROM `auth` WHERE `auth_pid` = 14  [ RunTime:0.0000s ]
SQL: SELECT `auth_id`,`auth_name` FROM `auth` WHERE `auth_pid` = 15  [ RunTime:0.0000s ]
SQL: SELECT `auth_id`,`auth_name` FROM `auth` WHERE `auth_pid` = 16  [ RunTime:0.0010s ]
SQL: SELECT `auth_id`,`auth_name` FROM `auth` WHERE `auth_pid` = 17  [ RunTime:0.0000s ]
SQL: SELECT `auth_id`,`auth_name` FROM `auth` WHERE `auth_pid` = 18  [ RunTime:0.0000s ]
SQL: SELECT `auth_id`,`auth_name` FROM `auth` WHERE `auth_pid` = 19  [ RunTime:0.0000s ]
SQL: SELECT `auth_id`,`auth_name` FROM `auth` WHERE `auth_pid` = 20  [ RunTime:0.0000s ]
SQL: SELECT `auth_id`,`auth_name` FROM `auth` WHERE `auth_pid` = 21  [ RunTime:0.0000s ]
SQL: SELECT `auth_id`,`auth_name` FROM `auth` WHERE `auth_pid` = 22  [ RunTime:0.0000s ]
SQL: SELECT `auth_id`,`auth_name` FROM `auth` WHERE `auth_pid` = 23  [ RunTime:0.0010s ]
SQL: SELECT `auth_id`,`auth_name` FROM `auth` WHERE `auth_pid` = 24  [ RunTime:0.0000s ]
SQL: SELECT `auth_id`,`auth_name` FROM `auth` WHERE `auth_pid` = 25  [ RunTime:0.0000s ]
SQL: SELECT `auth_id`,`auth_name` FROM `auth` WHERE `auth_pid` = 26  [ RunTime:0.0000s ]
SQL: SELECT `auth_id`,`auth_name` FROM `auth` WHERE `auth_pid` = 27  [ RunTime:0.0010s ]
SQL: SELECT `auth_id`,`auth_name` FROM `auth` WHERE `auth_pid` = 28  [ RunTime:0.0000s ]
SQL: SELECT `auth_id`,`auth_name` FROM `auth` WHERE `auth_pid` = 29  [ RunTime:0.0000s ]
SQL: SELECT * FROM `auth`  [ RunTime:0.0000s ]
INFO: [ view_parse ] --START--
INFO: [ template_filter ] --START--
INFO: Run Behavior\ContentReplaceBehavior [ RunTime:0.001000s ]
INFO: [ template_filter ] --END-- [ RunTime:0.001000s ]
INFO: Run Behavior\ParseTemplateBehavior [ RunTime:0.015000s ]
INFO: [ view_parse ] --END-- [ RunTime:0.015000s ]
INFO: [ view_filter ] --START--
INFO: Run Behavior\WriteHtmlCacheBehavior [ RunTime:0.000000s ]
INFO: [ view_filter ] --END-- [ RunTime:0.000000s ]
INFO: [ app_end ] --START--
INFO: Run Behavior\ShowPageTraceBehavior [ RunTime:0.000000s ]
INFO: [ app_end ] --END-- [ RunTime:0.000000s ]

[ 2018-04-13T11:03:22+08:00 ] ::1 /shiji/Admin/Role/append
INFO: [ app_init ] --START--
INFO: Run Behavior\BuildLiteBehavior [ RunTime:0.000000s ]
INFO: [ app_init ] --END-- [ RunTime:0.000000s ]
INFO: [ app_begin ] --START--
INFO: Run Behavior\ReadHtmlCacheBehavior [ RunTime:0.000000s ]
INFO: [ app_begin ] --END-- [ RunTime:0.000000s ]
SQL: SHOW COLUMNS FROM `role` [ RunTime:0.0020s ]
NOTIC: [8] Undefined index: validate C:\wamp\www\shiji\ThinkPHP\Library\Think\Model.class.php 第 1185 行.
NOTIC: [8] Undefined index: auto C:\wamp\www\shiji\ThinkPHP\Library\Think\Model.class.php 第 1128 行.
SQL: INSERT INTO `role` (`role_name`) VALUES ('产品管理员') [ RunTime:0.0070s ]
SQL: SHOW COLUMNS FROM `role_auth` [ RunTime:0.0010s ]
SQL: INSERT INTO `role_auth` (`role_id`,`auth_id`) VALUES ('4','14') [ RunTime:0.0010s ]
SQL: INSERT INTO `role_auth` (`role_id`,`auth_id`) VALUES ('4','15') [ RunTime:0.0010s ]
SQL: INSERT INTO `role_auth` (`role_id`,`auth_id`) VALUES ('4','16') [ RunTime:0.0010s ]
SQL: INSERT INTO `role_auth` (`role_id`,`auth_id`) VALUES ('4','17') [ RunTime:0.0010s ]
SQL: INSERT INTO `role_auth` (`role_id`,`auth_id`) VALUES ('4','18') [ RunTime:0.0010s ]
SQL: INSERT INTO `role_auth` (`role_id`,`auth_id`) VALUES ('4','19') [ RunTime:0.0010s ]
SQL: INSERT INTO `role_auth` (`role_id`,`auth_id`) VALUES ('4','20') [ RunTime:0.0010s ]
SQL: INSERT INTO `role_auth` (`role_id`,`auth_id`) VALUES ('4','21') [ RunTime:0.0000s ]
SQL: INSERT INTO `role_auth` (`role_id`,`auth_id`) VALUES ('4','22') [ RunTime:0.0000s ]
SQL: INSERT INTO `role_auth` (`role_id`,`auth_id`) VALUES ('4','23') [ RunTime:0.0010s ]
SQL: INSERT INTO `role_auth` (`role_id`,`auth_id`) VALUES ('4','24') [ RunTime:0.0010s ]
SQL: INSERT INTO `role_auth` (`role_id`,`auth_id`) VALUES ('4','25') [ RunTime:0.0010s ]
SQL: INSERT INTO `role_auth` (`role_id`,`auth_id`) VALUES ('4','26') [ RunTime:0.0010s ]
SQL: INSERT INTO `role_auth` (`role_id`,`auth_id`) VALUES ('4','27') [ RunTime:0.0000s ]
SQL: INSERT INTO `role_auth` (`role_id`,`auth_id`) VALUES ('4','28') [ RunTime:0.0010s ]
SQL: INSERT INTO `role_auth` (`role_id`,`auth_id`) VALUES ('4','29') [ RunTime:0.0000s ]

[ 2018-04-13T11:03:23+08:00 ] ::1 /shiji/Admin/Role/showlist
INFO: [ app_init ] --START--
INFO: Run Behavior\BuildLiteBehavior [ RunTime:0.000000s ]
INFO: [ app_init ] --END-- [ RunTime:0.001000s ]
INFO: [ app_begin ] --START--
INFO: Run Behavior\ReadHtmlCacheBehavior [ RunTime:0.000000s ]
INFO: [ app_begin ] --END-- [ RunTime:0.000000s ]
SQL: SHOW COLUMNS FROM `role` [ RunTime:0.0040s ]
SQL: SELECT * FROM `role`  [ RunTime:0.0000s ]
INFO: [ view_parse ] --START--
INFO: [ template_filter ] --START--
INFO: Run Behavior\ContentReplaceBehavior [ RunTime:0.000000s ]
INFO: [ template_filter ] --END-- [ RunTime:0.000000s ]
INFO: Run Behavior\ParseTemplateBehavior [ RunTime:0.010001s ]
INFO: [ view_parse ] --END-- [ RunTime:0.010001s ]
INFO: [ view_filter ] --START--
INFO: Run Behavior\WriteHtmlCacheBehavior [ RunTime:0.000000s ]
INFO: [ view_filter ] --END-- [ RunTime:0.000000s ]
INFO: [ app_end ] --START--
INFO: Run Behavior\ShowPageTraceBehavior [ RunTime:0.001000s ]
INFO: [ app_end ] --END-- [ RunTime:0.001000s ]

[ 2018-04-13T11:03:24+08:00 ] ::1 /shiji/Admin/Role/showlist
INFO: [ app_init ] --START--
INFO: Run Behavior\BuildLiteBehavior [ RunTime:0.000000s ]
INFO: [ app_init ] --END-- [ RunTime:0.000000s ]
INFO: [ app_begin ] --START--
INFO: Run Behavior\ReadHtmlCacheBehavior [ RunTime:0.001000s ]
INFO: [ app_begin ] --END-- [ RunTime:0.001000s ]
SQL: SHOW COLUMNS FROM `role` [ RunTime:0.0020s ]
SQL: SELECT * FROM `role`  [ RunTime:0.0010s ]
INFO: [ view_parse ] --START--
INFO: [ template_filter ] --START--
INFO: Run Behavior\ContentReplaceBehavior [ RunTime:0.001000s ]
INFO: [ template_filter ] --END-- [ RunTime:0.001000s ]
INFO: Run Behavior\ParseTemplateBehavior [ RunTime:0.010000s ]
INFO: [ view_parse ] --END-- [ RunTime:0.010000s ]
INFO: [ view_filter ] --START--
INFO: Run Behavior\WriteHtmlCacheBehavior [ RunTime:0.000000s ]
INFO: [ view_filter ] --END-- [ RunTime:0.000000s ]
INFO: [ app_end ] --START--
INFO: Run Behavior\ShowPageTraceBehavior [ RunTime:0.001000s ]
INFO: [ app_end ] --END-- [ RunTime:0.001000s ]

[ 2018-04-13T11:05:41+08:00 ] ::1 /shiji/Admin/Role/showlist
INFO: [ app_init ] --START--
INFO: Run Behavior\BuildLiteBehavior [ RunTime:0.000000s ]
INFO: [ app_init ] --END-- [ RunTime:0.001000s ]
INFO: [ app_begin ] --START--
INFO: Run Behavior\ReadHtmlCacheBehavior [ RunTime:0.001000s ]
INFO: [ app_begin ] --END-- [ RunTime:0.001000s ]
SQL: SHOW COLUMNS FROM `role` [ RunTime:0.0010s ]
SQL: SELECT * FROM `role`  [ RunTime:0.0000s ]
INFO: [ view_parse ] --START--
INFO: [ template_filter ] --START--
INFO: Run Behavior\ContentReplaceBehavior [ RunTime:0.000000s ]
INFO: [ template_filter ] --END-- [ RunTime:0.001000s ]
INFO: Run Behavior\ParseTemplateBehavior [ RunTime:0.009001s ]
INFO: [ view_parse ] --END-- [ RunTime:0.009001s ]
INFO: [ view_filter ] --START--
INFO: Run Behavior\WriteHtmlCacheBehavior [ RunTime:0.001000s ]
INFO: [ view_filter ] --END-- [ RunTime:0.001000s ]
INFO: [ app_end ] --START--
INFO: Run Behavior\ShowPageTraceBehavior [ RunTime:0.001000s ]
INFO: [ app_end ] --END-- [ RunTime:0.001000s ]

[ 2018-04-13T11:05:42+08:00 ] ::1 /shiji/Admin/Role/append
INFO: [ app_init ] --START--
INFO: Run Behavior\BuildLiteBehavior [ RunTime:0.000000s ]
INFO: [ app_init ] --END-- [ RunTime:0.000000s ]
INFO: [ app_begin ] --START--
INFO: Run Behavior\ReadHtmlCacheBehavior [ RunTime:0.001000s ]
INFO: [ app_begin ] --END-- [ RunTime:0.002000s ]
SQL: SHOW COLUMNS FROM `auth` [ RunTime:0.0010s ]
SQL: SELECT `auth_id`,`auth_name` FROM `auth` WHERE `auth_pid` = 0  [ RunTime:0.0010s ]
SQL: SELECT `auth_id`,`auth_name` FROM `auth` WHERE `auth_pid` = 1  [ RunTime:0.0010s ]
SQL: SELECT `auth_id`,`auth_name` FROM `auth` WHERE `auth_pid` = 2  [ RunTime:0.0020s ]
SQL: SELECT `auth_id`,`auth_name` FROM `auth` WHERE `auth_pid` = 3  [ RunTime:0.0010s ]
SQL: SELECT `auth_id`,`auth_name` FROM `auth` WHERE `auth_pid` = 4  [ RunTime:0.0000s ]
SQL: SELECT `auth_id`,`auth_name` FROM `auth` WHERE `auth_pid` = 5  [ RunTime:0.0000s ]
SQL: SELECT `auth_id`,`auth_name` FROM `auth` WHERE `auth_pid` = 6  [ RunTime:0.0000s ]
SQL: SELECT `auth_id`,`auth_name` FROM `auth` WHERE `auth_pid` = 7  [ RunTime:0.0000s ]
SQL: SELECT `auth_id`,`auth_name` FROM `auth` WHERE `auth_pid` = 8  [ RunTime:0.0000s ]
SQL: SELECT `auth_id`,`auth_name` FROM `auth` WHERE `auth_pid` = 9  [ RunTime:0.0000s ]
SQL: SELECT `auth_id`,`auth_name` FROM `auth` WHERE `auth_pid` = 10  [ RunTime:0.0000s ]
SQL: SELECT `auth_id`,`auth_name` FROM `auth` WHERE `auth_pid` = 11  [ RunTime:0.0010s ]
SQL: SELECT `auth_id`,`auth_name` FROM `auth` WHERE `auth_pid` = 12  [ RunTime:0.0020s ]
SQL: SELECT `auth_id`,`auth_name` FROM `auth` WHERE `auth_pid` = 13  [ RunTime:0.0000s ]
SQL: SELECT `auth_id`,`auth_name` FROM `auth` WHERE `auth_pid` = 14  [ RunTime:0.0000s ]
SQL: SELECT `auth_id`,`auth_name` FROM `auth` WHERE `auth_pid` = 15  [ RunTime:0.0010s ]
SQL: SELECT `auth_id`,`auth_name` FROM `auth` WHERE `auth_pid` = 16  [ RunTime:0.0000s ]
SQL: SELECT `auth_id`,`auth_name` FROM `auth` WHERE `auth_pid` = 17  [ RunTime:0.0000s ]
SQL: SELECT `auth_id`,`auth_name` FROM `auth` WHERE `auth_pid` = 18  [ RunTime:0.0000s ]
SQL: SELECT `auth_id`,`auth_name` FROM `auth` WHERE `auth_pid` = 19  [ RunTime:0.0000s ]
SQL: SELECT `auth_id`,`auth_name` FROM `auth` WHERE `auth_pid` = 20  [ RunTime:0.0000s ]
SQL: SELECT `auth_id`,`auth_name` FROM `auth` WHERE `auth_pid` = 21  [ RunTime:0.0010s ]
SQL: SELECT `auth_id`,`auth_name` FROM `auth` WHERE `auth_pid` = 22  [ RunTime:0.0000s ]
SQL: SELECT `auth_id`,`auth_name` FROM `auth` WHERE `auth_pid` = 23  [ RunTime:0.0000s ]
SQL: SELECT `auth_id`,`auth_name` FROM `auth` WHERE `auth_pid` = 24  [ RunTime:0.0010s ]
SQL: SELECT `auth_id`,`auth_name` FROM `auth` WHERE `auth_pid` = 25  [ RunTime:0.0000s ]
SQL: SELECT `auth_id`,`auth_name` FROM `auth` WHERE `auth_pid` = 26  [ RunTime:0.0000s ]
SQL: SELECT `auth_id`,`auth_name` FROM `auth` WHERE `auth_pid` = 27  [ RunTime:0.0010s ]
SQL: SELECT `auth_id`,`auth_name` FROM `auth` WHERE `auth_pid` = 28  [ RunTime:0.0000s ]
SQL: SELECT `auth_id`,`auth_name` FROM `auth` WHERE `auth_pid` = 29  [ RunTime:0.0000s ]
SQL: SELECT * FROM `auth`  [ RunTime:0.0020s ]
INFO: [ view_parse ] --START--
INFO: [ template_filter ] --START--
INFO: Run Behavior\ContentReplaceBehavior [ RunTime:0.000000s ]
INFO: [ template_filter ] --END-- [ RunTime:0.000000s ]
INFO: Run Behavior\ParseTemplateBehavior [ RunTime:0.012001s ]
INFO: [ view_parse ] --END-- [ RunTime:0.012001s ]
INFO: [ view_filter ] --START--
INFO: Run Behavior\WriteHtmlCacheBehavior [ RunTime:0.001000s ]
INFO: [ view_filter ] --END-- [ RunTime:0.001000s ]
INFO: [ app_end ] --START--
INFO: Run Behavior\ShowPageTraceBehavior [ RunTime:0.001000s ]
INFO: [ app_end ] --END-- [ RunTime:0.001000s ]

[ 2018-04-13T11:05:59+08:00 ] ::1 /shiji/Admin/Role/append
INFO: [ app_init ] --START--
INFO: Run Behavior\BuildLiteBehavior [ RunTime:0.000000s ]
INFO: [ app_init ] --END-- [ RunTime:0.001000s ]
INFO: [ app_begin ] --START--
INFO: Run Behavior\ReadHtmlCacheBehavior [ RunTime:0.000000s ]
INFO: [ app_begin ] --END-- [ RunTime:0.001000s ]
SQL: SHOW COLUMNS FROM `role` [ RunTime:0.0020s ]
NOTIC: [8] Undefined index: validate C:\wamp\www\shiji\ThinkPHP\Library\Think\Model.class.php 第 1185 行.
NOTIC: [8] Undefined index: auto C:\wamp\www\shiji\ThinkPHP\Library\Think\Model.class.php 第 1128 行.
SQL: INSERT INTO `role` (`role_name`) VALUES ('产品管理员') [ RunTime:0.0070s ]
SQL: SHOW COLUMNS FROM `role_auth` [ RunTime:0.0010s ]
SQL: INSERT INTO `role_auth` (`role_id`,`auth_id`) VALUES ('5','1') [ RunTime:0.0010s ]
SQL: INSERT INTO `role_auth` (`role_id`,`auth_id`) VALUES ('5','2') [ RunTime:0.0010s ]
SQL: INSERT INTO `role_auth` (`role_id`,`auth_id`) VALUES ('5','3') [ RunTime:0.0010s ]
SQL: INSERT INTO `role_auth` (`role_id`,`auth_id`) VALUES ('5','4') [ RunTime:0.0010s ]
SQL: INSERT INTO `role_auth` (`role_id`,`auth_id`) VALUES ('5','5') [ RunTime:0.0010s ]

[ 2018-04-13T11:06:00+08:00 ] ::1 /shiji/Admin/Role/showlist
INFO: [ app_init ] --START--
INFO: Run Behavior\BuildLiteBehavior [ RunTime:0.000000s ]
INFO: [ app_init ] --END-- [ RunTime:0.000000s ]
INFO: [ app_begin ] --START--
INFO: Run Behavior\ReadHtmlCacheBehavior [ RunTime:0.000000s ]
INFO: [ app_begin ] --END-- [ RunTime:0.001000s ]
SQL: SHOW COLUMNS FROM `role` [ RunTime:0.0040s ]
SQL: SELECT * FROM `role`  [ RunTime:0.0000s ]
INFO: [ view_parse ] --START--
INFO: [ template_filter ] --START--
INFO: Run Behavior\ContentReplaceBehavior [ RunTime:0.000000s ]
INFO: [ template_filter ] --END-- [ RunTime:0.000000s ]
INFO: Run Behavior\ParseTemplateBehavior [ RunTime:0.009001s ]
INFO: [ view_parse ] --END-- [ RunTime:0.009001s ]
INFO: [ view_filter ] --START--
INFO: Run Behavior\WriteHtmlCacheBehavior [ RunTime:0.001000s ]
INFO: [ view_filter ] --END-- [ RunTime:0.001000s ]
INFO: [ app_end ] --START--
INFO: Run Behavior\ShowPageTraceBehavior [ RunTime:0.000000s ]
INFO: [ app_end ] --END-- [ RunTime:0.001000s ]

[ 2018-04-13T11:06:01+08:00 ] ::1 /shiji/Admin/Role/showlist
INFO: [ app_init ] --START--
INFO: Run Behavior\BuildLiteBehavior [ RunTime:0.000000s ]
INFO: [ app_init ] --END-- [ RunTime:0.000000s ]
INFO: [ app_begin ] --START--
INFO: Run Behavior\ReadHtmlCacheBehavior [ RunTime:0.001000s ]
INFO: [ app_begin ] --END-- [ RunTime:0.001000s ]
SQL: SHOW COLUMNS FROM `role` [ RunTime:0.0020s ]
SQL: SELECT * FROM `role`  [ RunTime:0.0000s ]
INFO: [ view_parse ] --START--
INFO: [ template_filter ] --START--
INFO: Run Behavior\ContentReplaceBehavior [ RunTime:0.000000s ]
INFO: [ template_filter ] --END-- [ RunTime:0.000000s ]
INFO: Run Behavior\ParseTemplateBehavior [ RunTime:0.009000s ]
INFO: [ view_parse ] --END-- [ RunTime:0.009000s ]
INFO: [ view_filter ] --START--
INFO: Run Behavior\WriteHtmlCacheBehavior [ RunTime:0.001000s ]
INFO: [ view_filter ] --END-- [ RunTime:0.001000s ]
INFO: [ app_end ] --START--
INFO: Run Behavior\ShowPageTraceBehavior [ RunTime:0.000000s ]
INFO: [ app_end ] --END-- [ RunTime:0.000000s ]

[ 2018-04-13T11:06:02+08:00 ] ::1 /shiji/Admin/Role/showlist
INFO: [ app_init ] --START--
INFO: Run Behavior\BuildLiteBehavior [ RunTime:0.000000s ]
INFO: [ app_init ] --END-- [ RunTime:0.001000s ]
INFO: [ app_begin ] --START--
INFO: Run Behavior\ReadHtmlCacheBehavior [ RunTime:0.001000s ]
INFO: [ app_begin ] --END-- [ RunTime:0.001000s ]
SQL: SHOW COLUMNS FROM `role` [ RunTime:0.0010s ]
SQL: SELECT * FROM `role`  [ RunTime:0.0000s ]
INFO: [ view_parse ] --START--
INFO: [ template_filter ] --START--
INFO: Run Behavior\ContentReplaceBehavior [ RunTime:0.000000s ]
INFO: [ template_filter ] --END-- [ RunTime:0.000000s ]
INFO: Run Behavior\ParseTemplateBehavior [ RunTime:0.009001s ]
INFO: [ view_parse ] --END-- [ RunTime:0.009001s ]
INFO: [ view_filter ] --START--
INFO: Run Behavior\WriteHtmlCacheBehavior [ RunTime:0.000000s ]
INFO: [ view_filter ] --END-- [ RunTime:0.000000s ]
INFO: [ app_end ] --START--
INFO: Run Behavior\ShowPageTraceBehavior [ RunTime:0.001000s ]
INFO: [ app_end ] --END-- [ RunTime:0.001000s ]

[ 2018-04-13T11:07:30+08:00 ] ::1 /shiji/Admin/Role/showlist
INFO: [ app_init ] --START--
INFO: Run Behavior\BuildLiteBehavior [ RunTime:0.000000s ]
INFO: [ app_init ] --END-- [ RunTime:0.000000s ]
INFO: [ app_begin ] --START--
INFO: Run Behavior\ReadHtmlCacheBehavior [ RunTime:0.000000s ]
INFO: [ app_begin ] --END-- [ RunTime:0.000000s ]
SQL: SHOW COLUMNS FROM `role` [ RunTime:0.0020s ]
SQL: SELECT * FROM `role`  [ RunTime:0.0000s ]
INFO: [ view_parse ] --START--
INFO: [ template_filter ] --START--
INFO: Run Behavior\ContentReplaceBehavior [ RunTime:0.001000s ]
INFO: [ template_filter ] --END-- [ RunTime:0.001000s ]
INFO: Run Behavior\ParseTemplateBehavior [ RunTime:0.009000s ]
INFO: [ view_parse ] --END-- [ RunTime:0.009000s ]
INFO: [ view_filter ] --START--
INFO: Run Behavior\WriteHtmlCacheBehavior [ RunTime:0.000000s ]
INFO: [ view_filter ] --END-- [ RunTime:0.000000s ]
INFO: [ app_end ] --START--
INFO: Run Behavior\ShowPageTraceBehavior [ RunTime:0.001000s ]
INFO: [ app_end ] --END-- [ RunTime:0.001000s ]

[ 2018-04-13T11:07:30+08:00 ] ::1 /shiji/Admin/Role/showlist
INFO: [ app_init ] --START--
INFO: Run Behavior\BuildLiteBehavior [ RunTime:0.000000s ]
INFO: [ app_init ] --END-- [ RunTime:0.000000s ]
INFO: [ app_begin ] --START--
INFO: Run Behavior\ReadHtmlCacheBehavior [ RunTime:0.000000s ]
INFO: [ app_begin ] --END-- [ RunTime:0.000000s ]
SQL: SHOW COLUMNS FROM `role` [ RunTime:0.0010s ]
SQL: SELECT * FROM `role`  [ RunTime:0.0000s ]
INFO: [ view_parse ] --START--
INFO: [ template_filter ] --START--
INFO: Run Behavior\ContentReplaceBehavior [ RunTime:0.000000s ]
INFO: [ template_filter ] --END-- [ RunTime:0.000000s ]
INFO: Run Behavior\ParseTemplateBehavior [ RunTime:0.010000s ]
INFO: [ view_parse ] --END-- [ RunTime:0.010000s ]
INFO: [ view_filter ] --START--
INFO: Run Behavior\WriteHtmlCacheBehavior [ RunTime:0.000000s ]
INFO: [ view_filter ] --END-- [ RunTime:0.000000s ]
INFO: [ app_end ] --START--
INFO: Run Behavior\ShowPageTraceBehavior [ RunTime:0.000000s ]
INFO: [ app_end ] --END-- [ RunTime:0.000000s ]

[ 2018-04-13T11:07:31+08:00 ] ::1 /shiji/Admin/Role/append
INFO: [ app_init ] --START--
INFO: Run Behavior\BuildLiteBehavior [ RunTime:0.000000s ]
INFO: [ app_init ] --END-- [ RunTime:0.001000s ]
INFO: [ app_begin ] --START--
INFO: Run Behavior\ReadHtmlCacheBehavior [ RunTime:0.001000s ]
INFO: [ app_begin ] --END-- [ RunTime:0.001000s ]
SQL: SHOW COLUMNS FROM `auth` [ RunTime:0.0020s ]
SQL: SELECT `auth_id`,`auth_name` FROM `auth` WHERE `auth_pid` = 0  [ RunTime:0.0010s ]
SQL: SELECT `auth_id`,`auth_name` FROM `auth` WHERE `auth_pid` = 1  [ RunTime:0.0010s ]
SQL: SELECT `auth_id`,`auth_name` FROM `auth` WHERE `auth_pid` = 2  [ RunTime:0.0020s ]
SQL: SELECT `auth_id`,`auth_name` FROM `auth` WHERE `auth_pid` = 3  [ RunTime:0.0010s ]
SQL: SELECT `auth_id`,`auth_name` FROM `auth` WHERE `auth_pid` = 4  [ RunTime:0.0010s ]
SQL: SELECT `auth_id`,`auth_name` FROM `auth` WHERE `auth_pid` = 5  [ RunTime:0.0020s ]
SQL: SELECT `auth_id`,`auth_name` FROM `auth` WHERE `auth_pid` = 6  [ RunTime:0.0000s ]
SQL: SELECT `auth_id`,`auth_name` FROM `auth` WHERE `auth_pid` = 7  [ RunTime:0.0010s ]
SQL: SELECT `auth_id`,`auth_name` FROM `auth` WHERE `auth_pid` = 8  [ RunTime:0.0000s ]
SQL: SELECT `auth_id`,`auth_name` FROM `auth` WHERE `auth_pid` = 9  [ RunTime:0.0000s ]
SQL: SELECT `auth_id`,`auth_name` FROM `auth` WHERE `auth_pid` = 10  [ RunTime:0.0010s ]
SQL: SELECT `auth_id`,`auth_name` FROM `auth` WHERE `auth_pid` = 11  [ RunTime:0.0000s ]
SQL: SELECT `auth_id`,`auth_name` FROM `auth` WHERE `auth_pid` = 12  [ RunTime:0.0000s ]
SQL: SELECT `auth_id`,`auth_name` FROM `auth` WHERE `auth_pid` = 13  [ RunTime:0.0000s ]
SQL: SELECT `auth_id`,`auth_name` FROM `auth` WHERE `auth_pid` = 14  [ RunTime:0.0000s ]
SQL: SELECT `auth_id`,`auth_name` FROM `auth` WHERE `auth_pid` = 15  [ RunTime:0.0000s ]
SQL: SELECT `auth_id`,`auth_name` FROM `auth` WHERE `auth_pid` = 16  [ RunTime:0.0000s ]
SQL: SELECT `auth_id`,`auth_name` FROM `auth` WHERE `auth_pid` = 17  [ RunTime:0.0010s ]
SQL: SELECT `auth_id`,`auth_name` FROM `auth` WHERE `auth_pid` = 18  [ RunTime:0.0000s ]
SQL: SELECT `auth_id`,`auth_name` FROM `auth` WHERE `auth_pid` = 19  [ RunTime:0.0010s ]
SQL: SELECT `auth_id`,`auth_name` FROM `auth` WHERE `auth_pid` = 20  [ RunTime:0.0010s ]
SQL: SELECT `auth_id`,`auth_name` FROM `auth` WHERE `auth_pid` = 21  [ RunTime:0.0000s ]
SQL: SELECT `auth_id`,`auth_name` FROM `auth` WHERE `auth_pid` = 22  [ RunTime:0.0000s ]
SQL: SELECT `auth_id`,`auth_name` FROM `auth` WHERE `auth_pid` = 23  [ RunTime:0.0000s ]
SQL: SELECT `auth_id`,`auth_name` FROM `auth` WHERE `auth_pid` = 24  [ RunTime:0.0000s ]
SQL: SELECT `auth_id`,`auth_name` FROM `auth` WHERE `auth_pid` = 25  [ RunTime:0.0010s ]
SQL: SELECT `auth_id`,`auth_name` FROM `auth` WHERE `auth_pid` = 26  [ RunTime:0.0000s ]
SQL: SELECT `auth_id`,`auth_name` FROM `auth` WHERE `auth_pid` = 27  [ RunTime:0.0000s ]
SQL: SELECT `auth_id`,`auth_name` FROM `auth` WHERE `auth_pid` = 28  [ RunTime:0.0000s ]
SQL: SELECT `auth_id`,`auth_name` FROM `auth` WHERE `auth_pid` = 29  [ RunTime:0.0000s ]
SQL: SELECT * FROM `auth`  [ RunTime:0.0010s ]
INFO: [ view_parse ] --START--
INFO: [ template_filter ] --START--
INFO: Run Behavior\ContentReplaceBehavior [ RunTime:0.000000s ]
INFO: [ template_filter ] --END-- [ RunTime:0.000000s ]
INFO: Run Behavior\ParseTemplateBehavior [ RunTime:0.013000s ]
INFO: [ view_parse ] --END-- [ RunTime:0.013000s ]
INFO: [ view_filter ] --START--
INFO: Run Behavior\WriteHtmlCacheBehavior [ RunTime:0.000000s ]
INFO: [ view_filter ] --END-- [ RunTime:0.000000s ]
INFO: [ app_end ] --START--
INFO: Run Behavior\ShowPageTraceBehavior [ RunTime:0.001000s ]
INFO: [ app_end ] --END-- [ RunTime:0.001000s ]

[ 2018-04-13T11:07:32+08:00 ] ::1 /shiji/Admin/Role/append
INFO: [ app_init ] --START--
INFO: Run Behavior\BuildLiteBehavior [ RunTime:0.000000s ]
INFO: [ app_init ] --END-- [ RunTime:0.000000s ]
INFO: [ app_begin ] --START--
INFO: Run Behavior\ReadHtmlCacheBehavior [ RunTime:0.000000s ]
INFO: [ app_begin ] --END-- [ RunTime:0.000000s ]
SQL: SHOW COLUMNS FROM `role` [ RunTime:0.0020s ]
NOTIC: [8] Undefined index: validate C:\wamp\www\shiji\ThinkPHP\Library\Think\Model.class.php 第 1185 行.

[ 2018-04-13T11:07:38+08:00 ] ::1 /shiji/Admin/Role/append
INFO: [ app_init ] --START--
INFO: Run Behavior\BuildLiteBehavior [ RunTime:0.000000s ]
INFO: [ app_init ] --END-- [ RunTime:0.001000s ]
INFO: [ app_begin ] --START--
INFO: Run Behavior\ReadHtmlCacheBehavior [ RunTime:0.000000s ]
INFO: [ app_begin ] --END-- [ RunTime:0.001001s ]
SQL: SHOW COLUMNS FROM `role` [ RunTime:0.0020s ]
NOTIC: [8] Undefined index: validate C:\wamp\www\shiji\ThinkPHP\Library\Think\Model.class.php 第 1185 行.
SQL: SELECT * FROM `role` WHERE `role_name` = '产品管理员' LIMIT 1   [ RunTime:0.0000s ]

[ 2018-04-13T11:07:43+08:00 ] ::1 /shiji/Admin/Role/append
INFO: [ app_init ] --START--
INFO: Run Behavior\BuildLiteBehavior [ RunTime:0.001000s ]
INFO: [ app_init ] --END-- [ RunTime:0.001000s ]
INFO: [ app_begin ] --START--
INFO: Run Behavior\ReadHtmlCacheBehavior [ RunTime:0.001000s ]
INFO: [ app_begin ] --END-- [ RunTime:0.001000s ]
SQL: SHOW COLUMNS FROM `role` [ RunTime:0.0000s ]
NOTIC: [8] Undefined index: validate C:\wamp\www\shiji\ThinkPHP\Library\Think\Model.class.php 第 1185 行.
SQL: SELECT * FROM `role` WHERE `role_name` = '产品管理员1' LIMIT 1   [ RunTime:0.0000s ]
NOTIC: [8] Undefined index: auto C:\wamp\www\shiji\ThinkPHP\Library\Think\Model.class.php 第 1128 行.
SQL: INSERT INTO `role` (`role_name`) VALUES ('产品管理员1') [ RunTime:0.0060s ]

[ 2018-04-13T11:07:53+08:00 ] ::1 /shiji/Admin/Role/edit?id=4
INFO: [ app_init ] --START--
INFO: Run Behavior\BuildLiteBehavior [ RunTime:0.000000s ]
INFO: [ app_init ] --END-- [ RunTime:0.001000s ]
INFO: [ app_begin ] --START--
INFO: Run Behavior\ReadHtmlCacheBehavior [ RunTime:0.001000s ]
INFO: [ app_begin ] --END-- [ RunTime:0.001000s ]
SQL: SHOW COLUMNS FROM `auth` [ RunTime:0.0010s ]
SQL: SELECT `auth_id`,`auth_name` FROM `auth` WHERE `auth_pid` = 0  [ RunTime:0.0000s ]
SQL: SELECT `auth_id`,`auth_name` FROM `auth` WHERE `auth_pid` = 1  [ RunTime:0.0010s ]
SQL: SELECT `auth_id`,`auth_name` FROM `auth` WHERE `auth_pid` = 2  [ RunTime:0.0000s ]
SQL: SELECT `auth_id`,`auth_name` FROM `auth` WHERE `auth_pid` = 3  [ RunTime:0.0000s ]
SQL: SELECT `auth_id`,`auth_name` FROM `auth` WHERE `auth_pid` = 4  [ RunTime:0.0000s ]
SQL: SELECT `auth_id`,`auth_name` FROM `auth` WHERE `auth_pid` = 5  [ RunTime:0.0000s ]
SQL: SELECT `auth_id`,`auth_name` FROM `auth` WHERE `auth_pid` = 6  [ RunTime:0.0010s ]
SQL: SELECT `auth_id`,`auth_name` FROM `auth` WHERE `auth_pid` = 7  [ RunTime:0.0010s ]
SQL: SELECT `auth_id`,`auth_name` FROM `auth` WHERE `auth_pid` = 8  [ RunTime:0.0000s ]
SQL: SELECT `auth_id`,`auth_name` FROM `auth` WHERE `auth_pid` = 9  [ RunTime:0.0000s ]
SQL: SELECT `auth_id`,`auth_name` FROM `auth` WHERE `auth_pid` = 10  [ RunTime:0.0010s ]
SQL: SELECT `auth_id`,`auth_name` FROM `auth` WHERE `auth_pid` = 11  [ RunTime:0.0010s ]
SQL: SELECT `auth_id`,`auth_name` FROM `auth` WHERE `auth_pid` = 12  [ RunTime:0.0010s ]
SQL: SELECT `auth_id`,`auth_name` FROM `auth` WHERE `auth_pid` = 13  [ RunTime:0.0000s ]
SQL: SELECT `auth_id`,`auth_name` FROM `auth` WHERE `auth_pid` = 14  [ RunTime:0.0010s ]
SQL: SELECT `auth_id`,`auth_name` FROM `auth` WHERE `auth_pid` = 15  [ RunTime:0.0010s ]
SQL: SELECT `auth_id`,`auth_name` FROM `auth` WHERE `auth_pid` = 16  [ RunTime:0.0010s ]
SQL: SELECT `auth_id`,`auth_name` FROM `auth` WHERE `auth_pid` = 17  [ RunTime:0.0010s ]
SQL: SELECT `auth_id`,`auth_name` FROM `auth` WHERE `auth_pid` = 18  [ RunTime:0.0000s ]
SQL: SELECT `auth_id`,`auth_name` FROM `auth` WHERE `auth_pid` = 19  [ RunTime:0.0000s ]
SQL: SELECT `auth_id`,`auth_name` FROM `auth` WHERE `auth_pid` = 20  [ RunTime:0.0000s ]
SQL: SELECT `auth_id`,`auth_name` FROM `auth` WHERE `auth_pid` = 21  [ RunTime:0.0000s ]
SQL: SELECT `auth_id`,`auth_name` FROM `auth` WHERE `auth_pid` = 22  [ RunTime:0.0000s ]
SQL: SELECT `auth_id`,`auth_name` FROM `auth` WHERE `auth_pid` = 23  [ RunTime:0.0010s ]
SQL: SELECT `auth_id`,`auth_name` FROM `auth` WHERE `auth_pid` = 24  [ RunTime:0.0000s ]
SQL: SELECT `auth_id`,`auth_name` FROM `auth` WHERE `auth_pid` = 25  [ RunTime:0.0000s ]
SQL: SELECT `auth_id`,`auth_name` FROM `auth` WHERE `auth_pid` = 26  [ RunTime:0.0000s ]
SQL: SELECT `auth_id`,`auth_name` FROM `auth` WHERE `auth_pid` = 27  [ RunTime:0.0000s ]
SQL: SELECT `auth_id`,`auth_name` FROM `auth` WHERE `auth_pid` = 28  [ RunTime:0.0010s ]
SQL: SELECT `auth_id`,`auth_name` FROM `auth` WHERE `auth_pid` = 29  [ RunTime:0.0010s ]
SQL: SELECT * FROM `auth`  [ RunTime:0.0010s ]
SQL: SHOW COLUMNS FROM `role` [ RunTime:0.0020s ]
SQL: SELECT * FROM `role` WHERE `role_id` = 4 LIMIT 1   [ RunTime:0.0000s ]
SQL: SHOW COLUMNS FROM `role_auth` [ RunTime:0.0010s ]
SQL: SELECT `auth_id` FROM `role_auth` WHERE ( role_id=4 )  [ RunTime:0.0000s ]
INFO: [ view_parse ] --START--
INFO: [ template_filter ] --START--
INFO: Run Behavior\ContentReplaceBehavior [ RunTime:0.001000s ]
INFO: [ template_filter ] --END-- [ RunTime:0.001000s ]
INFO: Run Behavior\ParseTemplateBehavior [ RunTime:0.022001s ]
INFO: [ view_parse ] --END-- [ RunTime:0.022001s ]
INFO: [ view_filter ] --START--
INFO: Run Behavior\WriteHtmlCacheBehavior [ RunTime:0.000000s ]
INFO: [ view_filter ] --END-- [ RunTime:0.000000s ]
INFO: [ app_end ] --START--
INFO: Run Behavior\ShowPageTraceBehavior [ RunTime:0.001000s ]
INFO: [ app_end ] --END-- [ RunTime:0.001000s ]

[ 2018-04-13T11:07:57+08:00 ] ::1 /shiji/Admin/Role/edit
INFO: [ app_init ] --START--
INFO: Run Behavior\BuildLiteBehavior [ RunTime:0.000000s ]
INFO: [ app_init ] --END-- [ RunTime:0.000000s ]
INFO: [ app_begin ] --START--
INFO: Run Behavior\ReadHtmlCacheBehavior [ RunTime:0.001000s ]
INFO: [ app_begin ] --END-- [ RunTime:0.001000s ]
SQL: SHOW COLUMNS FROM `role` [ RunTime:0.0010s ]
NOTIC: [8] Undefined index: validate C:\wamp\www\shiji\ThinkPHP\Library\Think\Model.class.php 第 1185 行.
NOTIC: [8] Undefined index: auto C:\wamp\www\shiji\ThinkPHP\Library\Think\Model.class.php 第 1128 行.
SQL: UPDATE `role` SET `role_name`='产品管理员' WHERE `role_id` = 4 [ RunTime:0.0050s ]
SQL: SHOW COLUMNS FROM `role_auth` [ RunTime:0.0010s ]
SQL: DELETE FROM `role_auth` WHERE (  role_id=4 ) [ RunTime:0.0010s ]
SQL: INSERT INTO `role_auth` (`role_id`,`auth_id`) VALUES ('4','14') [ RunTime:0.0000s ]
SQL: INSERT INTO `role_auth` (`role_id`,`auth_id`) VALUES ('4','15') [ RunTime:0.0000s ]
SQL: INSERT INTO `role_auth` (`role_id`,`auth_id`) VALUES ('4','16') [ RunTime:0.0000s ]
SQL: INSERT INTO `role_auth` (`role_id`,`auth_id`) VALUES ('4','17') [ RunTime:0.0000s ]
SQL: INSERT INTO `role_auth` (`role_id`,`auth_id`) VALUES ('4','18') [ RunTime:0.0010s ]
SQL: INSERT INTO `role_auth` (`role_id`,`auth_id`) VALUES ('4','19') [ RunTime:0.0010s ]
SQL: INSERT INTO `role_auth` (`role_id`,`auth_id`) VALUES ('4','20') [ RunTime:0.0010s ]
SQL: INSERT INTO `role_auth` (`role_id`,`auth_id`) VALUES ('4','21') [ RunTime:0.0000s ]
SQL: INSERT INTO `role_auth` (`role_id`,`auth_id`) VALUES ('4','22') [ RunTime:0.0000s ]

[ 2018-04-13T11:07:58+08:00 ] ::1 /shiji/Admin/Role/showlist
INFO: [ app_init ] --START--
INFO: Run Behavior\BuildLiteBehavior [ RunTime:0.000000s ]
INFO: [ app_init ] --END-- [ RunTime:0.001000s ]
INFO: [ app_begin ] --START--
INFO: Run Behavior\ReadHtmlCacheBehavior [ RunTime:0.001000s ]
INFO: [ app_begin ] --END-- [ RunTime:0.002001s ]
SQL: SHOW COLUMNS FROM `role` [ RunTime:0.0010s ]
SQL: SELECT * FROM `role`  [ RunTime:0.0020s ]
INFO: [ view_parse ] --START--
INFO: [ template_filter ] --START--
INFO: Run Behavior\ContentReplaceBehavior [ RunTime:0.000000s ]
INFO: [ template_filter ] --END-- [ RunTime:0.000000s ]
INFO: Run Behavior\ParseTemplateBehavior [ RunTime:0.009000s ]
INFO: [ view_parse ] --END-- [ RunTime:0.009000s ]
INFO: [ view_filter ] --START--
INFO: Run Behavior\WriteHtmlCacheBehavior [ RunTime:0.001000s ]
INFO: [ view_filter ] --END-- [ RunTime:0.001000s ]
INFO: [ app_end ] --START--
INFO: Run Behavior\ShowPageTraceBehavior [ RunTime:0.001000s ]
INFO: [ app_end ] --END-- [ RunTime:0.001000s ]

[ 2018-04-13T11:08:02+08:00 ] ::1 /shiji/Admin/Role/edit?id=5
INFO: [ app_init ] --START--
INFO: Run Behavior\BuildLiteBehavior [ RunTime:0.000000s ]
INFO: [ app_init ] --END-- [ RunTime:0.001000s ]
INFO: [ app_begin ] --START--
INFO: Run Behavior\ReadHtmlCacheBehavior [ RunTime:0.001000s ]
INFO: [ app_begin ] --END-- [ RunTime:0.001000s ]
SQL: SHOW COLUMNS FROM `auth` [ RunTime:0.0020s ]
SQL: SELECT `auth_id`,`auth_name` FROM `auth` WHERE `auth_pid` = 0  [ RunTime:0.0010s ]
SQL: SELECT `auth_id`,`auth_name` FROM `auth` WHERE `auth_pid` = 1  [ RunTime:0.0020s ]
SQL: SELECT `auth_id`,`auth_name` FROM `auth` WHERE `auth_pid` = 2  [ RunTime:0.0010s ]
SQL: SELECT `auth_id`,`auth_name` FROM `auth` WHERE `auth_pid` = 3  [ RunTime:0.0000s ]
SQL: SELECT `auth_id`,`auth_name` FROM `auth` WHERE `auth_pid` = 4  [ RunTime:0.0000s ]
SQL: SELECT `auth_id`,`auth_name` FROM `auth` WHERE `auth_pid` = 5  [ RunTime:0.0000s ]
SQL: SELECT `auth_id`,`auth_name` FROM `auth` WHERE `auth_pid` = 6  [ RunTime:0.0000s ]
SQL: SELECT `auth_id`,`auth_name` FROM `auth` WHERE `auth_pid` = 7  [ RunTime:0.0010s ]
SQL: SELECT `auth_id`,`auth_name` FROM `auth` WHERE `auth_pid` = 8  [ RunTime:0.0000s ]
SQL: SELECT `auth_id`,`auth_name` FROM `auth` WHERE `auth_pid` = 9  [ RunTime:0.0000s ]
SQL: SELECT `auth_id`,`auth_name` FROM `auth` WHERE `auth_pid` = 10  [ RunTime:0.0000s ]
SQL: SELECT `auth_id`,`auth_name` FROM `auth` WHERE `auth_pid` = 11  [ RunTime:0.0010s ]
SQL: SELECT `auth_id`,`auth_name` FROM `auth` WHERE `auth_pid` = 12  [ RunTime:0.0000s ]
SQL: SELECT `auth_id`,`auth_name` FROM `auth` WHERE `auth_pid` = 13  [ RunTime:0.0000s ]
SQL: SELECT `auth_id`,`auth_name` FROM `auth` WHERE `auth_pid` = 14  [ RunTime:0.0010s ]
SQL: SELECT `auth_id`,`auth_name` FROM `auth` WHERE `auth_pid` = 15  [ RunTime:0.0000s ]
SQL: SELECT `auth_id`,`auth_name` FROM `auth` WHERE `auth_pid` = 16  [ RunTime:0.0000s ]
SQL: SELECT `auth_id`,`auth_name` FROM `auth` WHERE `auth_pid` = 17  [ RunTime:0.0010s ]
SQL: SELECT `auth_id`,`auth_name` FROM `auth` WHERE `auth_pid` = 18  [ RunTime:0.0010s ]
SQL: SELECT `auth_id`,`auth_name` FROM `auth` WHERE `auth_pid` = 19  [ RunTime:0.0000s ]
SQL: SELECT `auth_id`,`auth_name` FROM `auth` WHERE `auth_pid` = 20  [ RunTime:0.0010s ]
SQL: SELECT `auth_id`,`auth_name` FROM `auth` WHERE `auth_pid` = 21  [ RunTime:0.0010s ]
SQL: SELECT `auth_id`,`auth_name` FROM `auth` WHERE `auth_pid` = 22  [ RunTime:0.0000s ]
SQL: SELECT `auth_id`,`auth_name` FROM `auth` WHERE `auth_pid` = 23  [ RunTime:0.0000s ]
SQL: SELECT `auth_id`,`auth_name` FROM `auth` WHERE `auth_pid` = 24  [ RunTime:0.0000s ]
SQL: SELECT `auth_id`,`auth_name` FROM `auth` WHERE `auth_pid` = 25  [ RunTime:0.0000s ]
SQL: SELECT `auth_id`,`auth_name` FROM `auth` WHERE `auth_pid` = 26  [ RunTime:0.0000s ]
SQL: SELECT `auth_id`,`auth_name` FROM `auth` WHERE `auth_pid` = 27  [ RunTime:0.0000s ]
SQL: SELECT `auth_id`,`auth_name` FROM `auth` WHERE `auth_pid` = 28  [ RunTime:0.0010s ]
SQL: SELECT `auth_id`,`auth_name` FROM `auth` WHERE `auth_pid` = 29  [ RunTime:0.0000s ]
SQL: SELECT * FROM `auth`  [ RunTime:0.0010s ]
SQL: SHOW COLUMNS FROM `role` [ RunTime:0.0010s ]
SQL: SELECT * FROM `role` WHERE `role_id` = 5 LIMIT 1   [ RunTime:0.0010s ]
SQL: SHOW COLUMNS FROM `role_auth` [ RunTime:0.0010s ]
SQL: SELECT `auth_id` FROM `role_auth` WHERE ( role_id=5 )  [ RunTime:0.0010s ]
INFO: [ view_parse ] --START--
INFO: [ template_filter ] --START--
INFO: Run Behavior\ContentReplaceBehavior [ RunTime:0.001000s ]
INFO: [ template_filter ] --END-- [ RunTime:0.001000s ]
INFO: Run Behavior\ParseTemplateBehavior [ RunTime:0.019001s ]
INFO: [ view_parse ] --END-- [ RunTime:0.020001s ]
INFO: [ view_filter ] --START--
INFO: Run Behavior\WriteHtmlCacheBehavior [ RunTime:0.000000s ]
INFO: [ view_filter ] --END-- [ RunTime:0.000000s ]
INFO: [ app_end ] --START--
INFO: Run Behavior\ShowPageTraceBehavior [ RunTime:0.000000s ]
INFO: [ app_end ] --END-- [ RunTime:0.000000s ]

[ 2018-04-13T11:08:06+08:00 ] ::1 /shiji/Admin/Role/edit
INFO: [ app_init ] --START--
INFO: Run Behavior\BuildLiteBehavior [ RunTime:0.000000s ]
INFO: [ app_init ] --END-- [ RunTime:0.002000s ]
INFO: [ app_begin ] --START--
INFO: Run Behavior\ReadHtmlCacheBehavior [ RunTime:0.001000s ]
INFO: [ app_begin ] --END-- [ RunTime:0.001000s ]
SQL: SHOW COLUMNS FROM `role` [ RunTime:0.0010s ]
NOTIC: [8] Undefined index: validate C:\wamp\www\shiji\ThinkPHP\Library\Think\Model.class.php 第 1185 行.
NOTIC: [8] Undefined index: auto C:\wamp\www\shiji\ThinkPHP\Library\Think\Model.class.php 第 1128 行.
SQL: UPDATE `role` SET `role_name`='产品管理员' WHERE `role_id` = 5 [ RunTime:0.0040s ]
SQL: SHOW COLUMNS FROM `role_auth` [ RunTime:0.0010s ]
SQL: DELETE FROM `role_auth` WHERE (  role_id=5 ) [ RunTime:0.0010s ]
SQL: INSERT INTO `role_auth` (`role_id`,`auth_id`) VALUES ('5','1') [ RunTime:0.0000s ]
SQL: INSERT INTO `role_auth` (`role_id`,`auth_id`) VALUES ('5','2') [ RunTime:0.0010s ]
SQL: INSERT INTO `role_auth` (`role_id`,`auth_id`) VALUES ('5','3') [ RunTime:0.0010s ]
SQL: INSERT INTO `role_auth` (`role_id`,`auth_id`) VALUES ('5','4') [ RunTime:0.0010s ]
SQL: INSERT INTO `role_auth` (`role_id`,`auth_id`) VALUES ('5','5') [ RunTime:0.0000s ]
SQL: INSERT INTO `role_auth` (`role_id`,`auth_id`) VALUES ('5','6') [ RunTime:0.0010s ]
SQL: INSERT INTO `role_auth` (`role_id`,`auth_id`) VALUES ('5','7') [ RunTime:0.0010s ]
SQL: INSERT INTO `role_auth` (`role_id`,`auth_id`) VALUES ('5','8') [ RunTime:0.0010s ]
SQL: INSERT INTO `role_auth` (`role_id`,`auth_id`) VALUES ('5','9') [ RunTime:0.0010s ]

[ 2018-04-13T11:08:06+08:00 ] ::1 /shiji/Admin/Role/showlist
INFO: [ app_init ] --START--
INFO: Run Behavior\BuildLiteBehavior [ RunTime:0.001000s ]
INFO: [ app_init ] --END-- [ RunTime:0.001000s ]
INFO: [ app_begin ] --START--
INFO: Run Behavior\ReadHtmlCacheBehavior [ RunTime:0.000000s ]
INFO: [ app_begin ] --END-- [ RunTime:0.000000s ]
SQL: SHOW COLUMNS FROM `role` [ RunTime:0.0010s ]
SQL: SELECT * FROM `role`  [ RunTime:0.0010s ]
INFO: [ view_parse ] --START--
INFO: [ template_filter ] --START--
INFO: Run Behavior\ContentReplaceBehavior [ RunTime:0.000000s ]
INFO: [ template_filter ] --END-- [ RunTime:0.000000s ]
INFO: Run Behavior\ParseTemplateBehavior [ RunTime:0.009000s ]
INFO: [ view_parse ] --END-- [ RunTime:0.009000s ]
INFO: [ view_filter ] --START--
INFO: Run Behavior\WriteHtmlCacheBehavior [ RunTime:0.000000s ]
INFO: [ view_filter ] --END-- [ RunTime:0.000000s ]
INFO: [ app_end ] --START--
INFO: Run Behavior\ShowPageTraceBehavior [ RunTime:0.001000s ]
INFO: [ app_end ] --END-- [ RunTime:0.001000s ]

[ 2018-04-13T11:08:09+08:00 ] ::1 /shiji/Admin/Role/del
INFO: [ app_init ] --START--
INFO: Run Behavior\BuildLiteBehavior [ RunTime:0.001000s ]
INFO: [ app_init ] --END-- [ RunTime:0.001000s ]
INFO: [ app_begin ] --START--
INFO: Run Behavior\ReadHtmlCacheBehavior [ RunTime:0.001001s ]
INFO: [ app_begin ] --END-- [ RunTime:0.001001s ]
SQL: SHOW COLUMNS FROM `role` [ RunTime:0.0010s ]
SQL: DELETE FROM `role` WHERE `role_id` = 6 [ RunTime:0.0030s ]
SQL: SHOW COLUMNS FROM `role_auth` [ RunTime:0.0000s ]
SQL: DELETE FROM `role_auth` WHERE (  role_id=6 ) [ RunTime:0.0010s ]

[ 2018-04-13T11:08:11+08:00 ] ::1 /shiji/Admin/Role/del
INFO: [ app_init ] --START--
INFO: Run Behavior\BuildLiteBehavior [ RunTime:0.000000s ]
INFO: [ app_init ] --END-- [ RunTime:0.001000s ]
INFO: [ app_begin ] --START--
INFO: Run Behavior\ReadHtmlCacheBehavior [ RunTime:0.000000s ]
INFO: [ app_begin ] --END-- [ RunTime:0.001000s ]
SQL: SHOW COLUMNS FROM `role` [ RunTime:0.0010s ]
SQL: DELETE FROM `role` WHERE `role_id` = 6 [ RunTime:0.0000s ]

[ 2018-04-13T11:08:13+08:00 ] ::1 /shiji/Admin/Role/del
INFO: [ app_init ] --START--
INFO: Run Behavior\BuildLiteBehavior [ RunTime:0.000000s ]
INFO: [ app_init ] --END-- [ RunTime:0.001000s ]
INFO: [ app_begin ] --START--
INFO: Run Behavior\ReadHtmlCacheBehavior [ RunTime:0.001000s ]
INFO: [ app_begin ] --END-- [ RunTime:0.001000s ]
SQL: SHOW COLUMNS FROM `role` [ RunTime:0.0010s ]
SQL: DELETE FROM `role` WHERE `role_id` = 5 [ RunTime:0.0040s ]
SQL: SHOW COLUMNS FROM `role_auth` [ RunTime:0.0010s ]
SQL: DELETE FROM `role_auth` WHERE (  role_id=5 ) [ RunTime:0.0010s ]

[ 2018-04-13T11:08:16+08:00 ] ::1 /shiji/Admin/Role/del
INFO: [ app_init ] --START--
INFO: Run Behavior\BuildLiteBehavior [ RunTime:0.000000s ]
INFO: [ app_init ] --END-- [ RunTime:0.001000s ]
INFO: [ app_begin ] --START--
INFO: Run Behavior\ReadHtmlCacheBehavior [ RunTime:0.000000s ]
INFO: [ app_begin ] --END-- [ RunTime:0.000000s ]
SQL: SHOW COLUMNS FROM `role` [ RunTime:0.0010s ]
SQL: DELETE FROM `role` WHERE `role_id` = 6 [ RunTime:0.0000s ]

[ 2018-04-13T11:08:19+08:00 ] ::1 /shiji/Admin/Role/edit?id=6
INFO: [ app_init ] --START--
INFO: Run Behavior\BuildLiteBehavior [ RunTime:0.000000s ]
INFO: [ app_init ] --END-- [ RunTime:0.001000s ]
INFO: [ app_begin ] --START--
INFO: Run Behavior\ReadHtmlCacheBehavior [ RunTime:0.001000s ]
INFO: [ app_begin ] --END-- [ RunTime:0.001000s ]
SQL: SHOW COLUMNS FROM `auth` [ RunTime:0.0020s ]
SQL: SELECT `auth_id`,`auth_name` FROM `auth` WHERE `auth_pid` = 0  [ RunTime:0.0000s ]
SQL: SELECT `auth_id`,`auth_name` FROM `auth` WHERE `auth_pid` = 1  [ RunTime:0.0010s ]
SQL: SELECT `auth_id`,`auth_name` FROM `auth` WHERE `auth_pid` = 2  [ RunTime:0.0010s ]
SQL: SELECT `auth_id`,`auth_name` FROM `auth` WHERE `auth_pid` = 3  [ RunTime:0.0010s ]
SQL: SELECT `auth_id`,`auth_name` FROM `auth` WHERE `auth_pid` = 4  [ RunTime:0.0010s ]
SQL: SELECT `auth_id`,`auth_name` FROM `auth` WHERE `auth_pid` = 5  [ RunTime:0.0000s ]
SQL: SELECT `auth_id`,`auth_name` FROM `auth` WHERE `auth_pid` = 6  [ RunTime:0.0010s ]
SQL: SELECT `auth_id`,`auth_name` FROM `auth` WHERE `auth_pid` = 7  [ RunTime:0.0000s ]
SQL: SELECT `auth_id`,`auth_name` FROM `auth` WHERE `auth_pid` = 8  [ RunTime:0.0000s ]
SQL: SELECT `auth_id`,`auth_name` FROM `auth` WHERE `auth_pid` = 9  [ RunTime:0.0010s ]
SQL: SELECT `auth_id`,`auth_name` FROM `auth` WHERE `auth_pid` = 10  [ RunTime:0.0000s ]
SQL: SELECT `auth_id`,`auth_name` FROM `auth` WHERE `auth_pid` = 11  [ RunTime:0.0000s ]
SQL: SELECT `auth_id`,`auth_name` FROM `auth` WHERE `auth_pid` = 12  [ RunTime:0.0010s ]
SQL: SELECT `auth_id`,`auth_name` FROM `auth` WHERE `auth_pid` = 13  [ RunTime:0.0010s ]
SQL: SELECT `auth_id`,`auth_name` FROM `auth` WHERE `auth_pid` = 14  [ RunTime:0.0000s ]
SQL: SELECT `auth_id`,`auth_name` FROM `auth` WHERE `auth_pid` = 15  [ RunTime:0.0010s ]
SQL: SELECT `auth_id`,`auth_name` FROM `auth` WHERE `auth_pid` = 16  [ RunTime:0.0010s ]
SQL: SELECT `auth_id`,`auth_name` FROM `auth` WHERE `auth_pid` = 17  [ RunTime:0.0010s ]
SQL: SELECT `auth_id`,`auth_name` FROM `auth` WHERE `auth_pid` = 18  [ RunTime:0.0010s ]
SQL: SELECT `auth_id`,`auth_name` FROM `auth` WHERE `auth_pid` = 19  [ RunTime:0.0000s ]
SQL: SELECT `auth_id`,`auth_name` FROM `auth` WHERE `auth_pid` = 20  [ RunTime:0.0000s ]
SQL: SELECT `auth_id`,`auth_name` FROM `auth` WHERE `auth_pid` = 21  [ RunTime:0.0010s ]
SQL: SELECT `auth_id`,`auth_name` FROM `auth` WHERE `auth_pid` = 22  [ RunTime:0.0000s ]
SQL: SELECT `auth_id`,`auth_name` FROM `auth` WHERE `auth_pid` = 23  [ RunTime:0.0000s ]
SQL: SELECT `auth_id`,`auth_name` FROM `auth` WHERE `auth_pid` = 24  [ RunTime:0.0000s ]
SQL: SELECT `auth_id`,`auth_name` FROM `auth` WHERE `auth_pid` = 25  [ RunTime:0.0000s ]
SQL: SELECT `auth_id`,`auth_name` FROM `auth` WHERE `auth_pid` = 26  [ RunTime:0.0010s ]
SQL: SELECT `auth_id`,`auth_name` FROM `auth` WHERE `auth_pid` = 27  [ RunTime:0.0000s ]
SQL: SELECT `auth_id`,`auth_name` FROM `auth` WHERE `auth_pid` = 28  [ RunTime:0.0010s ]
SQL: SELECT `auth_id`,`auth_name` FROM `auth` WHERE `auth_pid` = 29  [ RunTime:0.0000s ]
SQL: SELECT * FROM `auth`  [ RunTime:0.0000s ]
SQL: SHOW COLUMNS FROM `role` [ RunTime:0.0010s ]
SQL: SELECT * FROM `role` WHERE `role_id` = 6 LIMIT 1   [ RunTime:0.0010s ]
SQL: SHOW COLUMNS FROM `role_auth` [ RunTime:0.0020s ]
SQL: SELECT `auth_id` FROM `role_auth` WHERE ( role_id=6 )  [ RunTime:0.0000s ]
INFO: [ view_parse ] --START--
INFO: [ template_filter ] --START--
INFO: Run Behavior\ContentReplaceBehavior [ RunTime:0.000000s ]
INFO: [ template_filter ] --END-- [ RunTime:0.000000s ]
INFO: Run Behavior\ParseTemplateBehavior [ RunTime:0.017001s ]
INFO: [ view_parse ] --END-- [ RunTime:0.017001s ]
INFO: [ view_filter ] --START--
INFO: Run Behavior\WriteHtmlCacheBehavior [ RunTime:0.001000s ]
INFO: [ view_filter ] --END-- [ RunTime:0.001000s ]
INFO: [ app_end ] --START--
INFO: Run Behavior\ShowPageTraceBehavior [ RunTime:0.001000s ]
INFO: [ app_end ] --END-- [ RunTime:0.001000s ]

[ 2018-04-13T11:08:23+08:00 ] ::1 /shiji/Admin/Role/edit?id=6
INFO: [ app_init ] --START--
INFO: Run Behavior\BuildLiteBehavior [ RunTime:0.000000s ]
INFO: [ app_init ] --END-- [ RunTime:0.001000s ]
INFO: [ app_begin ] --START--
INFO: Run Behavior\ReadHtmlCacheBehavior [ RunTime:0.002000s ]
INFO: [ app_begin ] --END-- [ RunTime:0.003000s ]
SQL: SHOW COLUMNS FROM `auth` [ RunTime:0.0030s ]
SQL: SELECT `auth_id`,`auth_name` FROM `auth` WHERE `auth_pid` = 0  [ RunTime:0.0010s ]
SQL: SELECT `auth_id`,`auth_name` FROM `auth` WHERE `auth_pid` = 1  [ RunTime:0.0010s ]
SQL: SELECT `auth_id`,`auth_name` FROM `auth` WHERE `auth_pid` = 2  [ RunTime:0.0010s ]
SQL: SELECT `auth_id`,`auth_name` FROM `auth` WHERE `auth_pid` = 3  [ RunTime:0.0010s ]
SQL: SELECT `auth_id`,`auth_name` FROM `auth` WHERE `auth_pid` = 4  [ RunTime:0.0000s ]
SQL: SELECT `auth_id`,`auth_name` FROM `auth` WHERE `auth_pid` = 5  [ RunTime:0.0010s ]
SQL: SELECT `auth_id`,`auth_name` FROM `auth` WHERE `auth_pid` = 6  [ RunTime:0.0000s ]
SQL: SELECT `auth_id`,`auth_name` FROM `auth` WHERE `auth_pid` = 7  [ RunTime:0.0010s ]
SQL: SELECT `auth_id`,`auth_name` FROM `auth` WHERE `auth_pid` = 8  [ RunTime:0.0010s ]
SQL: SELECT `auth_id`,`auth_name` FROM `auth` WHERE `auth_pid` = 9  [ RunTime:0.0010s ]
SQL: SELECT `auth_id`,`auth_name` FROM `auth` WHERE `auth_pid` = 10  [ RunTime:0.0010s ]
SQL: SELECT `auth_id`,`auth_name` FROM `auth` WHERE `auth_pid` = 11  [ RunTime:0.0010s ]
SQL: SELECT `auth_id`,`auth_name` FROM `auth` WHERE `auth_pid` = 12  [ RunTime:0.0000s ]
SQL: SELECT `auth_id`,`auth_name` FROM `auth` WHERE `auth_pid` = 13  [ RunTime:0.0000s ]
SQL: SELECT `auth_id`,`auth_name` FROM `auth` WHERE `auth_pid` = 14  [ RunTime:0.0000s ]
SQL: SELECT `auth_id`,`auth_name` FROM `auth` WHERE `auth_pid` = 15  [ RunTime:0.0000s ]
SQL: SELECT `auth_id`,`auth_name` FROM `auth` WHERE `auth_pid` = 16  [ RunTime:0.0010s ]
SQL: SELECT `auth_id`,`auth_name` FROM `auth` WHERE `auth_pid` = 17  [ RunTime:0.0010s ]
SQL: SELECT `auth_id`,`auth_name` FROM `auth` WHERE `auth_pid` = 18  [ RunTime:0.0000s ]
SQL: SELECT `auth_id`,`auth_name` FROM `auth` WHERE `auth_pid` = 19  [ RunTime:0.0010s ]
SQL: SELECT `auth_id`,`auth_name` FROM `auth` WHERE `auth_pid` = 20  [ RunTime:0.0000s ]
SQL: SELECT `auth_id`,`auth_name` FROM `auth` WHERE `auth_pid` = 21  [ RunTime:0.0000s ]
SQL: SELECT `auth_id`,`auth_name` FROM `auth` WHERE `auth_pid` = 22  [ RunTime:0.0000s ]
SQL: SELECT `auth_id`,`auth_name` FROM `auth` WHERE `auth_pid` = 23  [ RunTime:0.0000s ]
SQL: SELECT `auth_id`,`auth_name` FROM `auth` WHERE `auth_pid` = 24  [ RunTime:0.0010s ]
SQL: SELECT `auth_id`,`auth_name` FROM `auth` WHERE `auth_pid` = 25  [ RunTime:0.0000s ]
SQL: SELECT `auth_id`,`auth_name` FROM `auth` WHERE `auth_pid` = 26  [ RunTime:0.0010s ]
SQL: SELECT `auth_id`,`auth_name` FROM `auth` WHERE `auth_pid` = 27  [ RunTime:0.0010s ]
SQL: SELECT `auth_id`,`auth_name` FROM `auth` WHERE `auth_pid` = 28  [ RunTime:0.0000s ]
SQL: SELECT `auth_id`,`auth_name` FROM `auth` WHERE `auth_pid` = 29  [ RunTime:0.0000s ]
SQL: SELECT * FROM `auth`  [ RunTime:0.0010s ]
SQL: SHOW COLUMNS FROM `role` [ RunTime:0.0010s ]
SQL: SELECT * FROM `role` WHERE `role_id` = 6 LIMIT 1   [ RunTime:0.0000s ]
SQL: SHOW COLUMNS FROM `role_auth` [ RunTime:0.0010s ]
SQL: SELECT `auth_id` FROM `role_auth` WHERE ( role_id=6 )  [ RunTime:0.0000s ]
INFO: [ view_parse ] --START--
INFO: [ template_filter ] --START--
INFO: Run Behavior\ContentReplaceBehavior [ RunTime:0.001000s ]
INFO: [ template_filter ] --END-- [ RunTime:0.001000s ]
INFO: Run Behavior\ParseTemplateBehavior [ RunTime:0.017001s ]
INFO: [ view_parse ] --END-- [ RunTime:0.017001s ]
INFO: [ view_filter ] --START--
INFO: Run Behavior\WriteHtmlCacheBehavior [ RunTime:0.000000s ]
INFO: [ view_filter ] --END-- [ RunTime:0.000000s ]
INFO: [ app_end ] --START--
INFO: Run Behavior\ShowPageTraceBehavior [ RunTime:0.000000s ]
INFO: [ app_end ] --END-- [ RunTime:0.000000s ]

[ 2018-04-13T11:08:32+08:00 ] ::1 /shiji/Admin/Role/showlist
INFO: [ app_init ] --START--
INFO: Run Behavior\BuildLiteBehavior [ RunTime:0.000000s ]
INFO: [ app_init ] --END-- [ RunTime:0.001001s ]
INFO: [ app_begin ] --START--
INFO: Run Behavior\ReadHtmlCacheBehavior [ RunTime:0.001000s ]
INFO: [ app_begin ] --END-- [ RunTime:0.001000s ]
SQL: SHOW COLUMNS FROM `role` [ RunTime:0.0020s ]
SQL: SELECT * FROM `role`  [ RunTime:0.0000s ]
INFO: [ view_parse ] --START--
INFO: [ template_filter ] --START--
INFO: Run Behavior\ContentReplaceBehavior [ RunTime:0.000000s ]
INFO: [ template_filter ] --END-- [ RunTime:0.000000s ]
INFO: Run Behavior\ParseTemplateBehavior [ RunTime:0.011000s ]
INFO: [ view_parse ] --END-- [ RunTime:0.012000s ]
INFO: [ view_filter ] --START--
INFO: Run Behavior\WriteHtmlCacheBehavior [ RunTime:0.000000s ]
INFO: [ view_filter ] --END-- [ RunTime:0.000000s ]
INFO: [ app_end ] --START--
INFO: Run Behavior\ShowPageTraceBehavior [ RunTime:0.001000s ]
INFO: [ app_end ] --END-- [ RunTime:0.001000s ]

[ 2018-04-13T11:08:32+08:00 ] ::1 /shiji/Admin/Role/showlist
INFO: [ app_init ] --START--
INFO: Run Behavior\BuildLiteBehavior [ RunTime:0.000000s ]
INFO: [ app_init ] --END-- [ RunTime:0.000000s ]
INFO: [ app_begin ] --START--
INFO: Run Behavior\ReadHtmlCacheBehavior [ RunTime:0.000000s ]
INFO: [ app_begin ] --END-- [ RunTime:0.000000s ]
SQL: SHOW COLUMNS FROM `role` [ RunTime:0.0000s ]
SQL: SELECT * FROM `role`  [ RunTime:0.0010s ]
INFO: [ view_parse ] --START--
INFO: [ template_filter ] --START--
INFO: Run Behavior\ContentReplaceBehavior [ RunTime:0.000000s ]
INFO: [ template_filter ] --END-- [ RunTime:0.000000s ]
INFO: Run Behavior\ParseTemplateBehavior [ RunTime:0.009001s ]
INFO: [ view_parse ] --END-- [ RunTime:0.009001s ]
INFO: [ view_filter ] --START--
INFO: Run Behavior\WriteHtmlCacheBehavior [ RunTime:0.000000s ]
INFO: [ view_filter ] --END-- [ RunTime:0.000000s ]
INFO: [ app_end ] --START--
INFO: Run Behavior\ShowPageTraceBehavior [ RunTime:0.001000s ]
INFO: [ app_end ] --END-- [ RunTime:0.001000s ]

[ 2018-04-13T11:08:32+08:00 ] ::1 /shiji/Admin/Role/showlist
INFO: [ app_init ] --START--
INFO: Run Behavior\BuildLiteBehavior [ RunTime:0.001000s ]
INFO: [ app_init ] --END-- [ RunTime:0.001000s ]
INFO: [ app_begin ] --START--
INFO: Run Behavior\ReadHtmlCacheBehavior [ RunTime:0.001000s ]
INFO: [ app_begin ] --END-- [ RunTime:0.001000s ]
SQL: SHOW COLUMNS FROM `role` [ RunTime:0.0010s ]
SQL: SELECT * FROM `role`  [ RunTime:0.0000s ]
INFO: [ view_parse ] --START--
INFO: [ template_filter ] --START--
INFO: Run Behavior\ContentReplaceBehavior [ RunTime:0.001000s ]
INFO: [ template_filter ] --END-- [ RunTime:0.001000s ]
INFO: Run Behavior\ParseTemplateBehavior [ RunTime:0.012000s ]
INFO: [ view_parse ] --END-- [ RunTime:0.012000s ]
INFO: [ view_filter ] --START--
INFO: Run Behavior\WriteHtmlCacheBehavior [ RunTime:0.000000s ]
INFO: [ view_filter ] --END-- [ RunTime:0.001000s ]
INFO: [ app_end ] --START--
INFO: Run Behavior\ShowPageTraceBehavior [ RunTime:0.000000s ]
INFO: [ app_end ] --END-- [ RunTime:0.000000s ]

[ 2018-04-13T11:08:32+08:00 ] ::1 /shiji/Admin/Role/showlist
INFO: [ app_init ] --START--
INFO: Run Behavior\BuildLiteBehavior [ RunTime:0.000000s ]
INFO: [ app_init ] --END-- [ RunTime:0.001000s ]
INFO: [ app_begin ] --START--
INFO: Run Behavior\ReadHtmlCacheBehavior [ RunTime:0.000000s ]
INFO: [ app_begin ] --END-- [ RunTime:0.001000s ]
SQL: SHOW COLUMNS FROM `role` [ RunTime:0.0000s ]
SQL: SELECT * FROM `role`  [ RunTime:0.0000s ]
INFO: [ view_parse ] --START--
INFO: [ template_filter ] --START--
INFO: Run Behavior\ContentReplaceBehavior [ RunTime:0.000000s ]
INFO: [ template_filter ] --END-- [ RunTime:0.000000s ]
INFO: Run Behavior\ParseTemplateBehavior [ RunTime:0.010000s ]
INFO: [ view_parse ] --END-- [ RunTime:0.010000s ]
INFO: [ view_filter ] --START--
INFO: Run Behavior\WriteHtmlCacheBehavior [ RunTime:0.000000s ]
INFO: [ view_filter ] --END-- [ RunTime:0.000000s ]
INFO: [ app_end ] --START--
INFO: Run Behavior\ShowPageTraceBehavior [ RunTime:0.001000s ]
INFO: [ app_end ] --END-- [ RunTime:0.001000s ]

[ 2018-04-13T11:08:32+08:00 ] ::1 /shiji/Admin/Role/showlist
INFO: [ app_init ] --START--
INFO: Run Behavior\BuildLiteBehavior [ RunTime:0.000000s ]
INFO: [ app_init ] --END-- [ RunTime:0.001000s ]
INFO: [ app_begin ] --START--
INFO: Run Behavior\ReadHtmlCacheBehavior [ RunTime:0.001000s ]
INFO: [ app_begin ] --END-- [ RunTime:0.001000s ]
SQL: SHOW COLUMNS FROM `role` [ RunTime:0.0010s ]
SQL: SELECT * FROM `role`  [ RunTime:0.0000s ]
INFO: [ view_parse ] --START--
INFO: [ template_filter ] --START--
INFO: Run Behavior\ContentReplaceBehavior [ RunTime:0.000000s ]
INFO: [ template_filter ] --END-- [ RunTime:0.000000s ]
INFO: Run Behavior\ParseTemplateBehavior [ RunTime:0.009000s ]
INFO: [ view_parse ] --END-- [ RunTime:0.009000s ]
INFO: [ view_filter ] --START--
INFO: Run Behavior\WriteHtmlCacheBehavior [ RunTime:0.000000s ]
INFO: [ view_filter ] --END-- [ RunTime:0.000000s ]
INFO: [ app_end ] --START--
INFO: Run Behavior\ShowPageTraceBehavior [ RunTime:0.000000s ]
INFO: [ app_end ] --END-- [ RunTime:0.000000s ]

[ 2018-04-13T11:08:34+08:00 ] ::1 /shiji/Admin/Role/del
INFO: [ app_init ] --START--
INFO: Run Behavior\BuildLiteBehavior [ RunTime:0.000000s ]
INFO: [ app_init ] --END-- [ RunTime:0.001000s ]
INFO: [ app_begin ] --START--
INFO: Run Behavior\ReadHtmlCacheBehavior [ RunTime:0.001000s ]
INFO: [ app_begin ] --END-- [ RunTime:0.001000s ]
SQL: SHOW COLUMNS FROM `role` [ RunTime:0.0010s ]
SQL: DELETE FROM `role` WHERE `role_id` = 4 [ RunTime:0.0070s ]
SQL: SHOW COLUMNS FROM `role_auth` [ RunTime:0.0010s ]
SQL: DELETE FROM `role_auth` WHERE (  role_id=4 ) [ RunTime:0.0010s ]

[ 2018-04-13T11:08:36+08:00 ] ::1 /shiji/Admin/Role/edit?id=3
INFO: [ app_init ] --START--
INFO: Run Behavior\BuildLiteBehavior [ RunTime:0.000000s ]
INFO: [ app_init ] --END-- [ RunTime:0.000000s ]
INFO: [ app_begin ] --START--
INFO: Run Behavior\ReadHtmlCacheBehavior [ RunTime:0.004000s ]
INFO: [ app_begin ] --END-- [ RunTime:0.006001s ]
SQL: SHOW COLUMNS FROM `auth` [ RunTime:0.0020s ]
SQL: SELECT `auth_id`,`auth_name` FROM `auth` WHERE `auth_pid` = 0  [ RunTime:0.0010s ]
SQL: SELECT `auth_id`,`auth_name` FROM `auth` WHERE `auth_pid` = 1  [ RunTime:0.0010s ]
SQL: SELECT `auth_id`,`auth_name` FROM `auth` WHERE `auth_pid` = 2  [ RunTime:0.0000s ]
SQL: SELECT `auth_id`,`auth_name` FROM `auth` WHERE `auth_pid` = 3  [ RunTime:0.0000s ]
SQL: SELECT `auth_id`,`auth_name` FROM `auth` WHERE `auth_pid` = 4  [ RunTime:0.0010s ]
SQL: SELECT `auth_id`,`auth_name` FROM `auth` WHERE `auth_pid` = 5  [ RunTime:0.0000s ]
SQL: SELECT `auth_id`,`auth_name` FROM `auth` WHERE `auth_pid` = 6  [ RunTime:0.0000s ]
SQL: SELECT `auth_id`,`auth_name` FROM `auth` WHERE `auth_pid` = 7  [ RunTime:0.0000s ]
SQL: SELECT `auth_id`,`auth_name` FROM `auth` WHERE `auth_pid` = 8  [ RunTime:0.0000s ]
SQL: SELECT `auth_id`,`auth_name` FROM `auth` WHERE `auth_pid` = 9  [ RunTime:0.0010s ]
SQL: SELECT `auth_id`,`auth_name` FROM `auth` WHERE `auth_pid` = 10  [ RunTime:0.0000s ]
SQL: SELECT `auth_id`,`auth_name` FROM `auth` WHERE `auth_pid` = 11  [ RunTime:0.0000s ]
SQL: SELECT `auth_id`,`auth_name` FROM `auth` WHERE `auth_pid` = 12  [ RunTime:0.0000s ]
SQL: SELECT `auth_id`,`auth_name` FROM `auth` WHERE `auth_pid` = 13  [ RunTime:0.0000s ]
SQL: SELECT `auth_id`,`auth_name` FROM `auth` WHERE `auth_pid` = 14  [ RunTime:0.0010s ]
SQL: SELECT `auth_id`,`auth_name` FROM `auth` WHERE `auth_pid` = 15  [ RunTime:0.0010s ]
SQL: SELECT `auth_id`,`auth_name` FROM `auth` WHERE `auth_pid` = 16  [ RunTime:0.0000s ]
SQL: SELECT `auth_id`,`auth_name` FROM `auth` WHERE `auth_pid` = 17  [ RunTime:0.0010s ]
SQL: SELECT `auth_id`,`auth_name` FROM `auth` WHERE `auth_pid` = 18  [ RunTime:0.0000s ]
SQL: SELECT `auth_id`,`auth_name` FROM `auth` WHERE `auth_pid` = 19  [ RunTime:0.0000s ]
SQL: SELECT `auth_id`,`auth_name` FROM `auth` WHERE `auth_pid` = 20  [ RunTime:0.0010s ]
SQL: SELECT `auth_id`,`auth_name` FROM `auth` WHERE `auth_pid` = 21  [ RunTime:0.0000s ]
SQL: SELECT `auth_id`,`auth_name` FROM `auth` WHERE `auth_pid` = 22  [ RunTime:0.0000s ]
SQL: SELECT `auth_id`,`auth_name` FROM `auth` WHERE `auth_pid` = 23  [ RunTime:0.0010s ]
SQL: SELECT `auth_id`,`auth_name` FROM `auth` WHERE `auth_pid` = 24  [ RunTime:0.0000s ]
SQL: SELECT `auth_id`,`auth_name` FROM `auth` WHERE `auth_pid` = 25  [ RunTime:0.0000s ]
SQL: SELECT `auth_id`,`auth_name` FROM `auth` WHERE `auth_pid` = 26  [ RunTime:0.0000s ]
SQL: SELECT `auth_id`,`auth_name` FROM `auth` WHERE `auth_pid` = 27  [ RunTime:0.0000s ]
SQL: SELECT `auth_id`,`auth_name` FROM `auth` WHERE `auth_pid` = 28  [ RunTime:0.0000s ]
SQL: SELECT `auth_id`,`auth_name` FROM `auth` WHERE `auth_pid` = 29  [ RunTime:0.0000s ]
SQL: SELECT * FROM `auth`  [ RunTime:0.0000s ]
SQL: SHOW COLUMNS FROM `role` [ RunTime:0.0010s ]
SQL: SELECT * FROM `role` WHERE `role_id` = 3 LIMIT 1   [ RunTime:0.0010s ]
SQL: SHOW COLUMNS FROM `role_auth` [ RunTime:0.0020s ]
SQL: SELECT `auth_id` FROM `role_auth` WHERE ( role_id=3 )  [ RunTime:0.0010s ]
INFO: [ view_parse ] --START--
INFO: [ template_filter ] --START--
INFO: Run Behavior\ContentReplaceBehavior [ RunTime:0.000000s ]
INFO: [ template_filter ] --END-- [ RunTime:0.000000s ]
INFO: Run Behavior\ParseTemplateBehavior [ RunTime:0.016001s ]
INFO: [ view_parse ] --END-- [ RunTime:0.017001s ]
INFO: [ view_filter ] --START--
INFO: Run Behavior\WriteHtmlCacheBehavior [ RunTime:0.001000s ]
INFO: [ view_filter ] --END-- [ RunTime:0.001000s ]
INFO: [ app_end ] --START--
INFO: Run Behavior\ShowPageTraceBehavior [ RunTime:0.001000s ]
INFO: [ app_end ] --END-- [ RunTime:0.001000s ]

[ 2018-04-13T11:08:40+08:00 ] ::1 /shiji/Admin/Role/edit
INFO: [ app_init ] --START--
INFO: Run Behavior\BuildLiteBehavior [ RunTime:0.000000s ]
INFO: [ app_init ] --END-- [ RunTime:0.001000s ]
INFO: [ app_begin ] --START--
INFO: Run Behavior\ReadHtmlCacheBehavior [ RunTime:0.001000s ]
INFO: [ app_begin ] --END-- [ RunTime:0.001000s ]
SQL: SHOW COLUMNS FROM `role` [ RunTime:0.0010s ]
NOTIC: [8] Undefined index: validate C:\wamp\www\shiji\ThinkPHP\Library\Think\Model.class.php 第 1185 行.
NOTIC: [8] Undefined index: auto C:\wamp\www\shiji\ThinkPHP\Library\Think\Model.class.php 第 1128 行.
SQL: UPDATE `role` SET `role_name`='产品管理员' WHERE `role_id` = 3 [ RunTime:0.0060s ]
SQL: SHOW COLUMNS FROM `role_auth` [ RunTime:0.0010s ]
SQL: DELETE FROM `role_auth` WHERE (  role_id=3 ) [ RunTime:0.0010s ]
SQL: INSERT INTO `role_auth` (`role_id`,`auth_id`) VALUES ('3','14') [ RunTime:0.0000s ]
SQL: INSERT INTO `role_auth` (`role_id`,`auth_id`) VALUES ('3','15') [ RunTime:0.0000s ]
SQL: INSERT INTO `role_auth` (`role_id`,`auth_id`) VALUES ('3','16') [ RunTime:0.0010s ]
SQL: INSERT INTO `role_auth` (`role_id`,`auth_id`) VALUES ('3','17') [ RunTime:0.0000s ]
SQL: INSERT INTO `role_auth` (`role_id`,`auth_id`) VALUES ('3','18') [ RunTime:0.0010s ]
SQL: INSERT INTO `role_auth` (`role_id`,`auth_id`) VALUES ('3','19') [ RunTime:0.0010s ]
SQL: INSERT INTO `role_auth` (`role_id`,`auth_id`) VALUES ('3','20') [ RunTime:0.0010s ]
SQL: INSERT INTO `role_auth` (`role_id`,`auth_id`) VALUES ('3','21') [ RunTime:0.0010s ]
SQL: INSERT INTO `role_auth` (`role_id`,`auth_id`) VALUES ('3','22') [ RunTime:0.0010s ]
SQL: INSERT INTO `role_auth` (`role_id`,`auth_id`) VALUES ('3','23') [ RunTime:0.0010s ]
SQL: INSERT INTO `role_auth` (`role_id`,`auth_id`) VALUES ('3','24') [ RunTime:0.0010s ]
SQL: INSERT INTO `role_auth` (`role_id`,`auth_id`) VALUES ('3','25') [ RunTime:0.0010s ]
SQL: INSERT INTO `role_auth` (`role_id`,`auth_id`) VALUES ('3','26') [ RunTime:0.0010s ]
SQL: INSERT INTO `role_auth` (`role_id`,`auth_id`) VALUES ('3','27') [ RunTime:0.0010s ]
SQL: INSERT INTO `role_auth` (`role_id`,`auth_id`) VALUES ('3','28') [ RunTime:0.0010s ]
SQL: INSERT INTO `role_auth` (`role_id`,`auth_id`) VALUES ('3','29') [ RunTime:0.0000s ]

[ 2018-04-13T11:08:41+08:00 ] ::1 /shiji/Admin/Role/showlist
INFO: [ app_init ] --START--
INFO: Run Behavior\BuildLiteBehavior [ RunTime:0.000000s ]
INFO: [ app_init ] --END-- [ RunTime:0.001000s ]
INFO: [ app_begin ] --START--
INFO: Run Behavior\ReadHtmlCacheBehavior [ RunTime:0.001000s ]
INFO: [ app_begin ] --END-- [ RunTime:0.001000s ]
SQL: SHOW COLUMNS FROM `role` [ RunTime:0.0000s ]
SQL: SELECT * FROM `role`  [ RunTime:0.0000s ]
INFO: [ view_parse ] --START--
INFO: [ template_filter ] --START--
INFO: Run Behavior\ContentReplaceBehavior [ RunTime:0.000000s ]
INFO: [ template_filter ] --END-- [ RunTime:0.000000s ]
INFO: Run Behavior\ParseTemplateBehavior [ RunTime:0.010001s ]
INFO: [ view_parse ] --END-- [ RunTime:0.010001s ]
INFO: [ view_filter ] --START--
INFO: Run Behavior\WriteHtmlCacheBehavior [ RunTime:0.000000s ]
INFO: [ view_filter ] --END-- [ RunTime:0.000000s ]
INFO: [ app_end ] --START--
INFO: Run Behavior\ShowPageTraceBehavior [ RunTime:0.001000s ]
INFO: [ app_end ] --END-- [ RunTime:0.001000s ]

[ 2018-04-13T11:08:42+08:00 ] ::1 /shiji/Admin/Role/showlist
INFO: [ app_init ] --START--
INFO: Run Behavior\BuildLiteBehavior [ RunTime:0.000000s ]
INFO: [ app_init ] --END-- [ RunTime:0.000000s ]
INFO: [ app_begin ] --START--
INFO: Run Behavior\ReadHtmlCacheBehavior [ RunTime:0.001000s ]
INFO: [ app_begin ] --END-- [ RunTime:0.001000s ]
SQL: SHOW COLUMNS FROM `role` [ RunTime:0.0010s ]
SQL: SELECT * FROM `role`  [ RunTime:0.0000s ]
INFO: [ view_parse ] --START--
INFO: [ template_filter ] --START--
INFO: Run Behavior\ContentReplaceBehavior [ RunTime:0.001000s ]
INFO: [ template_filter ] --END-- [ RunTime:0.001000s ]
INFO: Run Behavior\ParseTemplateBehavior [ RunTime:0.009000s ]
INFO: [ view_parse ] --END-- [ RunTime:0.010000s ]
INFO: [ view_filter ] --START--
INFO: Run Behavior\WriteHtmlCacheBehavior [ RunTime:0.000000s ]
INFO: [ view_filter ] --END-- [ RunTime:0.000000s ]
INFO: [ app_end ] --START--
INFO: Run Behavior\ShowPageTraceBehavior [ RunTime:0.001000s ]
INFO: [ app_end ] --END-- [ RunTime:0.001000s ]

[ 2018-04-13T11:08:42+08:00 ] ::1 /shiji/Admin/Role/showlist
INFO: [ app_init ] --START--
INFO: Run Behavior\BuildLiteBehavior [ RunTime:0.000000s ]
INFO: [ app_init ] --END-- [ RunTime:0.001000s ]
INFO: [ app_begin ] --START--
INFO: Run Behavior\ReadHtmlCacheBehavior [ RunTime:0.001000s ]
INFO: [ app_begin ] --END-- [ RunTime:0.001000s ]
SQL: SHOW COLUMNS FROM `role` [ RunTime:0.0010s ]
SQL: SELECT * FROM `role`  [ RunTime:0.0010s ]
INFO: [ view_parse ] --START--
INFO: [ template_filter ] --START--
INFO: Run Behavior\ContentReplaceBehavior [ RunTime:0.000000s ]
INFO: [ template_filter ] --END-- [ RunTime:0.000000s ]
INFO: Run Behavior\ParseTemplateBehavior [ RunTime:0.009001s ]
INFO: [ view_parse ] --END-- [ RunTime:0.009001s ]
INFO: [ view_filter ] --START--
INFO: Run Behavior\WriteHtmlCacheBehavior [ RunTime:0.000000s ]
INFO: [ view_filter ] --END-- [ RunTime:0.001000s ]
INFO: [ app_end ] --START--
INFO: Run Behavior\ShowPageTraceBehavior [ RunTime:0.000000s ]
INFO: [ app_end ] --END-- [ RunTime:0.000000s ]

