[ 2018-05-05T21:43:15+08:00 ] ::1 /shiji/Admin/Index/index
INFO: [ app_init ] --START--
INFO: Run Behavior\BuildLiteBehavior [ RunTime:0.000015s ]
INFO: [ app_init ] --END-- [ RunTime:0.046421s ]
INFO: [ app_begin ] --START--
INFO: Run Behavior\ReadHtmlCacheBehavior [ RunTime:0.010829s ]
INFO: [ app_begin ] --END-- [ RunTime:0.010896s ]
NOTIC: [8] Undefined variable: moduleurl D:\XAMPP\htdocs\shiji\Application\Admin\Controller\CommonController.class.php 第 23 行.
NOTIC: [8] Undefined variable: moduleurl D:\XAMPP\htdocs\shiji\Application\Admin\Controller\CommonController.class.php 第 23 行.

[ 2018-05-05T21:43:16+08:00 ] ::1 /shiji/Admin/Login/login
INFO: [ app_init ] --START--
INFO: Run Behavior\BuildLiteBehavior [ RunTime:0.000011s ]
INFO: [ app_init ] --END-- [ RunTime:0.000371s ]
INFO: [ app_begin ] --START--
INFO: Run Behavior\ReadHtmlCacheBehavior [ RunTime:0.000527s ]
INFO: [ app_begin ] --END-- [ RunTime:0.000575s ]
INFO: [ view_parse ] --START--
INFO: [ template_filter ] --START--
INFO: Run Behavior\ContentReplaceBehavior [ RunTime:0.000132s ]
INFO: [ template_filter ] --END-- [ RunTime:0.000197s ]
INFO: Run Behavior\ParseTemplateBehavior [ RunTime:0.101196s ]
INFO: [ view_parse ] --END-- [ RunTime:0.101264s ]
INFO: [ view_filter ] --START--
INFO: Run Behavior\WriteHtmlCacheBehavior [ RunTime:0.013266s ]
INFO: [ view_filter ] --END-- [ RunTime:0.013333s ]
INFO: [ app_end ] --START--
INFO: Run Behavior\ShowPageTraceBehavior [ RunTime:0.019305s ]
INFO: [ app_end ] --END-- [ RunTime:0.019378s ]

[ 2018-05-05T21:43:18+08:00 ] ::1 /shiji/Admin/Login/verify
INFO: [ app_init ] --START--
INFO: Run Behavior\BuildLiteBehavior [ RunTime:0.000010s ]
INFO: [ app_init ] --END-- [ RunTime:0.000326s ]
INFO: [ app_begin ] --START--
INFO: Run Behavior\ReadHtmlCacheBehavior [ RunTime:0.000397s ]
INFO: [ app_begin ] --END-- [ RunTime:0.000435s ]
INFO: [ app_end ] --START--
INFO: Run Behavior\ShowPageTraceBehavior [ RunTime:0.000812s ]
INFO: [ app_end ] --END-- [ RunTime:0.000887s ]

[ 2018-05-05T21:43:48+08:00 ] ::1 /shiji/Admin/Login/login
INFO: [ app_init ] --START--
INFO: Run Behavior\BuildLiteBehavior [ RunTime:0.000011s ]
INFO: [ app_init ] --END-- [ RunTime:0.000395s ]
INFO: [ app_begin ] --START--
INFO: Run Behavior\ReadHtmlCacheBehavior [ RunTime:0.000650s ]
INFO: [ app_begin ] --END-- [ RunTime:0.000690s ]
SQL: SHOW COLUMNS FROM `manager` [ RunTime:0.0304s ]
SQL: SELECT * FROM `manager` WHERE `username` = 'admin' LIMIT 1   [ RunTime:0.0007s ]
SQL: SELECT * FROM `manager` WHERE `username` = 'admin' AND `status` = 0 LIMIT 1   [ RunTime:0.0004s ]

[ 2018-05-05T21:43:51+08:00 ] ::1 /shiji/Admin/Index/index
INFO: [ app_init ] --START--
INFO: Run Behavior\BuildLiteBehavior [ RunTime:0.000011s ]
INFO: [ app_init ] --END-- [ RunTime:0.000396s ]
INFO: [ app_begin ] --START--
INFO: Run Behavior\ReadHtmlCacheBehavior [ RunTime:0.000475s ]
INFO: [ app_begin ] --END-- [ RunTime:0.000519s ]
SQL: SHOW COLUMNS FROM `manager_role` [ RunTime:0.0766s ]
SQL: SELECT `role_id` FROM `manager_role` WHERE `manager_id` = 1  [ RunTime:0.0004s ]
SQL: SHOW COLUMNS FROM `role_auth` [ RunTime:0.0977s ]
SQL: SELECT `auth_id` FROM `role_auth` WHERE `role_id` IN ('1')  [ RunTime:0.0006s ]
SQL: SHOW COLUMNS FROM `auth` [ RunTime:0.0540s ]
SQL: SELECT concat(auth_controller,'-',auth_action) as ids FROM `auth` WHERE `auth_id` IN ('1','2','3','4','5','6','7','8','9','10','11','12','13','14','15','16','17','18','19','20','21','22','23','24','25','26')  [ RunTime:0.0011s ]
SQL: SELECT `role_id` FROM `manager_role` WHERE `manager_id` = 1  [ RunTime:0.0004s ]
SQL: SELECT `auth_id` FROM `role_auth` WHERE `role_id` IN ('1')  [ RunTime:0.0005s ]
SQL: SELECT * FROM `auth` WHERE `auth_pid` = 0  [ RunTime:0.0005s ]
SQL: SELECT * FROM `auth` WHERE `auth_pid` = 1 AND `auth_type` = 1  [ RunTime:0.0006s ]
SQL: SELECT * FROM `auth` WHERE `auth_pid` = 14 AND `auth_type` = 1  [ RunTime:0.0007s ]
INFO: [ view_parse ] --START--
INFO: [ template_filter ] --START--
INFO: Run Behavior\ContentReplaceBehavior [ RunTime:0.000167s ]
INFO: [ template_filter ] --END-- [ RunTime:0.000259s ]
INFO: Run Behavior\ParseTemplateBehavior [ RunTime:0.173680s ]
INFO: [ view_parse ] --END-- [ RunTime:0.174202s ]
INFO: [ view_filter ] --START--
INFO: Run Behavior\WriteHtmlCacheBehavior [ RunTime:0.001543s ]
INFO: [ view_filter ] --END-- [ RunTime:0.001671s ]
INFO: [ app_end ] --START--
INFO: Run Behavior\ShowPageTraceBehavior [ RunTime:0.002027s ]
INFO: [ app_end ] --END-- [ RunTime:0.002160s ]

[ 2018-05-05T21:43:51+08:00 ] ::1 /shiji/Admin/Index/welcome.html
INFO: [ app_init ] --START--
INFO: Run Behavior\BuildLiteBehavior [ RunTime:0.000012s ]
INFO: [ app_init ] --END-- [ RunTime:0.000395s ]
INFO: [ app_begin ] --START--
INFO: Run Behavior\ReadHtmlCacheBehavior [ RunTime:0.000412s ]
INFO: [ app_begin ] --END-- [ RunTime:0.000461s ]
SQL: SHOW COLUMNS FROM `manager_role` [ RunTime:0.0042s ]
SQL: SELECT `role_id` FROM `manager_role` WHERE `manager_id` = 1  [ RunTime:0.0004s ]
SQL: SHOW COLUMNS FROM `role_auth` [ RunTime:0.0040s ]
SQL: SELECT `auth_id` FROM `role_auth` WHERE `role_id` IN ('1')  [ RunTime:0.0003s ]
SQL: SHOW COLUMNS FROM `auth` [ RunTime:0.0164s ]
SQL: SELECT concat(auth_controller,'-',auth_action) as ids FROM `auth` WHERE `auth_id` IN ('1','2','3','4','5','6','7','8','9','10','11','12','13','14','15','16','17','18','19','20','21','22','23','24','25','26')  [ RunTime:0.0005s ]
INFO: [ view_parse ] --START--
INFO: [ template_filter ] --START--
INFO: Run Behavior\ContentReplaceBehavior [ RunTime:0.000069s ]
INFO: [ template_filter ] --END-- [ RunTime:0.000115s ]
INFO: Run Behavior\ParseTemplateBehavior [ RunTime:0.145770s ]
INFO: [ view_parse ] --END-- [ RunTime:0.145903s ]
INFO: [ view_filter ] --START--
INFO: Run Behavior\WriteHtmlCacheBehavior [ RunTime:0.000683s ]
INFO: [ view_filter ] --END-- [ RunTime:0.000758s ]
INFO: [ app_end ] --START--
INFO: Run Behavior\ShowPageTraceBehavior [ RunTime:0.000949s ]
INFO: [ app_end ] --END-- [ RunTime:0.001028s ]

