[ 2018-04-22T10:45:25+08:00 ] ::1 /shiji/Admin/Index/index
INFO: [ app_init ] --START--
INFO: Run Behavior\BuildLiteBehavior [ RunTime:0.000018s ]
INFO: [ app_init ] --END-- [ RunTime:0.040014s ]
INFO: [ app_begin ] --START--
INFO: Run Behavior\ReadHtmlCacheBehavior [ RunTime:0.011657s ]
INFO: [ app_begin ] --END-- [ RunTime:0.011725s ]
INFO: [ view_parse ] --START--
INFO: [ template_filter ] --START--
INFO: Run Behavior\ContentReplaceBehavior [ RunTime:0.000107s ]
INFO: [ template_filter ] --END-- [ RunTime:0.000162s ]
INFO: Run Behavior\ParseTemplateBehavior [ RunTime:0.110955s ]
INFO: [ view_parse ] --END-- [ RunTime:0.111048s ]
INFO: [ view_filter ] --START--
INFO: Run Behavior\WriteHtmlCacheBehavior [ RunTime:0.014019s ]
INFO: [ view_filter ] --END-- [ RunTime:0.014080s ]
INFO: [ app_end ] --START--
INFO: Run Behavior\ShowPageTraceBehavior [ RunTime:0.010996s ]
INFO: [ app_end ] --END-- [ RunTime:0.011070s ]

[ 2018-04-22T10:45:25+08:00 ] ::1 /shiji/Admin/Index/welcome.html
INFO: [ app_init ] --START--
INFO: Run Behavior\BuildLiteBehavior [ RunTime:0.000014s ]
INFO: [ app_init ] --END-- [ RunTime:0.000306s ]
INFO: [ app_begin ] --START--
INFO: Run Behavior\ReadHtmlCacheBehavior [ RunTime:0.000589s ]
INFO: [ app_begin ] --END-- [ RunTime:0.000622s ]
INFO: [ view_parse ] --START--
INFO: [ template_filter ] --START--
INFO: Run Behavior\ContentReplaceBehavior [ RunTime:0.000041s ]
INFO: [ template_filter ] --END-- [ RunTime:0.000074s ]
INFO: Run Behavior\ParseTemplateBehavior [ RunTime:0.019709s ]
INFO: [ view_parse ] --END-- [ RunTime:0.019766s ]
INFO: [ view_filter ] --START--
INFO: Run Behavior\WriteHtmlCacheBehavior [ RunTime:0.000293s ]
INFO: [ view_filter ] --END-- [ RunTime:0.000315s ]
INFO: [ app_end ] --START--
INFO: Run Behavior\ShowPageTraceBehavior [ RunTime:0.000622s ]
INFO: [ app_end ] --END-- [ RunTime:0.000644s ]

[ 2018-04-22T10:45:29+08:00 ] ::1 /shiji/Admin/Product/showlist
INFO: [ app_init ] --START--
INFO: Run Behavior\BuildLiteBehavior [ RunTime:0.000019s ]
INFO: [ app_init ] --END-- [ RunTime:0.000837s ]
INFO: [ app_begin ] --START--
INFO: Run Behavior\ReadHtmlCacheBehavior [ RunTime:0.000754s ]
INFO: [ app_begin ] --END-- [ RunTime:0.000811s ]
SQL: SHOW COLUMNS FROM `product` [ RunTime:0.0336s ]
SQL: SELECT `product_id`,`product_name`,`product_ctime`,`category_name` FROM product as a INNER JOIN category as b on b.category_id=a.product_category  ORDER BY product_id desc LIMIT 0,5   [ RunTime:0.0368s ]
SQL: SHOW COLUMNS FROM `style` [ RunTime:0.0163s ]
SQL: SELECT * FROM style as a INNER JOIN product_style as b on b.style_id=a.style_id   [ RunTime:0.0155s ]
SQL: SELECT COUNT(*) AS tp_count FROM product as a LIMIT 1   [ RunTime:0.0003s ]
INFO: [ view_parse ] --START--
INFO: [ template_filter ] --START--
INFO: Run Behavior\ContentReplaceBehavior [ RunTime:0.000059s ]
INFO: [ template_filter ] --END-- [ RunTime:0.000088s ]
INFO: Run Behavior\ParseTemplateBehavior [ RunTime:0.027848s ]
INFO: [ view_parse ] --END-- [ RunTime:0.027882s ]
INFO: [ view_filter ] --START--
INFO: Run Behavior\WriteHtmlCacheBehavior [ RunTime:0.000320s ]
INFO: [ view_filter ] --END-- [ RunTime:0.000343s ]
INFO: [ app_end ] --START--
INFO: Run Behavior\ShowPageTraceBehavior [ RunTime:0.000971s ]
INFO: [ app_end ] --END-- [ RunTime:0.001044s ]

[ 2018-04-22T10:45:36+08:00 ] ::1 /shiji/Admin/Product/append
INFO: [ app_init ] --START--
INFO: Run Behavior\BuildLiteBehavior [ RunTime:0.000015s ]
INFO: [ app_init ] --END-- [ RunTime:0.000338s ]
INFO: [ app_begin ] --START--
INFO: Run Behavior\ReadHtmlCacheBehavior [ RunTime:0.000468s ]
INFO: [ app_begin ] --END-- [ RunTime:0.000505s ]
SQL: SHOW COLUMNS FROM `category` [ RunTime:0.0037s ]
SQL: SELECT `category_id`,`category_name` FROM `category` WHERE `pid` = 0  [ RunTime:0.0002s ]
SQL: SELECT `category_id`,`category_name` FROM `category` WHERE `pid` = 1  [ RunTime:0.0001s ]
SQL: SELECT `category_id`,`category_name` FROM `category` WHERE `pid` = 2  [ RunTime:0.0001s ]
SQL: SELECT `category_id`,`category_name` FROM `category` WHERE `pid` = 4  [ RunTime:0.0001s ]
SQL: SELECT `category_id`,`category_name` FROM `category` WHERE `pid` = 5  [ RunTime:0.0001s ]
SQL: SELECT `category_id`,`category_name` FROM `category` WHERE `pid` = 6  [ RunTime:0.0002s ]
SQL: SELECT `category_id`,`category_name` FROM `category` WHERE `pid` = 7  [ RunTime:0.0002s ]
SQL: SHOW COLUMNS FROM `style` [ RunTime:0.0041s ]
SQL: SELECT * FROM `style`  [ RunTime:0.0002s ]
INFO: [ view_parse ] --START--
INFO: [ template_filter ] --START--
INFO: Run Behavior\ContentReplaceBehavior [ RunTime:0.000054s ]
INFO: [ template_filter ] --END-- [ RunTime:0.000085s ]
INFO: Run Behavior\ParseTemplateBehavior [ RunTime:0.015836s ]
INFO: [ view_parse ] --END-- [ RunTime:0.015871s ]
INFO: [ view_filter ] --START--
INFO: Run Behavior\WriteHtmlCacheBehavior [ RunTime:0.000472s ]
INFO: [ view_filter ] --END-- [ RunTime:0.000501s ]
INFO: [ app_end ] --START--
INFO: Run Behavior\ShowPageTraceBehavior [ RunTime:0.000766s ]
INFO: [ app_end ] --END-- [ RunTime:0.000810s ]

[ 2018-04-22T10:45:51+08:00 ] ::1 /shiji/Admin/Product/append
INFO: [ app_init ] --START--
INFO: Run Behavior\BuildLiteBehavior [ RunTime:0.000010s ]
INFO: [ app_init ] --END-- [ RunTime:0.000509s ]
INFO: [ app_begin ] --START--
INFO: Run Behavior\ReadHtmlCacheBehavior [ RunTime:0.000384s ]
INFO: [ app_begin ] --END-- [ RunTime:0.000414s ]
NOTIC: [8] Undefined index: product_style D:\xampp\htdocs\shiji\Application\Admin\Controller\ProductController.class.php 第 63 行.
SQL: SHOW COLUMNS FROM `product` [ RunTime:0.0289s ]
NOTIC: [8] Undefined index: validate D:\xampp\htdocs\shiji\ThinkPHP\Library\Think\Model.class.php 第 1185 行.
NOTIC: [8] Undefined index: auto D:\xampp\htdocs\shiji\ThinkPHP\Library\Think\Model.class.php 第 1128 行.
NOTIC: [2] call_user_func() expects parameter 1 to be a valid callback, no array or string given D:\xampp\htdocs\shiji\ThinkPHP\Library\Think\Upload.class.php 第 170 行.
NOTIC: [2] call_user_func() expects parameter 1 to be a valid callback, no array or string given D:\xampp\htdocs\shiji\ThinkPHP\Library\Think\Upload.class.php 第 170 行.
SQL: INSERT INTO `product` (`product_name`,`product_category`,`product_detail`,`product_ctime`,`product_img`,`product_content`,`product_thumb`) VALUES ('sssssssss','1','sssss','1524365151','./Public/Admin/img/20180422/5adbf75f270da.jpg','./Public/Admin/img/20180422/5adbf75f2920a.jpg','./Public/Admin/img/20180422/285_5adbf75f270da.jpg') [ RunTime:0.0220s ]

[ 2018-04-22T10:45:52+08:00 ] ::1 /shiji/Admin/Product/showlist
INFO: [ app_init ] --START--
INFO: Run Behavior\BuildLiteBehavior [ RunTime:0.000007s ]
INFO: [ app_init ] --END-- [ RunTime:0.000274s ]
INFO: [ app_begin ] --START--
INFO: Run Behavior\ReadHtmlCacheBehavior [ RunTime:0.000489s ]
INFO: [ app_begin ] --END-- [ RunTime:0.000516s ]
SQL: SHOW COLUMNS FROM `product` [ RunTime:0.0893s ]
SQL: SELECT `product_id`,`product_name`,`product_ctime`,`category_name` FROM product as a INNER JOIN category as b on b.category_id=a.product_category  ORDER BY product_id desc LIMIT 0,5   [ RunTime:0.0004s ]
SQL: SHOW COLUMNS FROM `style` [ RunTime:0.0315s ]
SQL: SELECT * FROM style as a INNER JOIN product_style as b on b.style_id=a.style_id   [ RunTime:0.0005s ]
SQL: SELECT COUNT(*) AS tp_count FROM product as a LIMIT 1   [ RunTime:0.0002s ]
INFO: [ view_parse ] --START--
INFO: [ template_filter ] --START--
INFO: Run Behavior\ContentReplaceBehavior [ RunTime:0.000055s ]
INFO: [ template_filter ] --END-- [ RunTime:0.000080s ]
INFO: Run Behavior\ParseTemplateBehavior [ RunTime:0.007859s ]
INFO: [ view_parse ] --END-- [ RunTime:0.007889s ]
INFO: [ view_filter ] --START--
INFO: Run Behavior\WriteHtmlCacheBehavior [ RunTime:0.000290s ]
INFO: [ view_filter ] --END-- [ RunTime:0.000308s ]
INFO: [ app_end ] --START--
INFO: Run Behavior\ShowPageTraceBehavior [ RunTime:0.000826s ]
INFO: [ app_end ] --END-- [ RunTime:0.000863s ]

[ 2018-04-22T10:45:53+08:00 ] ::1 /shiji/Admin/Product/append
INFO: [ app_init ] --START--
INFO: Run Behavior\BuildLiteBehavior [ RunTime:0.000011s ]
INFO: [ app_init ] --END-- [ RunTime:0.000390s ]
INFO: [ app_begin ] --START--
INFO: Run Behavior\ReadHtmlCacheBehavior [ RunTime:0.000583s ]
INFO: [ app_begin ] --END-- [ RunTime:0.000630s ]
SQL: SHOW COLUMNS FROM `category` [ RunTime:0.0036s ]
SQL: SELECT `category_id`,`category_name` FROM `category` WHERE `pid` = 0  [ RunTime:0.0004s ]
SQL: SELECT `category_id`,`category_name` FROM `category` WHERE `pid` = 1  [ RunTime:0.0002s ]
SQL: SELECT `category_id`,`category_name` FROM `category` WHERE `pid` = 2  [ RunTime:0.0002s ]
SQL: SELECT `category_id`,`category_name` FROM `category` WHERE `pid` = 4  [ RunTime:0.0002s ]
SQL: SELECT `category_id`,`category_name` FROM `category` WHERE `pid` = 5  [ RunTime:0.0001s ]
SQL: SELECT `category_id`,`category_name` FROM `category` WHERE `pid` = 6  [ RunTime:0.0002s ]
SQL: SELECT `category_id`,`category_name` FROM `category` WHERE `pid` = 7  [ RunTime:0.0002s ]
SQL: SHOW COLUMNS FROM `style` [ RunTime:0.0057s ]
SQL: SELECT * FROM `style`  [ RunTime:0.0009s ]
INFO: [ view_parse ] --START--
INFO: [ template_filter ] --START--
INFO: Run Behavior\ContentReplaceBehavior [ RunTime:0.000052s ]
INFO: [ template_filter ] --END-- [ RunTime:0.000094s ]
INFO: Run Behavior\ParseTemplateBehavior [ RunTime:0.006693s ]
INFO: [ view_parse ] --END-- [ RunTime:0.006739s ]
INFO: [ view_filter ] --START--
INFO: Run Behavior\WriteHtmlCacheBehavior [ RunTime:0.000290s ]
INFO: [ view_filter ] --END-- [ RunTime:0.000318s ]
INFO: [ app_end ] --START--
INFO: Run Behavior\ShowPageTraceBehavior [ RunTime:0.000445s ]
INFO: [ app_end ] --END-- [ RunTime:0.000475s ]

[ 2018-04-22T10:45:59+08:00 ] ::1 /shiji/Admin/Product/append
INFO: [ app_init ] --START--
INFO: Run Behavior\BuildLiteBehavior [ RunTime:0.000011s ]
INFO: [ app_init ] --END-- [ RunTime:0.000449s ]
INFO: [ app_begin ] --START--
INFO: Run Behavior\ReadHtmlCacheBehavior [ RunTime:0.000451s ]
INFO: [ app_begin ] --END-- [ RunTime:0.000484s ]
NOTIC: [8] Undefined index: product_style D:\xampp\htdocs\shiji\Application\Admin\Controller\ProductController.class.php 第 63 行.
SQL: SHOW COLUMNS FROM `product` [ RunTime:0.0041s ]
NOTIC: [8] Undefined index: validate D:\xampp\htdocs\shiji\ThinkPHP\Library\Think\Model.class.php 第 1185 行.
NOTIC: [8] Undefined index: auto D:\xampp\htdocs\shiji\ThinkPHP\Library\Think\Model.class.php 第 1128 行.
NOTIC: [2] call_user_func() expects parameter 1 to be a valid callback, no array or string given D:\xampp\htdocs\shiji\ThinkPHP\Library\Think\Upload.class.php 第 170 行.
NOTIC: [2] call_user_func() expects parameter 1 to be a valid callback, no array or string given D:\xampp\htdocs\shiji\ThinkPHP\Library\Think\Upload.class.php 第 170 行.
SQL: INSERT INTO `product` (`product_name`,`product_category`,`product_detail`,`product_ctime`,`product_img`,`product_content`,`product_thumb`) VALUES ('sssssssss','1','sssssssss','1524365159','./Public/Admin/img/20180422/5adbf767a0459.jpg','./Public/Admin/img/20180422/5adbf767a0933.jpg','./Public/Admin/img/20180422/285_5adbf767a0459.jpg') [ RunTime:0.0010s ]

[ 2018-04-22T10:46:00+08:00 ] ::1 /shiji/Admin/Product/showlist
INFO: [ app_init ] --START--
INFO: Run Behavior\BuildLiteBehavior [ RunTime:0.000007s ]
INFO: [ app_init ] --END-- [ RunTime:0.000278s ]
INFO: [ app_begin ] --START--
INFO: Run Behavior\ReadHtmlCacheBehavior [ RunTime:0.000326s ]
INFO: [ app_begin ] --END-- [ RunTime:0.000349s ]
SQL: SHOW COLUMNS FROM `product` [ RunTime:0.0368s ]
SQL: SELECT `product_id`,`product_name`,`product_ctime`,`category_name` FROM product as a INNER JOIN category as b on b.category_id=a.product_category  ORDER BY product_id desc LIMIT 0,5   [ RunTime:0.0004s ]
SQL: SHOW COLUMNS FROM `style` [ RunTime:0.0434s ]
SQL: SELECT * FROM style as a INNER JOIN product_style as b on b.style_id=a.style_id   [ RunTime:0.0005s ]
SQL: SELECT COUNT(*) AS tp_count FROM product as a LIMIT 1   [ RunTime:0.0002s ]
INFO: [ view_parse ] --START--
INFO: [ template_filter ] --START--
INFO: Run Behavior\ContentReplaceBehavior [ RunTime:0.000055s ]
INFO: [ template_filter ] --END-- [ RunTime:0.000083s ]
INFO: Run Behavior\ParseTemplateBehavior [ RunTime:0.006964s ]
INFO: [ view_parse ] --END-- [ RunTime:0.006991s ]
INFO: [ view_filter ] --START--
INFO: Run Behavior\WriteHtmlCacheBehavior [ RunTime:0.000204s ]
INFO: [ view_filter ] --END-- [ RunTime:0.000222s ]
INFO: [ app_end ] --START--
INFO: Run Behavior\ShowPageTraceBehavior [ RunTime:0.000620s ]
INFO: [ app_end ] --END-- [ RunTime:0.000668s ]

[ 2018-04-22T10:46:02+08:00 ] ::1 /shiji/Admin/Product/append
INFO: [ app_init ] --START--
INFO: Run Behavior\BuildLiteBehavior [ RunTime:0.000012s ]
INFO: [ app_init ] --END-- [ RunTime:0.000501s ]
INFO: [ app_begin ] --START--
INFO: Run Behavior\ReadHtmlCacheBehavior [ RunTime:0.000799s ]
INFO: [ app_begin ] --END-- [ RunTime:0.000854s ]
SQL: SHOW COLUMNS FROM `category` [ RunTime:0.0053s ]
SQL: SELECT `category_id`,`category_name` FROM `category` WHERE `pid` = 0  [ RunTime:0.0004s ]
SQL: SELECT `category_id`,`category_name` FROM `category` WHERE `pid` = 1  [ RunTime:0.0002s ]
SQL: SELECT `category_id`,`category_name` FROM `category` WHERE `pid` = 2  [ RunTime:0.0002s ]
SQL: SELECT `category_id`,`category_name` FROM `category` WHERE `pid` = 4  [ RunTime:0.0002s ]
SQL: SELECT `category_id`,`category_name` FROM `category` WHERE `pid` = 5  [ RunTime:0.0002s ]
SQL: SELECT `category_id`,`category_name` FROM `category` WHERE `pid` = 6  [ RunTime:0.0002s ]
SQL: SELECT `category_id`,`category_name` FROM `category` WHERE `pid` = 7  [ RunTime:0.0002s ]
SQL: SHOW COLUMNS FROM `style` [ RunTime:0.0034s ]
SQL: SELECT * FROM `style`  [ RunTime:0.0003s ]
INFO: [ view_parse ] --START--
INFO: [ template_filter ] --START--
INFO: Run Behavior\ContentReplaceBehavior [ RunTime:0.000053s ]
INFO: [ template_filter ] --END-- [ RunTime:0.000085s ]
INFO: Run Behavior\ParseTemplateBehavior [ RunTime:0.007589s ]
INFO: [ view_parse ] --END-- [ RunTime:0.007638s ]
INFO: [ view_filter ] --START--
INFO: Run Behavior\WriteHtmlCacheBehavior [ RunTime:0.000229s ]
INFO: [ view_filter ] --END-- [ RunTime:0.000248s ]
INFO: [ app_end ] --START--
INFO: Run Behavior\ShowPageTraceBehavior [ RunTime:0.000388s ]
INFO: [ app_end ] --END-- [ RunTime:0.000408s ]

[ 2018-04-22T10:46:07+08:00 ] ::1 /shiji/Admin/Product/append
INFO: [ app_init ] --START--
INFO: Run Behavior\BuildLiteBehavior [ RunTime:0.000022s ]
INFO: [ app_init ] --END-- [ RunTime:0.000322s ]
INFO: [ app_begin ] --START--
INFO: Run Behavior\ReadHtmlCacheBehavior [ RunTime:0.000377s ]
INFO: [ app_begin ] --END-- [ RunTime:0.000397s ]
NOTIC: [8] Undefined index: product_style D:\xampp\htdocs\shiji\Application\Admin\Controller\ProductController.class.php 第 63 行.
SQL: SHOW COLUMNS FROM `product` [ RunTime:0.0039s ]
NOTIC: [8] Undefined index: validate D:\xampp\htdocs\shiji\ThinkPHP\Library\Think\Model.class.php 第 1185 行.
NOTIC: [8] Undefined index: auto D:\xampp\htdocs\shiji\ThinkPHP\Library\Think\Model.class.php 第 1128 行.
NOTIC: [2] call_user_func() expects parameter 1 to be a valid callback, no array or string given D:\xampp\htdocs\shiji\ThinkPHP\Library\Think\Upload.class.php 第 170 行.
NOTIC: [2] call_user_func() expects parameter 1 to be a valid callback, no array or string given D:\xampp\htdocs\shiji\ThinkPHP\Library\Think\Upload.class.php 第 170 行.
SQL: INSERT INTO `product` (`product_name`,`product_category`,`product_detail`,`product_ctime`,`product_img`,`product_content`,`product_thumb`) VALUES ('ssssssssss','1','sssssssssss','1524365167','./Public/Admin/img/20180422/5adbf76fce3d6.jpg','./Public/Admin/img/20180422/5adbf76fce8f2.jpg','./Public/Admin/img/20180422/285_5adbf76fce3d6.jpg') [ RunTime:0.0003s ]

[ 2018-04-22T10:46:08+08:00 ] ::1 /shiji/Admin/Product/showlist
INFO: [ app_init ] --START--
INFO: Run Behavior\BuildLiteBehavior [ RunTime:0.000008s ]
INFO: [ app_init ] --END-- [ RunTime:0.000241s ]
INFO: [ app_begin ] --START--
INFO: Run Behavior\ReadHtmlCacheBehavior [ RunTime:0.000530s ]
INFO: [ app_begin ] --END-- [ RunTime:0.000559s ]
SQL: SHOW COLUMNS FROM `product` [ RunTime:0.0562s ]
SQL: SELECT `product_id`,`product_name`,`product_ctime`,`category_name` FROM product as a INNER JOIN category as b on b.category_id=a.product_category  ORDER BY product_id desc LIMIT 0,5   [ RunTime:0.0005s ]
SQL: SHOW COLUMNS FROM `style` [ RunTime:0.0473s ]
SQL: SELECT * FROM style as a INNER JOIN product_style as b on b.style_id=a.style_id   [ RunTime:0.0007s ]
SQL: SELECT COUNT(*) AS tp_count FROM product as a LIMIT 1   [ RunTime:0.0003s ]
INFO: [ view_parse ] --START--
INFO: [ template_filter ] --START--
INFO: Run Behavior\ContentReplaceBehavior [ RunTime:0.000112s ]
INFO: [ template_filter ] --END-- [ RunTime:0.000161s ]
INFO: Run Behavior\ParseTemplateBehavior [ RunTime:0.013502s ]
INFO: [ view_parse ] --END-- [ RunTime:0.013548s ]
INFO: [ view_filter ] --START--
INFO: Run Behavior\WriteHtmlCacheBehavior [ RunTime:0.000322s ]
INFO: [ view_filter ] --END-- [ RunTime:0.000352s ]
INFO: [ app_end ] --START--
INFO: Run Behavior\ShowPageTraceBehavior [ RunTime:0.000765s ]
INFO: [ app_end ] --END-- [ RunTime:0.000812s ]

[ 2018-04-22T10:46:11+08:00 ] ::1 /shiji/Admin/Product/showlist/p/2
INFO: [ app_init ] --START--
INFO: Run Behavior\BuildLiteBehavior [ RunTime:0.000008s ]
INFO: [ app_init ] --END-- [ RunTime:0.000265s ]
INFO: [ app_begin ] --START--
INFO: Run Behavior\ReadHtmlCacheBehavior [ RunTime:0.000364s ]
INFO: [ app_begin ] --END-- [ RunTime:0.000388s ]
SQL: SHOW COLUMNS FROM `product` [ RunTime:0.0238s ]
SQL: SELECT `product_id`,`product_name`,`product_ctime`,`category_name` FROM product as a INNER JOIN category as b on b.category_id=a.product_category  ORDER BY product_id desc LIMIT 5,5   [ RunTime:0.0004s ]
SQL: SHOW COLUMNS FROM `style` [ RunTime:0.0032s ]
SQL: SELECT * FROM style as a INNER JOIN product_style as b on b.style_id=a.style_id   [ RunTime:0.0004s ]
SQL: SELECT COUNT(*) AS tp_count FROM product as a LIMIT 1   [ RunTime:0.0003s ]
INFO: [ view_parse ] --START--
INFO: [ template_filter ] --START--
INFO: Run Behavior\ContentReplaceBehavior [ RunTime:0.000056s ]
INFO: [ template_filter ] --END-- [ RunTime:0.000082s ]
INFO: Run Behavior\ParseTemplateBehavior [ RunTime:0.006233s ]
INFO: [ view_parse ] --END-- [ RunTime:0.006260s ]
INFO: [ view_filter ] --START--
INFO: Run Behavior\WriteHtmlCacheBehavior [ RunTime:0.000198s ]
INFO: [ view_filter ] --END-- [ RunTime:0.000217s ]
INFO: [ app_end ] --START--
INFO: Run Behavior\ShowPageTraceBehavior [ RunTime:0.000708s ]
INFO: [ app_end ] --END-- [ RunTime:0.000740s ]

[ 2018-04-22T10:46:13+08:00 ] ::1 /shiji/Admin/Product/showlist/p/1
INFO: [ app_init ] --START--
INFO: Run Behavior\BuildLiteBehavior [ RunTime:0.000009s ]
INFO: [ app_init ] --END-- [ RunTime:0.000254s ]
INFO: [ app_begin ] --START--
INFO: Run Behavior\ReadHtmlCacheBehavior [ RunTime:0.000349s ]
INFO: [ app_begin ] --END-- [ RunTime:0.000374s ]
SQL: SHOW COLUMNS FROM `product` [ RunTime:0.0036s ]
SQL: SELECT `product_id`,`product_name`,`product_ctime`,`category_name` FROM product as a INNER JOIN category as b on b.category_id=a.product_category  ORDER BY product_id desc LIMIT 0,5   [ RunTime:0.0004s ]
SQL: SHOW COLUMNS FROM `style` [ RunTime:0.0031s ]
SQL: SELECT * FROM style as a INNER JOIN product_style as b on b.style_id=a.style_id   [ RunTime:0.0005s ]
SQL: SELECT COUNT(*) AS tp_count FROM product as a LIMIT 1   [ RunTime:0.0002s ]
INFO: [ view_parse ] --START--
INFO: [ template_filter ] --START--
INFO: Run Behavior\ContentReplaceBehavior [ RunTime:0.000064s ]
INFO: [ template_filter ] --END-- [ RunTime:0.000096s ]
INFO: Run Behavior\ParseTemplateBehavior [ RunTime:0.009077s ]
INFO: [ view_parse ] --END-- [ RunTime:0.009117s ]
INFO: [ view_filter ] --START--
INFO: Run Behavior\WriteHtmlCacheBehavior [ RunTime:0.000337s ]
INFO: [ view_filter ] --END-- [ RunTime:0.000366s ]
INFO: [ app_end ] --START--
INFO: Run Behavior\ShowPageTraceBehavior [ RunTime:0.000605s ]
INFO: [ app_end ] --END-- [ RunTime:0.000646s ]

