[ 2018-04-12T12:05:08+08:00 ] ::1 /shiji/Admin/Index/index
INFO: [ app_init ] --START--
INFO: Run Behavior\BuildLiteBehavior [ RunTime:0.000000s ]
INFO: [ app_init ] --END-- [ RunTime:0.000000s ]
INFO: [ app_begin ] --START--
INFO: Run Behavior\ReadHtmlCacheBehavior [ RunTime:0.000000s ]
INFO: [ app_begin ] --END-- [ RunTime:0.001000s ]
INFO: [ view_parse ] --START--
INFO: [ template_filter ] --START--
INFO: Run Behavior\ContentReplaceBehavior [ RunTime:0.000000s ]
INFO: [ template_filter ] --END-- [ RunTime:0.000000s ]
INFO: Run Behavior\ParseTemplateBehavior [ RunTime:0.014001s ]
INFO: [ view_parse ] --END-- [ RunTime:0.014001s ]
INFO: [ view_filter ] --START--
INFO: Run Behavior\WriteHtmlCacheBehavior [ RunTime:0.004000s ]
INFO: [ view_filter ] --END-- [ RunTime:0.004000s ]
INFO: [ app_end ] --START--
INFO: Run Behavior\ShowPageTraceBehavior [ RunTime:0.002000s ]
INFO: [ app_end ] --END-- [ RunTime:0.002000s ]

[ 2018-04-12T12:05:08+08:00 ] ::1 /shiji/Admin/Index/welcome.html
INFO: [ app_init ] --START--
INFO: Run Behavior\BuildLiteBehavior [ RunTime:0.000000s ]
INFO: [ app_init ] --END-- [ RunTime:0.000000s ]
INFO: [ app_begin ] --START--
INFO: Run Behavior\ReadHtmlCacheBehavior [ RunTime:0.000000s ]
INFO: [ app_begin ] --END-- [ RunTime:0.000000s ]
INFO: [ view_parse ] --START--
INFO: [ template_filter ] --START--
INFO: Run Behavior\ContentReplaceBehavior [ RunTime:0.000000s ]
INFO: [ template_filter ] --END-- [ RunTime:0.000000s ]
INFO: Run Behavior\ParseTemplateBehavior [ RunTime:0.007000s ]
INFO: [ view_parse ] --END-- [ RunTime:0.007000s ]
INFO: [ view_filter ] --START--
INFO: Run Behavior\WriteHtmlCacheBehavior [ RunTime:0.001000s ]
INFO: [ view_filter ] --END-- [ RunTime:0.001000s ]
INFO: [ app_end ] --START--
INFO: Run Behavior\ShowPageTraceBehavior [ RunTime:0.000000s ]
INFO: [ app_end ] --END-- [ RunTime:0.001001s ]

[ 2018-04-12T12:05:11+08:00 ] ::1 /shiji/Admin/Role/showlist
INFO: [ app_init ] --START--
INFO: Run Behavior\BuildLiteBehavior [ RunTime:0.000000s ]
INFO: [ app_init ] --END-- [ RunTime:0.001000s ]
INFO: [ app_begin ] --START--
INFO: Run Behavior\ReadHtmlCacheBehavior [ RunTime:0.001000s ]
INFO: [ app_begin ] --END-- [ RunTime:0.001000s ]
SQL: SHOW COLUMNS FROM `role` [ RunTime:0.0020s ]
SQL: SELECT * FROM `role`  [ RunTime:0.0000s ]
INFO: [ view_parse ] --START--
INFO: [ template_filter ] --START--
INFO: Run Behavior\ContentReplaceBehavior [ RunTime:0.000000s ]
INFO: [ template_filter ] --END-- [ RunTime:0.000000s ]
INFO: Run Behavior\ParseTemplateBehavior [ RunTime:0.011001s ]
INFO: [ view_parse ] --END-- [ RunTime:0.011001s ]
INFO: [ view_filter ] --START--
INFO: Run Behavior\WriteHtmlCacheBehavior [ RunTime:0.000000s ]
INFO: [ view_filter ] --END-- [ RunTime:0.000000s ]
INFO: [ app_end ] --START--
INFO: Run Behavior\ShowPageTraceBehavior [ RunTime:0.001000s ]
INFO: [ app_end ] --END-- [ RunTime:0.001000s ]

[ 2018-04-12T12:05:12+08:00 ] ::1 /shiji/Admin/Role/append
INFO: [ app_init ] --START--
INFO: Run Behavior\BuildLiteBehavior [ RunTime:0.000000s ]
INFO: [ app_init ] --END-- [ RunTime:0.000000s ]
INFO: [ app_begin ] --START--
INFO: Run Behavior\ReadHtmlCacheBehavior [ RunTime:0.000000s ]
INFO: [ app_begin ] --END-- [ RunTime:0.000000s ]
SQL: SHOW COLUMNS FROM `auth` [ RunTime:0.0030s ]
SQL: SELECT `auth_id`,`auth_name` FROM `auth` WHERE `auth_pid` = 0  [ RunTime:0.0020s ]
SQL: SELECT `auth_id`,`auth_name` FROM `auth` WHERE `auth_pid` = 1  [ RunTime:0.0020s ]
SQL: SELECT `auth_id`,`auth_name` FROM `auth` WHERE `auth_pid` = 2  [ RunTime:0.0000s ]
SQL: SELECT `auth_id`,`auth_name` FROM `auth` WHERE `auth_pid` = 3  [ RunTime:0.0000s ]
SQL: SELECT `auth_id`,`auth_name` FROM `auth` WHERE `auth_pid` = 4  [ RunTime:0.0000s ]
SQL: SELECT `auth_id`,`auth_name` FROM `auth` WHERE `auth_pid` = 5  [ RunTime:0.0000s ]
SQL: SELECT `auth_id`,`auth_name` FROM `auth` WHERE `auth_pid` = 6  [ RunTime:0.0000s ]
SQL: SELECT `auth_id`,`auth_name` FROM `auth` WHERE `auth_pid` = 7  [ RunTime:0.0010s ]
SQL: SELECT `auth_id`,`auth_name` FROM `auth` WHERE `auth_pid` = 8  [ RunTime:0.0010s ]
SQL: SELECT `auth_id`,`auth_name` FROM `auth` WHERE `auth_pid` = 9  [ RunTime:0.0000s ]
SQL: SELECT `auth_id`,`auth_name` FROM `auth` WHERE `auth_pid` = 10  [ RunTime:0.0010s ]
SQL: SELECT `auth_id`,`auth_name` FROM `auth` WHERE `auth_pid` = 11  [ RunTime:0.0000s ]
SQL: SELECT `auth_id`,`auth_name` FROM `auth` WHERE `auth_pid` = 12  [ RunTime:0.0000s ]
SQL: SELECT `auth_id`,`auth_name` FROM `auth` WHERE `auth_pid` = 13  [ RunTime:0.0010s ]
SQL: SELECT `auth_id`,`auth_name` FROM `auth` WHERE `auth_pid` = 14  [ RunTime:0.0010s ]
SQL: SELECT `auth_id`,`auth_name` FROM `auth` WHERE `auth_pid` = 15  [ RunTime:0.0010s ]
SQL: SELECT `auth_id`,`auth_name` FROM `auth` WHERE `auth_pid` = 16  [ RunTime:0.0000s ]
SQL: SELECT `auth_id`,`auth_name` FROM `auth` WHERE `auth_pid` = 17  [ RunTime:0.0000s ]
SQL: SELECT `auth_id`,`auth_name` FROM `auth` WHERE `auth_pid` = 18  [ RunTime:0.0000s ]
SQL: SELECT `auth_id`,`auth_name` FROM `auth` WHERE `auth_pid` = 19  [ RunTime:0.0000s ]
SQL: SELECT `auth_id`,`auth_name` FROM `auth` WHERE `auth_pid` = 20  [ RunTime:0.0000s ]
SQL: SELECT `auth_id`,`auth_name` FROM `auth` WHERE `auth_pid` = 21  [ RunTime:0.0020s ]
SQL: SELECT `auth_id`,`auth_name` FROM `auth` WHERE `auth_pid` = 22  [ RunTime:0.0020s ]
SQL: SELECT `auth_id`,`auth_name` FROM `auth` WHERE `auth_pid` = 23  [ RunTime:0.0010s ]
SQL: SELECT `auth_id`,`auth_name` FROM `auth` WHERE `auth_pid` = 24  [ RunTime:0.0010s ]
SQL: SELECT `auth_id`,`auth_name` FROM `auth` WHERE `auth_pid` = 25  [ RunTime:0.0030s ]
SQL: SELECT `auth_id`,`auth_name` FROM `auth` WHERE `auth_pid` = 26  [ RunTime:0.0010s ]
SQL: SELECT `auth_id`,`auth_name` FROM `auth` WHERE `auth_pid` = 27  [ RunTime:0.0010s ]
SQL: SELECT `auth_id`,`auth_name` FROM `auth` WHERE `auth_pid` = 28  [ RunTime:0.0010s ]
SQL: SELECT `auth_id`,`auth_name` FROM `auth` WHERE `auth_pid` = 29  [ RunTime:0.0000s ]
SQL: SELECT * FROM `auth`  [ RunTime:0.0000s ]
INFO: [ view_parse ] --START--
INFO: [ template_filter ] --START--
INFO: Run Behavior\ContentReplaceBehavior [ RunTime:0.000000s ]
INFO: [ template_filter ] --END-- [ RunTime:0.000000s ]
INFO: Run Behavior\ParseTemplateBehavior [ RunTime:0.016001s ]
INFO: [ view_parse ] --END-- [ RunTime:0.016001s ]
INFO: [ view_filter ] --START--
INFO: Run Behavior\WriteHtmlCacheBehavior [ RunTime:0.000000s ]
INFO: [ view_filter ] --END-- [ RunTime:0.000000s ]
INFO: [ app_end ] --START--
INFO: Run Behavior\ShowPageTraceBehavior [ RunTime:0.000000s ]
INFO: [ app_end ] --END-- [ RunTime:0.000000s ]

[ 2018-04-12T12:06:18+08:00 ] ::1 /shiji/Admin/Auth/showlist
INFO: [ app_init ] --START--
INFO: Run Behavior\BuildLiteBehavior [ RunTime:0.000000s ]
INFO: [ app_init ] --END-- [ RunTime:0.001000s ]
INFO: [ app_begin ] --START--
INFO: Run Behavior\ReadHtmlCacheBehavior [ RunTime:0.000000s ]
INFO: [ app_begin ] --END-- [ RunTime:0.001000s ]
SQL: SHOW COLUMNS FROM `auth` [ RunTime:0.0030s ]
SQL: SELECT `auth_id`,`auth_name`,`auth_module`,`auth_controller`,`auth_action` FROM `auth` WHERE `auth_pid` = 0  [ RunTime:0.0010s ]
SQL: SELECT `auth_id`,`auth_name`,`auth_module`,`auth_controller`,`auth_action` FROM `auth` WHERE `auth_pid` = 1  [ RunTime:0.0000s ]
SQL: SELECT `auth_id`,`auth_name`,`auth_module`,`auth_controller`,`auth_action` FROM `auth` WHERE `auth_pid` = 2  [ RunTime:0.0000s ]
SQL: SELECT `auth_id`,`auth_name`,`auth_module`,`auth_controller`,`auth_action` FROM `auth` WHERE `auth_pid` = 3  [ RunTime:0.0000s ]
SQL: SELECT `auth_id`,`auth_name`,`auth_module`,`auth_controller`,`auth_action` FROM `auth` WHERE `auth_pid` = 4  [ RunTime:0.0000s ]
SQL: SELECT `auth_id`,`auth_name`,`auth_module`,`auth_controller`,`auth_action` FROM `auth` WHERE `auth_pid` = 5  [ RunTime:0.0000s ]
SQL: SELECT `auth_id`,`auth_name`,`auth_module`,`auth_controller`,`auth_action` FROM `auth` WHERE `auth_pid` = 6  [ RunTime:0.0000s ]
SQL: SELECT `auth_id`,`auth_name`,`auth_module`,`auth_controller`,`auth_action` FROM `auth` WHERE `auth_pid` = 7  [ RunTime:0.0000s ]
SQL: SELECT `auth_id`,`auth_name`,`auth_module`,`auth_controller`,`auth_action` FROM `auth` WHERE `auth_pid` = 8  [ RunTime:0.0000s ]
SQL: SELECT `auth_id`,`auth_name`,`auth_module`,`auth_controller`,`auth_action` FROM `auth` WHERE `auth_pid` = 9  [ RunTime:0.0000s ]
SQL: SELECT `auth_id`,`auth_name`,`auth_module`,`auth_controller`,`auth_action` FROM `auth` WHERE `auth_pid` = 10  [ RunTime:0.0000s ]
SQL: SELECT `auth_id`,`auth_name`,`auth_module`,`auth_controller`,`auth_action` FROM `auth` WHERE `auth_pid` = 11  [ RunTime:0.0000s ]
SQL: SELECT `auth_id`,`auth_name`,`auth_module`,`auth_controller`,`auth_action` FROM `auth` WHERE `auth_pid` = 12  [ RunTime:0.0010s ]
SQL: SELECT `auth_id`,`auth_name`,`auth_module`,`auth_controller`,`auth_action` FROM `auth` WHERE `auth_pid` = 13  [ RunTime:0.0000s ]
SQL: SELECT `auth_id`,`auth_name`,`auth_module`,`auth_controller`,`auth_action` FROM `auth` WHERE `auth_pid` = 14  [ RunTime:0.0010s ]
SQL: SELECT `auth_id`,`auth_name`,`auth_module`,`auth_controller`,`auth_action` FROM `auth` WHERE `auth_pid` = 15  [ RunTime:0.0010s ]
SQL: SELECT `auth_id`,`auth_name`,`auth_module`,`auth_controller`,`auth_action` FROM `auth` WHERE `auth_pid` = 16  [ RunTime:0.0010s ]
SQL: SELECT `auth_id`,`auth_name`,`auth_module`,`auth_controller`,`auth_action` FROM `auth` WHERE `auth_pid` = 17  [ RunTime:0.0010s ]
SQL: SELECT `auth_id`,`auth_name`,`auth_module`,`auth_controller`,`auth_action` FROM `auth` WHERE `auth_pid` = 18  [ RunTime:0.0010s ]
SQL: SELECT `auth_id`,`auth_name`,`auth_module`,`auth_controller`,`auth_action` FROM `auth` WHERE `auth_pid` = 19  [ RunTime:0.0010s ]
SQL: SELECT `auth_id`,`auth_name`,`auth_module`,`auth_controller`,`auth_action` FROM `auth` WHERE `auth_pid` = 20  [ RunTime:0.0000s ]
SQL: SELECT `auth_id`,`auth_name`,`auth_module`,`auth_controller`,`auth_action` FROM `auth` WHERE `auth_pid` = 21  [ RunTime:0.0010s ]
SQL: SELECT `auth_id`,`auth_name`,`auth_module`,`auth_controller`,`auth_action` FROM `auth` WHERE `auth_pid` = 22  [ RunTime:0.0010s ]
SQL: SELECT `auth_id`,`auth_name`,`auth_module`,`auth_controller`,`auth_action` FROM `auth` WHERE `auth_pid` = 23  [ RunTime:0.0000s ]
SQL: SELECT `auth_id`,`auth_name`,`auth_module`,`auth_controller`,`auth_action` FROM `auth` WHERE `auth_pid` = 24  [ RunTime:0.0000s ]
SQL: SELECT `auth_id`,`auth_name`,`auth_module`,`auth_controller`,`auth_action` FROM `auth` WHERE `auth_pid` = 25  [ RunTime:0.0000s ]
SQL: SELECT `auth_id`,`auth_name`,`auth_module`,`auth_controller`,`auth_action` FROM `auth` WHERE `auth_pid` = 26  [ RunTime:0.0000s ]
SQL: SELECT `auth_id`,`auth_name`,`auth_module`,`auth_controller`,`auth_action` FROM `auth` WHERE `auth_pid` = 27  [ RunTime:0.0000s ]
SQL: SELECT `auth_id`,`auth_name`,`auth_module`,`auth_controller`,`auth_action` FROM `auth` WHERE `auth_pid` = 28  [ RunTime:0.0000s ]
SQL: SELECT `auth_id`,`auth_name`,`auth_module`,`auth_controller`,`auth_action` FROM `auth` WHERE `auth_pid` = 29  [ RunTime:0.0000s ]
INFO: [ view_parse ] --START--
INFO: [ template_filter ] --START--
INFO: Run Behavior\ContentReplaceBehavior [ RunTime:0.000000s ]
INFO: [ template_filter ] --END-- [ RunTime:0.000000s ]
INFO: Run Behavior\ParseTemplateBehavior [ RunTime:0.022001s ]
INFO: [ view_parse ] --END-- [ RunTime:0.022001s ]
INFO: [ view_filter ] --START--
INFO: Run Behavior\WriteHtmlCacheBehavior [ RunTime:0.000000s ]
INFO: [ view_filter ] --END-- [ RunTime:0.001000s ]
INFO: [ app_end ] --START--
INFO: Run Behavior\ShowPageTraceBehavior [ RunTime:0.001000s ]
INFO: [ app_end ] --END-- [ RunTime:0.001000s ]

[ 2018-04-12T12:06:20+08:00 ] ::1 /shiji/Admin/Role/showlist
INFO: [ app_init ] --START--
INFO: Run Behavior\BuildLiteBehavior [ RunTime:0.000000s ]
INFO: [ app_init ] --END-- [ RunTime:0.000000s ]
INFO: [ app_begin ] --START--
INFO: Run Behavior\ReadHtmlCacheBehavior [ RunTime:0.000000s ]
INFO: [ app_begin ] --END-- [ RunTime:0.000000s ]
SQL: SHOW COLUMNS FROM `role` [ RunTime:0.0020s ]
SQL: SELECT * FROM `role`  [ RunTime:0.0010s ]
INFO: [ view_parse ] --START--
INFO: [ template_filter ] --START--
INFO: Run Behavior\ContentReplaceBehavior [ RunTime:0.000000s ]
INFO: [ template_filter ] --END-- [ RunTime:0.000000s ]
INFO: Run Behavior\ParseTemplateBehavior [ RunTime:0.011000s ]
INFO: [ view_parse ] --END-- [ RunTime:0.011000s ]
INFO: [ view_filter ] --START--
INFO: Run Behavior\WriteHtmlCacheBehavior [ RunTime:0.000000s ]
INFO: [ view_filter ] --END-- [ RunTime:0.000000s ]
INFO: [ app_end ] --START--
INFO: Run Behavior\ShowPageTraceBehavior [ RunTime:0.000000s ]
INFO: [ app_end ] --END-- [ RunTime:0.000000s ]

[ 2018-04-12T12:06:33+08:00 ] ::1 /shiji/Admin/Role/showlist
INFO: [ app_init ] --START--
INFO: Run Behavior\BuildLiteBehavior [ RunTime:0.000000s ]
INFO: [ app_init ] --END-- [ RunTime:0.001000s ]
INFO: [ app_begin ] --START--
INFO: Run Behavior\ReadHtmlCacheBehavior [ RunTime:0.001000s ]
INFO: [ app_begin ] --END-- [ RunTime:0.001000s ]
SQL: SHOW COLUMNS FROM `role` [ RunTime:0.0020s ]
SQL: SELECT * FROM `role`  [ RunTime:0.0000s ]
INFO: [ view_parse ] --START--
INFO: [ template_filter ] --START--
INFO: Run Behavior\ContentReplaceBehavior [ RunTime:0.000000s ]
INFO: [ template_filter ] --END-- [ RunTime:0.000000s ]
INFO: Run Behavior\ParseTemplateBehavior [ RunTime:0.011001s ]
INFO: [ view_parse ] --END-- [ RunTime:0.011001s ]
INFO: [ view_filter ] --START--
INFO: Run Behavior\WriteHtmlCacheBehavior [ RunTime:0.001000s ]
INFO: [ view_filter ] --END-- [ RunTime:0.001000s ]
INFO: [ app_end ] --START--
INFO: Run Behavior\ShowPageTraceBehavior [ RunTime:0.000000s ]
INFO: [ app_end ] --END-- [ RunTime:0.001000s ]

