[ 2018-10-08T09:14:22+08:00 ] 119.129.116.89 /sifaju/gt/admin/Hall1/hecheng
INFO: [ app_init ] --START--
INFO: Run Behavior\BuildLiteBehavior [ RunTime:0.000020s ]
INFO: [ app_init ] --END-- [ RunTime:0.000355s ]
INFO: [ app_begin ] --START--
INFO: Run Behavior\ReadHtmlCacheBehavior [ RunTime:0.000577s ]
INFO: [ app_begin ] --END-- [ RunTime:0.000637s ]
NOTIC: [8] Undefined variable: moduleurl C:\phpStudy\PHPTutorial\WWW\sifaju\gt\Application\Admin\Controller\CommonController.class.php 第 23 行.
NOTIC: [8] Undefined variable: moduleurl C:\phpStudy\PHPTutorial\WWW\sifaju\gt\Application\Admin\Controller\CommonController.class.php 第 23 行.

[ 2018-10-08T09:14:22+08:00 ] 119.129.116.89 /sifaju/gt/Admin/Login/login
INFO: [ app_init ] --START--
INFO: Run Behavior\BuildLiteBehavior [ RunTime:0.000020s ]
INFO: [ app_init ] --END-- [ RunTime:0.000376s ]
INFO: [ app_begin ] --START--
INFO: Run Behavior\ReadHtmlCacheBehavior [ RunTime:0.000590s ]
INFO: [ app_begin ] --END-- [ RunTime:0.000649s ]
INFO: [ view_parse ] --START--
INFO: [ template_filter ] --START--
INFO: Run Behavior\ContentReplaceBehavior [ RunTime:0.000051s ]
INFO: [ template_filter ] --END-- [ RunTime:0.000105s ]
INFO: Run Behavior\ParseTemplateBehavior [ RunTime:0.005814s ]
INFO: [ view_parse ] --END-- [ RunTime:0.005871s ]
INFO: [ view_filter ] --START--
INFO: Run Behavior\WriteHtmlCacheBehavior [ RunTime:0.000316s ]
INFO: [ view_filter ] --END-- [ RunTime:0.000360s ]
INFO: [ app_end ] --START--
INFO: Run Behavior\ShowPageTraceBehavior [ RunTime:0.000571s ]
INFO: [ app_end ] --END-- [ RunTime:0.000626s ]

[ 2018-10-08T09:14:22+08:00 ] 119.129.116.89 /sifaju/gt/Admin/Login/verify
INFO: [ app_init ] --START--
INFO: Run Behavior\BuildLiteBehavior [ RunTime:0.000021s ]
INFO: [ app_init ] --END-- [ RunTime:0.000361s ]
INFO: [ app_begin ] --START--
INFO: Run Behavior\ReadHtmlCacheBehavior [ RunTime:0.000581s ]
INFO: [ app_begin ] --END-- [ RunTime:0.000637s ]
INFO: [ app_end ] --START--
INFO: Run Behavior\ShowPageTraceBehavior [ RunTime:0.000688s ]
INFO: [ app_end ] --END-- [ RunTime:0.000766s ]

[ 2018-10-08T09:52:05+08:00 ] 119.129.116.89 /gt/admin
INFO: [ app_init ] --START--
INFO: Run Behavior\BuildLiteBehavior [ RunTime:0.000020s ]
INFO: [ app_init ] --END-- [ RunTime:0.000347s ]
INFO: [ app_begin ] --START--
INFO: Run Behavior\ReadHtmlCacheBehavior [ RunTime:0.000575s ]
INFO: [ app_begin ] --END-- [ RunTime:0.000635s ]
NOTIC: [8] Undefined variable: moduleurl C:\phpStudy\PHPTutorial\WWW\gt\Application\Admin\Controller\CommonController.class.php 第 23 行.
NOTIC: [8] Undefined variable: moduleurl C:\phpStudy\PHPTutorial\WWW\gt\Application\Admin\Controller\CommonController.class.php 第 23 行.

[ 2018-10-08T09:52:05+08:00 ] 119.129.116.89 /gt/Admin/Login/login
INFO: [ app_init ] --START--
INFO: Run Behavior\BuildLiteBehavior [ RunTime:0.000021s ]
INFO: [ app_init ] --END-- [ RunTime:0.000400s ]
INFO: [ app_begin ] --START--
INFO: Run Behavior\ReadHtmlCacheBehavior [ RunTime:0.000591s ]
INFO: [ app_begin ] --END-- [ RunTime:0.000656s ]
INFO: [ view_parse ] --START--
INFO: [ template_filter ] --START--
INFO: Run Behavior\ContentReplaceBehavior [ RunTime:0.000052s ]
INFO: [ template_filter ] --END-- [ RunTime:0.000109s ]
INFO: Run Behavior\ParseTemplateBehavior [ RunTime:0.006151s ]
INFO: [ view_parse ] --END-- [ RunTime:0.006207s ]
INFO: [ view_filter ] --START--
INFO: Run Behavior\WriteHtmlCacheBehavior [ RunTime:0.000364s ]
INFO: [ view_filter ] --END-- [ RunTime:0.000409s ]
INFO: [ app_end ] --START--
INFO: Run Behavior\ShowPageTraceBehavior [ RunTime:0.000565s ]
INFO: [ app_end ] --END-- [ RunTime:0.000614s ]

[ 2018-10-08T09:52:05+08:00 ] 119.129.116.89 /gt/Admin/Login/verify
INFO: [ app_init ] --START--
INFO: Run Behavior\BuildLiteBehavior [ RunTime:0.000020s ]
INFO: [ app_init ] --END-- [ RunTime:0.000343s ]
INFO: [ app_begin ] --START--
INFO: Run Behavior\ReadHtmlCacheBehavior [ RunTime:0.000568s ]
INFO: [ app_begin ] --END-- [ RunTime:0.000627s ]
INFO: [ app_end ] --START--
INFO: Run Behavior\ShowPageTraceBehavior [ RunTime:0.000552s ]
INFO: [ app_end ] --END-- [ RunTime:0.000609s ]

[ 2018-10-08T09:52:13+08:00 ] 119.129.116.89 /gt/Admin/Login/login
INFO: [ app_init ] --START--
INFO: Run Behavior\BuildLiteBehavior [ RunTime:0.000021s ]
INFO: [ app_init ] --END-- [ RunTime:0.000352s ]
INFO: [ app_begin ] --START--
INFO: Run Behavior\ReadHtmlCacheBehavior [ RunTime:0.000536s ]
INFO: [ app_begin ] --END-- [ RunTime:0.000600s ]
SQL: SHOW COLUMNS FROM `manager` [ RunTime:0.0084s ]
SQL: SELECT * FROM `manager` WHERE `username` = 'admin' LIMIT 1   [ RunTime:0.0003s ]
SQL: SELECT * FROM `manager` WHERE `username` = 'admin' AND `status` = 0 LIMIT 1   [ RunTime:0.0002s ]

[ 2018-10-08T09:52:16+08:00 ] 119.129.116.89 /gt/Admin/Index/index
INFO: [ app_init ] --START--
INFO: Run Behavior\BuildLiteBehavior [ RunTime:0.000020s ]
INFO: [ app_init ] --END-- [ RunTime:0.000331s ]
INFO: [ app_begin ] --START--
INFO: Run Behavior\ReadHtmlCacheBehavior [ RunTime:0.000471s ]
INFO: [ app_begin ] --END-- [ RunTime:0.000529s ]
SQL: SHOW COLUMNS FROM `manager_role` [ RunTime:0.0047s ]
SQL: SELECT `role_id` FROM `manager_role` WHERE `manager_id` = 1  [ RunTime:0.0002s ]
SQL: SHOW COLUMNS FROM `role_auth` [ RunTime:0.0031s ]
SQL: SELECT `auth_id` FROM `role_auth` WHERE `role_id` IN ('1')  [ RunTime:0.0002s ]
SQL: SHOW COLUMNS FROM `auth` [ RunTime:0.0077s ]
SQL: SELECT concat(auth_controller,'-',auth_action) as ids FROM `auth` WHERE `auth_id` IN ('1','2','3','4','5','6','7','8','9','10','11','12','13','14','15','16','17','18','19','20','21','22','23','24','25','26')  [ RunTime:0.0003s ]
SQL: SELECT `role_id` FROM `manager_role` WHERE `manager_id` = 1  [ RunTime:0.0002s ]
SQL: SELECT `auth_id` FROM `role_auth` WHERE `role_id` IN ('1')  [ RunTime:0.0002s ]
SQL: SELECT * FROM `auth` WHERE `auth_pid` = 0  [ RunTime:0.0002s ]
SQL: SELECT * FROM `auth` WHERE `auth_pid` = 1 AND `auth_type` = 1  [ RunTime:0.0003s ]
SQL: SELECT * FROM `auth` WHERE `auth_pid` = 42 AND `auth_type` = 1  [ RunTime:0.0002s ]
SQL: SELECT * FROM `auth` WHERE `auth_pid` = 52 AND `auth_type` = 1  [ RunTime:0.0002s ]
SQL: SELECT * FROM `auth` WHERE `auth_pid` = 57 AND `auth_type` = 1  [ RunTime:0.0002s ]
SQL: SELECT * FROM `auth` WHERE `auth_pid` = 60 AND `auth_type` = 1  [ RunTime:0.0002s ]
INFO: [ view_parse ] --START--
INFO: [ template_filter ] --START--
INFO: Run Behavior\ContentReplaceBehavior [ RunTime:0.000081s ]
INFO: [ template_filter ] --END-- [ RunTime:0.000144s ]
INFO: Run Behavior\ParseTemplateBehavior [ RunTime:0.048306s ]
INFO: [ view_parse ] --END-- [ RunTime:0.048381s ]
INFO: [ view_filter ] --START--
INFO: Run Behavior\WriteHtmlCacheBehavior [ RunTime:0.000320s ]
INFO: [ view_filter ] --END-- [ RunTime:0.000366s ]
INFO: [ app_end ] --START--
INFO: Run Behavior\ShowPageTraceBehavior [ RunTime:0.000567s ]
INFO: [ app_end ] --END-- [ RunTime:0.000616s ]

[ 2018-10-08T09:52:17+08:00 ] 119.129.116.89 /gt/Admin/Index/welcome.html
INFO: [ app_init ] --START--
INFO: Run Behavior\BuildLiteBehavior [ RunTime:0.000020s ]
INFO: [ app_init ] --END-- [ RunTime:0.000360s ]
INFO: [ app_begin ] --START--
INFO: Run Behavior\ReadHtmlCacheBehavior [ RunTime:0.000539s ]
INFO: [ app_begin ] --END-- [ RunTime:0.000600s ]
SQL: SHOW COLUMNS FROM `manager_role` [ RunTime:0.0034s ]
SQL: SELECT `role_id` FROM `manager_role` WHERE `manager_id` = 1  [ RunTime:0.0002s ]
SQL: SHOW COLUMNS FROM `role_auth` [ RunTime:0.0031s ]
SQL: SELECT `auth_id` FROM `role_auth` WHERE `role_id` IN ('1')  [ RunTime:0.0003s ]
SQL: SHOW COLUMNS FROM `auth` [ RunTime:0.0074s ]
SQL: SELECT concat(auth_controller,'-',auth_action) as ids FROM `auth` WHERE `auth_id` IN ('1','2','3','4','5','6','7','8','9','10','11','12','13','14','15','16','17','18','19','20','21','22','23','24','25','26')  [ RunTime:0.0003s ]
INFO: [ view_parse ] --START--
INFO: [ template_filter ] --START--
INFO: Run Behavior\ContentReplaceBehavior [ RunTime:0.000057s ]
INFO: [ template_filter ] --END-- [ RunTime:0.000119s ]
INFO: Run Behavior\ParseTemplateBehavior [ RunTime:0.006670s ]
INFO: [ view_parse ] --END-- [ RunTime:0.006733s ]
INFO: [ view_filter ] --START--
INFO: Run Behavior\WriteHtmlCacheBehavior [ RunTime:0.000257s ]
INFO: [ view_filter ] --END-- [ RunTime:0.000299s ]
INFO: [ app_end ] --START--
INFO: Run Behavior\ShowPageTraceBehavior [ RunTime:0.000525s ]
INFO: [ app_end ] --END-- [ RunTime:0.000571s ]

[ 2018-10-08T09:52:18+08:00 ] 119.129.116.89 /gt/Admin/Role/showlist
INFO: [ app_init ] --START--
INFO: Run Behavior\BuildLiteBehavior [ RunTime:0.000020s ]
INFO: [ app_init ] --END-- [ RunTime:0.000366s ]
INFO: [ app_begin ] --START--
INFO: Run Behavior\ReadHtmlCacheBehavior [ RunTime:0.000629s ]
INFO: [ app_begin ] --END-- [ RunTime:0.000689s ]

[ 2018-10-08T09:52:25+08:00 ] 119.129.116.89 /gt/Admin/Role/showlist
INFO: [ app_init ] --START--
INFO: Run Behavior\BuildLiteBehavior [ RunTime:0.000021s ]
INFO: [ app_init ] --END-- [ RunTime:0.000350s ]
INFO: [ app_begin ] --START--
INFO: Run Behavior\ReadHtmlCacheBehavior [ RunTime:0.000693s ]
INFO: [ app_begin ] --END-- [ RunTime:0.000760s ]

[ 2018-10-08T09:52:26+08:00 ] 119.129.116.89 /gt/Admin/Auth/showlist
INFO: [ app_init ] --START--
INFO: Run Behavior\BuildLiteBehavior [ RunTime:0.000022s ]
INFO: [ app_init ] --END-- [ RunTime:0.000351s ]
INFO: [ app_begin ] --START--
INFO: Run Behavior\ReadHtmlCacheBehavior [ RunTime:0.000616s ]
INFO: [ app_begin ] --END-- [ RunTime:0.000676s ]
SQL: SHOW COLUMNS FROM `manager_role` [ RunTime:0.0096s ]
SQL: SELECT `role_id` FROM `manager_role` WHERE `manager_id` = 1  [ RunTime:0.0002s ]
SQL: SHOW COLUMNS FROM `role_auth` [ RunTime:0.0110s ]
SQL: SELECT `auth_id` FROM `role_auth` WHERE `role_id` IN ('1')  [ RunTime:0.0003s ]
SQL: SHOW COLUMNS FROM `auth` [ RunTime:0.0175s ]
SQL: SELECT concat(auth_controller,'-',auth_action) as ids FROM `auth` WHERE `auth_id` IN ('1','2','3','4','5','6','7','8','9','10','11','12','13','14','15','16','17','18','19','20','21','22','23','24','25','26')  [ RunTime:0.0003s ]
SQL: SELECT `auth_id`,`auth_name`,`auth_module`,`auth_controller`,`auth_action` FROM `auth` WHERE `auth_pid` = 0  [ RunTime:0.0002s ]
SQL: SELECT `auth_id`,`auth_name`,`auth_module`,`auth_controller`,`auth_action` FROM `auth` WHERE `auth_pid` = 1  [ RunTime:0.0002s ]
SQL: SELECT `auth_id`,`auth_name`,`auth_module`,`auth_controller`,`auth_action` FROM `auth` WHERE `auth_pid` = 2  [ RunTime:0.0001s ]
SQL: SELECT `auth_id`,`auth_name`,`auth_module`,`auth_controller`,`auth_action` FROM `auth` WHERE `auth_pid` = 3  [ RunTime:0.0001s ]
SQL: SELECT `auth_id`,`auth_name`,`auth_module`,`auth_controller`,`auth_action` FROM `auth` WHERE `auth_pid` = 4  [ RunTime:0.0001s ]
SQL: SELECT `auth_id`,`auth_name`,`auth_module`,`auth_controller`,`auth_action` FROM `auth` WHERE `auth_pid` = 5  [ RunTime:0.0001s ]
SQL: SELECT `auth_id`,`auth_name`,`auth_module`,`auth_controller`,`auth_action` FROM `auth` WHERE `auth_pid` = 6  [ RunTime:0.0001s ]
SQL: SELECT `auth_id`,`auth_name`,`auth_module`,`auth_controller`,`auth_action` FROM `auth` WHERE `auth_pid` = 7  [ RunTime:0.0001s ]
SQL: SELECT `auth_id`,`auth_name`,`auth_module`,`auth_controller`,`auth_action` FROM `auth` WHERE `auth_pid` = 8  [ RunTime:0.0001s ]
SQL: SELECT `auth_id`,`auth_name`,`auth_module`,`auth_controller`,`auth_action` FROM `auth` WHERE `auth_pid` = 9  [ RunTime:0.0001s ]
SQL: SELECT `auth_id`,`auth_name`,`auth_module`,`auth_controller`,`auth_action` FROM `auth` WHERE `auth_pid` = 10  [ RunTime:0.0002s ]
SQL: SELECT `auth_id`,`auth_name`,`auth_module`,`auth_controller`,`auth_action` FROM `auth` WHERE `auth_pid` = 11  [ RunTime:0.0001s ]
SQL: SELECT `auth_id`,`auth_name`,`auth_module`,`auth_controller`,`auth_action` FROM `auth` WHERE `auth_pid` = 12  [ RunTime:0.0001s ]
SQL: SELECT `auth_id`,`auth_name`,`auth_module`,`auth_controller`,`auth_action` FROM `auth` WHERE `auth_pid` = 13  [ RunTime:0.0001s ]
SQL: SELECT `auth_id`,`auth_name`,`auth_module`,`auth_controller`,`auth_action` FROM `auth` WHERE `auth_pid` = 42  [ RunTime:0.0001s ]
SQL: SELECT `auth_id`,`auth_name`,`auth_module`,`auth_controller`,`auth_action` FROM `auth` WHERE `auth_pid` = 43  [ RunTime:0.0001s ]
SQL: SELECT `auth_id`,`auth_name`,`auth_module`,`auth_controller`,`auth_action` FROM `auth` WHERE `auth_pid` = 44  [ RunTime:0.0001s ]
SQL: SELECT `auth_id`,`auth_name`,`auth_module`,`auth_controller`,`auth_action` FROM `auth` WHERE `auth_pid` = 51  [ RunTime:0.0001s ]
SQL: SELECT `auth_id`,`auth_name`,`auth_module`,`auth_controller`,`auth_action` FROM `auth` WHERE `auth_pid` = 52  [ RunTime:0.0001s ]
SQL: SELECT `auth_id`,`auth_name`,`auth_module`,`auth_controller`,`auth_action` FROM `auth` WHERE `auth_pid` = 53  [ RunTime:0.0001s ]
SQL: SELECT `auth_id`,`auth_name`,`auth_module`,`auth_controller`,`auth_action` FROM `auth` WHERE `auth_pid` = 54  [ RunTime:0.0001s ]
SQL: SELECT `auth_id`,`auth_name`,`auth_module`,`auth_controller`,`auth_action` FROM `auth` WHERE `auth_pid` = 55  [ RunTime:0.0001s ]
SQL: SELECT `auth_id`,`auth_name`,`auth_module`,`auth_controller`,`auth_action` FROM `auth` WHERE `auth_pid` = 56  [ RunTime:0.0002s ]
SQL: SELECT `auth_id`,`auth_name`,`auth_module`,`auth_controller`,`auth_action` FROM `auth` WHERE `auth_pid` = 57  [ RunTime:0.0001s ]
SQL: SELECT `auth_id`,`auth_name`,`auth_module`,`auth_controller`,`auth_action` FROM `auth` WHERE `auth_pid` = 58  [ RunTime:0.0001s ]
SQL: SELECT `auth_id`,`auth_name`,`auth_module`,`auth_controller`,`auth_action` FROM `auth` WHERE `auth_pid` = 59  [ RunTime:0.0001s ]
SQL: SELECT `auth_id`,`auth_name`,`auth_module`,`auth_controller`,`auth_action` FROM `auth` WHERE `auth_pid` = 60  [ RunTime:0.0001s ]
SQL: SELECT `auth_id`,`auth_name`,`auth_module`,`auth_controller`,`auth_action` FROM `auth` WHERE `auth_pid` = 61  [ RunTime:0.0001s ]
SQL: SELECT `auth_id`,`auth_name`,`auth_module`,`auth_controller`,`auth_action` FROM `auth` WHERE `auth_pid` = 63  [ RunTime:0.0001s ]
SQL: SELECT `auth_id`,`auth_name`,`auth_module`,`auth_controller`,`auth_action` FROM `auth` WHERE `auth_pid` = 62  [ RunTime:0.0001s ]
SQL: SELECT `auth_id`,`auth_name`,`auth_module`,`auth_controller`,`auth_action` FROM `auth` WHERE `auth_pid` = 64  [ RunTime:0.0001s ]
INFO: [ view_parse ] --START--
INFO: [ template_filter ] --START--
INFO: Run Behavior\ContentReplaceBehavior [ RunTime:0.000060s ]
INFO: [ template_filter ] --END-- [ RunTime:0.000115s ]
INFO: Run Behavior\ParseTemplateBehavior [ RunTime:0.008345s ]
INFO: [ view_parse ] --END-- [ RunTime:0.008403s ]
INFO: [ view_filter ] --START--
INFO: Run Behavior\WriteHtmlCacheBehavior [ RunTime:0.000347s ]
INFO: [ view_filter ] --END-- [ RunTime:0.000392s ]
INFO: [ app_end ] --START--
INFO: Run Behavior\ShowPageTraceBehavior [ RunTime:0.000587s ]
INFO: [ app_end ] --END-- [ RunTime:0.000637s ]

[ 2018-10-08T09:52:29+08:00 ] 119.129.116.89 /gt/Admin/Manager/showlist
INFO: [ app_init ] --START--
INFO: Run Behavior\BuildLiteBehavior [ RunTime:0.000023s ]
INFO: [ app_init ] --END-- [ RunTime:0.000405s ]
INFO: [ app_begin ] --START--
INFO: Run Behavior\ReadHtmlCacheBehavior [ RunTime:0.000591s ]
INFO: [ app_begin ] --END-- [ RunTime:0.000655s ]
SQL: SHOW COLUMNS FROM `manager_role` [ RunTime:0.0065s ]
SQL: SELECT `role_id` FROM `manager_role` WHERE `manager_id` = 1  [ RunTime:0.0002s ]
SQL: SHOW COLUMNS FROM `role_auth` [ RunTime:0.0045s ]
SQL: SELECT `auth_id` FROM `role_auth` WHERE `role_id` IN ('1')  [ RunTime:0.0002s ]
SQL: SHOW COLUMNS FROM `auth` [ RunTime:0.0178s ]
SQL: SELECT concat(auth_controller,'-',auth_action) as ids FROM `auth` WHERE `auth_id` IN ('1','2','3','4','5','6','7','8','9','10','11','12','13','14','15','16','17','18','19','20','21','22','23','24','25','26')  [ RunTime:0.0003s ]
SQL: SHOW COLUMNS FROM `manager` [ RunTime:0.0111s ]
SQL: SELECT * FROM `manager`  [ RunTime:0.0002s ]
SQL: SELECT `role_id` FROM `manager_role` WHERE `manager_id` = 1  [ RunTime:0.0001s ]
SQL: SHOW COLUMNS FROM `role` [ RunTime:0.0034s ]
SQL: SELECT `role_name` FROM `role` WHERE `role_id` IN ('1')  [ RunTime:0.0002s ]
SQL: SELECT `role_id` FROM `manager_role` WHERE `manager_id` = 2  [ RunTime:0.0001s ]
SQL: SELECT `role_name` FROM `role` WHERE `role_id` IN ('1')  [ RunTime:0.0001s ]
SQL: SELECT `role_id` FROM `manager_role` WHERE `manager_id` = 3  [ RunTime:0.0001s ]
SQL: SELECT `role_name` FROM `role` WHERE `role_id` IN ('2')  [ RunTime:0.0001s ]
SQL: SELECT `role_id` FROM `manager_role` WHERE `manager_id` = 4  [ RunTime:0.0001s ]
SQL: SELECT `role_name` FROM `role` WHERE `role_id` IN ('2')  [ RunTime:0.0001s ]
INFO: [ view_parse ] --START--
INFO: [ template_filter ] --START--
INFO: Run Behavior\ContentReplaceBehavior [ RunTime:0.000064s ]
INFO: [ template_filter ] --END-- [ RunTime:0.000119s ]
INFO: Run Behavior\ParseTemplateBehavior [ RunTime:0.008355s ]
INFO: [ view_parse ] --END-- [ RunTime:0.008414s ]
INFO: [ view_filter ] --START--
INFO: Run Behavior\WriteHtmlCacheBehavior [ RunTime:0.000320s ]
INFO: [ view_filter ] --END-- [ RunTime:0.000363s ]
INFO: [ app_end ] --START--
INFO: Run Behavior\ShowPageTraceBehavior [ RunTime:0.000615s ]
INFO: [ app_end ] --END-- [ RunTime:0.000675s ]

[ 2018-10-08T09:52:35+08:00 ] 119.129.116.89 /gt/Admin/User/showlist
INFO: [ app_init ] --START--
INFO: Run Behavior\BuildLiteBehavior [ RunTime:0.000020s ]
INFO: [ app_init ] --END-- [ RunTime:0.000347s ]
INFO: [ app_begin ] --START--
INFO: Run Behavior\ReadHtmlCacheBehavior [ RunTime:0.000577s ]
INFO: [ app_begin ] --END-- [ RunTime:0.000637s ]
SQL: SHOW COLUMNS FROM `manager_role` [ RunTime:0.0062s ]
SQL: SELECT `role_id` FROM `manager_role` WHERE `manager_id` = 1  [ RunTime:0.0002s ]
SQL: SHOW COLUMNS FROM `role_auth` [ RunTime:0.0034s ]
SQL: SELECT `auth_id` FROM `role_auth` WHERE `role_id` IN ('1')  [ RunTime:0.0003s ]
SQL: SHOW COLUMNS FROM `auth` [ RunTime:0.0132s ]
SQL: SELECT concat(auth_controller,'-',auth_action) as ids FROM `auth` WHERE `auth_id` IN ('1','2','3','4','5','6','7','8','9','10','11','12','13','14','15','16','17','18','19','20','21','22','23','24','25','26')  [ RunTime:0.0003s ]
SQL: SHOW COLUMNS FROM `user` [ RunTime:0.0081s ]
SQL: SELECT * FROM user as a INNER JOIN studystatus as b on b.user_id = a.user_id  ORDER BY a.user_id desc LIMIT 0,6   [ RunTime:0.0006s ]
SQL: SHOW COLUMNS FROM `user` [ RunTime:0.0046s ]
SQL: SELECT COUNT(*) AS tp_count FROM `user` LIMIT 1   [ RunTime:0.0002s ]
INFO: [ view_parse ] --START--
INFO: [ template_filter ] --START--
INFO: Run Behavior\ContentReplaceBehavior [ RunTime:0.000065s ]
INFO: [ template_filter ] --END-- [ RunTime:0.000118s ]
INFO: Run Behavior\ParseTemplateBehavior [ RunTime:0.007847s ]
INFO: [ view_parse ] --END-- [ RunTime:0.007914s ]
INFO: [ view_filter ] --START--
INFO: Run Behavior\WriteHtmlCacheBehavior [ RunTime:0.000316s ]
INFO: [ view_filter ] --END-- [ RunTime:0.000360s ]
INFO: [ app_end ] --START--
INFO: Run Behavior\ShowPageTraceBehavior [ RunTime:0.000620s ]
INFO: [ app_end ] --END-- [ RunTime:0.000672s ]

[ 2018-10-08T09:52:39+08:00 ] 119.129.116.89 /gt/Admin/User/showlist/p/2
INFO: [ app_init ] --START--
INFO: Run Behavior\BuildLiteBehavior [ RunTime:0.000020s ]
INFO: [ app_init ] --END-- [ RunTime:0.000339s ]
INFO: [ app_begin ] --START--
INFO: Run Behavior\ReadHtmlCacheBehavior [ RunTime:0.000571s ]
INFO: [ app_begin ] --END-- [ RunTime:0.000629s ]
SQL: SHOW COLUMNS FROM `manager_role` [ RunTime:0.0048s ]
SQL: SELECT `role_id` FROM `manager_role` WHERE `manager_id` = 1  [ RunTime:0.0002s ]
SQL: SHOW COLUMNS FROM `role_auth` [ RunTime:0.0043s ]
SQL: SELECT `auth_id` FROM `role_auth` WHERE `role_id` IN ('1')  [ RunTime:0.0002s ]
SQL: SHOW COLUMNS FROM `auth` [ RunTime:0.0134s ]
SQL: SELECT concat(auth_controller,'-',auth_action) as ids FROM `auth` WHERE `auth_id` IN ('1','2','3','4','5','6','7','8','9','10','11','12','13','14','15','16','17','18','19','20','21','22','23','24','25','26')  [ RunTime:0.0003s ]
SQL: SHOW COLUMNS FROM `user` [ RunTime:0.0087s ]
SQL: SELECT * FROM user as a INNER JOIN studystatus as b on b.user_id = a.user_id  ORDER BY a.user_id desc LIMIT 6,6   [ RunTime:0.0004s ]
SQL: SHOW COLUMNS FROM `user` [ RunTime:0.0155s ]
SQL: SELECT COUNT(*) AS tp_count FROM `user` LIMIT 1   [ RunTime:0.0002s ]
INFO: [ view_parse ] --START--
INFO: [ template_filter ] --START--
INFO: Run Behavior\ContentReplaceBehavior [ RunTime:0.000062s ]
INFO: [ template_filter ] --END-- [ RunTime:0.000115s ]
INFO: Run Behavior\ParseTemplateBehavior [ RunTime:0.007864s ]
INFO: [ view_parse ] --END-- [ RunTime:0.007925s ]
INFO: [ view_filter ] --START--
INFO: Run Behavior\WriteHtmlCacheBehavior [ RunTime:0.000311s ]
INFO: [ view_filter ] --END-- [ RunTime:0.000354s ]
INFO: [ app_end ] --START--
INFO: Run Behavior\ShowPageTraceBehavior [ RunTime:0.000561s ]
INFO: [ app_end ] --END-- [ RunTime:0.000610s ]

[ 2018-10-08T09:52:40+08:00 ] 119.129.116.89 /gt/Admin/User/showlist/p/2
INFO: [ app_init ] --START--
INFO: Run Behavior\BuildLiteBehavior [ RunTime:0.000020s ]
INFO: [ app_init ] --END-- [ RunTime:0.000326s ]
INFO: [ app_begin ] --START--
INFO: Run Behavior\ReadHtmlCacheBehavior [ RunTime:0.000507s ]
INFO: [ app_begin ] --END-- [ RunTime:0.000563s ]
SQL: SHOW COLUMNS FROM `manager_role` [ RunTime:0.0050s ]
SQL: SELECT `role_id` FROM `manager_role` WHERE `manager_id` = 1  [ RunTime:0.0002s ]
SQL: SHOW COLUMNS FROM `role_auth` [ RunTime:0.0035s ]
SQL: SELECT `auth_id` FROM `role_auth` WHERE `role_id` IN ('1')  [ RunTime:0.0003s ]
SQL: SHOW COLUMNS FROM `auth` [ RunTime:0.0062s ]
SQL: SELECT concat(auth_controller,'-',auth_action) as ids FROM `auth` WHERE `auth_id` IN ('1','2','3','4','5','6','7','8','9','10','11','12','13','14','15','16','17','18','19','20','21','22','23','24','25','26')  [ RunTime:0.0003s ]
SQL: SHOW COLUMNS FROM `user` [ RunTime:0.0050s ]
SQL: SELECT * FROM user as a INNER JOIN studystatus as b on b.user_id = a.user_id  ORDER BY a.user_id desc LIMIT 6,6   [ RunTime:0.0005s ]
SQL: SHOW COLUMNS FROM `user` [ RunTime:0.0085s ]
SQL: SELECT COUNT(*) AS tp_count FROM `user` LIMIT 1   [ RunTime:0.0002s ]
INFO: [ view_parse ] --START--
INFO: [ template_filter ] --START--
INFO: Run Behavior\ContentReplaceBehavior [ RunTime:0.000110s ]
INFO: [ template_filter ] --END-- [ RunTime:0.000162s ]
INFO: Run Behavior\ParseTemplateBehavior [ RunTime:0.007840s ]
INFO: [ view_parse ] --END-- [ RunTime:0.007899s ]
INFO: [ view_filter ] --START--
INFO: Run Behavior\WriteHtmlCacheBehavior [ RunTime:0.000293s ]
INFO: [ view_filter ] --END-- [ RunTime:0.000335s ]
INFO: [ app_end ] --START--
INFO: Run Behavior\ShowPageTraceBehavior [ RunTime:0.000497s ]
INFO: [ app_end ] --END-- [ RunTime:0.000543s ]

[ 2018-10-08T09:52:42+08:00 ] 119.129.116.89 /gt/Admin/Hall2/showlist
INFO: [ app_init ] --START--
INFO: Run Behavior\BuildLiteBehavior [ RunTime:0.000020s ]
INFO: [ app_init ] --END-- [ RunTime:0.000324s ]
INFO: [ app_begin ] --START--
INFO: Run Behavior\ReadHtmlCacheBehavior [ RunTime:0.000480s ]
INFO: [ app_begin ] --END-- [ RunTime:0.000539s ]
SQL: SHOW COLUMNS FROM `manager_role` [ RunTime:0.0038s ]
SQL: SELECT `role_id` FROM `manager_role` WHERE `manager_id` = 1  [ RunTime:0.0002s ]
SQL: SHOW COLUMNS FROM `role_auth` [ RunTime:0.0051s ]
SQL: SELECT `auth_id` FROM `role_auth` WHERE `role_id` IN ('1')  [ RunTime:0.0002s ]
SQL: SHOW COLUMNS FROM `auth` [ RunTime:0.0043s ]
SQL: SELECT concat(auth_controller,'-',auth_action) as ids FROM `auth` WHERE `auth_id` IN ('1','2','3','4','5','6','7','8','9','10','11','12','13','14','15','16','17','18','19','20','21','22','23','24','25','26')  [ RunTime:0.0003s ]
SQL: SHOW COLUMNS FROM `hall2` [ RunTime:0.0061s ]
SQL: SELECT * FROM `hall2`  [ RunTime:0.0002s ]
INFO: [ view_parse ] --START--
INFO: [ template_filter ] --START--
INFO: Run Behavior\ContentReplaceBehavior [ RunTime:0.000057s ]
INFO: [ template_filter ] --END-- [ RunTime:0.000109s ]
INFO: Run Behavior\ParseTemplateBehavior [ RunTime:0.006818s ]
INFO: [ view_parse ] --END-- [ RunTime:0.006874s ]
INFO: [ view_filter ] --START--
INFO: Run Behavior\WriteHtmlCacheBehavior [ RunTime:0.000301s ]
INFO: [ view_filter ] --END-- [ RunTime:0.000345s ]
INFO: [ app_end ] --START--
INFO: Run Behavior\ShowPageTraceBehavior [ RunTime:0.000510s ]
INFO: [ app_end ] --END-- [ RunTime:0.000556s ]

[ 2018-10-08T09:52:44+08:00 ] 119.129.116.89 /gt/Admin/Hall1/showlist
INFO: [ app_init ] --START--
INFO: Run Behavior\BuildLiteBehavior [ RunTime:0.000021s ]
INFO: [ app_init ] --END-- [ RunTime:0.000330s ]
INFO: [ app_begin ] --START--
INFO: Run Behavior\ReadHtmlCacheBehavior [ RunTime:0.000479s ]
INFO: [ app_begin ] --END-- [ RunTime:0.000537s ]
SQL: SHOW COLUMNS FROM `manager_role` [ RunTime:0.0066s ]
SQL: SELECT `role_id` FROM `manager_role` WHERE `manager_id` = 1  [ RunTime:0.0003s ]
SQL: SHOW COLUMNS FROM `role_auth` [ RunTime:0.0035s ]
SQL: SELECT `auth_id` FROM `role_auth` WHERE `role_id` IN ('1')  [ RunTime:0.0002s ]
SQL: SHOW COLUMNS FROM `auth` [ RunTime:0.0076s ]
SQL: SELECT concat(auth_controller,'-',auth_action) as ids FROM `auth` WHERE `auth_id` IN ('1','2','3','4','5','6','7','8','9','10','11','12','13','14','15','16','17','18','19','20','21','22','23','24','25','26')  [ RunTime:0.0003s ]
SQL: SHOW COLUMNS FROM `hall1` [ RunTime:0.0055s ]
SQL: SELECT * FROM `hall1`  [ RunTime:0.0002s ]
INFO: [ view_parse ] --START--
INFO: [ template_filter ] --START--
INFO: Run Behavior\ContentReplaceBehavior [ RunTime:0.000067s ]
INFO: [ template_filter ] --END-- [ RunTime:0.000135s ]
INFO: Run Behavior\ParseTemplateBehavior [ RunTime:0.007058s ]
INFO: [ view_parse ] --END-- [ RunTime:0.007123s ]
INFO: [ view_filter ] --START--
INFO: Run Behavior\WriteHtmlCacheBehavior [ RunTime:0.000312s ]
INFO: [ view_filter ] --END-- [ RunTime:0.000357s ]
INFO: [ app_end ] --START--
INFO: Run Behavior\ShowPageTraceBehavior [ RunTime:0.000596s ]
INFO: [ app_end ] --END-- [ RunTime:0.000649s ]

[ 2018-10-08T09:52:47+08:00 ] 119.129.116.89 /gt/Admin/Hallimg/showlist
INFO: [ app_init ] --START--
INFO: Run Behavior\BuildLiteBehavior [ RunTime:0.000019s ]
INFO: [ app_init ] --END-- [ RunTime:0.000332s ]
INFO: [ app_begin ] --START--
INFO: Run Behavior\ReadHtmlCacheBehavior [ RunTime:0.000479s ]
INFO: [ app_begin ] --END-- [ RunTime:0.000537s ]
SQL: SHOW COLUMNS FROM `manager_role` [ RunTime:0.0056s ]
SQL: SELECT `role_id` FROM `manager_role` WHERE `manager_id` = 1  [ RunTime:0.0002s ]
SQL: SHOW COLUMNS FROM `role_auth` [ RunTime:0.0030s ]
SQL: SELECT `auth_id` FROM `role_auth` WHERE `role_id` IN ('1')  [ RunTime:0.0002s ]
SQL: SHOW COLUMNS FROM `auth` [ RunTime:0.0279s ]
SQL: SELECT concat(auth_controller,'-',auth_action) as ids FROM `auth` WHERE `auth_id` IN ('1','2','3','4','5','6','7','8','9','10','11','12','13','14','15','16','17','18','19','20','21','22','23','24','25','26')  [ RunTime:0.0003s ]
SQL: SHOW COLUMNS FROM `hallimg` [ RunTime:0.0029s ]
SQL: SELECT * FROM `hallimg`  [ RunTime:0.0002s ]
INFO: [ view_parse ] --START--
INFO: [ template_filter ] --START--
INFO: Run Behavior\ContentReplaceBehavior [ RunTime:0.000055s ]
INFO: [ template_filter ] --END-- [ RunTime:0.000109s ]
INFO: Run Behavior\ParseTemplateBehavior [ RunTime:0.006818s ]
INFO: [ view_parse ] --END-- [ RunTime:0.006875s ]
INFO: [ view_filter ] --START--
INFO: Run Behavior\WriteHtmlCacheBehavior [ RunTime:0.000293s ]
INFO: [ view_filter ] --END-- [ RunTime:0.000336s ]
INFO: [ app_end ] --START--
INFO: Run Behavior\ShowPageTraceBehavior [ RunTime:0.000497s ]
INFO: [ app_end ] --END-- [ RunTime:0.000543s ]

[ 2018-10-08T09:52:49+08:00 ] 119.129.116.89 /gt/Admin/Choice/showlist
INFO: [ app_init ] --START--
INFO: Run Behavior\BuildLiteBehavior [ RunTime:0.000021s ]
INFO: [ app_init ] --END-- [ RunTime:0.000356s ]
INFO: [ app_begin ] --START--
INFO: Run Behavior\ReadHtmlCacheBehavior [ RunTime:0.000617s ]
INFO: [ app_begin ] --END-- [ RunTime:0.000679s ]
SQL: SHOW COLUMNS FROM `manager_role` [ RunTime:0.0044s ]
SQL: SELECT `role_id` FROM `manager_role` WHERE `manager_id` = 1  [ RunTime:0.0002s ]
SQL: SHOW COLUMNS FROM `role_auth` [ RunTime:0.0028s ]
SQL: SELECT `auth_id` FROM `role_auth` WHERE `role_id` IN ('1')  [ RunTime:0.0002s ]
SQL: SHOW COLUMNS FROM `auth` [ RunTime:0.0044s ]
SQL: SELECT concat(auth_controller,'-',auth_action) as ids FROM `auth` WHERE `auth_id` IN ('1','2','3','4','5','6','7','8','9','10','11','12','13','14','15','16','17','18','19','20','21','22','23','24','25','26')  [ RunTime:0.0002s ]
SQL: SHOW COLUMNS FROM `choice` [ RunTime:0.0046s ]
SQL: SELECT * FROM `choice` ORDER BY choice_id desc LIMIT 0,6   [ RunTime:0.0003s ]
SQL: SELECT COUNT(*) AS tp_count FROM `choice` LIMIT 1   [ RunTime:0.0001s ]
INFO: [ view_parse ] --START--
INFO: [ template_filter ] --START--
INFO: Run Behavior\ContentReplaceBehavior [ RunTime:0.000065s ]
INFO: [ template_filter ] --END-- [ RunTime:0.000127s ]
INFO: Run Behavior\ParseTemplateBehavior [ RunTime:0.008192s ]
INFO: [ view_parse ] --END-- [ RunTime:0.008251s ]
INFO: [ view_filter ] --START--
INFO: Run Behavior\WriteHtmlCacheBehavior [ RunTime:0.000371s ]
INFO: [ view_filter ] --END-- [ RunTime:0.000416s ]
INFO: [ app_end ] --START--
INFO: Run Behavior\ShowPageTraceBehavior [ RunTime:0.000660s ]
INFO: [ app_end ] --END-- [ RunTime:0.000711s ]

[ 2018-10-08T09:54:27+08:00 ] 119.129.116.89 /gt/Admin/Role/showlist
INFO: [ app_init ] --START--
INFO: Run Behavior\BuildLiteBehavior [ RunTime:0.000020s ]
INFO: [ app_init ] --END-- [ RunTime:0.000402s ]
INFO: [ app_begin ] --START--
INFO: Run Behavior\ReadHtmlCacheBehavior [ RunTime:0.000576s ]
INFO: [ app_begin ] --END-- [ RunTime:0.000636s ]

[ 2018-10-08T09:58:18+08:00 ] 119.129.116.89 /gt/admin
INFO: [ app_init ] --START--
INFO: Run Behavior\BuildLiteBehavior [ RunTime:0.000021s ]
INFO: [ app_init ] --END-- [ RunTime:0.000351s ]
INFO: [ app_begin ] --START--
INFO: Run Behavior\ReadHtmlCacheBehavior [ RunTime:0.000621s ]
INFO: [ app_begin ] --END-- [ RunTime:0.000680s ]
SQL: SHOW COLUMNS FROM `manager_role` [ RunTime:0.0039s ]
SQL: SELECT `role_id` FROM `manager_role` WHERE `manager_id` = 1  [ RunTime:0.0002s ]
SQL: SHOW COLUMNS FROM `role_auth` [ RunTime:0.0050s ]
SQL: SELECT `auth_id` FROM `role_auth` WHERE `role_id` IN ('1')  [ RunTime:0.0003s ]
SQL: SHOW COLUMNS FROM `auth` [ RunTime:0.0061s ]
SQL: SELECT concat(auth_controller,'-',auth_action) as ids FROM `auth` WHERE `auth_id` IN ('1','2','3','4','5','6','7','8','9','10','11','12','13','14','15','16','17','18','19','20','21','22','23','24','25','26')  [ RunTime:0.0003s ]
SQL: SELECT `role_id` FROM `manager_role` WHERE `manager_id` = 1  [ RunTime:0.0001s ]
SQL: SELECT `auth_id` FROM `role_auth` WHERE `role_id` IN ('1')  [ RunTime:0.0002s ]
SQL: SELECT * FROM `auth` WHERE `auth_pid` = 0  [ RunTime:0.0002s ]
SQL: SELECT * FROM `auth` WHERE `auth_pid` = 1 AND `auth_type` = 1  [ RunTime:0.0002s ]
SQL: SELECT * FROM `auth` WHERE `auth_pid` = 42 AND `auth_type` = 1  [ RunTime:0.0002s ]
SQL: SELECT * FROM `auth` WHERE `auth_pid` = 52 AND `auth_type` = 1  [ RunTime:0.0002s ]
SQL: SELECT * FROM `auth` WHERE `auth_pid` = 57 AND `auth_type` = 1  [ RunTime:0.0002s ]
SQL: SELECT * FROM `auth` WHERE `auth_pid` = 60 AND `auth_type` = 1  [ RunTime:0.0001s ]
INFO: [ view_parse ] --START--
INFO: [ template_filter ] --START--
INFO: Run Behavior\ContentReplaceBehavior [ RunTime:0.000068s ]
INFO: [ template_filter ] --END-- [ RunTime:0.000121s ]
INFO: Run Behavior\ParseTemplateBehavior [ RunTime:0.009235s ]
INFO: [ view_parse ] --END-- [ RunTime:0.009305s ]
INFO: [ view_filter ] --START--
INFO: Run Behavior\WriteHtmlCacheBehavior [ RunTime:0.000371s ]
INFO: [ view_filter ] --END-- [ RunTime:0.000416s ]
INFO: [ app_end ] --START--
INFO: Run Behavior\ShowPageTraceBehavior [ RunTime:0.000617s ]
INFO: [ app_end ] --END-- [ RunTime:0.000665s ]

[ 2018-10-08T09:58:22+08:00 ] 119.129.116.89 /gt/Admin/Auth/showlist
INFO: [ app_init ] --START--
INFO: Run Behavior\BuildLiteBehavior [ RunTime:0.000020s ]
INFO: [ app_init ] --END-- [ RunTime:0.000380s ]
INFO: [ app_begin ] --START--
INFO: Run Behavior\ReadHtmlCacheBehavior [ RunTime:0.000644s ]
INFO: [ app_begin ] --END-- [ RunTime:0.000706s ]
SQL: SHOW COLUMNS FROM `manager_role` [ RunTime:0.0078s ]
SQL: SELECT `role_id` FROM `manager_role` WHERE `manager_id` = 1  [ RunTime:0.0002s ]
SQL: SHOW COLUMNS FROM `role_auth` [ RunTime:0.0029s ]
SQL: SELECT `auth_id` FROM `role_auth` WHERE `role_id` IN ('1')  [ RunTime:0.0003s ]
SQL: SHOW COLUMNS FROM `auth` [ RunTime:0.0069s ]
SQL: SELECT concat(auth_controller,'-',auth_action) as ids FROM `auth` WHERE `auth_id` IN ('1','2','3','4','5','6','7','8','9','10','11','12','13','14','15','16','17','18','19','20','21','22','23','24','25','26')  [ RunTime:0.0003s ]
SQL: SELECT `auth_id`,`auth_name`,`auth_module`,`auth_controller`,`auth_action` FROM `auth` WHERE `auth_pid` = 0  [ RunTime:0.0002s ]
SQL: SELECT `auth_id`,`auth_name`,`auth_module`,`auth_controller`,`auth_action` FROM `auth` WHERE `auth_pid` = 1  [ RunTime:0.0002s ]
SQL: SELECT `auth_id`,`auth_name`,`auth_module`,`auth_controller`,`auth_action` FROM `auth` WHERE `auth_pid` = 2  [ RunTime:0.0002s ]
SQL: SELECT `auth_id`,`auth_name`,`auth_module`,`auth_controller`,`auth_action` FROM `auth` WHERE `auth_pid` = 3  [ RunTime:0.0002s ]
SQL: SELECT `auth_id`,`auth_name`,`auth_module`,`auth_controller`,`auth_action` FROM `auth` WHERE `auth_pid` = 4  [ RunTime:0.0002s ]
SQL: SELECT `auth_id`,`auth_name`,`auth_module`,`auth_controller`,`auth_action` FROM `auth` WHERE `auth_pid` = 5  [ RunTime:0.0001s ]
SQL: SELECT `auth_id`,`auth_name`,`auth_module`,`auth_controller`,`auth_action` FROM `auth` WHERE `auth_pid` = 6  [ RunTime:0.0001s ]
SQL: SELECT `auth_id`,`auth_name`,`auth_module`,`auth_controller`,`auth_action` FROM `auth` WHERE `auth_pid` = 7  [ RunTime:0.0001s ]
SQL: SELECT `auth_id`,`auth_name`,`auth_module`,`auth_controller`,`auth_action` FROM `auth` WHERE `auth_pid` = 8  [ RunTime:0.0002s ]
SQL: SELECT `auth_id`,`auth_name`,`auth_module`,`auth_controller`,`auth_action` FROM `auth` WHERE `auth_pid` = 9  [ RunTime:0.0002s ]
SQL: SELECT `auth_id`,`auth_name`,`auth_module`,`auth_controller`,`auth_action` FROM `auth` WHERE `auth_pid` = 10  [ RunTime:0.0001s ]
SQL: SELECT `auth_id`,`auth_name`,`auth_module`,`auth_controller`,`auth_action` FROM `auth` WHERE `auth_pid` = 11  [ RunTime:0.0001s ]
SQL: SELECT `auth_id`,`auth_name`,`auth_module`,`auth_controller`,`auth_action` FROM `auth` WHERE `auth_pid` = 12  [ RunTime:0.0002s ]
SQL: SELECT `auth_id`,`auth_name`,`auth_module`,`auth_controller`,`auth_action` FROM `auth` WHERE `auth_pid` = 13  [ RunTime:0.0002s ]
SQL: SELECT `auth_id`,`auth_name`,`auth_module`,`auth_controller`,`auth_action` FROM `auth` WHERE `auth_pid` = 42  [ RunTime:0.0001s ]
SQL: SELECT `auth_id`,`auth_name`,`auth_module`,`auth_controller`,`auth_action` FROM `auth` WHERE `auth_pid` = 43  [ RunTime:0.0002s ]
SQL: SELECT `auth_id`,`auth_name`,`auth_module`,`auth_controller`,`auth_action` FROM `auth` WHERE `auth_pid` = 44  [ RunTime:0.0001s ]
SQL: SELECT `auth_id`,`auth_name`,`auth_module`,`auth_controller`,`auth_action` FROM `auth` WHERE `auth_pid` = 51  [ RunTime:0.0002s ]
SQL: SELECT `auth_id`,`auth_name`,`auth_module`,`auth_controller`,`auth_action` FROM `auth` WHERE `auth_pid` = 52  [ RunTime:0.0002s ]
SQL: SELECT `auth_id`,`auth_name`,`auth_module`,`auth_controller`,`auth_action` FROM `auth` WHERE `auth_pid` = 53  [ RunTime:0.0002s ]
SQL: SELECT `auth_id`,`auth_name`,`auth_module`,`auth_controller`,`auth_action` FROM `auth` WHERE `auth_pid` = 54  [ RunTime:0.0002s ]
SQL: SELECT `auth_id`,`auth_name`,`auth_module`,`auth_controller`,`auth_action` FROM `auth` WHERE `auth_pid` = 55  [ RunTime:0.0001s ]
SQL: SELECT `auth_id`,`auth_name`,`auth_module`,`auth_controller`,`auth_action` FROM `auth` WHERE `auth_pid` = 56  [ RunTime:0.0002s ]
SQL: SELECT `auth_id`,`auth_name`,`auth_module`,`auth_controller`,`auth_action` FROM `auth` WHERE `auth_pid` = 57  [ RunTime:0.0001s ]
SQL: SELECT `auth_id`,`auth_name`,`auth_module`,`auth_controller`,`auth_action` FROM `auth` WHERE `auth_pid` = 58  [ RunTime:0.0001s ]
SQL: SELECT `auth_id`,`auth_name`,`auth_module`,`auth_controller`,`auth_action` FROM `auth` WHERE `auth_pid` = 59  [ RunTime:0.0002s ]
SQL: SELECT `auth_id`,`auth_name`,`auth_module`,`auth_controller`,`auth_action` FROM `auth` WHERE `auth_pid` = 60  [ RunTime:0.0002s ]
SQL: SELECT `auth_id`,`auth_name`,`auth_module`,`auth_controller`,`auth_action` FROM `auth` WHERE `auth_pid` = 61  [ RunTime:0.0001s ]
SQL: SELECT `auth_id`,`auth_name`,`auth_module`,`auth_controller`,`auth_action` FROM `auth` WHERE `auth_pid` = 63  [ RunTime:0.0001s ]
SQL: SELECT `auth_id`,`auth_name`,`auth_module`,`auth_controller`,`auth_action` FROM `auth` WHERE `auth_pid` = 62  [ RunTime:0.0001s ]
SQL: SELECT `auth_id`,`auth_name`,`auth_module`,`auth_controller`,`auth_action` FROM `auth` WHERE `auth_pid` = 64  [ RunTime:0.0002s ]
INFO: [ view_parse ] --START--
INFO: [ template_filter ] --START--
INFO: Run Behavior\ContentReplaceBehavior [ RunTime:0.000074s ]
INFO: [ template_filter ] --END-- [ RunTime:0.000130s ]
INFO: Run Behavior\ParseTemplateBehavior [ RunTime:0.008410s ]
INFO: [ view_parse ] --END-- [ RunTime:0.008483s ]
INFO: [ view_filter ] --START--
INFO: Run Behavior\WriteHtmlCacheBehavior [ RunTime:0.000450s ]
INFO: [ view_filter ] --END-- [ RunTime:0.000497s ]
INFO: [ app_end ] --START--
INFO: Run Behavior\ShowPageTraceBehavior [ RunTime:0.000712s ]
INFO: [ app_end ] --END-- [ RunTime:0.000763s ]

[ 2018-10-08T09:58:22+08:00 ] 119.129.116.89 /gt/Admin/Role/showlist
INFO: [ app_init ] --START--
INFO: Run Behavior\BuildLiteBehavior [ RunTime:0.000020s ]
INFO: [ app_init ] --END-- [ RunTime:0.000342s ]
INFO: [ app_begin ] --START--
INFO: Run Behavior\ReadHtmlCacheBehavior [ RunTime:0.000616s ]
INFO: [ app_begin ] --END-- [ RunTime:0.000673s ]

[ 2018-10-08T10:00:32+08:00 ] 119.129.116.89 /gt/admin
INFO: [ app_init ] --START--
INFO: Run Behavior\BuildLiteBehavior [ RunTime:0.000021s ]
INFO: [ app_init ] --END-- [ RunTime:0.000354s ]
INFO: [ app_begin ] --START--
INFO: Run Behavior\ReadHtmlCacheBehavior [ RunTime:0.000561s ]
INFO: [ app_begin ] --END-- [ RunTime:0.000619s ]
SQL: SHOW COLUMNS FROM `manager_role` [ RunTime:0.0058s ]
SQL: SELECT `role_id` FROM `manager_role` WHERE `manager_id` = 1  [ RunTime:0.0002s ]
SQL: SHOW COLUMNS FROM `role_auth` [ RunTime:0.0091s ]
SQL: SELECT `auth_id` FROM `role_auth` WHERE `role_id` IN ('1')  [ RunTime:0.0003s ]
SQL: SHOW COLUMNS FROM `auth` [ RunTime:0.0110s ]
SQL: SELECT concat(auth_controller,'-',auth_action) as ids FROM `auth` WHERE `auth_id` IN ('1','2','3','4','5','6','7','8','9','10','11','12','13','14','15','16','17','18','19','20','21','22','23','24','25','26')  [ RunTime:0.0003s ]
SQL: SELECT `role_id` FROM `manager_role` WHERE `manager_id` = 1  [ RunTime:0.0001s ]
SQL: SELECT `auth_id` FROM `role_auth` WHERE `role_id` IN ('1')  [ RunTime:0.0004s ]
SQL: SELECT * FROM `auth` WHERE `auth_pid` = 0  [ RunTime:0.0002s ]
SQL: SELECT * FROM `auth` WHERE `auth_pid` = 1 AND `auth_type` = 1  [ RunTime:0.0002s ]
SQL: SELECT * FROM `auth` WHERE `auth_pid` = 42 AND `auth_type` = 1  [ RunTime:0.0002s ]
SQL: SELECT * FROM `auth` WHERE `auth_pid` = 52 AND `auth_type` = 1  [ RunTime:0.0001s ]
SQL: SELECT * FROM `auth` WHERE `auth_pid` = 57 AND `auth_type` = 1  [ RunTime:0.0002s ]
SQL: SELECT * FROM `auth` WHERE `auth_pid` = 60 AND `auth_type` = 1  [ RunTime:0.0002s ]
INFO: [ view_parse ] --START--
INFO: [ template_filter ] --START--
INFO: Run Behavior\ContentReplaceBehavior [ RunTime:0.000076s ]
INFO: [ template_filter ] --END-- [ RunTime:0.000125s ]
INFO: Run Behavior\ParseTemplateBehavior [ RunTime:0.009022s ]
INFO: [ view_parse ] --END-- [ RunTime:0.009089s ]
INFO: [ view_filter ] --START--
INFO: Run Behavior\WriteHtmlCacheBehavior [ RunTime:0.000297s ]
INFO: [ view_filter ] --END-- [ RunTime:0.000354s ]
INFO: [ app_end ] --START--
INFO: Run Behavior\ShowPageTraceBehavior [ RunTime:0.000513s ]
INFO: [ app_end ] --END-- [ RunTime:0.000559s ]

[ 2018-10-08T10:00:33+08:00 ] 119.129.116.89 /gt/Admin/Role/showlist
INFO: [ app_init ] --START--
INFO: Run Behavior\BuildLiteBehavior [ RunTime:0.000020s ]
INFO: [ app_init ] --END-- [ RunTime:0.000313s ]
INFO: [ app_begin ] --START--
INFO: Run Behavior\ReadHtmlCacheBehavior [ RunTime:0.000503s ]
INFO: [ app_begin ] --END-- [ RunTime:0.000561s ]

[ 2018-10-08T10:02:32+08:00 ] 119.129.116.89 /gt/admin
INFO: [ app_init ] --START--
INFO: Run Behavior\BuildLiteBehavior [ RunTime:0.000020s ]
INFO: [ app_init ] --END-- [ RunTime:0.000398s ]
INFO: [ app_begin ] --START--
INFO: Run Behavior\ReadHtmlCacheBehavior [ RunTime:0.000604s ]
INFO: [ app_begin ] --END-- [ RunTime:0.000662s ]
SQL: SHOW COLUMNS FROM `manager_role` [ RunTime:0.0056s ]
SQL: SELECT `role_id` FROM `manager_role` WHERE `manager_id` = 1  [ RunTime:0.0002s ]
SQL: SHOW COLUMNS FROM `role_auth` [ RunTime:0.0168s ]
SQL: SELECT `auth_id` FROM `role_auth` WHERE `role_id` IN ('1')  [ RunTime:0.0003s ]
SQL: SHOW COLUMNS FROM `auth` [ RunTime:0.0045s ]
SQL: SELECT concat(auth_controller,'-',auth_action) as ids FROM `auth` WHERE `auth_id` IN ('1','2','3','4','5','6','7','8','9','10','11','12','13','14','15','16','17','18','19','20','21','22','23','24','25','26')  [ RunTime:0.0003s ]
SQL: SELECT `role_id` FROM `manager_role` WHERE `manager_id` = 1  [ RunTime:0.0002s ]
SQL: SELECT `auth_id` FROM `role_auth` WHERE `role_id` IN ('1')  [ RunTime:0.0002s ]
SQL: SELECT * FROM `auth` WHERE `auth_pid` = 0  [ RunTime:0.0003s ]
SQL: SELECT * FROM `auth` WHERE `auth_pid` = 1 AND `auth_type` = 1  [ RunTime:0.0002s ]
SQL: SELECT * FROM `auth` WHERE `auth_pid` = 42 AND `auth_type` = 1  [ RunTime:0.0002s ]
SQL: SELECT * FROM `auth` WHERE `auth_pid` = 52 AND `auth_type` = 1  [ RunTime:0.0002s ]
SQL: SELECT * FROM `auth` WHERE `auth_pid` = 57 AND `auth_type` = 1  [ RunTime:0.0001s ]
SQL: SELECT * FROM `auth` WHERE `auth_pid` = 60 AND `auth_type` = 1  [ RunTime:0.0002s ]
INFO: [ view_parse ] --START--
INFO: [ template_filter ] --START--
INFO: Run Behavior\ContentReplaceBehavior [ RunTime:0.000066s ]
INFO: [ template_filter ] --END-- [ RunTime:0.000117s ]
INFO: Run Behavior\ParseTemplateBehavior [ RunTime:0.008918s ]
INFO: [ view_parse ] --END-- [ RunTime:0.008998s ]
INFO: [ view_filter ] --START--
INFO: Run Behavior\WriteHtmlCacheBehavior [ RunTime:0.000277s ]
INFO: [ view_filter ] --END-- [ RunTime:0.000321s ]
INFO: [ app_end ] --START--
INFO: Run Behavior\ShowPageTraceBehavior [ RunTime:0.000571s ]
INFO: [ app_end ] --END-- [ RunTime:0.000616s ]

[ 2018-10-08T10:02:33+08:00 ] 119.129.116.89 /gt/Admin/Role/showlist
INFO: [ app_init ] --START--
INFO: Run Behavior\BuildLiteBehavior [ RunTime:0.000018s ]
INFO: [ app_init ] --END-- [ RunTime:0.000345s ]
INFO: [ app_begin ] --START--
INFO: Run Behavior\ReadHtmlCacheBehavior [ RunTime:0.000540s ]
INFO: [ app_begin ] --END-- [ RunTime:0.000597s ]

[ 2018-10-08T10:02:41+08:00 ] 119.129.116.89 /gt/Admin/Auth/showlist
INFO: [ app_init ] --START--
INFO: Run Behavior\BuildLiteBehavior [ RunTime:0.000019s ]
INFO: [ app_init ] --END-- [ RunTime:0.000337s ]
INFO: [ app_begin ] --START--
INFO: Run Behavior\ReadHtmlCacheBehavior [ RunTime:0.000555s ]
INFO: [ app_begin ] --END-- [ RunTime:0.000613s ]
SQL: SHOW COLUMNS FROM `manager_role` [ RunTime:0.0033s ]
SQL: SELECT `role_id` FROM `manager_role` WHERE `manager_id` = 1  [ RunTime:0.0002s ]
SQL: SHOW COLUMNS FROM `role_auth` [ RunTime:0.0051s ]
SQL: SELECT `auth_id` FROM `role_auth` WHERE `role_id` IN ('1')  [ RunTime:0.0002s ]
SQL: SHOW COLUMNS FROM `auth` [ RunTime:0.0098s ]
SQL: SELECT concat(auth_controller,'-',auth_action) as ids FROM `auth` WHERE `auth_id` IN ('1','2','3','4','5','6','7','8','9','10','11','12','13','14','15','16','17','18','19','20','21','22','23','24','25','26')  [ RunTime:0.0003s ]
SQL: SELECT `auth_id`,`auth_name`,`auth_module`,`auth_controller`,`auth_action` FROM `auth` WHERE `auth_pid` = 0  [ RunTime:0.0002s ]
SQL: SELECT `auth_id`,`auth_name`,`auth_module`,`auth_controller`,`auth_action` FROM `auth` WHERE `auth_pid` = 1  [ RunTime:0.0002s ]
SQL: SELECT `auth_id`,`auth_name`,`auth_module`,`auth_controller`,`auth_action` FROM `auth` WHERE `auth_pid` = 2  [ RunTime:0.0002s ]
SQL: SELECT `auth_id`,`auth_name`,`auth_module`,`auth_controller`,`auth_action` FROM `auth` WHERE `auth_pid` = 3  [ RunTime:0.0001s ]
SQL: SELECT `auth_id`,`auth_name`,`auth_module`,`auth_controller`,`auth_action` FROM `auth` WHERE `auth_pid` = 4  [ RunTime:0.0001s ]
SQL: SELECT `auth_id`,`auth_name`,`auth_module`,`auth_controller`,`auth_action` FROM `auth` WHERE `auth_pid` = 5  [ RunTime:0.0001s ]
SQL: SELECT `auth_id`,`auth_name`,`auth_module`,`auth_controller`,`auth_action` FROM `auth` WHERE `auth_pid` = 6  [ RunTime:0.0001s ]
SQL: SELECT `auth_id`,`auth_name`,`auth_module`,`auth_controller`,`auth_action` FROM `auth` WHERE `auth_pid` = 7  [ RunTime:0.0001s ]
SQL: SELECT `auth_id`,`auth_name`,`auth_module`,`auth_controller`,`auth_action` FROM `auth` WHERE `auth_pid` = 8  [ RunTime:0.0001s ]
SQL: SELECT `auth_id`,`auth_name`,`auth_module`,`auth_controller`,`auth_action` FROM `auth` WHERE `auth_pid` = 9  [ RunTime:0.0002s ]
SQL: SELECT `auth_id`,`auth_name`,`auth_module`,`auth_controller`,`auth_action` FROM `auth` WHERE `auth_pid` = 10  [ RunTime:0.0001s ]
SQL: SELECT `auth_id`,`auth_name`,`auth_module`,`auth_controller`,`auth_action` FROM `auth` WHERE `auth_pid` = 11  [ RunTime:0.0001s ]
SQL: SELECT `auth_id`,`auth_name`,`auth_module`,`auth_controller`,`auth_action` FROM `auth` WHERE `auth_pid` = 12  [ RunTime:0.0001s ]
SQL: SELECT `auth_id`,`auth_name`,`auth_module`,`auth_controller`,`auth_action` FROM `auth` WHERE `auth_pid` = 13  [ RunTime:0.0001s ]
SQL: SELECT `auth_id`,`auth_name`,`auth_module`,`auth_controller`,`auth_action` FROM `auth` WHERE `auth_pid` = 42  [ RunTime:0.0001s ]
SQL: SELECT `auth_id`,`auth_name`,`auth_module`,`auth_controller`,`auth_action` FROM `auth` WHERE `auth_pid` = 43  [ RunTime:0.0001s ]
SQL: SELECT `auth_id`,`auth_name`,`auth_module`,`auth_controller`,`auth_action` FROM `auth` WHERE `auth_pid` = 44  [ RunTime:0.0001s ]
SQL: SELECT `auth_id`,`auth_name`,`auth_module`,`auth_controller`,`auth_action` FROM `auth` WHERE `auth_pid` = 51  [ RunTime:0.0001s ]
SQL: SELECT `auth_id`,`auth_name`,`auth_module`,`auth_controller`,`auth_action` FROM `auth` WHERE `auth_pid` = 52  [ RunTime:0.0001s ]
SQL: SELECT `auth_id`,`auth_name`,`auth_module`,`auth_controller`,`auth_action` FROM `auth` WHERE `auth_pid` = 53  [ RunTime:0.0001s ]
SQL: SELECT `auth_id`,`auth_name`,`auth_module`,`auth_controller`,`auth_action` FROM `auth` WHERE `auth_pid` = 54  [ RunTime:0.0002s ]
SQL: SELECT `auth_id`,`auth_name`,`auth_module`,`auth_controller`,`auth_action` FROM `auth` WHERE `auth_pid` = 55  [ RunTime:0.0001s ]
SQL: SELECT `auth_id`,`auth_name`,`auth_module`,`auth_controller`,`auth_action` FROM `auth` WHERE `auth_pid` = 56  [ RunTime:0.0001s ]
SQL: SELECT `auth_id`,`auth_name`,`auth_module`,`auth_controller`,`auth_action` FROM `auth` WHERE `auth_pid` = 57  [ RunTime:0.0001s ]
SQL: SELECT `auth_id`,`auth_name`,`auth_module`,`auth_controller`,`auth_action` FROM `auth` WHERE `auth_pid` = 58  [ RunTime:0.0001s ]
SQL: SELECT `auth_id`,`auth_name`,`auth_module`,`auth_controller`,`auth_action` FROM `auth` WHERE `auth_pid` = 59  [ RunTime:0.0001s ]
SQL: SELECT `auth_id`,`auth_name`,`auth_module`,`auth_controller`,`auth_action` FROM `auth` WHERE `auth_pid` = 60  [ RunTime:0.0001s ]
SQL: SELECT `auth_id`,`auth_name`,`auth_module`,`auth_controller`,`auth_action` FROM `auth` WHERE `auth_pid` = 61  [ RunTime:0.0001s ]
SQL: SELECT `auth_id`,`auth_name`,`auth_module`,`auth_controller`,`auth_action` FROM `auth` WHERE `auth_pid` = 63  [ RunTime:0.0001s ]
SQL: SELECT `auth_id`,`auth_name`,`auth_module`,`auth_controller`,`auth_action` FROM `auth` WHERE `auth_pid` = 62  [ RunTime:0.0001s ]
SQL: SELECT `auth_id`,`auth_name`,`auth_module`,`auth_controller`,`auth_action` FROM `auth` WHERE `auth_pid` = 64  [ RunTime:0.0001s ]
INFO: [ view_parse ] --START--
INFO: [ template_filter ] --START--
INFO: Run Behavior\ContentReplaceBehavior [ RunTime:0.000060s ]
INFO: [ template_filter ] --END-- [ RunTime:0.000114s ]
INFO: Run Behavior\ParseTemplateBehavior [ RunTime:0.007929s ]
INFO: [ view_parse ] --END-- [ RunTime:0.007984s ]
INFO: [ view_filter ] --START--
INFO: Run Behavior\WriteHtmlCacheBehavior [ RunTime:0.000271s ]
INFO: [ view_filter ] --END-- [ RunTime:0.000313s ]
INFO: [ app_end ] --START--
INFO: Run Behavior\ShowPageTraceBehavior [ RunTime:0.000584s ]
INFO: [ app_end ] --END-- [ RunTime:0.000631s ]

[ 2018-10-08T10:02:42+08:00 ] 119.129.116.89 /gt/Admin/Role/showlist
INFO: [ app_init ] --START--
INFO: Run Behavior\BuildLiteBehavior [ RunTime:0.000020s ]
INFO: [ app_init ] --END-- [ RunTime:0.000328s ]
INFO: [ app_begin ] --START--
INFO: Run Behavior\ReadHtmlCacheBehavior [ RunTime:0.000463s ]
INFO: [ app_begin ] --END-- [ RunTime:0.000522s ]

[ 2018-10-08T10:03:16+08:00 ] 119.129.116.89 /gt/admin
INFO: [ app_init ] --START--
INFO: Run Behavior\BuildLiteBehavior [ RunTime:0.000027s ]
INFO: [ app_init ] --END-- [ RunTime:0.000334s ]
INFO: [ app_begin ] --START--
INFO: Run Behavior\ReadHtmlCacheBehavior [ RunTime:0.000472s ]
INFO: [ app_begin ] --END-- [ RunTime:0.000526s ]
SQL: SHOW COLUMNS FROM `manager_role` [ RunTime:0.0049s ]
SQL: SELECT `role_id` FROM `manager_role` WHERE `manager_id` = 1  [ RunTime:0.0002s ]
SQL: SHOW COLUMNS FROM `role_auth` [ RunTime:0.0052s ]
SQL: SELECT `auth_id` FROM `role_auth` WHERE `role_id` IN ('1')  [ RunTime:0.0003s ]
SQL: SHOW COLUMNS FROM `auth` [ RunTime:0.0084s ]
SQL: SELECT concat(auth_controller,'-',auth_action) as ids FROM `auth` WHERE `auth_id` IN ('1','2','3','4','5','6','7','8','9','10','11','12','13','14','15','16','17','18','19','20','21','22','23','24','25','26')  [ RunTime:0.0003s ]
SQL: SELECT `role_id` FROM `manager_role` WHERE `manager_id` = 1  [ RunTime:0.0002s ]
SQL: SELECT `auth_id` FROM `role_auth` WHERE `role_id` IN ('1')  [ RunTime:0.0002s ]
SQL: SELECT * FROM `auth` WHERE `auth_pid` = 0  [ RunTime:0.0002s ]
SQL: SELECT * FROM `auth` WHERE `auth_pid` = 1 AND `auth_type` = 1  [ RunTime:0.0002s ]
SQL: SELECT * FROM `auth` WHERE `auth_pid` = 42 AND `auth_type` = 1  [ RunTime:0.0002s ]
SQL: SELECT * FROM `auth` WHERE `auth_pid` = 52 AND `auth_type` = 1  [ RunTime:0.0002s ]
SQL: SELECT * FROM `auth` WHERE `auth_pid` = 57 AND `auth_type` = 1  [ RunTime:0.0002s ]
SQL: SELECT * FROM `auth` WHERE `auth_pid` = 60 AND `auth_type` = 1  [ RunTime:0.0002s ]
INFO: [ view_parse ] --START--
INFO: [ template_filter ] --START--
INFO: Run Behavior\ContentReplaceBehavior [ RunTime:0.000074s ]
INFO: [ template_filter ] --END-- [ RunTime:0.000126s ]
INFO: Run Behavior\ParseTemplateBehavior [ RunTime:0.008531s ]
INFO: [ view_parse ] --END-- [ RunTime:0.008594s ]
INFO: [ view_filter ] --START--
INFO: Run Behavior\WriteHtmlCacheBehavior [ RunTime:0.000240s ]
INFO: [ view_filter ] --END-- [ RunTime:0.000284s ]
INFO: [ app_end ] --START--
INFO: Run Behavior\ShowPageTraceBehavior [ RunTime:0.000576s ]
INFO: [ app_end ] --END-- [ RunTime:0.000641s ]

[ 2018-10-08T10:03:18+08:00 ] 119.129.116.89 /gt/Admin/Role/showlist
INFO: [ app_init ] --START--
INFO: Run Behavior\BuildLiteBehavior [ RunTime:0.000019s ]
INFO: [ app_init ] --END-- [ RunTime:0.000308s ]
INFO: [ app_begin ] --START--
INFO: Run Behavior\ReadHtmlCacheBehavior [ RunTime:0.000457s ]
INFO: [ app_begin ] --END-- [ RunTime:0.000512s ]
SQL: SHOW COLUMNS FROM `role` [ RunTime:0.0970s ]
SQL: SELECT * FROM `role`  [ RunTime:0.0003s ]
INFO: [ view_parse ] --START--
INFO: [ template_filter ] --START--
INFO: Run Behavior\ContentReplaceBehavior [ RunTime:0.000061s ]
INFO: [ template_filter ] --END-- [ RunTime:0.000117s ]
INFO: Run Behavior\ParseTemplateBehavior [ RunTime:0.006738s ]
INFO: [ view_parse ] --END-- [ RunTime:0.006801s ]
INFO: [ view_filter ] --START--
INFO: Run Behavior\WriteHtmlCacheBehavior [ RunTime:0.000233s ]
INFO: [ view_filter ] --END-- [ RunTime:0.000276s ]
INFO: [ app_end ] --START--
INFO: Run Behavior\ShowPageTraceBehavior [ RunTime:0.000462s ]
INFO: [ app_end ] --END-- [ RunTime:0.000507s ]

[ 2018-10-08T10:03:21+08:00 ] 119.129.116.89 /gt/admin
INFO: [ app_init ] --START--
INFO: Run Behavior\BuildLiteBehavior [ RunTime:0.000018s ]
INFO: [ app_init ] --END-- [ RunTime:0.000333s ]
INFO: [ app_begin ] --START--
INFO: Run Behavior\ReadHtmlCacheBehavior [ RunTime:0.000511s ]
INFO: [ app_begin ] --END-- [ RunTime:0.000580s ]
SQL: SHOW COLUMNS FROM `manager_role` [ RunTime:0.0056s ]
SQL: SELECT `role_id` FROM `manager_role` WHERE `manager_id` = 1  [ RunTime:0.0002s ]
SQL: SHOW COLUMNS FROM `role_auth` [ RunTime:0.0060s ]
SQL: SELECT `auth_id` FROM `role_auth` WHERE `role_id` IN ('1')  [ RunTime:0.0002s ]
SQL: SHOW COLUMNS FROM `auth` [ RunTime:0.0098s ]
SQL: SELECT concat(auth_controller,'-',auth_action) as ids FROM `auth` WHERE `auth_id` IN ('1','2','3','4','5','6','7','8','9','10','11','12','13','14','15','16','17','18','19','20','21','22','23','24','25','26')  [ RunTime:0.0003s ]
SQL: SELECT `role_id` FROM `manager_role` WHERE `manager_id` = 1  [ RunTime:0.0002s ]
SQL: SELECT `auth_id` FROM `role_auth` WHERE `role_id` IN ('1')  [ RunTime:0.0002s ]
SQL: SELECT * FROM `auth` WHERE `auth_pid` = 0  [ RunTime:0.0003s ]
SQL: SELECT * FROM `auth` WHERE `auth_pid` = 1 AND `auth_type` = 1  [ RunTime:0.0002s ]
SQL: SELECT * FROM `auth` WHERE `auth_pid` = 42 AND `auth_type` = 1  [ RunTime:0.0002s ]
SQL: SELECT * FROM `auth` WHERE `auth_pid` = 52 AND `auth_type` = 1  [ RunTime:0.0002s ]
SQL: SELECT * FROM `auth` WHERE `auth_pid` = 57 AND `auth_type` = 1  [ RunTime:0.0002s ]
SQL: SELECT * FROM `auth` WHERE `auth_pid` = 60 AND `auth_type` = 1  [ RunTime:0.0002s ]
INFO: [ view_parse ] --START--
INFO: [ template_filter ] --START--
INFO: Run Behavior\ContentReplaceBehavior [ RunTime:0.000067s ]
INFO: [ template_filter ] --END-- [ RunTime:0.000119s ]
INFO: Run Behavior\ParseTemplateBehavior [ RunTime:0.008341s ]
INFO: [ view_parse ] --END-- [ RunTime:0.008410s ]
INFO: [ view_filter ] --START--
INFO: Run Behavior\WriteHtmlCacheBehavior [ RunTime:0.000240s ]
INFO: [ view_filter ] --END-- [ RunTime:0.000282s ]
INFO: [ app_end ] --START--
INFO: Run Behavior\ShowPageTraceBehavior [ RunTime:0.000455s ]
INFO: [ app_end ] --END-- [ RunTime:0.000502s ]

[ 2018-10-08T10:03:22+08:00 ] 119.129.116.89 /gt/admin
INFO: [ app_init ] --START--
INFO: Run Behavior\BuildLiteBehavior [ RunTime:0.000020s ]
INFO: [ app_init ] --END-- [ RunTime:0.000317s ]
INFO: [ app_begin ] --START--
INFO: Run Behavior\ReadHtmlCacheBehavior [ RunTime:0.000511s ]
INFO: [ app_begin ] --END-- [ RunTime:0.000569s ]
SQL: SHOW COLUMNS FROM `manager_role` [ RunTime:0.0064s ]
SQL: SELECT `role_id` FROM `manager_role` WHERE `manager_id` = 1  [ RunTime:0.0002s ]
SQL: SHOW COLUMNS FROM `role_auth` [ RunTime:0.0036s ]
SQL: SELECT `auth_id` FROM `role_auth` WHERE `role_id` IN ('1')  [ RunTime:0.0002s ]
SQL: SHOW COLUMNS FROM `auth` [ RunTime:0.0097s ]
SQL: SELECT concat(auth_controller,'-',auth_action) as ids FROM `auth` WHERE `auth_id` IN ('1','2','3','4','5','6','7','8','9','10','11','12','13','14','15','16','17','18','19','20','21','22','23','24','25','26')  [ RunTime:0.0003s ]
SQL: SELECT `role_id` FROM `manager_role` WHERE `manager_id` = 1  [ RunTime:0.0002s ]
SQL: SELECT `auth_id` FROM `role_auth` WHERE `role_id` IN ('1')  [ RunTime:0.0002s ]
SQL: SELECT * FROM `auth` WHERE `auth_pid` = 0  [ RunTime:0.0002s ]
SQL: SELECT * FROM `auth` WHERE `auth_pid` = 1 AND `auth_type` = 1  [ RunTime:0.0002s ]
SQL: SELECT * FROM `auth` WHERE `auth_pid` = 42 AND `auth_type` = 1  [ RunTime:0.0002s ]
SQL: SELECT * FROM `auth` WHERE `auth_pid` = 52 AND `auth_type` = 1  [ RunTime:0.0002s ]
SQL: SELECT * FROM `auth` WHERE `auth_pid` = 57 AND `auth_type` = 1  [ RunTime:0.0001s ]
SQL: SELECT * FROM `auth` WHERE `auth_pid` = 60 AND `auth_type` = 1  [ RunTime:0.0002s ]
INFO: [ view_parse ] --START--
INFO: [ template_filter ] --START--
INFO: Run Behavior\ContentReplaceBehavior [ RunTime:0.000066s ]
INFO: [ template_filter ] --END-- [ RunTime:0.000115s ]
INFO: Run Behavior\ParseTemplateBehavior [ RunTime:0.008261s ]
INFO: [ view_parse ] --END-- [ RunTime:0.008329s ]
INFO: [ view_filter ] --START--
INFO: Run Behavior\WriteHtmlCacheBehavior [ RunTime:0.000215s ]
INFO: [ view_filter ] --END-- [ RunTime:0.000257s ]
INFO: [ app_end ] --START--
INFO: Run Behavior\ShowPageTraceBehavior [ RunTime:0.000488s ]
INFO: [ app_end ] --END-- [ RunTime:0.000534s ]

[ 2018-10-08T10:03:24+08:00 ] 119.129.116.89 /gt/Admin/Role/showlist
INFO: [ app_init ] --START--
INFO: Run Behavior\BuildLiteBehavior [ RunTime:0.000020s ]
INFO: [ app_init ] --END-- [ RunTime:0.000348s ]
INFO: [ app_begin ] --START--
INFO: Run Behavior\ReadHtmlCacheBehavior [ RunTime:0.000578s ]
INFO: [ app_begin ] --END-- [ RunTime:0.000663s ]
SQL: SHOW COLUMNS FROM `role` [ RunTime:0.0038s ]
SQL: SELECT * FROM `role`  [ RunTime:0.0002s ]
INFO: [ view_parse ] --START--
INFO: [ template_filter ] --START--
INFO: Run Behavior\ContentReplaceBehavior [ RunTime:0.000058s ]
INFO: [ template_filter ] --END-- [ RunTime:0.000111s ]
INFO: Run Behavior\ParseTemplateBehavior [ RunTime:0.007114s ]
INFO: [ view_parse ] --END-- [ RunTime:0.007174s ]
INFO: [ view_filter ] --START--
INFO: Run Behavior\WriteHtmlCacheBehavior [ RunTime:0.000306s ]
INFO: [ view_filter ] --END-- [ RunTime:0.000348s ]
INFO: [ app_end ] --START--
INFO: Run Behavior\ShowPageTraceBehavior [ RunTime:0.000515s ]
INFO: [ app_end ] --END-- [ RunTime:0.000563s ]

[ 2018-10-08T13:47:49+08:00 ] 58.251.121.186 /gt/Admin/User/showlist/p/3
INFO: [ app_init ] --START--
INFO: Run Behavior\BuildLiteBehavior [ RunTime:0.000020s ]
INFO: [ app_init ] --END-- [ RunTime:0.000359s ]
INFO: [ app_begin ] --START--
INFO: Run Behavior\ReadHtmlCacheBehavior [ RunTime:0.000731s ]
INFO: [ app_begin ] --END-- [ RunTime:0.000792s ]
NOTIC: [8] Undefined variable: moduleurl C:\phpStudy\PHPTutorial\WWW\gt\Application\Admin\Controller\CommonController.class.php 第 23 行.
NOTIC: [8] Undefined variable: moduleurl C:\phpStudy\PHPTutorial\WWW\gt\Application\Admin\Controller\CommonController.class.php 第 23 行.

[ 2018-10-08T13:47:49+08:00 ] 58.251.121.186 /gt/Admin/Login/login
INFO: [ app_init ] --START--
INFO: Run Behavior\BuildLiteBehavior [ RunTime:0.000020s ]
INFO: [ app_init ] --END-- [ RunTime:0.000347s ]
INFO: [ app_begin ] --START--
INFO: Run Behavior\ReadHtmlCacheBehavior [ RunTime:0.000628s ]
INFO: [ app_begin ] --END-- [ RunTime:0.000690s ]
INFO: [ view_parse ] --START--
INFO: [ template_filter ] --START--
INFO: Run Behavior\ContentReplaceBehavior [ RunTime:0.000050s ]
INFO: [ template_filter ] --END-- [ RunTime:0.000105s ]
INFO: Run Behavior\ParseTemplateBehavior [ RunTime:0.005596s ]
INFO: [ view_parse ] --END-- [ RunTime:0.005657s ]
INFO: [ view_filter ] --START--
INFO: Run Behavior\WriteHtmlCacheBehavior [ RunTime:0.000320s ]
INFO: [ view_filter ] --END-- [ RunTime:0.000363s ]
INFO: [ app_end ] --START--
INFO: Run Behavior\ShowPageTraceBehavior [ RunTime:0.000564s ]
INFO: [ app_end ] --END-- [ RunTime:0.000613s ]

[ 2018-10-08T14:27:11+08:00 ] 101.226.114.195 /gt/Admin/Manager/showlist
INFO: [ app_init ] --START--
INFO: Run Behavior\BuildLiteBehavior [ RunTime:0.000020s ]
INFO: [ app_init ] --END-- [ RunTime:0.000345s ]
INFO: [ app_begin ] --START--
INFO: Run Behavior\ReadHtmlCacheBehavior [ RunTime:0.000618s ]
INFO: [ app_begin ] --END-- [ RunTime:0.000693s ]
NOTIC: [8] Undefined variable: moduleurl C:\phpStudy\PHPTutorial\WWW\gt\Application\Admin\Controller\CommonController.class.php 第 23 行.
NOTIC: [8] Undefined variable: moduleurl C:\phpStudy\PHPTutorial\WWW\gt\Application\Admin\Controller\CommonController.class.php 第 23 行.

[ 2018-10-08T14:27:11+08:00 ] 101.226.114.195 /gt/Admin/Login/login
INFO: [ app_init ] --START--
INFO: Run Behavior\BuildLiteBehavior [ RunTime:0.000020s ]
INFO: [ app_init ] --END-- [ RunTime:0.000325s ]
INFO: [ app_begin ] --START--
INFO: Run Behavior\ReadHtmlCacheBehavior [ RunTime:0.000518s ]
INFO: [ app_begin ] --END-- [ RunTime:0.000603s ]
INFO: [ view_parse ] --START--
INFO: [ template_filter ] --START--
INFO: Run Behavior\ContentReplaceBehavior [ RunTime:0.000050s ]
INFO: [ template_filter ] --END-- [ RunTime:0.000112s ]
INFO: Run Behavior\ParseTemplateBehavior [ RunTime:0.005439s ]
INFO: [ view_parse ] --END-- [ RunTime:0.005497s ]
INFO: [ view_filter ] --START--
INFO: Run Behavior\WriteHtmlCacheBehavior [ RunTime:0.000264s ]
INFO: [ view_filter ] --END-- [ RunTime:0.000309s ]
INFO: [ app_end ] --START--
INFO: Run Behavior\ShowPageTraceBehavior [ RunTime:0.000511s ]
INFO: [ app_end ] --END-- [ RunTime:0.000558s ]

[ 2018-10-08T14:42:15+08:00 ] 58.251.121.185 /gt/Admin/Hall2/showlist
INFO: [ app_init ] --START--
INFO: Run Behavior\BuildLiteBehavior [ RunTime:0.000020s ]
INFO: [ app_init ] --END-- [ RunTime:0.000349s ]
INFO: [ app_begin ] --START--
INFO: Run Behavior\ReadHtmlCacheBehavior [ RunTime:0.000553s ]
INFO: [ app_begin ] --END-- [ RunTime:0.000616s ]
NOTIC: [8] Undefined variable: moduleurl C:\phpStudy\PHPTutorial\WWW\gt\Application\Admin\Controller\CommonController.class.php 第 23 行.
NOTIC: [8] Undefined variable: moduleurl C:\phpStudy\PHPTutorial\WWW\gt\Application\Admin\Controller\CommonController.class.php 第 23 行.

[ 2018-10-08T14:42:15+08:00 ] 58.251.121.185 /gt/Admin/Login/login
INFO: [ app_init ] --START--
INFO: Run Behavior\BuildLiteBehavior [ RunTime:0.000020s ]
INFO: [ app_init ] --END-- [ RunTime:0.000325s ]
INFO: [ app_begin ] --START--
INFO: Run Behavior\ReadHtmlCacheBehavior [ RunTime:0.000479s ]
INFO: [ app_begin ] --END-- [ RunTime:0.000540s ]
INFO: [ view_parse ] --START--
INFO: [ template_filter ] --START--
INFO: Run Behavior\ContentReplaceBehavior [ RunTime:0.000049s ]
INFO: [ template_filter ] --END-- [ RunTime:0.000101s ]
INFO: Run Behavior\ParseTemplateBehavior [ RunTime:0.005258s ]
INFO: [ view_parse ] --END-- [ RunTime:0.005317s ]
INFO: [ view_filter ] --START--
INFO: Run Behavior\WriteHtmlCacheBehavior [ RunTime:0.000256s ]
INFO: [ view_filter ] --END-- [ RunTime:0.000306s ]
INFO: [ app_end ] --START--
INFO: Run Behavior\ShowPageTraceBehavior [ RunTime:0.000521s ]
INFO: [ app_end ] --END-- [ RunTime:0.000568s ]

